[ 2016-10-23T11:12:36+08:00 ] 127.0.0.1 /myysy/index.php/Test/Test/actionTest.html
INFO: [ app_init ] --START--
INFO: Run Behavior\BuildLiteBehavior [ RunTime:0.000000s ]
INFO: [ app_init ] --END-- [ RunTime:0.000000s ]
ERR: 无法加载模块:Test

[ 2016-10-23T11:13:14+08:00 ] 127.0.0.1 /myysy/index.php/Test/Test/actionTest.html
INFO: [ app_init ] --START--
INFO: Run Behavior\BuildLiteBehavior [ RunTime:0.000000s ]
INFO: [ app_init ] --END-- [ RunTime:0.001000s ]
ERR: 无法加载模块:Test

[ 2016-10-23T11:13:14+08:00 ] 127.0.0.1 /myysy/index.php/Test/Test/actionTest.html
INFO: [ app_init ] --START--
INFO: Run Behavior\BuildLiteBehavior [ RunTime:0.000000s ]
INFO: [ app_init ] --END-- [ RunTime:0.001000s ]
ERR: 无法加载模块:Test

[ 2016-10-23T11:13:15+08:00 ] 127.0.0.1 /myysy/index.php/Test/Test/actionTest.html
INFO: [ app_init ] --START--
INFO: Run Behavior\BuildLiteBehavior [ RunTime:0.000000s ]
INFO: [ app_init ] --END-- [ RunTime:0.001000s ]
ERR: 无法加载模块:Test

[ 2016-10-23T11:13:15+08:00 ] 127.0.0.1 /myysy/index.php/Test/Test/actionTest.html
INFO: [ app_init ] --START--
INFO: Run Behavior\BuildLiteBehavior [ RunTime:0.000000s ]
INFO: [ app_init ] --END-- [ RunTime:0.001000s ]
ERR: 无法加载模块:Test

[ 2016-10-23T11:13:15+08:00 ] 127.0.0.1 /myysy/index.php/Test/Test/actionTest.html
INFO: [ app_init ] --START--
INFO: Run Behavior\BuildLiteBehavior [ RunTime:0.000000s ]
INFO: [ app_init ] --END-- [ RunTime:0.000000s ]
ERR: 无法加载模块:Test

[ 2016-10-23T11:13:15+08:00 ] 127.0.0.1 /myysy/index.php/Test/Test/actionTest.html
INFO: [ app_init ] --START--
INFO: Run Behavior\BuildLiteBehavior [ RunTime:0.000000s ]
INFO: [ app_init ] --END-- [ RunTime:0.000000s ]
ERR: 无法加载模块:Test

[ 2016-10-23T11:13:15+08:00 ] 127.0.0.1 /myysy/index.php/Test/Test/actionTest.html
INFO: [ app_init ] --START--
INFO: Run Behavior\BuildLiteBehavior [ RunTime:0.000000s ]
INFO: [ app_init ] --END-- [ RunTime:0.001000s ]
ERR: 无法加载模块:Test

[ 2016-10-23T11:13:16+08:00 ] 127.0.0.1 /myysy/index.php/Test/Test/actionTest.html
INFO: [ app_init ] --START--
INFO: Run Behavior\BuildLiteBehavior [ RunTime:0.000000s ]
INFO: [ app_init ] --END-- [ RunTime:0.000000s ]
ERR: 无法加载模块:Test

[ 2016-10-23T11:13:16+08:00 ] 127.0.0.1 /myysy/index.php/Test/Test/actionTest.html
INFO: [ app_init ] --START--
INFO: Run Behavior\BuildLiteBehavior [ RunTime:0.000000s ]
INFO: [ app_init ] --END-- [ RunTime:0.001000s ]
ERR: 无法加载模块:Test

[ 2016-10-23T11:13:16+08:00 ] 127.0.0.1 /myysy/index.php/Test/Test/actionTest.html
INFO: [ app_init ] --START--
INFO: Run Behavior\BuildLiteBehavior [ RunTime:0.000000s ]
INFO: [ app_init ] --END-- [ RunTime:0.000000s ]
ERR: 无法加载模块:Test

[ 2016-10-23T11:13:46+08:00 ] 127.0.0.1 /myysy/index.php/Test/Test/actionTest.html
INFO: [ app_init ] --START--
INFO: Run Behavior\BuildLiteBehavior [ RunTime:0.000000s ]
INFO: [ app_init ] --END-- [ RunTime:0.001001s ]
ERR: 无法加载模块:Test

[ 2016-10-23T11:13:46+08:00 ] 127.0.0.1 /myysy/index.php/Test/Test/actionTest.html
INFO: [ app_init ] --START--
INFO: Run Behavior\BuildLiteBehavior [ RunTime:0.000000s ]
INFO: [ app_init ] --END-- [ RunTime:0.001000s ]
ERR: 无法加载模块:Test

[ 2016-10-23T11:13:47+08:00 ] 127.0.0.1 /myysy/index.php/Test/Test/actionTest.html
INFO: [ app_init ] --START--
INFO: Run Behavior\BuildLiteBehavior [ RunTime:0.000000s ]
INFO: [ app_init ] --END-- [ RunTime:0.000000s ]
ERR: 无法加载模块:Test

[ 2016-10-23T11:13:47+08:00 ] 127.0.0.1 /myysy/index.php/Test/Test/actionTest.html
INFO: [ app_init ] --START--
INFO: Run Behavior\BuildLiteBehavior [ RunTime:0.000000s ]
INFO: [ app_init ] --END-- [ RunTime:0.001000s ]
ERR: 无法加载模块:Test

[ 2016-10-23T11:13:47+08:00 ] 127.0.0.1 /myysy/index.php/Test/Test/actionTest.html
INFO: [ app_init ] --START--
INFO: Run Behavior\BuildLiteBehavior [ RunTime:0.000000s ]
INFO: [ app_init ] --END-- [ RunTime:0.001000s ]
ERR: 无法加载模块:Test

[ 2016-10-23T11:13:47+08:00 ] 127.0.0.1 /myysy/index.php/Test/Test/actionTest.html
INFO: [ app_init ] --START--
INFO: Run Behavior\BuildLiteBehavior [ RunTime:0.001000s ]
INFO: [ app_init ] --END-- [ RunTime:0.001000s ]
ERR: 无法加载模块:Test

[ 2016-10-23T11:13:47+08:00 ] 127.0.0.1 /myysy/index.php/Test/Test/actionTest.html
INFO: [ app_init ] --START--
INFO: Run Behavior\BuildLiteBehavior [ RunTime:0.000000s ]
INFO: [ app_init ] --END-- [ RunTime:0.000000s ]
ERR: 无法加载模块:Test

[ 2016-10-23T11:13:47+08:00 ] 127.0.0.1 /myysy/index.php/Test/Test/actionTest.html
INFO: [ app_init ] --START--
INFO: Run Behavior\BuildLiteBehavior [ RunTime:0.000000s ]
INFO: [ app_init ] --END-- [ RunTime:0.001000s ]
ERR: 无法加载模块:Test

[ 2016-10-23T11:13:48+08:00 ] 127.0.0.1 /myysy/index.php/Test/Test/actionTest.html
INFO: [ app_init ] --START--
INFO: Run Behavior\BuildLiteBehavior [ RunTime:0.000000s ]
INFO: [ app_init ] --END-- [ RunTime:0.001000s ]
ERR: 无法加载模块:Test

[ 2016-10-23T11:13:48+08:00 ] 127.0.0.1 /myysy/index.php/Test/Test/actionTest.html
INFO: [ app_init ] --START--
INFO: Run Behavior\BuildLiteBehavior [ RunTime:0.000000s ]
INFO: [ app_init ] --END-- [ RunTime:0.001000s ]
ERR: 无法加载模块:Test

[ 2016-10-23T11:13:48+08:00 ] 127.0.0.1 /myysy/index.php/Test/Test/actionTest.html
INFO: [ app_init ] --START--
INFO: Run Behavior\BuildLiteBehavior [ RunTime:0.000000s ]
INFO: [ app_init ] --END-- [ RunTime:0.001001s ]
ERR: 无法加载模块:Test

[ 2016-10-23T11:13:48+08:00 ] 127.0.0.1 /myysy/index.php/Test/Test/actionTest.html
INFO: [ app_init ] --START--
INFO: Run Behavior\BuildLiteBehavior [ RunTime:0.000000s ]
INFO: [ app_init ] --END-- [ RunTime:0.000000s ]
ERR: 无法加载模块:Test

[ 2016-10-23T11:13:48+08:00 ] 127.0.0.1 /myysy/index.php/Test/Test/actionTest.html
INFO: [ app_init ] --START--
INFO: Run Behavior\BuildLiteBehavior [ RunTime:0.000000s ]
INFO: [ app_init ] --END-- [ RunTime:0.001000s ]
ERR: 无法加载模块:Test

[ 2016-10-23T11:13:48+08:00 ] 127.0.0.1 /myysy/index.php/Test/Test/actionTest.html
INFO: [ app_init ] --START--
INFO: Run Behavior\BuildLiteBehavior [ RunTime:0.000000s ]
INFO: [ app_init ] --END-- [ RunTime:0.000000s ]
ERR: 无法加载模块:Test

[ 2016-10-23T11:13:49+08:00 ] 127.0.0.1 /myysy/index.php/Test/Test/actionTest.html
INFO: [ app_init ] --START--
INFO: Run Behavior\BuildLiteBehavior [ RunTime:0.000000s ]
INFO: [ app_init ] --END-- [ RunTime:0.001000s ]
ERR: 无法加载模块:Test

[ 2016-10-23T11:13:49+08:00 ] 127.0.0.1 /myysy/index.php/Test/Test/actionTest.html
INFO: [ app_init ] --START--
INFO: Run Behavior\BuildLiteBehavior [ RunTime:0.000000s ]
INFO: [ app_init ] --END-- [ RunTime:0.000000s ]
ERR: 无法加载模块:Test

[ 2016-10-23T11:13:49+08:00 ] 127.0.0.1 /myysy/index.php/Test/Test/actionTest.html
INFO: [ app_init ] --START--
INFO: Run Behavior\BuildLiteBehavior [ RunTime:0.000000s ]
INFO: [ app_init ] --END-- [ RunTime:0.001000s ]
ERR: 无法加载模块:Test

[ 2016-10-23T11:13:49+08:00 ] 127.0.0.1 /myysy/index.php/Test/Test/actionTest.html
INFO: [ app_init ] --START--
INFO: Run Behavior\BuildLiteBehavior [ RunTime:0.000000s ]
INFO: [ app_init ] --END-- [ RunTime:0.001000s ]
ERR: 无法加载模块:Test

[ 2016-10-23T11:13:49+08:00 ] 127.0.0.1 /myysy/index.php/Test/Test/actionTest.html
INFO: [ app_init ] --START--
INFO: Run Behavior\BuildLiteBehavior [ RunTime:0.000000s ]
INFO: [ app_init ] --END-- [ RunTime:0.000000s ]
ERR: 无法加载模块:Test

[ 2016-10-23T11:13:49+08:00 ] 127.0.0.1 /myysy/index.php/Test/Test/actionTest.html
INFO: [ app_init ] --START--
INFO: Run Behavior\BuildLiteBehavior [ RunTime:0.000000s ]
INFO: [ app_init ] --END-- [ RunTime:0.001000s ]
ERR: 无法加载模块:Test

[ 2016-10-23T11:13:50+08:00 ] 127.0.0.1 /myysy/index.php/Test/Test/actionTest.html
INFO: [ app_init ] --START--
INFO: Run Behavior\BuildLiteBehavior [ RunTime:0.000000s ]
INFO: [ app_init ] --END-- [ RunTime:0.000000s ]
ERR: 无法加载模块:Test

[ 2016-10-23T11:13:50+08:00 ] 127.0.0.1 /myysy/index.php/Test/Test/actionTest.html
INFO: [ app_init ] --START--
INFO: Run Behavior\BuildLiteBehavior [ RunTime:0.000000s ]
INFO: [ app_init ] --END-- [ RunTime:0.001000s ]
ERR: 无法加载模块:Test

[ 2016-10-23T11:13:50+08:00 ] 127.0.0.1 /myysy/index.php/Test/Test/actionTest.html
INFO: [ app_init ] --START--
INFO: Run Behavior\BuildLiteBehavior [ RunTime:0.000000s ]
INFO: [ app_init ] --END-- [ RunTime:0.000000s ]
ERR: 无法加载模块:Test

[ 2016-10-23T11:13:50+08:00 ] 127.0.0.1 /myysy/index.php/Test/Test/actionTest.html
INFO: [ app_init ] --START--
INFO: Run Behavior\BuildLiteBehavior [ RunTime:0.001000s ]
INFO: [ app_init ] --END-- [ RunTime:0.001000s ]
ERR: 无法加载模块:Test

[ 2016-10-23T11:13:50+08:00 ] 127.0.0.1 /myysy/index.php/Test/Test/actionTest.html
INFO: [ app_init ] --START--
INFO: Run Behavior\BuildLiteBehavior [ RunTime:0.000000s ]
INFO: [ app_init ] --END-- [ RunTime:0.000000s ]
ERR: 无法加载模块:Test

[ 2016-10-23T11:14:22+08:00 ] 127.0.0.1 /myysy/index.php/Home1/Test/actionTest.html
INFO: [ app_init ] --START--
INFO: Run Behavior\BuildLiteBehavior [ RunTime:0.000000s ]
INFO: [ app_init ] --END-- [ RunTime:0.001000s ]
ERR: 无法加载模块:Home1

