[ 2017-02-20T09:29:01+08:00 ] 127.0.0.1 /myysy/dingtalk.php/Login/LoginByHtml
INFO: [ app_init ] --START--
INFO: Run Behavior\BuildLiteBehavior [ RunTime:0.000059s ]
INFO: [ app_init ] --END-- [ RunTime:0.055722s ]
INFO: [ app_begin ] --START--
INFO: Run Behavior\ReadHtmlCacheBehavior [ RunTime:0.004527s ]
INFO: [ app_begin ] --END-- [ RunTime:0.004586s ]
INFO: [ view_parse ] --START--
INFO: [ template_filter ] --START--
INFO: Run Behavior\ContentReplaceBehavior [ RunTime:0.016884s ]
INFO: [ template_filter ] --END-- [ RunTime:0.016943s ]
INFO: Run Behavior\ParseTemplateBehavior [ RunTime:0.102177s ]
INFO: [ view_parse ] --END-- [ RunTime:0.102246s ]
INFO: [ view_filter ] --START--
INFO: Run Behavior\WriteHtmlCacheBehavior [ RunTime:0.011325s ]
INFO: [ view_filter ] --END-- [ RunTime:0.011368s ]
INFO: [ app_end ] --START--
INFO: Run Behavior\ShowPageTraceBehavior [ RunTime:0.015390s ]
INFO: [ app_end ] --END-- [ RunTime:0.015434s ]

[ 2017-02-20T09:33:53+08:00 ] 127.0.0.1 /myysy/dingtalk.php/Login/LoginByHtml/actionSubmit.html?loginname=wudan&loginpassword=wd811103
INFO: [ app_init ] --START--
INFO: Run Behavior\BuildLiteBehavior [ RunTime:0.000011s ]
INFO: [ app_init ] --END-- [ RunTime:0.000596s ]
INFO: [ app_begin ] --START--
INFO: Run Behavior\ReadHtmlCacheBehavior [ RunTime:0.000674s ]
INFO: [ app_begin ] --END-- [ RunTime:0.000718s ]
SQL: SHOW COLUMNS FROM `think_user` [ RunTime:0.0424s ]
SQL: SELECT * FROM `think_user` WHERE ( username='wudan' and password = '883327915c4022331b5abcb9da2a390c'  ) LIMIT 1   [ RunTime:0.0168s ]
SQL: SELECT `id`,`username`,`realname` FROM `think_user` WHERE ( id = 1 ) LIMIT 1   [ RunTime:0.0004s ]
INFO: [ view_parse ] --START--
INFO: [ template_filter ] --START--
INFO: Run Behavior\ContentReplaceBehavior [ RunTime:0.000033s ]
INFO: [ template_filter ] --END-- [ RunTime:0.000074s ]
INFO: Run Behavior\ParseTemplateBehavior [ RunTime:0.017318s ]
INFO: [ view_parse ] --END-- [ RunTime:0.017361s ]
INFO: [ view_filter ] --START--
INFO: Run Behavior\WriteHtmlCacheBehavior [ RunTime:0.000467s ]
INFO: [ view_filter ] --END-- [ RunTime:0.000499s ]

[ 2017-02-20T09:33:55+08:00 ] 127.0.0.1 /myysy/dingtalk.php/ApproveCenter/ApproveCenter.html
INFO: [ app_init ] --START--
INFO: Run Behavior\BuildLiteBehavior [ RunTime:0.000011s ]
INFO: [ app_init ] --END-- [ RunTime:0.000497s ]
INFO: [ app_begin ] --START--
INFO: Run Behavior\ReadHtmlCacheBehavior [ RunTime:0.000673s ]
INFO: [ app_begin ] --END-- [ RunTime:0.000728s ]
INFO: [ view_parse ] --START--
INFO: [ template_filter ] --START--
INFO: Run Behavior\ContentReplaceBehavior [ RunTime:0.000034s ]
INFO: [ template_filter ] --END-- [ RunTime:0.000078s ]
INFO: Run Behavior\ParseTemplateBehavior [ RunTime:0.019085s ]
INFO: [ view_parse ] --END-- [ RunTime:0.019137s ]
INFO: [ view_filter ] --START--
INFO: Run Behavior\WriteHtmlCacheBehavior [ RunTime:0.000390s ]
INFO: [ view_filter ] --END-- [ RunTime:0.000421s ]
INFO: [ app_end ] --START--
INFO: Run Behavior\ShowPageTraceBehavior [ RunTime:0.000638s ]
INFO: [ app_end ] --END-- [ RunTime:0.000670s ]

[ 2017-02-20T09:33:58+08:00 ] 127.0.0.1 /myysy/dingtalk.php/OrderProcess/OrderApprove.html
INFO: [ app_init ] --START--
INFO: Run Behavior\BuildLiteBehavior [ RunTime:0.000011s ]
INFO: [ app_init ] --END-- [ RunTime:0.000494s ]
INFO: [ app_begin ] --START--
INFO: Run Behavior\ReadHtmlCacheBehavior [ RunTime:0.000773s ]
INFO: [ app_begin ] --END-- [ RunTime:0.000825s ]
SQL: SHOW COLUMNS FROM `think_ysy_goodspackage` [ RunTime:0.0057s ]
SQL: SELECT * FROM `think_ysy_goodspackage` WHERE ( status = 0 )  [ RunTime:0.0004s ]
INFO: [ view_parse ] --START--
INFO: [ template_filter ] --START--
INFO: Run Behavior\ContentReplaceBehavior [ RunTime:0.000086s ]
INFO: [ template_filter ] --END-- [ RunTime:0.000128s ]
INFO: Run Behavior\ParseTemplateBehavior [ RunTime:0.061966s ]
INFO: [ view_parse ] --END-- [ RunTime:0.062012s ]
INFO: [ view_filter ] --START--
INFO: Run Behavior\WriteHtmlCacheBehavior [ RunTime:0.000410s ]
INFO: [ view_filter ] --END-- [ RunTime:0.000439s ]
INFO: [ app_end ] --START--
INFO: Run Behavior\ShowPageTraceBehavior [ RunTime:0.000581s ]
INFO: [ app_end ] --END-- [ RunTime:0.000628s ]

[ 2017-02-20T09:34:11+08:00 ] 127.0.0.1 /myysy/dingtalk.php/OrderProcess/OrderApprove/actionRequestService.html?type=getaddress&tel=1
INFO: [ app_init ] --START--
INFO: Run Behavior\BuildLiteBehavior [ RunTime:0.000020s ]
INFO: [ app_init ] --END-- [ RunTime:0.000737s ]
INFO: [ app_begin ] --START--
INFO: Run Behavior\ReadHtmlCacheBehavior [ RunTime:0.000705s ]
INFO: [ app_begin ] --END-- [ RunTime:0.000785s ]
SQL: SHOW COLUMNS FROM `think_ysy_address` [ RunTime:0.0048s ]
SQL: SELECT * FROM `think_ysy_address` WHERE ( tel='1' ) LIMIT 1   [ RunTime:0.0003s ]

[ 2017-02-20T14:56:05+08:00 ] 127.0.0.1 /myysy/dingtalk.php/Login/LoginByHtml
INFO: [ app_init ] --START--
INFO: Run Behavior\BuildLiteBehavior [ RunTime:0.000011s ]
INFO: [ app_init ] --END-- [ RunTime:0.000505s ]
INFO: [ app_begin ] --START--
INFO: Run Behavior\ReadHtmlCacheBehavior [ RunTime:0.000657s ]
INFO: [ app_begin ] --END-- [ RunTime:0.000707s ]
INFO: [ view_parse ] --START--
INFO: [ template_filter ] --START--
INFO: Run Behavior\ContentReplaceBehavior [ RunTime:0.000096s ]
INFO: [ template_filter ] --END-- [ RunTime:0.000197s ]
INFO: Run Behavior\ParseTemplateBehavior [ RunTime:0.031382s ]
INFO: [ view_parse ] --END-- [ RunTime:0.031431s ]
INFO: [ view_filter ] --START--
INFO: Run Behavior\WriteHtmlCacheBehavior [ RunTime:0.000377s ]
INFO: [ view_filter ] --END-- [ RunTime:0.000412s ]
INFO: [ app_end ] --START--
INFO: Run Behavior\ShowPageTraceBehavior [ RunTime:0.000622s ]
INFO: [ app_end ] --END-- [ RunTime:0.000658s ]

[ 2017-02-20T14:56:14+08:00 ] 127.0.0.1 /myysy/dingtalk.php/Login/LoginByHtml/actionSubmit.html?loginname=wudan&loginpassword=wd811103
INFO: [ app_init ] --START--
INFO: Run Behavior\BuildLiteBehavior [ RunTime:0.000012s ]
INFO: [ app_init ] --END-- [ RunTime:0.000563s ]
INFO: [ app_begin ] --START--
INFO: Run Behavior\ReadHtmlCacheBehavior [ RunTime:0.000596s ]
INFO: [ app_begin ] --END-- [ RunTime:0.000639s ]
SQL: SHOW COLUMNS FROM `think_user` [ RunTime:0.0056s ]
SQL: SELECT * FROM `think_user` WHERE ( username='wudan' and password = '883327915c4022331b5abcb9da2a390c'  ) LIMIT 1   [ RunTime:0.0005s ]
SQL: SELECT `id`,`username`,`realname` FROM `think_user` WHERE ( id = 1 ) LIMIT 1   [ RunTime:0.0004s ]
INFO: [ view_parse ] --START--
INFO: [ template_filter ] --START--
INFO: Run Behavior\ContentReplaceBehavior [ RunTime:0.000072s ]
INFO: [ template_filter ] --END-- [ RunTime:0.000132s ]
INFO: Run Behavior\ParseTemplateBehavior [ RunTime:0.028955s ]
INFO: [ view_parse ] --END-- [ RunTime:0.028999s ]
INFO: [ view_filter ] --START--
INFO: Run Behavior\WriteHtmlCacheBehavior [ RunTime:0.000383s ]
INFO: [ view_filter ] --END-- [ RunTime:0.000412s ]

[ 2017-02-20T14:56:15+08:00 ] 127.0.0.1 /myysy/dingtalk.php/ApproveCenter/ApproveCenter.html
INFO: [ app_init ] --START--
INFO: Run Behavior\BuildLiteBehavior [ RunTime:0.000012s ]
INFO: [ app_init ] --END-- [ RunTime:0.000581s ]
INFO: [ app_begin ] --START--
INFO: Run Behavior\ReadHtmlCacheBehavior [ RunTime:0.000590s ]
INFO: [ app_begin ] --END-- [ RunTime:0.000637s ]
INFO: [ view_parse ] --START--
INFO: [ template_filter ] --START--
INFO: Run Behavior\ContentReplaceBehavior [ RunTime:0.000035s ]
INFO: [ template_filter ] --END-- [ RunTime:0.000081s ]
INFO: Run Behavior\ParseTemplateBehavior [ RunTime:0.021707s ]
INFO: [ view_parse ] --END-- [ RunTime:0.021763s ]
INFO: [ view_filter ] --START--
INFO: Run Behavior\WriteHtmlCacheBehavior [ RunTime:0.000433s ]
INFO: [ view_filter ] --END-- [ RunTime:0.000465s ]
INFO: [ app_end ] --START--
INFO: Run Behavior\ShowPageTraceBehavior [ RunTime:0.000623s ]
INFO: [ app_end ] --END-- [ RunTime:0.000666s ]

[ 2017-02-20T14:56:18+08:00 ] 127.0.0.1 /myysy/dingtalk.php/ApproveCenter/ApproveCenter/actionWaitOfMyApprove.html
INFO: [ app_init ] --START--
INFO: Run Behavior\BuildLiteBehavior [ RunTime:0.000021s ]
INFO: [ app_init ] --END-- [ RunTime:0.000507s ]
INFO: [ app_begin ] --START--
INFO: Run Behavior\ReadHtmlCacheBehavior [ RunTime:0.000531s ]
INFO: [ app_begin ] --END-- [ RunTime:0.000581s ]
SQL: SHOW COLUMNS FROM `think_workflow_participation` [ RunTime:0.0504s ]
SQL: SELECT wp.userid,o.order_id,o.order_user,o.addtime,o.status,u.realname as order_realname FROM think_workflow_participation wp INNER JOIN think_workflow_task as wt ON wp.task = wt.dbid INNER JOIN think_ysy_order as o ON o.flowerid = wt.execution INNER JOIN think_user as u ON u.id = o.order_user  WHERE ( 1 = 1  AND wp.userid = 1 )  [ RunTime:0.0411s ]
INFO: [ view_parse ] --START--
INFO: [ template_filter ] --START--
INFO: Run Behavior\ContentReplaceBehavior [ RunTime:0.000035s ]
INFO: [ template_filter ] --END-- [ RunTime:0.000094s ]
INFO: Run Behavior\ParseTemplateBehavior [ RunTime:0.031819s ]
INFO: [ view_parse ] --END-- [ RunTime:0.031899s ]
INFO: [ view_filter ] --START--
INFO: Run Behavior\WriteHtmlCacheBehavior [ RunTime:0.000404s ]
INFO: [ view_filter ] --END-- [ RunTime:0.000464s ]
INFO: [ app_end ] --START--
INFO: Run Behavior\ShowPageTraceBehavior [ RunTime:0.000606s ]
INFO: [ app_end ] --END-- [ RunTime:0.000637s ]

[ 2017-02-20T14:56:22+08:00 ] 127.0.0.1 /myysy/dingtalk.php/ApproveCenter/ApproveCenter/actionMyApprove.html
INFO: [ app_init ] --START--
INFO: Run Behavior\BuildLiteBehavior [ RunTime:0.000011s ]
INFO: [ app_init ] --END-- [ RunTime:0.000508s ]
INFO: [ app_begin ] --START--
INFO: Run Behavior\ReadHtmlCacheBehavior [ RunTime:0.000596s ]
INFO: [ app_begin ] --END-- [ RunTime:0.000643s ]
SQL: SHOW COLUMNS FROM `think_ysy_order` [ RunTime:0.0049s ]
SQL: SELECT o.order_id,o.order_user,o.addtime,o.status,u.realname as order_realname FROM think_ysy_order o INNER JOIN think_user as u ON u.id = o.order_user  WHERE ( 1 = 1  AND o.order_user = 1 )  [ RunTime:0.0004s ]
INFO: [ view_parse ] --START--
INFO: [ template_filter ] --START--
INFO: Run Behavior\ContentReplaceBehavior [ RunTime:0.000036s ]
INFO: [ template_filter ] --END-- [ RunTime:0.000099s ]
INFO: Run Behavior\ParseTemplateBehavior [ RunTime:0.040958s ]
INFO: [ view_parse ] --END-- [ RunTime:0.041010s ]
INFO: [ view_filter ] --START--
INFO: Run Behavior\WriteHtmlCacheBehavior [ RunTime:0.000420s ]
INFO: [ view_filter ] --END-- [ RunTime:0.000461s ]
INFO: [ app_end ] --START--
INFO: Run Behavior\ShowPageTraceBehavior [ RunTime:0.000612s ]
INFO: [ app_end ] --END-- [ RunTime:0.000642s ]

[ 2017-02-20T14:56:25+08:00 ] 127.0.0.1 /myysy/dingtalk.php/OrderProcess/OrderApprove.html
INFO: [ app_init ] --START--
INFO: Run Behavior\BuildLiteBehavior [ RunTime:0.000011s ]
INFO: [ app_init ] --END-- [ RunTime:0.000487s ]
INFO: [ app_begin ] --START--
INFO: Run Behavior\ReadHtmlCacheBehavior [ RunTime:0.000791s ]
INFO: [ app_begin ] --END-- [ RunTime:0.000855s ]
SQL: SHOW COLUMNS FROM `think_ysy_goodspackage` [ RunTime:0.0051s ]
SQL: SELECT * FROM `think_ysy_goodspackage` WHERE ( status = 0 )  [ RunTime:0.0004s ]
INFO: [ view_parse ] --START--
INFO: [ template_filter ] --START--
INFO: Run Behavior\ContentReplaceBehavior [ RunTime:0.000099s ]
INFO: [ template_filter ] --END-- [ RunTime:0.000154s ]
INFO: Run Behavior\ParseTemplateBehavior [ RunTime:0.076561s ]
INFO: [ view_parse ] --END-- [ RunTime:0.076605s ]
INFO: [ view_filter ] --START--
INFO: Run Behavior\WriteHtmlCacheBehavior [ RunTime:0.000429s ]
INFO: [ view_filter ] --END-- [ RunTime:0.000471s ]
INFO: [ app_end ] --START--
INFO: Run Behavior\ShowPageTraceBehavior [ RunTime:0.035156s ]
INFO: [ app_end ] --END-- [ RunTime:0.035234s ]

[ 2017-02-20T14:56:32+08:00 ] 127.0.0.1 /myysy/dingtalk.php/OrderProcess/OrderApprove/actionRequestService.html?type=changepackage&id=0
INFO: [ app_init ] --START--
INFO: Run Behavior\BuildLiteBehavior [ RunTime:0.000012s ]
INFO: [ app_init ] --END-- [ RunTime:0.000461s ]
INFO: [ app_begin ] --START--
INFO: Run Behavior\ReadHtmlCacheBehavior [ RunTime:0.000568s ]
INFO: [ app_begin ] --END-- [ RunTime:0.000610s ]
SQL: SHOW COLUMNS FROM `think_ysy_packageprice` [ RunTime:0.0076s ]
SQL: SELECT * FROM `think_ysy_packageprice` WHERE ( packageid = 0 )  [ RunTime:0.0005s ]

[ 2017-02-20T15:31:18+08:00 ] 127.0.0.1 /myysy/dingtalk.php/ApproveCenter/ApproveCenter/actionWaitOfMyApprove.html
INFO: [ app_init ] --START--
INFO: Run Behavior\BuildLiteBehavior [ RunTime:0.000014s ]
INFO: [ app_init ] --END-- [ RunTime:0.000567s ]
INFO: [ app_begin ] --START--
INFO: Run Behavior\ReadHtmlCacheBehavior [ RunTime:0.000582s ]
INFO: [ app_begin ] --END-- [ RunTime:0.000623s ]
SQL: SHOW COLUMNS FROM `think_workflow_participation` [ RunTime:0.0054s ]
SQL: SELECT wp.userid,o.order_id,o.order_user,o.addtime,o.status,u.realname as order_realname FROM think_workflow_participation wp INNER JOIN think_workflow_task as wt ON wp.task = wt.dbid INNER JOIN think_ysy_order as o ON o.flowerid = wt.execution INNER JOIN think_user as u ON u.id = o.order_user  WHERE ( 1 = 1  AND wp.userid = 1 )  [ RunTime:0.0011s ]
INFO: [ view_parse ] --START--
INFO: [ template_filter ] --START--
INFO: Run Behavior\ContentReplaceBehavior [ RunTime:0.000057s ]
INFO: [ template_filter ] --END-- [ RunTime:0.000125s ]
INFO: Run Behavior\ParseTemplateBehavior [ RunTime:0.008807s ]
INFO: [ view_parse ] --END-- [ RunTime:0.008858s ]
INFO: [ view_filter ] --START--
INFO: Run Behavior\WriteHtmlCacheBehavior [ RunTime:0.000515s ]
INFO: [ view_filter ] --END-- [ RunTime:0.000563s ]
INFO: [ app_end ] --START--
INFO: Run Behavior\ShowPageTraceBehavior [ RunTime:0.000776s ]
INFO: [ app_end ] --END-- [ RunTime:0.000834s ]

[ 2017-02-20T15:31:20+08:00 ] 127.0.0.1 /myysy/dingtalk.php/ApproveCenter/ApproveCenter/actionApproveInfo.html?id=1487507304
INFO: [ app_init ] --START--
INFO: Run Behavior\BuildLiteBehavior [ RunTime:0.000017s ]
INFO: [ app_init ] --END-- [ RunTime:0.000612s ]
INFO: [ app_begin ] --START--
INFO: Run Behavior\ReadHtmlCacheBehavior [ RunTime:0.000949s ]
INFO: [ app_begin ] --END-- [ RunTime:0.001040s ]
SQL: SHOW COLUMNS FROM `think_ysy_order` [ RunTime:0.0053s ]
SQL: SELECT `rece_tel`,`rece_addr`,`rece_name`,yo.status,yo.order_id,yo.rece_name,yo.addtime,yog.package_id,yog.num,yog.price,yog.ordertype,u.realname,ygp.packagename FROM think_ysy_order yo INNER JOIN think_user AS u ON u.id = yo.order_user INNER JOIN think_ysy_ordergoods AS yog ON yo.order_id = yog.order_id INNER JOIN think_ysy_goodspackage AS ygp ON yog.package_id = ygp.id  WHERE ( yo.order_id = 1487507304 )  [ RunTime:0.0006s ]
SQL: SHOW COLUMNS FROM `think_ysy_goodspackage` [ RunTime:0.0049s ]
SQL: SELECT `packagename`,g.goods_id,`num`,`goods_name` FROM think_ysy_goodspackage gp INNER JOIN think_ysy_goodspackageinfo AS gpi ON gp.id = gpi.packageid INNER JOIN think_ysy_goods AS g ON g.goods_id = gpi.goods_id  WHERE ( gp.id = 1486733119 )  [ RunTime:0.0007s ]
SQL: SELECT `packagename`,g.goods_id,`num`,`goods_name` FROM think_ysy_goodspackage gp INNER JOIN think_ysy_goodspackageinfo AS gpi ON gp.id = gpi.packageid INNER JOIN think_ysy_goods AS g ON g.goods_id = gpi.goods_id  WHERE ( gp.id = 1486733119 )  [ RunTime:0.0004s ]
SQL: SELECT `packagename`,g.goods_id,`num`,`goods_name` FROM think_ysy_goodspackage gp INNER JOIN think_ysy_goodspackageinfo AS gpi ON gp.id = gpi.packageid INNER JOIN think_ysy_goods AS g ON g.goods_id = gpi.goods_id  WHERE ( gp.id = 1486733119 )  [ RunTime:0.0004s ]
SQL: SELECT `packagename`,g.goods_id,`num`,`goods_name` FROM think_ysy_goodspackage gp INNER JOIN think_ysy_goodspackageinfo AS gpi ON gp.id = gpi.packageid INNER JOIN think_ysy_goods AS g ON g.goods_id = gpi.goods_id  WHERE ( gp.id = 1486733142 )  [ RunTime:0.0003s ]
SQL: SELECT `packagename`,g.goods_id,`num`,`goods_name` FROM think_ysy_goodspackage gp INNER JOIN think_ysy_goodspackageinfo AS gpi ON gp.id = gpi.packageid INNER JOIN think_ysy_goods AS g ON g.goods_id = gpi.goods_id  WHERE ( gp.id = 1486733142 )  [ RunTime:0.0004s ]
SQL: SELECT `packagename`,g.goods_id,`num`,`goods_name` FROM think_ysy_goodspackage gp INNER JOIN think_ysy_goodspackageinfo AS gpi ON gp.id = gpi.packageid INNER JOIN think_ysy_goods AS g ON g.goods_id = gpi.goods_id  WHERE ( gp.id = 1486733142 )  [ RunTime:0.0003s ]
SQL: SHOW COLUMNS FROM `think_ysy_approvelog` [ RunTime:0.0048s ]
SQL: SELECT al.addtime,al.uid,u.realname,al.remark,al.nodename FROM think_ysy_approvelog al INNER JOIN think_user AS u ON al.uid = u.id  WHERE ( al.orderid = 1487507304 )  [ RunTime:0.0004s ]
INFO: [ view_parse ] --START--
INFO: [ template_filter ] --START--
INFO: Run Behavior\ContentReplaceBehavior [ RunTime:0.000062s ]
INFO: [ template_filter ] --END-- [ RunTime:0.000106s ]
INFO: Run Behavior\ParseTemplateBehavior [ RunTime:0.038513s ]
INFO: [ view_parse ] --END-- [ RunTime:0.038561s ]
INFO: [ view_filter ] --START--
INFO: Run Behavior\WriteHtmlCacheBehavior [ RunTime:0.000408s ]
INFO: [ view_filter ] --END-- [ RunTime:0.000441s ]
INFO: [ app_end ] --START--
INFO: Run Behavior\ShowPageTraceBehavior [ RunTime:0.000917s ]
INFO: [ app_end ] --END-- [ RunTime:0.000988s ]

[ 2017-02-20T15:31:28+08:00 ] 127.0.0.1 /myysy/dingtalk.php/ApproveCenter/ApproveCenter/actionApproveInfo.html?id=1487423526
INFO: [ app_init ] --START--
INFO: Run Behavior\BuildLiteBehavior [ RunTime:0.000012s ]
INFO: [ app_init ] --END-- [ RunTime:0.000625s ]
INFO: [ app_begin ] --START--
INFO: Run Behavior\ReadHtmlCacheBehavior [ RunTime:0.000586s ]
INFO: [ app_begin ] --END-- [ RunTime:0.000637s ]
SQL: SHOW COLUMNS FROM `think_ysy_order` [ RunTime:0.0055s ]
SQL: SELECT `rece_tel`,`rece_addr`,`rece_name`,yo.status,yo.order_id,yo.rece_name,yo.addtime,yog.package_id,yog.num,yog.price,yog.ordertype,u.realname,ygp.packagename FROM think_ysy_order yo INNER JOIN think_user AS u ON u.id = yo.order_user INNER JOIN think_ysy_ordergoods AS yog ON yo.order_id = yog.order_id INNER JOIN think_ysy_goodspackage AS ygp ON yog.package_id = ygp.id  WHERE ( yo.order_id = 1487423526 )  [ RunTime:0.0005s ]
SQL: SHOW COLUMNS FROM `think_ysy_goodspackage` [ RunTime:0.0056s ]
SQL: SELECT `packagename`,g.goods_id,`num`,`goods_name` FROM think_ysy_goodspackage gp INNER JOIN think_ysy_goodspackageinfo AS gpi ON gp.id = gpi.packageid INNER JOIN think_ysy_goods AS g ON g.goods_id = gpi.goods_id  WHERE ( gp.id = 1486733119 )  [ RunTime:0.0005s ]
SQL: SHOW COLUMNS FROM `think_ysy_approvelog` [ RunTime:0.0062s ]
SQL: SELECT al.addtime,al.uid,u.realname,al.remark,al.nodename FROM think_ysy_approvelog al INNER JOIN think_user AS u ON al.uid = u.id  WHERE ( al.orderid = 1487423526 )  [ RunTime:0.0005s ]
INFO: [ view_parse ] --START--
INFO: [ template_filter ] --START--
INFO: Run Behavior\ContentReplaceBehavior [ RunTime:0.000098s ]
INFO: [ template_filter ] --END-- [ RunTime:0.000175s ]
INFO: Run Behavior\ParseTemplateBehavior [ RunTime:0.011695s ]
INFO: [ view_parse ] --END-- [ RunTime:0.011765s ]
INFO: [ view_filter ] --START--
INFO: Run Behavior\WriteHtmlCacheBehavior [ RunTime:0.000362s ]
INFO: [ view_filter ] --END-- [ RunTime:0.000395s ]
INFO: [ app_end ] --START--
INFO: Run Behavior\ShowPageTraceBehavior [ RunTime:0.000695s ]
INFO: [ app_end ] --END-- [ RunTime:0.000744s ]

[ 2017-02-20T15:31:32+08:00 ] 127.0.0.1 /myysy/dingtalk.php/ApproveCenter/ApproveCenter/actionApproveInfo.html?id=1486368728
INFO: [ app_init ] --START--
INFO: Run Behavior\BuildLiteBehavior [ RunTime:0.000036s ]
INFO: [ app_init ] --END-- [ RunTime:0.001778s ]
INFO: [ app_begin ] --START--
INFO: Run Behavior\ReadHtmlCacheBehavior [ RunTime:0.000607s ]
INFO: [ app_begin ] --END-- [ RunTime:0.000653s ]
SQL: SHOW COLUMNS FROM `think_ysy_order` [ RunTime:0.0060s ]
SQL: SELECT `rece_tel`,`rece_addr`,`rece_name`,yo.status,yo.order_id,yo.rece_name,yo.addtime,yog.package_id,yog.num,yog.price,yog.ordertype,u.realname,ygp.packagename FROM think_ysy_order yo INNER JOIN think_user AS u ON u.id = yo.order_user INNER JOIN think_ysy_ordergoods AS yog ON yo.order_id = yog.order_id INNER JOIN think_ysy_goodspackage AS ygp ON yog.package_id = ygp.id  WHERE ( yo.order_id = 1486368728 )  [ RunTime:0.0006s ]
SQL: SHOW COLUMNS FROM `think_ysy_goodspackage` [ RunTime:0.0049s ]
SQL: SELECT `packagename`,g.goods_id,`num`,`goods_name` FROM think_ysy_goodspackage gp INNER JOIN think_ysy_goodspackageinfo AS gpi ON gp.id = gpi.packageid INNER JOIN think_ysy_goods AS g ON g.goods_id = gpi.goods_id  WHERE ( gp.id = 2147483647 )  [ RunTime:0.0005s ]
SQL: SHOW COLUMNS FROM `think_ysy_approvelog` [ RunTime:0.0113s ]
SQL: SELECT al.addtime,al.uid,u.realname,al.remark,al.nodename FROM think_ysy_approvelog al INNER JOIN think_user AS u ON al.uid = u.id  WHERE ( al.orderid = 1486368728 )  [ RunTime:0.0006s ]
INFO: [ view_parse ] --START--
INFO: [ template_filter ] --START--
INFO: Run Behavior\ContentReplaceBehavior [ RunTime:0.000055s ]
INFO: [ template_filter ] --END-- [ RunTime:0.000097s ]
INFO: Run Behavior\ParseTemplateBehavior [ RunTime:0.009823s ]
INFO: [ view_parse ] --END-- [ RunTime:0.009915s ]
INFO: [ view_filter ] --START--
INFO: Run Behavior\WriteHtmlCacheBehavior [ RunTime:0.000519s ]
INFO: [ view_filter ] --END-- [ RunTime:0.000556s ]
INFO: [ app_end ] --START--
INFO: Run Behavior\ShowPageTraceBehavior [ RunTime:0.000625s ]
INFO: [ app_end ] --END-- [ RunTime:0.000667s ]

[ 2017-02-20T15:31:37+08:00 ] 127.0.0.1 /myysy/dingtalk.php/ApproveCenter/ApproveCenter/actionApproveInfo.html?id=1487507304
INFO: [ app_init ] --START--
INFO: Run Behavior\BuildLiteBehavior [ RunTime:0.000025s ]
INFO: [ app_init ] --END-- [ RunTime:0.000540s ]
INFO: [ app_begin ] --START--
INFO: Run Behavior\ReadHtmlCacheBehavior [ RunTime:0.001141s ]
INFO: [ app_begin ] --END-- [ RunTime:0.001226s ]
SQL: SHOW COLUMNS FROM `think_ysy_order` [ RunTime:0.0058s ]
SQL: SELECT `rece_tel`,`rece_addr`,`rece_name`,yo.status,yo.order_id,yo.rece_name,yo.addtime,yog.package_id,yog.num,yog.price,yog.ordertype,u.realname,ygp.packagename FROM think_ysy_order yo INNER JOIN think_user AS u ON u.id = yo.order_user INNER JOIN think_ysy_ordergoods AS yog ON yo.order_id = yog.order_id INNER JOIN think_ysy_goodspackage AS ygp ON yog.package_id = ygp.id  WHERE ( yo.order_id = 1487507304 )  [ RunTime:0.0006s ]
SQL: SHOW COLUMNS FROM `think_ysy_goodspackage` [ RunTime:0.0051s ]
SQL: SELECT `packagename`,g.goods_id,`num`,`goods_name` FROM think_ysy_goodspackage gp INNER JOIN think_ysy_goodspackageinfo AS gpi ON gp.id = gpi.packageid INNER JOIN think_ysy_goods AS g ON g.goods_id = gpi.goods_id  WHERE ( gp.id = 1486733119 )  [ RunTime:0.0005s ]
SQL: SELECT `packagename`,g.goods_id,`num`,`goods_name` FROM think_ysy_goodspackage gp INNER JOIN think_ysy_goodspackageinfo AS gpi ON gp.id = gpi.packageid INNER JOIN think_ysy_goods AS g ON g.goods_id = gpi.goods_id  WHERE ( gp.id = 1486733119 )  [ RunTime:0.0004s ]
SQL: SELECT `packagename`,g.goods_id,`num`,`goods_name` FROM think_ysy_goodspackage gp INNER JOIN think_ysy_goodspackageinfo AS gpi ON gp.id = gpi.packageid INNER JOIN think_ysy_goods AS g ON g.goods_id = gpi.goods_id  WHERE ( gp.id = 1486733119 )  [ RunTime:0.0004s ]
SQL: SELECT `packagename`,g.goods_id,`num`,`goods_name` FROM think_ysy_goodspackage gp INNER JOIN think_ysy_goodspackageinfo AS gpi ON gp.id = gpi.packageid INNER JOIN think_ysy_goods AS g ON g.goods_id = gpi.goods_id  WHERE ( gp.id = 1486733142 )  [ RunTime:0.0003s ]
SQL: SELECT `packagename`,g.goods_id,`num`,`goods_name` FROM think_ysy_goodspackage gp INNER JOIN think_ysy_goodspackageinfo AS gpi ON gp.id = gpi.packageid INNER JOIN think_ysy_goods AS g ON g.goods_id = gpi.goods_id  WHERE ( gp.id = 1486733142 )  [ RunTime:0.0003s ]
SQL: SELECT `packagename`,g.goods_id,`num`,`goods_name` FROM think_ysy_goodspackage gp INNER JOIN think_ysy_goodspackageinfo AS gpi ON gp.id = gpi.packageid INNER JOIN think_ysy_goods AS g ON g.goods_id = gpi.goods_id  WHERE ( gp.id = 1486733142 )  [ RunTime:0.0003s ]
SQL: SHOW COLUMNS FROM `think_ysy_approvelog` [ RunTime:0.0053s ]
SQL: SELECT al.addtime,al.uid,u.realname,al.remark,al.nodename FROM think_ysy_approvelog al INNER JOIN think_user AS u ON al.uid = u.id  WHERE ( al.orderid = 1487507304 )  [ RunTime:0.0004s ]
INFO: [ view_parse ] --START--
INFO: [ template_filter ] --START--
INFO: Run Behavior\ContentReplaceBehavior [ RunTime:0.000088s ]
INFO: [ template_filter ] --END-- [ RunTime:0.000132s ]
INFO: Run Behavior\ParseTemplateBehavior [ RunTime:0.009259s ]
INFO: [ view_parse ] --END-- [ RunTime:0.009305s ]
INFO: [ view_filter ] --START--
INFO: Run Behavior\WriteHtmlCacheBehavior [ RunTime:0.000429s ]
INFO: [ view_filter ] --END-- [ RunTime:0.000470s ]
INFO: [ app_end ] --START--
INFO: Run Behavior\ShowPageTraceBehavior [ RunTime:0.000717s ]
INFO: [ app_end ] --END-- [ RunTime:0.000761s ]

[ 2017-02-20T15:46:00+08:00 ] 127.0.0.1 /myysy/dingtalk.php/ApproveCenter/ApproveCenter.html
INFO: [ app_init ] --START--
INFO: Run Behavior\BuildLiteBehavior [ RunTime:0.000012s ]
INFO: [ app_init ] --END-- [ RunTime:0.000604s ]
INFO: [ app_begin ] --START--
INFO: Run Behavior\ReadHtmlCacheBehavior [ RunTime:0.000733s ]
INFO: [ app_begin ] --END-- [ RunTime:0.000789s ]
INFO: [ view_parse ] --START--
INFO: [ template_filter ] --START--
INFO: Run Behavior\ContentReplaceBehavior [ RunTime:0.000043s ]
INFO: [ template_filter ] --END-- [ RunTime:0.000093s ]
INFO: Run Behavior\ParseTemplateBehavior [ RunTime:0.027242s ]
INFO: [ view_parse ] --END-- [ RunTime:0.027295s ]
INFO: [ view_filter ] --START--
INFO: Run Behavior\WriteHtmlCacheBehavior [ RunTime:0.000485s ]
INFO: [ view_filter ] --END-- [ RunTime:0.000515s ]
INFO: [ app_end ] --START--
INFO: Run Behavior\ShowPageTraceBehavior [ RunTime:0.000661s ]
INFO: [ app_end ] --END-- [ RunTime:0.000695s ]

[ 2017-02-20T15:46:14+08:00 ] 127.0.0.1 /myysy/dingtalk.php/ApproveCenter/ApproveCenter.html
INFO: [ app_init ] --START--
INFO: Run Behavior\BuildLiteBehavior [ RunTime:0.000011s ]
INFO: [ app_init ] --END-- [ RunTime:0.000460s ]
INFO: [ app_begin ] --START--
INFO: Run Behavior\ReadHtmlCacheBehavior [ RunTime:0.000547s ]
INFO: [ app_begin ] --END-- [ RunTime:0.000587s ]
INFO: [ view_parse ] --START--
INFO: [ template_filter ] --START--
INFO: Run Behavior\ContentReplaceBehavior [ RunTime:0.000042s ]
INFO: [ template_filter ] --END-- [ RunTime:0.000103s ]
INFO: Run Behavior\ParseTemplateBehavior [ RunTime:0.006385s ]
INFO: [ view_parse ] --END-- [ RunTime:0.006456s ]
INFO: [ view_filter ] --START--
INFO: Run Behavior\WriteHtmlCacheBehavior [ RunTime:0.000396s ]
INFO: [ view_filter ] --END-- [ RunTime:0.000431s ]
INFO: [ app_end ] --START--
INFO: Run Behavior\ShowPageTraceBehavior [ RunTime:0.000656s ]
INFO: [ app_end ] --END-- [ RunTime:0.000699s ]

[ 2017-02-20T15:46:17+08:00 ] 127.0.0.1 /myysy/dingtalk.php/OrderProcess/OrderApprove.html
INFO: [ app_init ] --START--
INFO: Run Behavior\BuildLiteBehavior [ RunTime:0.000012s ]
INFO: [ app_init ] --END-- [ RunTime:0.000648s ]
INFO: [ app_begin ] --START--
INFO: Run Behavior\ReadHtmlCacheBehavior [ RunTime:0.000612s ]
INFO: [ app_begin ] --END-- [ RunTime:0.000661s ]
SQL: SHOW COLUMNS FROM `think_ysy_goodspackage` [ RunTime:0.0070s ]
SQL: SELECT * FROM `think_ysy_goodspackage` WHERE ( status = 0 )  [ RunTime:0.0008s ]
INFO: [ view_parse ] --START--
INFO: [ template_filter ] --START--
INFO: Run Behavior\ContentReplaceBehavior [ RunTime:0.000099s ]
INFO: [ template_filter ] --END-- [ RunTime:0.000149s ]
INFO: Run Behavior\ParseTemplateBehavior [ RunTime:0.048427s ]
INFO: [ view_parse ] --END-- [ RunTime:0.048495s ]
INFO: [ view_filter ] --START--
INFO: Run Behavior\WriteHtmlCacheBehavior [ RunTime:0.000464s ]
INFO: [ view_filter ] --END-- [ RunTime:0.000507s ]
INFO: [ app_end ] --START--
INFO: Run Behavior\ShowPageTraceBehavior [ RunTime:0.000611s ]
INFO: [ app_end ] --END-- [ RunTime:0.000661s ]

[ 2017-02-20T15:53:43+08:00 ] 127.0.0.1 /myysy/dingtalk.php/OrderProcess/OrderApprove.html
INFO: [ app_init ] --START--
INFO: Run Behavior\BuildLiteBehavior [ RunTime:0.000012s ]
INFO: [ app_init ] --END-- [ RunTime:0.000554s ]
INFO: [ app_begin ] --START--
INFO: Run Behavior\ReadHtmlCacheBehavior [ RunTime:0.000694s ]
INFO: [ app_begin ] --END-- [ RunTime:0.000748s ]
SQL: SHOW COLUMNS FROM `think_ysy_goodspackage` [ RunTime:0.0453s ]
SQL: SELECT * FROM `think_ysy_goodspackage` WHERE ( status = 0 )  [ RunTime:0.0004s ]
INFO: [ view_parse ] --START--
INFO: [ template_filter ] --START--
INFO: Run Behavior\ContentReplaceBehavior [ RunTime:0.000106s ]
INFO: [ template_filter ] --END-- [ RunTime:0.000151s ]
INFO: Run Behavior\ParseTemplateBehavior [ RunTime:0.009365s ]
INFO: [ view_parse ] --END-- [ RunTime:0.009429s ]
INFO: [ view_filter ] --START--
INFO: Run Behavior\WriteHtmlCacheBehavior [ RunTime:0.000661s ]
INFO: [ view_filter ] --END-- [ RunTime:0.000703s ]
INFO: [ app_end ] --START--
INFO: Run Behavior\ShowPageTraceBehavior [ RunTime:0.000758s ]
INFO: [ app_end ] --END-- [ RunTime:0.000806s ]

[ 2017-02-20T16:02:14+08:00 ] 127.0.0.1 /myysy/dingtalk.php/OrderProcess/OrderApprove/actionRequestService.html?type=getaddress&tel=1
INFO: [ app_init ] --START--
INFO: Run Behavior\BuildLiteBehavior [ RunTime:0.000013s ]
INFO: [ app_init ] --END-- [ RunTime:0.000584s ]
INFO: [ app_begin ] --START--
INFO: Run Behavior\ReadHtmlCacheBehavior [ RunTime:0.000761s ]
INFO: [ app_begin ] --END-- [ RunTime:0.000812s ]
SQL: SHOW COLUMNS FROM `think_ysy_address` [ RunTime:0.0052s ]
SQL: SELECT * FROM `think_ysy_address` WHERE ( tel='1' ) LIMIT 1   [ RunTime:0.0005s ]

[ 2017-02-20T16:02:28+08:00 ] 127.0.0.1 /myysy/dingtalk.php/OrderProcess/OrderApprove.html
INFO: [ app_init ] --START--
INFO: Run Behavior\BuildLiteBehavior [ RunTime:0.000015s ]
INFO: [ app_init ] --END-- [ RunTime:0.000450s ]
INFO: [ app_begin ] --START--
INFO: Run Behavior\ReadHtmlCacheBehavior [ RunTime:0.000804s ]
INFO: [ app_begin ] --END-- [ RunTime:0.000865s ]
SQL: SHOW COLUMNS FROM `think_ysy_goodspackage` [ RunTime:0.0063s ]
SQL: SELECT * FROM `think_ysy_goodspackage` WHERE ( status = 0 )  [ RunTime:0.0004s ]
INFO: [ view_parse ] --START--
INFO: [ template_filter ] --START--
INFO: Run Behavior\ContentReplaceBehavior [ RunTime:0.000087s ]
INFO: [ template_filter ] --END-- [ RunTime:0.000132s ]
INFO: Run Behavior\ParseTemplateBehavior [ RunTime:0.011441s ]
INFO: [ view_parse ] --END-- [ RunTime:0.011489s ]
INFO: [ view_filter ] --START--
INFO: Run Behavior\WriteHtmlCacheBehavior [ RunTime:0.000501s ]
INFO: [ view_filter ] --END-- [ RunTime:0.000540s ]
INFO: [ app_end ] --START--
INFO: Run Behavior\ShowPageTraceBehavior [ RunTime:0.001043s ]
INFO: [ app_end ] --END-- [ RunTime:0.001098s ]

[ 2017-02-20T16:02:38+08:00 ] 127.0.0.1 /myysy/dingtalk.php/OrderProcess/OrderApprove/actionRequestService.html?type=getaddress&tel=1
INFO: [ app_init ] --START--
INFO: Run Behavior\BuildLiteBehavior [ RunTime:0.000014s ]
INFO: [ app_init ] --END-- [ RunTime:0.000592s ]
INFO: [ app_begin ] --START--
INFO: Run Behavior\ReadHtmlCacheBehavior [ RunTime:0.000672s ]
INFO: [ app_begin ] --END-- [ RunTime:0.000731s ]
SQL: SHOW COLUMNS FROM `think_ysy_address` [ RunTime:0.0049s ]
SQL: SELECT * FROM `think_ysy_address` WHERE ( tel='1' ) LIMIT 1   [ RunTime:0.0004s ]

[ 2017-02-20T16:02:42+08:00 ] 127.0.0.1 /myysy/dingtalk.php/OrderProcess/OrderApprove/actionRequestService.html?type=changepackage&id=1487577364
INFO: [ app_init ] --START--
INFO: Run Behavior\BuildLiteBehavior [ RunTime:0.000014s ]
INFO: [ app_init ] --END-- [ RunTime:0.000505s ]
INFO: [ app_begin ] --START--
INFO: Run Behavior\ReadHtmlCacheBehavior [ RunTime:0.000702s ]
INFO: [ app_begin ] --END-- [ RunTime:0.000758s ]
SQL: SHOW COLUMNS FROM `think_ysy_packageprice` [ RunTime:0.0050s ]
SQL: SELECT * FROM `think_ysy_packageprice` WHERE ( packageid = 1487577364 )  [ RunTime:0.0005s ]
SQL: SHOW COLUMNS FROM `think_ysy_goodspackageinfo` [ RunTime:0.0054s ]
SQL: SELECT * FROM `think_ysy_goodspackageinfo` WHERE ( packageid = 1487577364 )  [ RunTime:0.0004s ]
SQL: SHOW COLUMNS FROM `think_ysy_stock` [ RunTime:0.0046s ]
SQL: SELECT * FROM `think_ysy_stock` WHERE ( goods_id=20 ) LIMIT 1   [ RunTime:0.0004s ]
SQL: SELECT * FROM `think_ysy_stock` WHERE ( goods_id=21 ) LIMIT 1   [ RunTime:0.0003s ]

[ 2017-02-20T16:03:26+08:00 ] 127.0.0.1 /myysy/dingtalk.php/OrderProcess/OrderApprove/actionRequestService.html?type=changepackage&id=1487577469
INFO: [ app_init ] --START--
INFO: Run Behavior\BuildLiteBehavior [ RunTime:0.000017s ]
INFO: [ app_init ] --END-- [ RunTime:0.000689s ]
INFO: [ app_begin ] --START--
INFO: Run Behavior\ReadHtmlCacheBehavior [ RunTime:0.000741s ]
INFO: [ app_begin ] --END-- [ RunTime:0.000816s ]
SQL: SHOW COLUMNS FROM `think_ysy_packageprice` [ RunTime:0.0054s ]
SQL: SELECT * FROM `think_ysy_packageprice` WHERE ( packageid = 1487577469 )  [ RunTime:0.0004s ]
SQL: SHOW COLUMNS FROM `think_ysy_goodspackageinfo` [ RunTime:0.0057s ]
SQL: SELECT * FROM `think_ysy_goodspackageinfo` WHERE ( packageid = 1487577469 )  [ RunTime:0.0004s ]
SQL: SHOW COLUMNS FROM `think_ysy_stock` [ RunTime:0.0055s ]
SQL: SELECT * FROM `think_ysy_stock` WHERE ( goods_id=21 ) LIMIT 1   [ RunTime:0.0004s ]

[ 2017-02-20T16:04:13+08:00 ] 127.0.0.1 /myysy/dingtalk.php/OrderProcess/OrderApprove/actionRequestService.html?type=submitform&data%5B0%5D%5Bname%5D=orderid&data%5B0%5D%5Bvalue%5D=0&data%5B1%5D%5Bname%5D=rece_tel&data%5B1%5D%5Bvalue%5D=1&data%5B2%5D%5Bname%5D=rece_name&data%5B2%5D%5Bvalue%5D=3&data%5B3%5D%5Bname%5D=rece_addr&data%5B3%5D%5Bvalue%5D=2&data%5B4%5D%5Bname%5D=requireddeliverytime&data%5B4%5D%5Bvalue%5D=2017-02-20&data%5B5%5D%5Bname%5D=deliveryttpe&data%5B5%5D%5Bvalue%5D=0&data%5B6%5D%5Bname%5D=price%5B%5D&data%5B6%5D%5Bvalue%5D=1.00&data%5B7%5D%5Bname%5D=package_id%5B%5D&data%5B7%5D%5Bvalue%5D=1487577364&data%5B8%5D%5Bname%5D=ordertype%5B%5D&data%5B8%5D%5Bvalue%5D=0&data%5B9%5D%5Bname%5D=num%5B%5D&data%5B9%5D%5Bvalue%5D=1&data%5B10%5D%5Bname%5D=price%5B%5D&data%5B10%5D%5Bvalue%5D=12.00&data%5B11%5D%5Bname%5D=package_id%5B%5D&data%5B11%5D%5Bvalue%5D=1487577469&data%5B12%5D%5Bname%5D=ordertype%5B%5D&data%5B12%5D%5Bvalue%5D=1&data%5B13%5D%5Bname%5D=num%5B%5D&data%5B13%5D%5Bvalue%5D=2
INFO: [ app_init ] --START--
INFO: Run Behavior\BuildLiteBehavior [ RunTime:0.000012s ]
INFO: [ app_init ] --END-- [ RunTime:0.000622s ]
INFO: [ app_begin ] --START--
INFO: Run Behavior\ReadHtmlCacheBehavior [ RunTime:0.000571s ]
INFO: [ app_begin ] --END-- [ RunTime:0.000621s ]
NOTIC: [8] Undefined index: error D:\phpStudy\WWW\myysy\DingTalkApplication\DingTalk\Controller\OrderProcess\OrderApproveController.class.php 第 164 行.
SQL: SHOW COLUMNS FROM `think_ysy_address` [ RunTime:0.0071s ]
SQL: SELECT * FROM `think_ysy_address` WHERE ( tel='1' ) LIMIT 1   [ RunTime:0.0005s ]
NOTIC: [8] Undefined index: error D:\phpStudy\WWW\myysy\DingTalkApplication\DingTalk\Controller\OrderProcess\OrderApproveController.class.php 第 174 行.
SQL: SHOW COLUMNS FROM `think_ysy_goodspackageinfo` [ RunTime:0.0050s ]
SQL: SELECT * FROM `think_ysy_goodspackageinfo` WHERE ( packageid = 1487577364 )  [ RunTime:0.0004s ]
SQL: SELECT * FROM `think_ysy_goodspackageinfo` WHERE ( packageid = 1487577469 )  [ RunTime:0.0003s ]
NOTIC: [8] Undefined offset: 20 D:\phpStudy\WWW\myysy\CommonClass\Order\ProcessOrderInfoService.class.php 第 100 行.
NOTIC: [8] Undefined offset: 21 D:\phpStudy\WWW\myysy\CommonClass\Order\ProcessOrderInfoService.class.php 第 100 行.
SQL: SHOW COLUMNS FROM `think_ysy_stock` [ RunTime:0.0053s ]
SQL: SELECT * FROM `think_ysy_stock` WHERE ( goods_id in (20,21) )  [ RunTime:0.0500s ]
NOTIC: [8] Undefined index: error D:\phpStudy\WWW\myysy\CommonClass\Order\ProcessOrderInfoService.class.php 第 54 行.
NOTIC: [8] Undefined index: error D:\phpStudy\WWW\myysy\DingTalkApplication\DingTalk\Controller\OrderProcess\OrderApproveController.class.php 第 180 行.
SQL: SHOW COLUMNS FROM `think_ysy_order` [ RunTime:0.0059s ]
SQL: INSERT INTO `think_ysy_order` (`addtime`,`order_id`,`rece_tel`,`rece_name`,`rece_addr`,`requireddeliverytime`,`deliveryttpe`,`order_user`,`isolder`) VALUES ('1487577851','1487577851','1','3','2','1487520000','0','1','1') [ RunTime:0.0006s ]
SQL: SHOW COLUMNS FROM `think_ysy_ordergoods` [ RunTime:0.0053s ]
SQL: INSERT INTO `think_ysy_ordergoods` (`price`,`package_id`,`ordertype`,`num`,`order_id`) VALUES ('1.00','1487577364','0','1','1487577851'),('12.00','1487577469','1','2','1487577851') [ RunTime:0.0004s ]
SQL: UPDATE `think_ysy_stock` SET `goods_num`=goods_num-1 WHERE ( goods_id = 20 ) [ RunTime:0.0297s ]
SQL: UPDATE `think_ysy_stock` SET `goods_num`=goods_num-8 WHERE ( goods_id = 21 ) [ RunTime:0.0003s ]
SQL: SELECT * FROM `think_ysy_order` WHERE ( order_id = 1487577851 ) LIMIT 1   [ RunTime:0.0004s ]
SQL: SHOW COLUMNS FROM `think_workflow_deployment` [ RunTime:0.0054s ]
SQL: SELECT * FROM `think_workflow_deployment` WHERE ( rulename='orderapprove' ) LIMIT 1   [ RunTime:0.0004s ]
SQL: SHOW COLUMNS FROM `think_workflow_num` [ RunTime:0.0052s ]
SQL: SELECT * FROM `think_workflow_num` LIMIT 1   [ RunTime:0.0003s ]
NOTIC: [8] Undefined variable: taskList D:\phpStudy\WWW\myysy\ThinkPHP\Library\Vendor\Jbpm\Handlerclass\AssmebleTask.class.php 第 180 行.
NOTIC: [8] Undefined variable: taskList D:\phpStudy\WWW\myysy\ThinkPHP\Library\Vendor\Jbpm\Handlerclass\AssmebleHisTask.class.php 第 206 行.
NOTIC: [8] Undefined variable: taskList D:\phpStudy\WWW\myysy\ThinkPHP\Library\Vendor\Jbpm\Handlerclass\AssmebleParticipation.class.php 第 150 行.
NOTIC: [8] Undefined index: del D:\phpStudy\WWW\myysy\ThinkPHP\Library\Vendor\Jbpm\Handlerclass\AssmebleVariable.class.php 第 96 行.
SQL: SHOW COLUMNS FROM `think_workflow_execution` [ RunTime:0.0057s ]
SQL: INSERT INTO `think_workflow_execution` (`dbid`,`activityname`,`procdefid`,`hasvars`,`key`,`id`,`state`,`priority`,`hisactinst`,`parent`,`parentidx`,`instance`,`addtime`) VALUES ('241','leader','orderapprove','1','','orderapprove.241','active-root','0','245','0','0','241','1487577853') [ RunTime:0.0006s ]
NOTIC: [8] Undefined index: updata D:\phpStudy\WWW\myysy\ThinkPHP\Library\Vendor\Jbpm\Processdatabase\WriteToDataBase.class.php 第 61 行.
NOTIC: [8] Undefined index: del D:\phpStudy\WWW\myysy\ThinkPHP\Library\Vendor\Jbpm\Processdatabase\WriteToDataBase.class.php 第 67 行.
SQL: SHOW COLUMNS FROM `think_workflow_hist_procinst` [ RunTime:0.0076s ]
SQL: INSERT INTO `think_workflow_hist_procinst` (`dbid`,`id`,`procdefid`,`key`,`start`,`end`,`duration`,`state`,`endactivity`) VALUES ('241','orderapprove.241','orderapprove','','1487577853','0','0','active','') [ RunTime:0.0004s ]
NOTIC: [8] Undefined index: updata D:\phpStudy\WWW\myysy\ThinkPHP\Library\Vendor\Jbpm\Processdatabase\WriteToDataBase.class.php 第 81 行.
SQL: SHOW COLUMNS FROM `think_workflow_task` [ RunTime:0.0054s ]
SQL: INSERT INTO `think_workflow_task` (`dbid`,`name`,`state`,`assignee`,`priority`,`create`,`execution_id`,`activity_name`,`hasvars`,`execution`,`procinst`) VALUES ('242','leader','open','','0','1487577853','orderapprove.241','leader','1','241','241') [ RunTime:0.0005s ]
NOTIC: [8] Undefined index: del D:\phpStudy\WWW\myysy\ThinkPHP\Library\Vendor\Jbpm\Processdatabase\WriteToDataBase.class.php 第 95 行.
SQL: SHOW COLUMNS FROM `think_workflow_participation` [ RunTime:0.0062s ]
SQL: INSERT INTO `think_workflow_participation` (`dbid`,`groupid`,`userid`,`type`,`task`) VALUES ('243','0','1','candidate','242') [ RunTime:0.0006s ]
NOTIC: [8] Undefined index: del D:\phpStudy\WWW\myysy\ThinkPHP\Library\Vendor\Jbpm\Processdatabase\WriteToDataBase.class.php 第 107 行.
SQL: SHOW COLUMNS FROM `think_workflow_hist_actinst` [ RunTime:0.0058s ]
SQL: INSERT INTO `think_workflow_hist_actinst` (`dbid`,`hprocid`,`type`,`execution`,`activity_name`,`start`,`end`,`duration`,`transition`,`htask`,`addtime`) VALUES ('244','241','decision','orderapprove.241','exclusive1','1487577853','1487577853','0','to leader','0','1487577853'),('245','241','task','orderapprove.241','leader','1487577853','0','0','','242','1487577853') [ RunTime:0.0005s ]
NOTIC: [8] Undefined index: updata D:\phpStudy\WWW\myysy\ThinkPHP\Library\Vendor\Jbpm\Processdatabase\WriteToDataBase.class.php 第 121 行.
SQL: SHOW COLUMNS FROM `think_workflow_variable` [ RunTime:0.0055s ]
SQL: INSERT INTO `think_workflow_variable` (`dbid`,`class`,`key`,`execution`,`double_value`,`int_value`,`string_value`,`text_value`,`addtime`) VALUES ('246','int','leader','241','0','1','','','1487577853') [ RunTime:0.0187s ]
NOTIC: [8] Undefined index: del D:\phpStudy\WWW\myysy\ThinkPHP\Library\Vendor\Jbpm\Processdatabase\WriteToDataBase.class.php 第 135 行.
SQL: SHOW COLUMNS FROM `think_workflow_hist_task` [ RunTime:0.0068s ]
SQL: INSERT INTO `think_workflow_hist_task` (`dbid`,`execution`,`outcome`,`assignee`,`priority`,`state`,`create`,`end`,`duration`) VALUES ('242','orderapprove.241','','','0','open','1487577853','0','0') [ RunTime:0.0004s ]
NOTIC: [8] Undefined index: updata D:\phpStudy\WWW\myysy\ThinkPHP\Library\Vendor\Jbpm\Processdatabase\WriteToDataBase.class.php 第 147 行.
SQL: update think_workflow_num set version = version + 1 , value = value + 10 [ RunTime:0.0003s ]
SQL: UPDATE `think_ysy_order` SET `flowerid`='241',`status`='leader' WHERE ( order_id = 1487577851 ) [ RunTime:0.0555s ]

[ 2017-02-20T16:04:13+08:00 ] 127.0.0.1 /myysy/dingtalk.php/ApproveCenter/ApproveCenter.html
INFO: [ app_init ] --START--
INFO: Run Behavior\BuildLiteBehavior [ RunTime:0.000011s ]
INFO: [ app_init ] --END-- [ RunTime:0.000509s ]
INFO: [ app_begin ] --START--
INFO: Run Behavior\ReadHtmlCacheBehavior [ RunTime:0.001547s ]
INFO: [ app_begin ] --END-- [ RunTime:0.001802s ]
INFO: [ view_parse ] --START--
INFO: [ template_filter ] --START--
INFO: Run Behavior\ContentReplaceBehavior [ RunTime:0.000057s ]
INFO: [ template_filter ] --END-- [ RunTime:0.000130s ]
INFO: Run Behavior\ParseTemplateBehavior [ RunTime:0.006741s ]
INFO: [ view_parse ] --END-- [ RunTime:0.006835s ]
INFO: [ view_filter ] --START--
INFO: Run Behavior\WriteHtmlCacheBehavior [ RunTime:0.000476s ]
INFO: [ view_filter ] --END-- [ RunTime:0.000521s ]
INFO: [ app_end ] --START--
INFO: Run Behavior\ShowPageTraceBehavior [ RunTime:0.000613s ]
INFO: [ app_end ] --END-- [ RunTime:0.000650s ]

[ 2017-02-20T16:04:47+08:00 ] 127.0.0.1 /myysy/dingtalk.php/ApproveCenter/ApproveCenter/actionWaitOfMyApprove.html
INFO: [ app_init ] --START--
INFO: Run Behavior\BuildLiteBehavior [ RunTime:0.000013s ]
INFO: [ app_init ] --END-- [ RunTime:0.000611s ]
INFO: [ app_begin ] --START--
INFO: Run Behavior\ReadHtmlCacheBehavior [ RunTime:0.000760s ]
INFO: [ app_begin ] --END-- [ RunTime:0.000828s ]
SQL: SHOW COLUMNS FROM `think_workflow_participation` [ RunTime:0.0059s ]
SQL: SELECT wp.userid,o.order_id,o.order_user,o.addtime,o.status,u.realname as order_realname FROM think_workflow_participation wp INNER JOIN think_workflow_task as wt ON wp.task = wt.dbid INNER JOIN think_ysy_order as o ON o.flowerid = wt.execution INNER JOIN think_user as u ON u.id = o.order_user  WHERE ( 1 = 1  AND wp.userid = 1 )  [ RunTime:0.0010s ]
INFO: [ view_parse ] --START--
INFO: [ template_filter ] --START--
INFO: Run Behavior\ContentReplaceBehavior [ RunTime:0.000061s ]
INFO: [ template_filter ] --END-- [ RunTime:0.000109s ]
INFO: Run Behavior\ParseTemplateBehavior [ RunTime:0.008340s ]
INFO: [ view_parse ] --END-- [ RunTime:0.008395s ]
INFO: [ view_filter ] --START--
INFO: Run Behavior\WriteHtmlCacheBehavior [ RunTime:0.000413s ]
INFO: [ view_filter ] --END-- [ RunTime:0.000443s ]
INFO: [ app_end ] --START--
INFO: Run Behavior\ShowPageTraceBehavior [ RunTime:0.000606s ]
INFO: [ app_end ] --END-- [ RunTime:0.000637s ]

[ 2017-02-20T16:04:50+08:00 ] 127.0.0.1 /myysy/dingtalk.php/ApproveCenter/ApproveCenter/actionApproveInfo.html?id=1487577851
INFO: [ app_init ] --START--
INFO: Run Behavior\BuildLiteBehavior [ RunTime:0.000012s ]
INFO: [ app_init ] --END-- [ RunTime:0.000460s ]
INFO: [ app_begin ] --START--
INFO: Run Behavior\ReadHtmlCacheBehavior [ RunTime:0.000969s ]
INFO: [ app_begin ] --END-- [ RunTime:0.001086s ]
SQL: SHOW COLUMNS FROM `think_ysy_order` [ RunTime:0.0067s ]
SQL: SELECT `rece_tel`,`rece_addr`,`rece_name`,yo.status,yo.order_id,yo.rece_name,yo.addtime,yog.package_id,yog.num,yog.price,yog.ordertype,u.realname,ygp.packagename FROM think_ysy_order yo INNER JOIN think_user AS u ON u.id = yo.order_user INNER JOIN think_ysy_ordergoods AS yog ON yo.order_id = yog.order_id INNER JOIN think_ysy_goodspackage AS ygp ON yog.package_id = ygp.id  WHERE ( yo.order_id = 1487577851 )  [ RunTime:0.0007s ]
SQL: SHOW COLUMNS FROM `think_ysy_goodspackage` [ RunTime:0.0059s ]
SQL: SELECT `packagename`,g.goods_id,`num`,`goods_name` FROM think_ysy_goodspackage gp INNER JOIN think_ysy_goodspackageinfo AS gpi ON gp.id = gpi.packageid INNER JOIN think_ysy_goods AS g ON g.goods_id = gpi.goods_id  WHERE ( gp.id = 1487577364 )  [ RunTime:0.0006s ]
SQL: SELECT `packagename`,g.goods_id,`num`,`goods_name` FROM think_ysy_goodspackage gp INNER JOIN think_ysy_goodspackageinfo AS gpi ON gp.id = gpi.packageid INNER JOIN think_ysy_goods AS g ON g.goods_id = gpi.goods_id  WHERE ( gp.id = 1487577469 )  [ RunTime:0.0005s ]
SQL: SHOW COLUMNS FROM `think_ysy_approvelog` [ RunTime:0.0052s ]
SQL: SELECT al.addtime,al.uid,u.realname,al.remark,al.nodename FROM think_ysy_approvelog al INNER JOIN think_user AS u ON al.uid = u.id  WHERE ( al.orderid = 1487577851 )  [ RunTime:0.0004s ]
INFO: [ view_parse ] --START--
INFO: [ template_filter ] --START--
INFO: Run Behavior\ContentReplaceBehavior [ RunTime:0.000099s ]
INFO: [ template_filter ] --END-- [ RunTime:0.000222s ]
INFO: Run Behavior\ParseTemplateBehavior [ RunTime:0.010581s ]
INFO: [ view_parse ] --END-- [ RunTime:0.010634s ]
INFO: [ view_filter ] --START--
INFO: Run Behavior\WriteHtmlCacheBehavior [ RunTime:0.000506s ]
INFO: [ view_filter ] --END-- [ RunTime:0.000556s ]
INFO: [ app_end ] --START--
INFO: Run Behavior\ShowPageTraceBehavior [ RunTime:0.000929s ]
INFO: [ app_end ] --END-- [ RunTime:0.000992s ]

[ 2017-02-20T16:08:05+08:00 ] 127.0.0.1 /myysy/dingtalk.php/ApproveCenter/ApproveCenter/actionWaitOfMyApprove.html
INFO: [ app_init ] --START--
INFO: Run Behavior\BuildLiteBehavior [ RunTime:0.000011s ]
INFO: [ app_init ] --END-- [ RunTime:0.000594s ]
INFO: [ app_begin ] --START--
INFO: Run Behavior\ReadHtmlCacheBehavior [ RunTime:0.000738s ]
INFO: [ app_begin ] --END-- [ RunTime:0.000804s ]
SQL: SHOW COLUMNS FROM `think_workflow_participation` [ RunTime:0.0052s ]
SQL: SELECT wp.userid,o.order_id,o.order_user,o.addtime,o.status,u.realname as order_realname FROM think_workflow_participation wp INNER JOIN think_workflow_task as wt ON wp.task = wt.dbid INNER JOIN think_ysy_order as o ON o.flowerid = wt.execution INNER JOIN think_user as u ON u.id = o.order_user  WHERE ( 1 = 1  AND wp.userid = 1 )  [ RunTime:0.0006s ]
INFO: [ view_parse ] --START--
INFO: [ template_filter ] --START--
INFO: Run Behavior\ContentReplaceBehavior [ RunTime:0.000044s ]
INFO: [ template_filter ] --END-- [ RunTime:0.000098s ]
INFO: Run Behavior\ParseTemplateBehavior [ RunTime:0.008382s ]
INFO: [ view_parse ] --END-- [ RunTime:0.008440s ]
INFO: [ view_filter ] --START--
INFO: Run Behavior\WriteHtmlCacheBehavior [ RunTime:0.000497s ]
INFO: [ view_filter ] --END-- [ RunTime:0.000528s ]
INFO: [ app_end ] --START--
INFO: Run Behavior\ShowPageTraceBehavior [ RunTime:0.000656s ]
INFO: [ app_end ] --END-- [ RunTime:0.000687s ]

[ 2017-02-20T16:08:07+08:00 ] 127.0.0.1 /myysy/dingtalk.php/ApproveCenter/ApproveCenter/actionApproveInfo.html?id=1487577851
INFO: [ app_init ] --START--
INFO: Run Behavior\BuildLiteBehavior [ RunTime:0.000012s ]
INFO: [ app_init ] --END-- [ RunTime:0.000472s ]
INFO: [ app_begin ] --START--
INFO: Run Behavior\ReadHtmlCacheBehavior [ RunTime:0.000779s ]
INFO: [ app_begin ] --END-- [ RunTime:0.000841s ]
SQL: SHOW COLUMNS FROM `think_ysy_order` [ RunTime:0.0282s ]
SQL: SELECT `rece_tel`,`rece_addr`,`rece_name`,yo.status,yo.order_id,yo.rece_name,yo.addtime,yog.package_id,yog.num,yog.price,yog.ordertype,u.realname,ygp.packagename FROM think_ysy_order yo INNER JOIN think_user AS u ON u.id = yo.order_user INNER JOIN think_ysy_ordergoods AS yog ON yo.order_id = yog.order_id INNER JOIN think_ysy_goodspackage AS ygp ON yog.package_id = ygp.id  WHERE ( yo.order_id = 1487577851 )  [ RunTime:0.0006s ]
SQL: SHOW COLUMNS FROM `think_ysy_goodspackage` [ RunTime:0.0325s ]
SQL: SELECT `packagename`,g.goods_id,`num`,`goods_name` FROM think_ysy_goodspackage gp INNER JOIN think_ysy_goodspackageinfo AS gpi ON gp.id = gpi.packageid INNER JOIN think_ysy_goods AS g ON g.goods_id = gpi.goods_id  WHERE ( gp.id = 1487577364 )  [ RunTime:0.0005s ]
SQL: SELECT `packagename`,g.goods_id,`num`,`goods_name` FROM think_ysy_goodspackage gp INNER JOIN think_ysy_goodspackageinfo AS gpi ON gp.id = gpi.packageid INNER JOIN think_ysy_goods AS g ON g.goods_id = gpi.goods_id  WHERE ( gp.id = 1487577469 )  [ RunTime:0.0004s ]
SQL: SHOW COLUMNS FROM `think_ysy_approvelog` [ RunTime:0.0428s ]
SQL: SELECT al.addtime,al.uid,u.realname,al.remark,al.nodename FROM think_ysy_approvelog al INNER JOIN think_user AS u ON al.uid = u.id  WHERE ( al.orderid = 1487577851 )  [ RunTime:0.0004s ]
INFO: [ view_parse ] --START--
INFO: [ template_filter ] --START--
INFO: Run Behavior\ContentReplaceBehavior [ RunTime:0.000054s ]
INFO: [ template_filter ] --END-- [ RunTime:0.000093s ]
INFO: Run Behavior\ParseTemplateBehavior [ RunTime:0.010628s ]
INFO: [ view_parse ] --END-- [ RunTime:0.010709s ]
INFO: [ view_filter ] --START--
INFO: Run Behavior\WriteHtmlCacheBehavior [ RunTime:0.000612s ]
INFO: [ view_filter ] --END-- [ RunTime:0.000665s ]
INFO: [ app_end ] --START--
INFO: Run Behavior\ShowPageTraceBehavior [ RunTime:0.000774s ]
INFO: [ app_end ] --END-- [ RunTime:0.000835s ]

[ 2017-02-20T16:11:57+08:00 ] 127.0.0.1 /myysy/dingtalk.php/ApproveCenter/ApproveCenter/actionMyApprove.html
INFO: [ app_init ] --START--
INFO: Run Behavior\BuildLiteBehavior [ RunTime:0.000020s ]
INFO: [ app_init ] --END-- [ RunTime:0.000931s ]
INFO: [ app_begin ] --START--
INFO: Run Behavior\ReadHtmlCacheBehavior [ RunTime:0.000931s ]
INFO: [ app_begin ] --END-- [ RunTime:0.001017s ]
SQL: SHOW COLUMNS FROM `think_ysy_order` [ RunTime:0.0058s ]
SQL: SELECT o.order_id,o.order_user,o.addtime,o.status,u.realname as order_realname FROM think_ysy_order o INNER JOIN think_user as u ON u.id = o.order_user  WHERE ( 1 = 1  AND o.order_user = 1 )  [ RunTime:0.0005s ]
INFO: [ view_parse ] --START--
INFO: [ template_filter ] --START--
INFO: Run Behavior\ContentReplaceBehavior [ RunTime:0.000054s ]
INFO: [ template_filter ] --END-- [ RunTime:0.000125s ]
INFO: Run Behavior\ParseTemplateBehavior [ RunTime:0.032112s ]
INFO: [ view_parse ] --END-- [ RunTime:0.032158s ]
INFO: [ view_filter ] --START--
INFO: Run Behavior\WriteHtmlCacheBehavior [ RunTime:0.000477s ]
INFO: [ view_filter ] --END-- [ RunTime:0.000507s ]
INFO: [ app_end ] --START--
INFO: Run Behavior\ShowPageTraceBehavior [ RunTime:0.000583s ]
INFO: [ app_end ] --END-- [ RunTime:0.000613s ]

[ 2017-02-20T16:12:04+08:00 ] 127.0.0.1 /myysy/dingtalk.php/ApproveCenter/ApproveCenter/actionApproveInfo.html?id=1487577851&type=show
INFO: [ app_init ] --START--
INFO: Run Behavior\BuildLiteBehavior [ RunTime:0.000014s ]
INFO: [ app_init ] --END-- [ RunTime:0.000640s ]
INFO: [ app_begin ] --START--
INFO: Run Behavior\ReadHtmlCacheBehavior [ RunTime:0.000762s ]
INFO: [ app_begin ] --END-- [ RunTime:0.000836s ]
SQL: SHOW COLUMNS FROM `think_ysy_order` [ RunTime:0.0059s ]
SQL: SELECT `rece_tel`,`rece_addr`,`rece_name`,yo.status,yo.order_id,yo.rece_name,yo.addtime,yog.package_id,yog.num,yog.price,yog.ordertype,u.realname,ygp.packagename FROM think_ysy_order yo INNER JOIN think_user AS u ON u.id = yo.order_user INNER JOIN think_ysy_ordergoods AS yog ON yo.order_id = yog.order_id INNER JOIN think_ysy_goodspackage AS ygp ON yog.package_id = ygp.id  WHERE ( yo.order_id = 1487577851 )  [ RunTime:0.0007s ]
SQL: SHOW COLUMNS FROM `think_ysy_goodspackage` [ RunTime:0.0067s ]
SQL: SELECT `packagename`,g.goods_id,`num`,`goods_name` FROM think_ysy_goodspackage gp INNER JOIN think_ysy_goodspackageinfo AS gpi ON gp.id = gpi.packageid INNER JOIN think_ysy_goods AS g ON g.goods_id = gpi.goods_id  WHERE ( gp.id = 1487577364 )  [ RunTime:0.0006s ]
SQL: SELECT `packagename`,g.goods_id,`num`,`goods_name` FROM think_ysy_goodspackage gp INNER JOIN think_ysy_goodspackageinfo AS gpi ON gp.id = gpi.packageid INNER JOIN think_ysy_goods AS g ON g.goods_id = gpi.goods_id  WHERE ( gp.id = 1487577469 )  [ RunTime:0.0004s ]
SQL: SHOW COLUMNS FROM `think_ysy_approvelog` [ RunTime:0.0052s ]
SQL: SELECT al.addtime,al.uid,u.realname,al.remark,al.nodename FROM think_ysy_approvelog al INNER JOIN think_user AS u ON al.uid = u.id  WHERE ( al.orderid = 1487577851 )  [ RunTime:0.0007s ]
INFO: [ view_parse ] --START--
INFO: [ template_filter ] --START--
INFO: Run Behavior\ContentReplaceBehavior [ RunTime:0.000057s ]
INFO: [ template_filter ] --END-- [ RunTime:0.000110s ]
INFO: Run Behavior\ParseTemplateBehavior [ RunTime:0.012416s ]
INFO: [ view_parse ] --END-- [ RunTime:0.012482s ]
INFO: [ view_filter ] --START--
INFO: Run Behavior\WriteHtmlCacheBehavior [ RunTime:0.000522s ]
INFO: [ view_filter ] --END-- [ RunTime:0.000572s ]
INFO: [ app_end ] --START--
INFO: Run Behavior\ShowPageTraceBehavior [ RunTime:0.000854s ]
INFO: [ app_end ] --END-- [ RunTime:0.000904s ]

[ 2017-02-20T16:12:51+08:00 ] 127.0.0.1 /myysy/dingtalk.php/OrderProcess/OrderApprove.html
INFO: [ app_init ] --START--
INFO: Run Behavior\BuildLiteBehavior [ RunTime:0.000035s ]
INFO: [ app_init ] --END-- [ RunTime:0.001204s ]
INFO: [ app_begin ] --START--
INFO: Run Behavior\ReadHtmlCacheBehavior [ RunTime:0.000705s ]
INFO: [ app_begin ] --END-- [ RunTime:0.000759s ]
SQL: SHOW COLUMNS FROM `think_ysy_goodspackage` [ RunTime:0.0075s ]
SQL: SELECT * FROM `think_ysy_goodspackage` WHERE ( status = 0 )  [ RunTime:0.0004s ]
INFO: [ view_parse ] --START--
INFO: [ template_filter ] --START--
INFO: Run Behavior\ContentReplaceBehavior [ RunTime:0.000157s ]
INFO: [ template_filter ] --END-- [ RunTime:0.000231s ]
INFO: Run Behavior\ParseTemplateBehavior [ RunTime:0.013065s ]
INFO: [ view_parse ] --END-- [ RunTime:0.013145s ]
INFO: [ view_filter ] --START--
INFO: Run Behavior\WriteHtmlCacheBehavior [ RunTime:0.000690s ]
INFO: [ view_filter ] --END-- [ RunTime:0.000760s ]
INFO: [ app_end ] --START--
INFO: Run Behavior\ShowPageTraceBehavior [ RunTime:0.001126s ]
INFO: [ app_end ] --END-- [ RunTime:0.001210s ]

[ 2017-02-20T16:13:10+08:00 ] 127.0.0.1 /myysy/dingtalk.php/OrderProcess/OrderApprove.html
INFO: [ app_init ] --START--
INFO: Run Behavior\BuildLiteBehavior [ RunTime:0.000017s ]
INFO: [ app_init ] --END-- [ RunTime:0.000696s ]
INFO: [ app_begin ] --START--
INFO: Run Behavior\ReadHtmlCacheBehavior [ RunTime:0.000876s ]
INFO: [ app_begin ] --END-- [ RunTime:0.000969s ]
SQL: SHOW COLUMNS FROM `think_ysy_goodspackage` [ RunTime:0.0060s ]
SQL: SELECT * FROM `think_ysy_goodspackage` WHERE ( status = 0 )  [ RunTime:0.0005s ]
INFO: [ view_parse ] --START--
INFO: [ template_filter ] --START--
INFO: Run Behavior\ContentReplaceBehavior [ RunTime:0.000146s ]
INFO: [ template_filter ] --END-- [ RunTime:0.000259s ]
INFO: Run Behavior\ParseTemplateBehavior [ RunTime:0.013432s ]
INFO: [ view_parse ] --END-- [ RunTime:0.013514s ]
INFO: [ view_filter ] --START--
INFO: Run Behavior\WriteHtmlCacheBehavior [ RunTime:0.000591s ]
INFO: [ view_filter ] --END-- [ RunTime:0.000650s ]
INFO: [ app_end ] --START--
INFO: Run Behavior\ShowPageTraceBehavior [ RunTime:0.001042s ]
INFO: [ app_end ] --END-- [ RunTime:0.001129s ]

[ 2017-02-20T16:13:24+08:00 ] 127.0.0.1 /myysy/dingtalk.php/ApproveCenter/ApproveCenter.html
INFO: [ app_init ] --START--
INFO: Run Behavior\BuildLiteBehavior [ RunTime:0.000025s ]
INFO: [ app_init ] --END-- [ RunTime:0.000833s ]
INFO: [ app_begin ] --START--
INFO: Run Behavior\ReadHtmlCacheBehavior [ RunTime:0.001347s ]
INFO: [ app_begin ] --END-- [ RunTime:0.001697s ]
INFO: [ view_parse ] --START--
INFO: [ template_filter ] --START--
INFO: Run Behavior\ContentReplaceBehavior [ RunTime:0.000068s ]
INFO: [ template_filter ] --END-- [ RunTime:0.000156s ]
INFO: Run Behavior\ParseTemplateBehavior [ RunTime:0.009637s ]
INFO: [ view_parse ] --END-- [ RunTime:0.009744s ]
INFO: [ view_filter ] --START--
INFO: Run Behavior\WriteHtmlCacheBehavior [ RunTime:0.000595s ]
INFO: [ view_filter ] --END-- [ RunTime:0.000654s ]
INFO: [ app_end ] --START--
INFO: Run Behavior\ShowPageTraceBehavior [ RunTime:0.000903s ]
INFO: [ app_end ] --END-- [ RunTime:0.000974s ]

[ 2017-02-20T16:13:27+08:00 ] 127.0.0.1 /myysy/dingtalk.php/ApproveCenter/ApproveCenter/actionMyApprove.html
INFO: [ app_init ] --START--
INFO: Run Behavior\BuildLiteBehavior [ RunTime:0.000027s ]
INFO: [ app_init ] --END-- [ RunTime:0.001044s ]
INFO: [ app_begin ] --START--
INFO: Run Behavior\ReadHtmlCacheBehavior [ RunTime:0.000899s ]
INFO: [ app_begin ] --END-- [ RunTime:0.000984s ]
SQL: SHOW COLUMNS FROM `think_ysy_order` [ RunTime:0.0054s ]
SQL: SELECT o.order_id,o.order_user,o.addtime,o.status,u.realname as order_realname FROM think_ysy_order o INNER JOIN think_user as u ON u.id = o.order_user  WHERE ( 1 = 1  AND o.order_user = 1 )  [ RunTime:0.0005s ]
INFO: [ view_parse ] --START--
INFO: [ template_filter ] --START--
INFO: Run Behavior\ContentReplaceBehavior [ RunTime:0.000179s ]
INFO: [ template_filter ] --END-- [ RunTime:0.000437s ]
INFO: Run Behavior\ParseTemplateBehavior [ RunTime:0.010603s ]
INFO: [ view_parse ] --END-- [ RunTime:0.010672s ]
INFO: [ view_filter ] --START--
INFO: Run Behavior\WriteHtmlCacheBehavior [ RunTime:0.000642s ]
INFO: [ view_filter ] --END-- [ RunTime:0.000711s ]
INFO: [ app_end ] --START--
INFO: Run Behavior\ShowPageTraceBehavior [ RunTime:0.001364s ]
INFO: [ app_end ] --END-- [ RunTime:0.001439s ]

[ 2017-02-20T16:13:30+08:00 ] 127.0.0.1 /myysy/dingtalk.php/ApproveCenter/ApproveCenter/actionApproveInfo.html?id=1487577851&type=show
INFO: [ app_init ] --START--
INFO: Run Behavior\BuildLiteBehavior [ RunTime:0.000022s ]
INFO: [ app_init ] --END-- [ RunTime:0.000671s ]
INFO: [ app_begin ] --START--
INFO: Run Behavior\ReadHtmlCacheBehavior [ RunTime:0.000639s ]
INFO: [ app_begin ] --END-- [ RunTime:0.000688s ]
SQL: SHOW COLUMNS FROM `think_ysy_order` [ RunTime:0.0064s ]
SQL: SELECT `rece_tel`,`rece_addr`,`rece_name`,yo.status,yo.order_id,yo.rece_name,yo.addtime,yog.package_id,yog.num,yog.price,yog.ordertype,u.realname,ygp.packagename FROM think_ysy_order yo INNER JOIN think_user AS u ON u.id = yo.order_user INNER JOIN think_ysy_ordergoods AS yog ON yo.order_id = yog.order_id INNER JOIN think_ysy_goodspackage AS ygp ON yog.package_id = ygp.id  WHERE ( yo.order_id = 1487577851 )  [ RunTime:0.0007s ]
SQL: SHOW COLUMNS FROM `think_ysy_goodspackage` [ RunTime:0.0055s ]
SQL: SELECT `packagename`,g.goods_id,`num`,`goods_name` FROM think_ysy_goodspackage gp INNER JOIN think_ysy_goodspackageinfo AS gpi ON gp.id = gpi.packageid INNER JOIN think_ysy_goods AS g ON g.goods_id = gpi.goods_id  WHERE ( gp.id = 1487577364 )  [ RunTime:0.0005s ]
SQL: SELECT `packagename`,g.goods_id,`num`,`goods_name` FROM think_ysy_goodspackage gp INNER JOIN think_ysy_goodspackageinfo AS gpi ON gp.id = gpi.packageid INNER JOIN think_ysy_goods AS g ON g.goods_id = gpi.goods_id  WHERE ( gp.id = 1487577469 )  [ RunTime:0.0004s ]
SQL: SHOW COLUMNS FROM `think_ysy_approvelog` [ RunTime:0.0056s ]
SQL: SELECT al.addtime,al.uid,u.realname,al.remark,al.nodename FROM think_ysy_approvelog al INNER JOIN think_user AS u ON al.uid = u.id  WHERE ( al.orderid = 1487577851 )  [ RunTime:0.0006s ]
INFO: [ view_parse ] --START--
INFO: [ template_filter ] --START--
INFO: Run Behavior\ContentReplaceBehavior [ RunTime:0.000094s ]
INFO: [ template_filter ] --END-- [ RunTime:0.000164s ]
INFO: Run Behavior\ParseTemplateBehavior [ RunTime:0.010920s ]
INFO: [ view_parse ] --END-- [ RunTime:0.011010s ]
INFO: [ view_filter ] --START--
INFO: Run Behavior\WriteHtmlCacheBehavior [ RunTime:0.000425s ]
INFO: [ view_filter ] --END-- [ RunTime:0.000477s ]
INFO: [ app_end ] --START--
INFO: Run Behavior\ShowPageTraceBehavior [ RunTime:0.000824s ]
INFO: [ app_end ] --END-- [ RunTime:0.000887s ]

[ 2017-02-20T16:13:39+08:00 ] 127.0.0.1 /myysy/dingtalk.php/OrderProcess/OrderApprove.html?order=1487577851
INFO: [ app_init ] --START--
INFO: Run Behavior\BuildLiteBehavior [ RunTime:0.000025s ]
INFO: [ app_init ] --END-- [ RunTime:0.000774s ]
INFO: [ app_begin ] --START--
INFO: Run Behavior\ReadHtmlCacheBehavior [ RunTime:0.000875s ]
INFO: [ app_begin ] --END-- [ RunTime:0.000956s ]
SQL: SELECT * FROM think_ysy_order as yo join think_ysy_ordergoods as yog on yo.order_id = yog.order_id where yo.order_id = 1487577851 [ RunTime:0.0005s ]
SQL: SHOW COLUMNS FROM `think_ysy_goodspackage` [ RunTime:0.0047s ]
SQL: SELECT * FROM `think_ysy_goodspackage` WHERE ( status = 0 )  [ RunTime:0.0004s ]
SQL: SHOW COLUMNS FROM `think_ysy_packageprice` [ RunTime:0.0051s ]
SQL: SELECT * FROM `think_ysy_packageprice` WHERE ( packageid = 1487577364 )  [ RunTime:0.0005s ]
SQL: SHOW COLUMNS FROM `think_ysy_goodspackageinfo` [ RunTime:0.0077s ]
SQL: SELECT * FROM `think_ysy_goodspackageinfo` WHERE ( packageid = 1487577364 )  [ RunTime:0.0004s ]
SQL: SHOW COLUMNS FROM `think_ysy_stock` [ RunTime:0.0060s ]
SQL: SELECT * FROM `think_ysy_stock` WHERE ( goods_id=20 ) LIMIT 1   [ RunTime:0.0004s ]
SQL: SELECT * FROM `think_ysy_stock` WHERE ( goods_id=21 ) LIMIT 1   [ RunTime:0.0003s ]
SQL: SELECT * FROM `think_ysy_goodspackage` WHERE ( status = 0 )  [ RunTime:0.0005s ]
SQL: SELECT * FROM `think_ysy_packageprice` WHERE ( packageid = 1487577469 )  [ RunTime:0.0006s ]
SQL: SELECT * FROM `think_ysy_goodspackageinfo` WHERE ( packageid = 1487577469 )  [ RunTime:0.0006s ]
SQL: SELECT * FROM `think_ysy_stock` WHERE ( goods_id=21 ) LIMIT 1   [ RunTime:0.0005s ]
SQL: SELECT * FROM `think_ysy_goodspackage` WHERE ( status = 0 )  [ RunTime:0.0010s ]
INFO: [ view_parse ] --START--
INFO: [ template_filter ] --START--
INFO: Run Behavior\ContentReplaceBehavior [ RunTime:0.000092s ]
INFO: [ template_filter ] --END-- [ RunTime:0.000135s ]
INFO: Run Behavior\ParseTemplateBehavior [ RunTime:0.009250s ]
INFO: [ view_parse ] --END-- [ RunTime:0.009310s ]
INFO: [ view_filter ] --START--
INFO: Run Behavior\WriteHtmlCacheBehavior [ RunTime:0.000586s ]
INFO: [ view_filter ] --END-- [ RunTime:0.000635s ]
INFO: [ app_end ] --START--
INFO: Run Behavior\ShowPageTraceBehavior [ RunTime:0.000733s ]
INFO: [ app_end ] --END-- [ RunTime:0.000798s ]

[ 2017-02-20T16:14:43+08:00 ] 127.0.0.1 /myysy/dingtalk.php/OrderProcess/OrderApprove.html?order=1487577851
INFO: [ app_init ] --START--
INFO: Run Behavior\BuildLiteBehavior [ RunTime:0.000019s ]
INFO: [ app_init ] --END-- [ RunTime:0.000804s ]
INFO: [ app_begin ] --START--
INFO: Run Behavior\ReadHtmlCacheBehavior [ RunTime:0.000756s ]
INFO: [ app_begin ] --END-- [ RunTime:0.000803s ]
SQL: SELECT * FROM think_ysy_order as yo join think_ysy_ordergoods as yog on yo.order_id = yog.order_id where yo.order_id = 1487577851 [ RunTime:0.0006s ]
SQL: SHOW COLUMNS FROM `think_ysy_goodspackage` [ RunTime:0.0064s ]
SQL: SELECT * FROM `think_ysy_goodspackage` WHERE ( status = 0 )  [ RunTime:0.0005s ]
SQL: SHOW COLUMNS FROM `think_ysy_packageprice` [ RunTime:0.0067s ]
SQL: SELECT * FROM `think_ysy_packageprice` WHERE ( packageid = 1487577364 )  [ RunTime:0.0004s ]
SQL: SHOW COLUMNS FROM `think_ysy_goodspackageinfo` [ RunTime:0.0081s ]
SQL: SELECT * FROM `think_ysy_goodspackageinfo` WHERE ( packageid = 1487577364 )  [ RunTime:0.0006s ]
SQL: SHOW COLUMNS FROM `think_ysy_stock` [ RunTime:0.0050s ]
SQL: SELECT * FROM `think_ysy_stock` WHERE ( goods_id=20 ) LIMIT 1   [ RunTime:0.0006s ]
SQL: SELECT * FROM `think_ysy_stock` WHERE ( goods_id=21 ) LIMIT 1   [ RunTime:0.0003s ]
SQL: SELECT * FROM `think_ysy_goodspackage` WHERE ( status = 0 )  [ RunTime:0.0005s ]
SQL: SELECT * FROM `think_ysy_packageprice` WHERE ( packageid = 1487577469 )  [ RunTime:0.0004s ]
SQL: SELECT * FROM `think_ysy_goodspackageinfo` WHERE ( packageid = 1487577469 )  [ RunTime:0.0004s ]
SQL: SELECT * FROM `think_ysy_stock` WHERE ( goods_id=21 ) LIMIT 1   [ RunTime:0.0003s ]
SQL: SELECT * FROM `think_ysy_goodspackage` WHERE ( status = 0 )  [ RunTime:0.0003s ]
INFO: [ view_parse ] --START--
INFO: [ template_filter ] --START--
INFO: Run Behavior\ContentReplaceBehavior [ RunTime:0.000144s ]
INFO: [ template_filter ] --END-- [ RunTime:0.000224s ]
INFO: Run Behavior\ParseTemplateBehavior [ RunTime:0.012950s ]
INFO: [ view_parse ] --END-- [ RunTime:0.013032s ]
INFO: [ view_filter ] --START--
INFO: Run Behavior\WriteHtmlCacheBehavior [ RunTime:0.000757s ]
INFO: [ view_filter ] --END-- [ RunTime:0.000824s ]
INFO: [ app_end ] --START--
INFO: Run Behavior\ShowPageTraceBehavior [ RunTime:0.001116s ]
INFO: [ app_end ] --END-- [ RunTime:0.001201s ]

[ 2017-02-20T16:15:47+08:00 ] 127.0.0.1 /myysy/dingtalk.php/OrderProcess/OrderApprove.html?order=1487577851
INFO: [ app_init ] --START--
INFO: Run Behavior\BuildLiteBehavior [ RunTime:0.000022s ]
INFO: [ app_init ] --END-- [ RunTime:0.000807s ]
INFO: [ app_begin ] --START--
INFO: Run Behavior\ReadHtmlCacheBehavior [ RunTime:0.000817s ]
INFO: [ app_begin ] --END-- [ RunTime:0.000903s ]
SQL: SELECT * FROM think_ysy_order as yo join think_ysy_ordergoods as yog on yo.order_id = yog.order_id where yo.order_id = 1487577851 [ RunTime:0.0005s ]
SQL: SHOW COLUMNS FROM `think_ysy_goodspackage` [ RunTime:0.0054s ]
SQL: SELECT * FROM `think_ysy_goodspackage` WHERE ( status = 0 )  [ RunTime:0.0004s ]
SQL: SHOW COLUMNS FROM `think_ysy_packageprice` [ RunTime:0.0080s ]
SQL: SELECT * FROM `think_ysy_packageprice` WHERE ( packageid = 1487577364 )  [ RunTime:0.0005s ]
SQL: SHOW COLUMNS FROM `think_ysy_goodspackageinfo` [ RunTime:0.0070s ]
SQL: SELECT * FROM `think_ysy_goodspackageinfo` WHERE ( packageid = 1487577364 )  [ RunTime:0.0004s ]
SQL: SHOW COLUMNS FROM `think_ysy_stock` [ RunTime:0.0063s ]
SQL: SELECT * FROM `think_ysy_stock` WHERE ( goods_id=20 ) LIMIT 1   [ RunTime:0.0003s ]
SQL: SELECT * FROM `think_ysy_stock` WHERE ( goods_id=21 ) LIMIT 1   [ RunTime:0.0003s ]
SQL: SELECT * FROM `think_ysy_goodspackage` WHERE ( status = 0 )  [ RunTime:0.0005s ]
SQL: SELECT * FROM `think_ysy_packageprice` WHERE ( packageid = 1487577469 )  [ RunTime:0.0004s ]
SQL: SELECT * FROM `think_ysy_goodspackageinfo` WHERE ( packageid = 1487577469 )  [ RunTime:0.0004s ]
SQL: SELECT * FROM `think_ysy_stock` WHERE ( goods_id=21 ) LIMIT 1   [ RunTime:0.0003s ]
SQL: SELECT * FROM `think_ysy_goodspackage` WHERE ( status = 0 )  [ RunTime:0.0004s ]
INFO: [ view_parse ] --START--
INFO: [ template_filter ] --START--
INFO: Run Behavior\ContentReplaceBehavior [ RunTime:0.000169s ]
INFO: [ template_filter ] --END-- [ RunTime:0.000241s ]
INFO: Run Behavior\ParseTemplateBehavior [ RunTime:0.013417s ]
INFO: [ view_parse ] --END-- [ RunTime:0.013533s ]
INFO: [ view_filter ] --START--
INFO: Run Behavior\WriteHtmlCacheBehavior [ RunTime:0.000697s ]
INFO: [ view_filter ] --END-- [ RunTime:0.000763s ]
INFO: [ app_end ] --START--
INFO: Run Behavior\ShowPageTraceBehavior [ RunTime:0.001195s ]
INFO: [ app_end ] --END-- [ RunTime:0.001289s ]

[ 2017-02-20T16:16:14+08:00 ] 127.0.0.1 /myysy/dingtalk.php/OrderProcess/OrderApprove/actionRequestService.html?type=submitform&data%5B0%5D%5Bname%5D=orderid&data%5B0%5D%5Bvalue%5D=1487577851&data%5B1%5D%5Bname%5D=rece_tel&data%5B1%5D%5Bvalue%5D=1&data%5B2%5D%5Bname%5D=rece_name&data%5B2%5D%5Bvalue%5D=3&data%5B3%5D%5Bname%5D=rece_addr&data%5B3%5D%5Bvalue%5D=2&data%5B4%5D%5Bname%5D=requireddeliverytime&data%5B4%5D%5Bvalue%5D=2017-02-20&data%5B5%5D%5Bname%5D=deliveryttpe&data%5B5%5D%5Bvalue%5D=0&data%5B6%5D%5Bname%5D=price%5B%5D&data%5B6%5D%5Bvalue%5D=12.00&data%5B7%5D%5Bname%5D=package_id%5B%5D&data%5B7%5D%5Bvalue%5D=1487577469&data%5B8%5D%5Bname%5D=ordertype%5B%5D&data%5B8%5D%5Bvalue%5D=1&data%5B9%5D%5Bname%5D=num%5B%5D&data%5B9%5D%5Bvalue%5D=3
INFO: [ app_init ] --START--
INFO: Run Behavior\BuildLiteBehavior [ RunTime:0.000027s ]
INFO: [ app_init ] --END-- [ RunTime:0.000891s ]
INFO: [ app_begin ] --START--
INFO: Run Behavior\ReadHtmlCacheBehavior [ RunTime:0.000613s ]
INFO: [ app_begin ] --END-- [ RunTime:0.000666s ]
SQL: SHOW COLUMNS FROM `think_ysy_ordergoods` [ RunTime:0.0069s ]
SQL: SELECT * FROM `think_ysy_ordergoods` WHERE ( order_id = 1487577851 )  [ RunTime:0.0004s ]
SQL: SHOW COLUMNS FROM `think_ysy_goodspackageinfo` [ RunTime:0.0050s ]
SQL: SELECT * FROM `think_ysy_goodspackageinfo` WHERE ( packageid = 1487577364 )  [ RunTime:0.0004s ]
SQL: SELECT * FROM `think_ysy_goodspackageinfo` WHERE ( packageid = 1487577469 )  [ RunTime:0.0004s ]
NOTIC: [8] Undefined offset: 20 D:\phpStudy\WWW\myysy\CommonClass\Order\Dealpackage\RebackOrderGoods.class.php 第 57 行.
NOTIC: [8] Undefined offset: 21 D:\phpStudy\WWW\myysy\CommonClass\Order\Dealpackage\RebackOrderGoods.class.php 第 57 行.
NOTIC: [8] Undefined index: error D:\phpStudy\WWW\myysy\DingTalkApplication\DingTalk\Controller\OrderProcess\OrderApproveController.class.php 第 164 行.
SQL: SHOW COLUMNS FROM `think_ysy_address` [ RunTime:0.0084s ]
SQL: SELECT * FROM `think_ysy_address` WHERE ( tel='1' ) LIMIT 1   [ RunTime:0.0005s ]
NOTIC: [8] Undefined index: error D:\phpStudy\WWW\myysy\DingTalkApplication\DingTalk\Controller\OrderProcess\OrderApproveController.class.php 第 174 行.
SQL: SELECT * FROM `think_ysy_goodspackageinfo` WHERE ( packageid = 1487577469 )  [ RunTime:0.0004s ]
NOTIC: [8] Undefined offset: 21 D:\phpStudy\WWW\myysy\CommonClass\Order\ProcessOrderInfoService.class.php 第 100 行.
SQL: SHOW COLUMNS FROM `think_ysy_stock` [ RunTime:0.0066s ]
SQL: SELECT * FROM `think_ysy_stock` WHERE ( goods_id in (21) )  [ RunTime:0.0004s ]
NOTIC: [8] Undefined offset: 20 D:\phpStudy\WWW\myysy\CommonClass\Order\ProcessOrderInfoService.class.php 第 115 行.
NOTIC: [8] Undefined index: error D:\phpStudy\WWW\myysy\CommonClass\Order\ProcessOrderInfoService.class.php 第 54 行.
NOTIC: [8] Undefined index: error D:\phpStudy\WWW\myysy\DingTalkApplication\DingTalk\Controller\OrderProcess\OrderApproveController.class.php 第 180 行.
SQL: SHOW COLUMNS FROM `think_ysy_order` [ RunTime:0.0080s ]
SQL: UPDATE `think_ysy_order` SET `addtime`='1487578574',`order_id`='1487577851',`rece_tel`='1',`rece_name`='3',`rece_addr`='2',`requireddeliverytime`='1487520000',`deliveryttpe`='0',`order_user`='1',`isolder`='1' WHERE ( order_id = 1487577851 ) [ RunTime:0.0006s ]
SQL: INSERT INTO `think_ysy_ordergoods` (`price`,`package_id`,`ordertype`,`num`,`order_id`) VALUES ('12.00','1487577469','1','3','1487577851') [ RunTime:0.0004s ]
SQL: UPDATE `think_ysy_stock` SET `goods_num`=goods_num+1 WHERE ( goods_id = 20 ) [ RunTime:0.0003s ]
SQL: UPDATE `think_ysy_stock` SET `goods_num`=goods_num+8 WHERE ( goods_id = 21 ) [ RunTime:0.0003s ]
SQL: UPDATE `think_ysy_stock` SET `goods_num`=goods_num-9 WHERE ( goods_id = 21 ) [ RunTime:0.0003s ]
SQL: SELECT * FROM `think_ysy_order` WHERE ( order_id = 1487577851 ) LIMIT 1   [ RunTime:0.0004s ]
SQL: SHOW COLUMNS FROM `think_workflow_deployment` [ RunTime:0.0058s ]
SQL: SELECT * FROM `think_workflow_deployment` WHERE ( rulename='orderapprove' ) LIMIT 1   [ RunTime:0.0006s ]
SQL: SHOW COLUMNS FROM `think_workflow_num` [ RunTime:0.0061s ]
SQL: SELECT * FROM `think_workflow_num` LIMIT 1   [ RunTime:0.0004s ]
NOTIC: [8] Undefined variable: taskList D:\phpStudy\WWW\myysy\ThinkPHP\Library\Vendor\Jbpm\Handlerclass\AssmebleTask.class.php 第 180 行.
NOTIC: [8] Undefined variable: taskList D:\phpStudy\WWW\myysy\ThinkPHP\Library\Vendor\Jbpm\Handlerclass\AssmebleHisTask.class.php 第 206 行.
NOTIC: [8] Undefined variable: taskList D:\phpStudy\WWW\myysy\ThinkPHP\Library\Vendor\Jbpm\Handlerclass\AssmebleParticipation.class.php 第 150 行.
NOTIC: [8] Undefined index: del D:\phpStudy\WWW\myysy\ThinkPHP\Library\Vendor\Jbpm\Handlerclass\AssmebleVariable.class.php 第 96 行.
SQL: SHOW COLUMNS FROM `think_workflow_execution` [ RunTime:0.0059s ]
SQL: INSERT INTO `think_workflow_execution` (`dbid`,`activityname`,`procdefid`,`hasvars`,`key`,`id`,`state`,`priority`,`hisactinst`,`parent`,`parentidx`,`instance`,`addtime`) VALUES ('251','leader','orderapprove','1','','orderapprove.251','active-root','0','255','0','0','251','1487578574') [ RunTime:0.0006s ]
NOTIC: [8] Undefined index: updata D:\phpStudy\WWW\myysy\ThinkPHP\Library\Vendor\Jbpm\Processdatabase\WriteToDataBase.class.php 第 61 行.
NOTIC: [8] Undefined index: del D:\phpStudy\WWW\myysy\ThinkPHP\Library\Vendor\Jbpm\Processdatabase\WriteToDataBase.class.php 第 67 行.
SQL: SHOW COLUMNS FROM `think_workflow_hist_procinst` [ RunTime:0.0068s ]
SQL: INSERT INTO `think_workflow_hist_procinst` (`dbid`,`id`,`procdefid`,`key`,`start`,`end`,`duration`,`state`,`endactivity`) VALUES ('251','orderapprove.251','orderapprove','','1487578574','0','0','active','') [ RunTime:0.0004s ]
NOTIC: [8] Undefined index: updata D:\phpStudy\WWW\myysy\ThinkPHP\Library\Vendor\Jbpm\Processdatabase\WriteToDataBase.class.php 第 81 行.
SQL: SHOW COLUMNS FROM `think_workflow_task` [ RunTime:0.0236s ]
SQL: INSERT INTO `think_workflow_task` (`dbid`,`name`,`state`,`assignee`,`priority`,`create`,`execution_id`,`activity_name`,`hasvars`,`execution`,`procinst`) VALUES ('252','leader','open','','0','1487578574','orderapprove.251','leader','1','251','251') [ RunTime:0.0006s ]
NOTIC: [8] Undefined index: del D:\phpStudy\WWW\myysy\ThinkPHP\Library\Vendor\Jbpm\Processdatabase\WriteToDataBase.class.php 第 95 行.
SQL: SHOW COLUMNS FROM `think_workflow_participation` [ RunTime:0.0247s ]
SQL: INSERT INTO `think_workflow_participation` (`dbid`,`groupid`,`userid`,`type`,`task`) VALUES ('253','0','1','candidate','252') [ RunTime:0.0004s ]
NOTIC: [8] Undefined index: del D:\phpStudy\WWW\myysy\ThinkPHP\Library\Vendor\Jbpm\Processdatabase\WriteToDataBase.class.php 第 107 行.
SQL: SHOW COLUMNS FROM `think_workflow_hist_actinst` [ RunTime:0.0060s ]
SQL: INSERT INTO `think_workflow_hist_actinst` (`dbid`,`hprocid`,`type`,`execution`,`activity_name`,`start`,`end`,`duration`,`transition`,`htask`,`addtime`) VALUES ('254','251','decision','orderapprove.251','exclusive1','1487578574','1487578574','0','to leader','0','1487578574'),('255','251','task','orderapprove.251','leader','1487578574','0','0','','252','1487578574') [ RunTime:0.0007s ]
NOTIC: [8] Undefined index: updata D:\phpStudy\WWW\myysy\ThinkPHP\Library\Vendor\Jbpm\Processdatabase\WriteToDataBase.class.php 第 121 行.
SQL: SHOW COLUMNS FROM `think_workflow_variable` [ RunTime:0.0085s ]
SQL: INSERT INTO `think_workflow_variable` (`dbid`,`class`,`key`,`execution`,`double_value`,`int_value`,`string_value`,`text_value`,`addtime`) VALUES ('256','int','leader','251','0','1','','','1487578574') [ RunTime:0.0004s ]
NOTIC: [8] Undefined index: del D:\phpStudy\WWW\myysy\ThinkPHP\Library\Vendor\Jbpm\Processdatabase\WriteToDataBase.class.php 第 135 行.
SQL: SHOW COLUMNS FROM `think_workflow_hist_task` [ RunTime:0.0059s ]
SQL: INSERT INTO `think_workflow_hist_task` (`dbid`,`execution`,`outcome`,`assignee`,`priority`,`state`,`create`,`end`,`duration`) VALUES ('252','orderapprove.251','','','0','open','1487578574','0','0') [ RunTime:0.0006s ]
NOTIC: [8] Undefined index: updata D:\phpStudy\WWW\myysy\ThinkPHP\Library\Vendor\Jbpm\Processdatabase\WriteToDataBase.class.php 第 147 行.
SQL: update think_workflow_num set version = version + 1 , value = value + 10 [ RunTime:0.0003s ]
SQL: UPDATE `think_ysy_order` SET `flowerid`='251',`status`='leader' WHERE ( order_id = 1487577851 ) [ RunTime:0.0317s ]

[ 2017-02-20T16:16:14+08:00 ] 127.0.0.1 /myysy/dingtalk.php/ApproveCenter/ApproveCenter.html
INFO: [ app_init ] --START--
INFO: Run Behavior\BuildLiteBehavior [ RunTime:0.000027s ]
INFO: [ app_init ] --END-- [ RunTime:0.000937s ]
INFO: [ app_begin ] --START--
INFO: Run Behavior\ReadHtmlCacheBehavior [ RunTime:0.000996s ]
INFO: [ app_begin ] --END-- [ RunTime:0.001084s ]
INFO: [ view_parse ] --START--
INFO: [ template_filter ] --START--
INFO: Run Behavior\ContentReplaceBehavior [ RunTime:0.000058s ]
INFO: [ template_filter ] --END-- [ RunTime:0.000125s ]
INFO: Run Behavior\ParseTemplateBehavior [ RunTime:0.011871s ]
INFO: [ view_parse ] --END-- [ RunTime:0.011966s ]
INFO: [ view_filter ] --START--
INFO: Run Behavior\WriteHtmlCacheBehavior [ RunTime:0.001013s ]
INFO: [ view_filter ] --END-- [ RunTime:0.001078s ]
INFO: [ app_end ] --START--
INFO: Run Behavior\ShowPageTraceBehavior [ RunTime:0.000914s ]
INFO: [ app_end ] --END-- [ RunTime:0.000979s ]

