[ 2017-02-16T21:20:39+08:00 ] 127.0.0.1 /myysy/dingtalk.php/OrderProcess/OrderApprove
INFO: [ app_init ] --START--
INFO: Run Behavior\BuildLiteBehavior [ RunTime:0.000000s ]
INFO: [ app_init ] --END-- [ RunTime:0.001000s ]
INFO: [ app_begin ] --START--
INFO: Run Behavior\ReadHtmlCacheBehavior [ RunTime:0.001000s ]
INFO: [ app_begin ] --END-- [ RunTime:0.001000s ]

[ 2017-02-16T21:20:51+08:00 ] 127.0.0.1 /myysy/dingtalk.php/Login/LoginByHtml
INFO: [ app_init ] --START--
INFO: Run Behavior\BuildLiteBehavior [ RunTime:0.000000s ]
INFO: [ app_init ] --END-- [ RunTime:0.000000s ]
INFO: [ app_begin ] --START--
INFO: Run Behavior\ReadHtmlCacheBehavior [ RunTime:0.001000s ]
INFO: [ app_begin ] --END-- [ RunTime:0.001000s ]
INFO: [ view_parse ] --START--
INFO: [ template_filter ] --START--
INFO: Run Behavior\ContentReplaceBehavior [ RunTime:0.000000s ]
INFO: [ template_filter ] --END-- [ RunTime:0.000000s ]
INFO: Run Behavior\ParseTemplateBehavior [ RunTime:0.016001s ]
INFO: [ view_parse ] --END-- [ RunTime:0.016001s ]
INFO: [ view_filter ] --START--
INFO: Run Behavior\WriteHtmlCacheBehavior [ RunTime:0.000000s ]
INFO: [ view_filter ] --END-- [ RunTime:0.001000s ]
INFO: [ app_end ] --START--
INFO: Run Behavior\ShowPageTraceBehavior [ RunTime:0.000000s ]
INFO: [ app_end ] --END-- [ RunTime:0.000000s ]

[ 2017-02-16T21:21:01+08:00 ] 127.0.0.1 /myysy/dingtalk.php/Login/LoginByHtml/actionSubmit.html?loginname=wudan&loginpassword=wd811103
INFO: [ app_init ] --START--
INFO: Run Behavior\BuildLiteBehavior [ RunTime:0.000000s ]
INFO: [ app_init ] --END-- [ RunTime:0.000000s ]
INFO: [ app_begin ] --START--
INFO: Run Behavior\ReadHtmlCacheBehavior [ RunTime:0.000000s ]
INFO: [ app_begin ] --END-- [ RunTime:0.001000s ]
SQL: SHOW COLUMNS FROM `think_user` [ RunTime:0.1050s ]
SQL: SELECT * FROM `think_user` WHERE ( username='wudan' and password = '883327915c4022331b5abcb9da2a390c'  ) LIMIT 1   [ RunTime:0.0000s ]
SQL: SELECT `id`,`username`,`realname` FROM `think_user` WHERE ( id = 1 ) LIMIT 1   [ RunTime:0.0000s ]
INFO: [ view_parse ] --START--
INFO: [ template_filter ] --START--
INFO: Run Behavior\ContentReplaceBehavior [ RunTime:0.000000s ]
INFO: [ template_filter ] --END-- [ RunTime:0.000000s ]
INFO: Run Behavior\ParseTemplateBehavior [ RunTime:0.018001s ]
INFO: [ view_parse ] --END-- [ RunTime:0.018001s ]
INFO: [ view_filter ] --START--
INFO: Run Behavior\WriteHtmlCacheBehavior [ RunTime:0.001000s ]
INFO: [ view_filter ] --END-- [ RunTime:0.001000s ]

[ 2017-02-16T21:21:02+08:00 ] 127.0.0.1 /myysy/dingtalk.php/ApproveCenter/ApproveCenter.html
INFO: [ app_init ] --START--
INFO: Run Behavior\BuildLiteBehavior [ RunTime:0.000000s ]
INFO: [ app_init ] --END-- [ RunTime:0.000000s ]
INFO: [ app_begin ] --START--
INFO: Run Behavior\ReadHtmlCacheBehavior [ RunTime:0.000000s ]
INFO: [ app_begin ] --END-- [ RunTime:0.000000s ]
INFO: [ view_parse ] --START--
INFO: [ template_filter ] --START--
INFO: Run Behavior\ContentReplaceBehavior [ RunTime:0.000000s ]
INFO: [ template_filter ] --END-- [ RunTime:0.000000s ]
INFO: Run Behavior\ParseTemplateBehavior [ RunTime:0.043003s ]
INFO: [ view_parse ] --END-- [ RunTime:0.043003s ]
INFO: [ view_filter ] --START--
INFO: Run Behavior\WriteHtmlCacheBehavior [ RunTime:0.001000s ]
INFO: [ view_filter ] --END-- [ RunTime:0.001000s ]
INFO: [ app_end ] --START--
INFO: Run Behavior\ShowPageTraceBehavior [ RunTime:0.000000s ]
INFO: [ app_end ] --END-- [ RunTime:0.000000s ]

[ 2017-02-16T21:22:22+08:00 ] 127.0.0.1 /myysy/dingtalk.php/ApproveCenter/ApproveCenter/actionWaitOfMyApprove.html
INFO: [ app_init ] --START--
INFO: Run Behavior\BuildLiteBehavior [ RunTime:0.000000s ]
INFO: [ app_init ] --END-- [ RunTime:0.001000s ]
INFO: [ app_begin ] --START--
INFO: Run Behavior\ReadHtmlCacheBehavior [ RunTime:0.000000s ]
INFO: [ app_begin ] --END-- [ RunTime:0.001000s ]
SQL: SHOW COLUMNS FROM `think_ysy_order` [ RunTime:0.0870s ]
SQL: SELECT * FROM `think_ysy_order`  [ RunTime:0.0020s ]
INFO: [ view_parse ] --START--
INFO: [ template_filter ] --START--
INFO: Run Behavior\ContentReplaceBehavior [ RunTime:0.000000s ]
INFO: [ template_filter ] --END-- [ RunTime:0.000000s ]
INFO: Run Behavior\ParseTemplateBehavior [ RunTime:0.022001s ]
INFO: [ view_parse ] --END-- [ RunTime:0.022001s ]
INFO: [ view_filter ] --START--
INFO: Run Behavior\WriteHtmlCacheBehavior [ RunTime:0.001000s ]
INFO: [ view_filter ] --END-- [ RunTime:0.001000s ]
INFO: [ app_end ] --START--
INFO: Run Behavior\ShowPageTraceBehavior [ RunTime:0.000000s ]
INFO: [ app_end ] --END-- [ RunTime:0.000000s ]

[ 2017-02-16T21:22:24+08:00 ] 127.0.0.1 /myysy/dingtalk.php/ApproveCenter/ApproveCenter/actionApproveInfo.html?id=1487064770
INFO: [ app_init ] --START--
INFO: Run Behavior\BuildLiteBehavior [ RunTime:0.000000s ]
INFO: [ app_init ] --END-- [ RunTime:0.001000s ]
INFO: [ app_begin ] --START--
INFO: Run Behavior\ReadHtmlCacheBehavior [ RunTime:0.001000s ]
INFO: [ app_begin ] --END-- [ RunTime:0.001000s ]
SQL: SHOW COLUMNS FROM `think_ysy_order` [ RunTime:0.0050s ]
SQL: SELECT yo.order_id,yo.rece_name,yog.num,yog.price,yog.ordertype,u.realname,ygp.packagename FROM think_ysy_order yo INNER JOIN think_user AS u ON u.id = yo.order_user INNER JOIN think_ysy_ordergoods AS yog ON yo.order_id = yog.order_id INNER JOIN think_ysy_goodspackage AS ygp ON yog.package_id = ygp.id   [ RunTime:0.1020s ]

[ 2017-02-16T21:28:36+08:00 ] 127.0.0.1 /myysy/dingtalk.php/ApproveCenter/ApproveCenter/actionApproveInfo.html?id=1487064770
INFO: [ app_init ] --START--
INFO: Run Behavior\BuildLiteBehavior [ RunTime:0.000000s ]
INFO: [ app_init ] --END-- [ RunTime:0.001000s ]
INFO: [ app_begin ] --START--
INFO: Run Behavior\ReadHtmlCacheBehavior [ RunTime:0.001000s ]
INFO: [ app_begin ] --END-- [ RunTime:0.001000s ]
SQL: SHOW COLUMNS FROM `think_ysy_order` [ RunTime:0.0070s ]
SQL: SELECT yo.order_id,yo.rece_name,yog.num,yog.price,yog.ordertype,u.realname,ygp.packagename FROM think_ysy_order yo INNER JOIN think_user AS u ON u.id = yo.order_user INNER JOIN think_ysy_ordergoods AS yog ON yo.order_id = yog.order_id INNER JOIN think_ysy_goodspackage AS ygp ON yog.package_id = ygp.id   [ RunTime:0.0000s ]

[ 2017-02-16T21:28:44+08:00 ] 127.0.0.1 /myysy/dingtalk.php/ApproveCenter/ApproveCenter/actionApproveInfo.html?id=1487064770
INFO: [ app_init ] --START--
INFO: Run Behavior\BuildLiteBehavior [ RunTime:0.000000s ]
INFO: [ app_init ] --END-- [ RunTime:0.000000s ]
INFO: [ app_begin ] --START--
INFO: Run Behavior\ReadHtmlCacheBehavior [ RunTime:0.001000s ]
INFO: [ app_begin ] --END-- [ RunTime:0.001000s ]
SQL: SHOW COLUMNS FROM `think_ysy_order` [ RunTime:0.0060s ]
SQL: SELECT yo.order_id,yo.rece_name,yog.num,yog.price,yog.ordertype,u.realname,ygp.packagename FROM think_ysy_order yo INNER JOIN think_user AS u ON u.id = yo.order_user INNER JOIN think_ysy_ordergoods AS yog ON yo.order_id = yog.order_id INNER JOIN think_ysy_goodspackage AS ygp ON yog.package_id = ygp.id   [ RunTime:0.0000s ]

[ 2017-02-16T21:29:00+08:00 ] 127.0.0.1 /myysy/dingtalk.php/ApproveCenter/ApproveCenter/actionApproveInfo.html?id=1487064770
INFO: [ app_init ] --START--
INFO: Run Behavior\BuildLiteBehavior [ RunTime:0.000000s ]
INFO: [ app_init ] --END-- [ RunTime:0.000000s ]
INFO: [ app_begin ] --START--
INFO: Run Behavior\ReadHtmlCacheBehavior [ RunTime:0.001000s ]
INFO: [ app_begin ] --END-- [ RunTime:0.001000s ]
SQL: SHOW COLUMNS FROM `think_ysy_order` [ RunTime:0.0070s ]
SQL: SELECT yo.order_id,yo.rece_name,yog.num,yog.price,yog.ordertype,u.realname,ygp.packagename FROM think_ysy_order yo INNER JOIN think_user AS u ON u.id = yo.order_user INNER JOIN think_ysy_ordergoods AS yog ON yo.order_id = yog.order_id INNER JOIN think_ysy_goodspackage AS ygp ON yog.package_id = ygp.id   [ RunTime:0.0010s ]

[ 2017-02-16T21:31:47+08:00 ] 127.0.0.1 /myysy/dingtalk.php/ApproveCenter/ApproveCenter/actionApproveInfo.html?id=1487064770
INFO: [ app_init ] --START--
INFO: Run Behavior\BuildLiteBehavior [ RunTime:0.000000s ]
INFO: [ app_init ] --END-- [ RunTime:0.000000s ]
INFO: [ app_begin ] --START--
INFO: Run Behavior\ReadHtmlCacheBehavior [ RunTime:0.001000s ]
INFO: [ app_begin ] --END-- [ RunTime:0.001000s ]
SQL: SHOW COLUMNS FROM `think_ysy_order` [ RunTime:0.0090s ]
SQL: SELECT yo.order_id,yo.rece_name,yog.num,yog.price,yog.ordertype,u.realname,ygp.packagename FROM think_ysy_order yo INNER JOIN think_user AS u ON u.id = yo.order_user INNER JOIN think_ysy_ordergoods AS yog ON yo.order_id = yog.order_id INNER JOIN think_ysy_goodspackage AS ygp ON yog.package_id = ygp.id   [ RunTime:0.0000s ]

[ 2017-02-16T21:41:31+08:00 ] 127.0.0.1 /myysy/dingtalk.php/OrderProcess/OrderApprove.html
INFO: [ app_init ] --START--
INFO: Run Behavior\BuildLiteBehavior [ RunTime:0.000000s ]
INFO: [ app_init ] --END-- [ RunTime:0.001000s ]
INFO: [ app_begin ] --START--
INFO: Run Behavior\ReadHtmlCacheBehavior [ RunTime:0.001000s ]
INFO: [ app_begin ] --END-- [ RunTime:0.001000s ]
SQL: SHOW COLUMNS FROM `think_ysy_goodspackage` [ RunTime:0.0060s ]
SQL: SELECT * FROM `think_ysy_goodspackage` WHERE ( status = 0 )  [ RunTime:0.0000s ]
INFO: [ view_parse ] --START--
INFO: [ template_filter ] --START--
INFO: Run Behavior\ContentReplaceBehavior [ RunTime:0.000000s ]
INFO: [ template_filter ] --END-- [ RunTime:0.000000s ]
INFO: Run Behavior\ParseTemplateBehavior [ RunTime:0.323019s ]
INFO: [ view_parse ] --END-- [ RunTime:0.323019s ]
INFO: [ view_filter ] --START--
INFO: Run Behavior\WriteHtmlCacheBehavior [ RunTime:0.001000s ]
INFO: [ view_filter ] --END-- [ RunTime:0.001000s ]
INFO: [ app_end ] --START--
INFO: Run Behavior\ShowPageTraceBehavior [ RunTime:0.001000s ]
INFO: [ app_end ] --END-- [ RunTime:0.001000s ]

[ 2017-02-16T21:43:34+08:00 ] 127.0.0.1 /myysy/dingtalk.php/ApproveCenter/ApproveCenter/actionApproveInfo.html?id=1487064770
INFO: [ app_init ] --START--
INFO: Run Behavior\BuildLiteBehavior [ RunTime:0.000000s ]
INFO: [ app_init ] --END-- [ RunTime:0.001000s ]
INFO: [ app_begin ] --START--
INFO: Run Behavior\ReadHtmlCacheBehavior [ RunTime:0.001000s ]
INFO: [ app_begin ] --END-- [ RunTime:0.001000s ]
SQL: SHOW COLUMNS FROM `think_ysy_order` [ RunTime:0.0080s ]
SQL: SELECT yo.order_id,yo.rece_name,yo.addtime,yog.num,yog.price,yog.ordertype,u.realname,ygp.packagename FROM think_ysy_order yo INNER JOIN think_user AS u ON u.id = yo.order_user INNER JOIN think_ysy_ordergoods AS yog ON yo.order_id = yog.order_id INNER JOIN think_ysy_goodspackage AS ygp ON yog.package_id = ygp.id   [ RunTime:0.0000s ]

[ 2017-02-16T21:49:22+08:00 ] 127.0.0.1 /myysy/dingtalk.php/ApproveCenter/ApproveCenter/actionApproveInfo.html?id=1487064770
INFO: [ app_init ] --START--
INFO: Run Behavior\BuildLiteBehavior [ RunTime:0.000000s ]
INFO: [ app_init ] --END-- [ RunTime:0.004000s ]
INFO: [ app_begin ] --START--
INFO: Run Behavior\ReadHtmlCacheBehavior [ RunTime:0.001000s ]
INFO: [ app_begin ] --END-- [ RunTime:0.001000s ]
SQL: SHOW COLUMNS FROM `think_ysy_order` [ RunTime:0.0070s ]
SQL: SELECT yo.order_id,yo.rece_name,yo.addtime,yog.num,yog.price,yog.ordertype,u.realname,ygp.packagename FROM think_ysy_order yo INNER JOIN think_user AS u ON u.id = yo.order_user INNER JOIN think_ysy_ordergoods AS yog ON yo.order_id = yog.order_id INNER JOIN think_ysy_goodspackage AS ygp ON yog.package_id = ygp.id   [ RunTime:0.0010s ]

[ 2017-02-16T21:58:07+08:00 ] 127.0.0.1 /myysy/dingtalk.php/ApproveCenter/ApproveCenter/actionApproveInfo.html?id=1487064770
INFO: [ app_init ] --START--
INFO: Run Behavior\BuildLiteBehavior [ RunTime:0.000000s ]
INFO: [ app_init ] --END-- [ RunTime:0.000000s ]
INFO: [ app_begin ] --START--
INFO: Run Behavior\ReadHtmlCacheBehavior [ RunTime:0.000000s ]
INFO: [ app_begin ] --END-- [ RunTime:0.000000s ]
SQL: SHOW COLUMNS FROM `think_ysy_order` [ RunTime:0.0090s ]
SQL: SELECT yo.order_id,yo.rece_name,yo.addtime,yog.num,yog.price,yog.ordertype,u.realname,ygp.packagename FROM think_ysy_order yo INNER JOIN think_user AS u ON u.id = yo.order_user INNER JOIN think_ysy_ordergoods AS yog ON yo.order_id = yog.order_id INNER JOIN think_ysy_goodspackage AS ygp ON yog.package_id = ygp.id   [ RunTime:0.0010s ]

[ 2017-02-16T22:10:54+08:00 ] 127.0.0.1 /myysy/dingtalk.php/ApproveCenter/ApproveCenter/actionApproveInfo.html?id=1487064770
INFO: [ app_init ] --START--
INFO: Run Behavior\BuildLiteBehavior [ RunTime:0.000000s ]
INFO: [ app_init ] --END-- [ RunTime:0.000000s ]
INFO: [ app_begin ] --START--
INFO: Run Behavior\ReadHtmlCacheBehavior [ RunTime:0.000000s ]
INFO: [ app_begin ] --END-- [ RunTime:0.000000s ]
SQL: SHOW COLUMNS FROM `think_ysy_order` [ RunTime:0.0090s ]
SQL: SELECT yo.order_id,yo.rece_name,yo.addtime,yog.package_id,yog.num,yog.price,yog.ordertype,u.realname,ygp.packagename FROM think_ysy_order yo INNER JOIN think_user AS u ON u.id = yo.order_user INNER JOIN think_ysy_ordergoods AS yog ON yo.order_id = yog.order_id INNER JOIN think_ysy_goodspackage AS ygp ON yog.package_id = ygp.id   [ RunTime:0.0010s ]

[ 2017-02-16T22:16:12+08:00 ] 127.0.0.1 /myysy/dingtalk.php/ApproveCenter/ApproveCenter/actionApproveInfo.html?id=1487064770
INFO: [ app_init ] --START--
INFO: Run Behavior\BuildLiteBehavior [ RunTime:0.000000s ]
INFO: [ app_init ] --END-- [ RunTime:0.001000s ]
INFO: [ app_begin ] --START--
INFO: Run Behavior\ReadHtmlCacheBehavior [ RunTime:0.001000s ]
INFO: [ app_begin ] --END-- [ RunTime:0.001000s ]
SQL: SHOW COLUMNS FROM `think_ysy_order` [ RunTime:0.0080s ]
SQL: SELECT yo.order_id,yo.rece_name,yo.addtime,yog.package_id,yog.num,yog.price,yog.ordertype,u.realname,ygp.packagename FROM think_ysy_order yo INNER JOIN think_user AS u ON u.id = yo.order_user INNER JOIN think_ysy_ordergoods AS yog ON yo.order_id = yog.order_id INNER JOIN think_ysy_goodspackage AS ygp ON yog.package_id = ygp.id  WHERE ( yo.order_id = 1487064770 )  [ RunTime:0.0200s ]

[ 2017-02-16T22:16:41+08:00 ] 127.0.0.1 /myysy/dingtalk.php/ApproveCenter/ApproveCenter/actionApproveInfo.html?id=1487064770
INFO: [ app_init ] --START--
INFO: Run Behavior\BuildLiteBehavior [ RunTime:0.000000s ]
INFO: [ app_init ] --END-- [ RunTime:0.001000s ]
INFO: [ app_begin ] --START--
INFO: Run Behavior\ReadHtmlCacheBehavior [ RunTime:0.001000s ]
INFO: [ app_begin ] --END-- [ RunTime:0.001000s ]
SQL: SHOW COLUMNS FROM `think_ysy_order` [ RunTime:0.0070s ]
SQL: SELECT yo.order_id,yo.rece_name,yo.addtime,yog.package_id,yog.num,yog.price,yog.ordertype,u.realname,ygp.packagename FROM think_ysy_order yo INNER JOIN think_user AS u ON u.id = yo.order_user INNER JOIN think_ysy_ordergoods AS yog ON yo.order_id = yog.order_id INNER JOIN think_ysy_goodspackage AS ygp ON yog.package_id = ygp.id  WHERE ( yo.order_id = 1487064770 )  [ RunTime:0.0000s ]

[ 2017-02-16T22:22:56+08:00 ] 127.0.0.1 /myysy/dingtalk.php/ApproveCenter/ApproveCenter/actionApproveInfo.html?id=1487064770
INFO: [ app_init ] --START--
INFO: Run Behavior\BuildLiteBehavior [ RunTime:0.000000s ]
INFO: [ app_init ] --END-- [ RunTime:0.001000s ]
INFO: [ app_begin ] --START--
INFO: Run Behavior\ReadHtmlCacheBehavior [ RunTime:0.001000s ]
INFO: [ app_begin ] --END-- [ RunTime:0.001000s ]
SQL: SHOW COLUMNS FROM `think_ysy_order` [ RunTime:0.0050s ]
SQL: SELECT yo.order_id,yo.rece_name,yo.addtime,yog.package_id,yog.num,yog.price,yog.ordertype,u.realname,ygp.packagename FROM think_ysy_order yo INNER JOIN think_user AS u ON u.id = yo.order_user INNER JOIN think_ysy_ordergoods AS yog ON yo.order_id = yog.order_id INNER JOIN think_ysy_goodspackage AS ygp ON yog.package_id = ygp.id  WHERE ( yo.order_id = 1487064770 )  [ RunTime:0.0000s ]

[ 2017-02-16T22:30:51+08:00 ] 127.0.0.1 /myysy/dingtalk.php/ApproveCenter/ApproveCenter/actionApproveInfo.html?id=1487064770
INFO: [ app_init ] --START--
INFO: Run Behavior\BuildLiteBehavior [ RunTime:0.000000s ]
INFO: [ app_init ] --END-- [ RunTime:0.000000s ]
INFO: [ app_begin ] --START--
INFO: Run Behavior\ReadHtmlCacheBehavior [ RunTime:0.000000s ]
INFO: [ app_begin ] --END-- [ RunTime:0.000000s ]
SQL: SHOW COLUMNS FROM `think_ysy_order` [ RunTime:0.0080s ]
SQL: SELECT yo.order_id,yo.rece_name,yo.addtime,yog.package_id,yog.num,yog.price,yog.ordertype,u.realname,ygp.packagename FROM think_ysy_order yo INNER JOIN think_user AS u ON u.id = yo.order_user INNER JOIN think_ysy_ordergoods AS yog ON yo.order_id = yog.order_id INNER JOIN think_ysy_goodspackage AS ygp ON yog.package_id = ygp.id  WHERE ( yo.order_id = 1487064770 )  [ RunTime:0.0000s ]
SQL: SHOW COLUMNS FROM `think_ysy_goodspackage` [ RunTime:0.0070s ]
ERR: 1146:Table 'thinkphp.ysy_goodspackageinfo' doesn't exist
 [ SQL语句 ] : SELECT * FROM think_ysy_goodspackage gp INNER JOIN ysy_goodspackageinfo AS gpi ON gp.id = gpi.packageid  WHERE ( gp.id = 1486733119 ) 
ERR: 1146:Table 'thinkphp.ysy_goodspackageinfo' doesn't exist
 [ SQL语句 ] : SELECT * FROM think_ysy_goodspackage gp INNER JOIN ysy_goodspackageinfo AS gpi ON gp.id = gpi.packageid  WHERE ( gp.id = 1486733119 ) 

[ 2017-02-16T22:32:11+08:00 ] 127.0.0.1 /myysy/dingtalk.php/ApproveCenter/ApproveCenter/actionApproveInfo.html?id=1487064770
INFO: [ app_init ] --START--
INFO: Run Behavior\BuildLiteBehavior [ RunTime:0.000000s ]
INFO: [ app_init ] --END-- [ RunTime:0.000000s ]
INFO: [ app_begin ] --START--
INFO: Run Behavior\ReadHtmlCacheBehavior [ RunTime:0.001000s ]
INFO: [ app_begin ] --END-- [ RunTime:0.001000s ]
SQL: SHOW COLUMNS FROM `think_ysy_order` [ RunTime:0.0070s ]
SQL: SELECT yo.order_id,yo.rece_name,yo.addtime,yog.package_id,yog.num,yog.price,yog.ordertype,u.realname,ygp.packagename FROM think_ysy_order yo INNER JOIN think_user AS u ON u.id = yo.order_user INNER JOIN think_ysy_ordergoods AS yog ON yo.order_id = yog.order_id INNER JOIN think_ysy_goodspackage AS ygp ON yog.package_id = ygp.id  WHERE ( yo.order_id = 1487064770 )  [ RunTime:0.0000s ]
SQL: SHOW COLUMNS FROM `think_ysy_goodspackage` [ RunTime:0.0060s ]
SQL: SELECT * FROM think_ysy_goodspackage gp INNER JOIN think_ysy_goodspackageinfo AS gpi ON gp.id = gpi.packageid  WHERE ( gp.id = 1486733119 )  [ RunTime:0.0000s ]

[ 2017-02-16T22:43:48+08:00 ] 127.0.0.1 /myysy/dingtalk.php/ApproveCenter/ApproveCenter/actionApproveInfo.html?id=1487064770
INFO: [ app_init ] --START--
INFO: Run Behavior\BuildLiteBehavior [ RunTime:0.000000s ]
INFO: [ app_init ] --END-- [ RunTime:0.001000s ]
INFO: [ app_begin ] --START--
INFO: Run Behavior\ReadHtmlCacheBehavior [ RunTime:0.001000s ]
INFO: [ app_begin ] --END-- [ RunTime:0.001000s ]
SQL: SHOW COLUMNS FROM `think_ysy_order` [ RunTime:0.0070s ]
SQL: SELECT yo.order_id,yo.rece_name,yo.addtime,yog.package_id,yog.num,yog.price,yog.ordertype,u.realname,ygp.packagename FROM think_ysy_order yo INNER JOIN think_user AS u ON u.id = yo.order_user INNER JOIN think_ysy_ordergoods AS yog ON yo.order_id = yog.order_id INNER JOIN think_ysy_goodspackage AS ygp ON yog.package_id = ygp.id  WHERE ( yo.order_id = 1487064770 )  [ RunTime:0.0010s ]
SQL: SHOW COLUMNS FROM `think_ysy_goodspackage` [ RunTime:0.0060s ]
ERR: 1066:Not unique table/alias: 'gpi'
 [ SQL语句 ] : SELECT `packagename`,`goods_id`,`num` FROM think_ysy_goodspackage gp INNER JOIN think_ysy_goodspackageinfo AS gpi ON gp.id = gpi.packageid INNER JOIN think_ysy_goods AS gpi ON g.goods_id = gpi.goods_id  WHERE ( gp.id = 1486733119 ) 
ERR: 1066:Not unique table/alias: 'gpi'
 [ SQL语句 ] : SELECT `packagename`,`goods_id`,`num` FROM think_ysy_goodspackage gp INNER JOIN think_ysy_goodspackageinfo AS gpi ON gp.id = gpi.packageid INNER JOIN think_ysy_goods AS gpi ON g.goods_id = gpi.goods_id  WHERE ( gp.id = 1486733119 ) 

[ 2017-02-16T22:44:40+08:00 ] 127.0.0.1 /myysy/dingtalk.php/ApproveCenter/ApproveCenter/actionApproveInfo.html?id=1487064770
INFO: [ app_init ] --START--
INFO: Run Behavior\BuildLiteBehavior [ RunTime:0.000000s ]
INFO: [ app_init ] --END-- [ RunTime:0.000000s ]
INFO: [ app_begin ] --START--
INFO: Run Behavior\ReadHtmlCacheBehavior [ RunTime:0.001000s ]
INFO: [ app_begin ] --END-- [ RunTime:0.001000s ]
SQL: SHOW COLUMNS FROM `think_ysy_order` [ RunTime:0.0070s ]
SQL: SELECT yo.order_id,yo.rece_name,yo.addtime,yog.package_id,yog.num,yog.price,yog.ordertype,u.realname,ygp.packagename FROM think_ysy_order yo INNER JOIN think_user AS u ON u.id = yo.order_user INNER JOIN think_ysy_ordergoods AS yog ON yo.order_id = yog.order_id INNER JOIN think_ysy_goodspackage AS ygp ON yog.package_id = ygp.id  WHERE ( yo.order_id = 1487064770 )  [ RunTime:0.0010s ]
SQL: SHOW COLUMNS FROM `think_ysy_goodspackage` [ RunTime:0.0080s ]
ERR: 1052:Column 'goods_id' in field list is ambiguous
 [ SQL语句 ] : SELECT `packagename`,`goods_id`,`num` FROM think_ysy_goodspackage gp INNER JOIN think_ysy_goodspackageinfo AS gpi ON gp.id = gpi.packageid INNER JOIN think_ysy_goods AS g ON g.goods_id = gpi.goods_id  WHERE ( gp.id = 1486733119 ) 
ERR: 1052:Column 'goods_id' in field list is ambiguous
 [ SQL语句 ] : SELECT `packagename`,`goods_id`,`num` FROM think_ysy_goodspackage gp INNER JOIN think_ysy_goodspackageinfo AS gpi ON gp.id = gpi.packageid INNER JOIN think_ysy_goods AS g ON g.goods_id = gpi.goods_id  WHERE ( gp.id = 1486733119 ) 

[ 2017-02-16T22:44:41+08:00 ] 127.0.0.1 /myysy/dingtalk.php/ApproveCenter/ApproveCenter/actionApproveInfo.html?id=1487064770
INFO: [ app_init ] --START--
INFO: Run Behavior\BuildLiteBehavior [ RunTime:0.000000s ]
INFO: [ app_init ] --END-- [ RunTime:0.000000s ]
INFO: [ app_begin ] --START--
INFO: Run Behavior\ReadHtmlCacheBehavior [ RunTime:0.001000s ]
INFO: [ app_begin ] --END-- [ RunTime:0.001000s ]
SQL: SHOW COLUMNS FROM `think_ysy_order` [ RunTime:0.0070s ]
SQL: SELECT yo.order_id,yo.rece_name,yo.addtime,yog.package_id,yog.num,yog.price,yog.ordertype,u.realname,ygp.packagename FROM think_ysy_order yo INNER JOIN think_user AS u ON u.id = yo.order_user INNER JOIN think_ysy_ordergoods AS yog ON yo.order_id = yog.order_id INNER JOIN think_ysy_goodspackage AS ygp ON yog.package_id = ygp.id  WHERE ( yo.order_id = 1487064770 )  [ RunTime:0.0010s ]
SQL: SHOW COLUMNS FROM `think_ysy_goodspackage` [ RunTime:0.0060s ]
ERR: 1052:Column 'goods_id' in field list is ambiguous
 [ SQL语句 ] : SELECT `packagename`,`goods_id`,`num` FROM think_ysy_goodspackage gp INNER JOIN think_ysy_goodspackageinfo AS gpi ON gp.id = gpi.packageid INNER JOIN think_ysy_goods AS g ON g.goods_id = gpi.goods_id  WHERE ( gp.id = 1486733119 ) 
ERR: 1052:Column 'goods_id' in field list is ambiguous
 [ SQL语句 ] : SELECT `packagename`,`goods_id`,`num` FROM think_ysy_goodspackage gp INNER JOIN think_ysy_goodspackageinfo AS gpi ON gp.id = gpi.packageid INNER JOIN think_ysy_goods AS g ON g.goods_id = gpi.goods_id  WHERE ( gp.id = 1486733119 ) 

[ 2017-02-16T22:44:41+08:00 ] 127.0.0.1 /myysy/dingtalk.php/ApproveCenter/ApproveCenter/actionApproveInfo.html?id=1487064770
INFO: [ app_init ] --START--
INFO: Run Behavior\BuildLiteBehavior [ RunTime:0.000000s ]
INFO: [ app_init ] --END-- [ RunTime:0.001000s ]
INFO: [ app_begin ] --START--
INFO: Run Behavior\ReadHtmlCacheBehavior [ RunTime:0.000000s ]
INFO: [ app_begin ] --END-- [ RunTime:0.000000s ]
SQL: SHOW COLUMNS FROM `think_ysy_order` [ RunTime:0.0060s ]
SQL: SELECT yo.order_id,yo.rece_name,yo.addtime,yog.package_id,yog.num,yog.price,yog.ordertype,u.realname,ygp.packagename FROM think_ysy_order yo INNER JOIN think_user AS u ON u.id = yo.order_user INNER JOIN think_ysy_ordergoods AS yog ON yo.order_id = yog.order_id INNER JOIN think_ysy_goodspackage AS ygp ON yog.package_id = ygp.id  WHERE ( yo.order_id = 1487064770 )  [ RunTime:0.0010s ]
SQL: SHOW COLUMNS FROM `think_ysy_goodspackage` [ RunTime:0.0060s ]
ERR: 1052:Column 'goods_id' in field list is ambiguous
 [ SQL语句 ] : SELECT `packagename`,`goods_id`,`num` FROM think_ysy_goodspackage gp INNER JOIN think_ysy_goodspackageinfo AS gpi ON gp.id = gpi.packageid INNER JOIN think_ysy_goods AS g ON g.goods_id = gpi.goods_id  WHERE ( gp.id = 1486733119 ) 
ERR: 1052:Column 'goods_id' in field list is ambiguous
 [ SQL语句 ] : SELECT `packagename`,`goods_id`,`num` FROM think_ysy_goodspackage gp INNER JOIN think_ysy_goodspackageinfo AS gpi ON gp.id = gpi.packageid INNER JOIN think_ysy_goods AS g ON g.goods_id = gpi.goods_id  WHERE ( gp.id = 1486733119 ) 

[ 2017-02-16T22:44:41+08:00 ] 127.0.0.1 /myysy/dingtalk.php/ApproveCenter/ApproveCenter/actionApproveInfo.html?id=1487064770
INFO: [ app_init ] --START--
INFO: Run Behavior\BuildLiteBehavior [ RunTime:0.000000s ]
INFO: [ app_init ] --END-- [ RunTime:0.001000s ]
INFO: [ app_begin ] --START--
INFO: Run Behavior\ReadHtmlCacheBehavior [ RunTime:0.000000s ]
INFO: [ app_begin ] --END-- [ RunTime:0.000000s ]
SQL: SHOW COLUMNS FROM `think_ysy_order` [ RunTime:0.0080s ]
SQL: SELECT yo.order_id,yo.rece_name,yo.addtime,yog.package_id,yog.num,yog.price,yog.ordertype,u.realname,ygp.packagename FROM think_ysy_order yo INNER JOIN think_user AS u ON u.id = yo.order_user INNER JOIN think_ysy_ordergoods AS yog ON yo.order_id = yog.order_id INNER JOIN think_ysy_goodspackage AS ygp ON yog.package_id = ygp.id  WHERE ( yo.order_id = 1487064770 )  [ RunTime:0.0010s ]
SQL: SHOW COLUMNS FROM `think_ysy_goodspackage` [ RunTime:0.0070s ]
ERR: 1052:Column 'goods_id' in field list is ambiguous
 [ SQL语句 ] : SELECT `packagename`,`goods_id`,`num` FROM think_ysy_goodspackage gp INNER JOIN think_ysy_goodspackageinfo AS gpi ON gp.id = gpi.packageid INNER JOIN think_ysy_goods AS g ON g.goods_id = gpi.goods_id  WHERE ( gp.id = 1486733119 ) 
ERR: 1052:Column 'goods_id' in field list is ambiguous
 [ SQL语句 ] : SELECT `packagename`,`goods_id`,`num` FROM think_ysy_goodspackage gp INNER JOIN think_ysy_goodspackageinfo AS gpi ON gp.id = gpi.packageid INNER JOIN think_ysy_goods AS g ON g.goods_id = gpi.goods_id  WHERE ( gp.id = 1486733119 ) 

[ 2017-02-16T22:45:15+08:00 ] 127.0.0.1 /myysy/dingtalk.php/ApproveCenter/ApproveCenter/actionApproveInfo.html?id=1487064770
INFO: [ app_init ] --START--
INFO: Run Behavior\BuildLiteBehavior [ RunTime:0.000000s ]
INFO: [ app_init ] --END-- [ RunTime:0.000000s ]
INFO: [ app_begin ] --START--
INFO: Run Behavior\ReadHtmlCacheBehavior [ RunTime:0.000000s ]
INFO: [ app_begin ] --END-- [ RunTime:0.000000s ]
SQL: SHOW COLUMNS FROM `think_ysy_order` [ RunTime:0.0070s ]
SQL: SELECT yo.order_id,yo.rece_name,yo.addtime,yog.package_id,yog.num,yog.price,yog.ordertype,u.realname,ygp.packagename FROM think_ysy_order yo INNER JOIN think_user AS u ON u.id = yo.order_user INNER JOIN think_ysy_ordergoods AS yog ON yo.order_id = yog.order_id INNER JOIN think_ysy_goodspackage AS ygp ON yog.package_id = ygp.id  WHERE ( yo.order_id = 1487064770 )  [ RunTime:0.0010s ]
SQL: SHOW COLUMNS FROM `think_ysy_goodspackage` [ RunTime:0.0060s ]
ERR: 1052:Column 'goods_id' in field list is ambiguous
 [ SQL语句 ] : SELECT `packagename`,`goods_id`,`num` FROM think_ysy_goodspackage gp INNER JOIN think_ysy_goodspackageinfo AS gpi ON gp.id = gpi.packageid INNER JOIN think_ysy_goods AS g ON g.goods_id = gpi.goods_id  WHERE ( gp.id = 1486733119 ) 
ERR: 1052:Column 'goods_id' in field list is ambiguous
 [ SQL语句 ] : SELECT `packagename`,`goods_id`,`num` FROM think_ysy_goodspackage gp INNER JOIN think_ysy_goodspackageinfo AS gpi ON gp.id = gpi.packageid INNER JOIN think_ysy_goods AS g ON g.goods_id = gpi.goods_id  WHERE ( gp.id = 1486733119 ) 

[ 2017-02-16T22:45:43+08:00 ] 127.0.0.1 /myysy/dingtalk.php/ApproveCenter/ApproveCenter/actionApproveInfo.html?id=1487064770
INFO: [ app_init ] --START--
INFO: Run Behavior\BuildLiteBehavior [ RunTime:0.000000s ]
INFO: [ app_init ] --END-- [ RunTime:0.000000s ]
INFO: [ app_begin ] --START--
INFO: Run Behavior\ReadHtmlCacheBehavior [ RunTime:0.001000s ]
INFO: [ app_begin ] --END-- [ RunTime:0.001000s ]
SQL: SHOW COLUMNS FROM `think_ysy_order` [ RunTime:0.0070s ]
SQL: SELECT yo.order_id,yo.rece_name,yo.addtime,yog.package_id,yog.num,yog.price,yog.ordertype,u.realname,ygp.packagename FROM think_ysy_order yo INNER JOIN think_user AS u ON u.id = yo.order_user INNER JOIN think_ysy_ordergoods AS yog ON yo.order_id = yog.order_id INNER JOIN think_ysy_goodspackage AS ygp ON yog.package_id = ygp.id  WHERE ( yo.order_id = 1487064770 )  [ RunTime:0.0010s ]
SQL: SHOW COLUMNS FROM `think_ysy_goodspackage` [ RunTime:0.0060s ]
SQL: SELECT `packagename`,g.goods_id,`num` FROM think_ysy_goodspackage gp INNER JOIN think_ysy_goodspackageinfo AS gpi ON gp.id = gpi.packageid INNER JOIN think_ysy_goods AS g ON g.goods_id = gpi.goods_id  WHERE ( gp.id = 1486733119 )  [ RunTime:0.0010s ]

[ 2017-02-16T22:46:50+08:00 ] 127.0.0.1 /myysy/dingtalk.php/ApproveCenter/ApproveCenter/actionApproveInfo.html?id=1487064770
INFO: [ app_init ] --START--
INFO: Run Behavior\BuildLiteBehavior [ RunTime:0.000000s ]
INFO: [ app_init ] --END-- [ RunTime:0.001000s ]
INFO: [ app_begin ] --START--
INFO: Run Behavior\ReadHtmlCacheBehavior [ RunTime:0.000000s ]
INFO: [ app_begin ] --END-- [ RunTime:0.001000s ]
SQL: SHOW COLUMNS FROM `think_ysy_order` [ RunTime:0.0060s ]
SQL: SELECT yo.order_id,yo.rece_name,yo.addtime,yog.package_id,yog.num,yog.price,yog.ordertype,u.realname,ygp.packagename FROM think_ysy_order yo INNER JOIN think_user AS u ON u.id = yo.order_user INNER JOIN think_ysy_ordergoods AS yog ON yo.order_id = yog.order_id INNER JOIN think_ysy_goodspackage AS ygp ON yog.package_id = ygp.id  WHERE ( yo.order_id = 1487064770 )  [ RunTime:0.0000s ]
SQL: SHOW COLUMNS FROM `think_ysy_goodspackage` [ RunTime:0.0070s ]
SQL: SELECT `packagename`,g.goods_id,`num`,`goods_name` FROM think_ysy_goodspackage gp INNER JOIN think_ysy_goodspackageinfo AS gpi ON gp.id = gpi.packageid INNER JOIN think_ysy_goods AS g ON g.goods_id = gpi.goods_id  WHERE ( gp.id = 1486733119 )  [ RunTime:0.0000s ]

[ 2017-02-16T22:48:59+08:00 ] 127.0.0.1 /myysy/dingtalk.php/ApproveCenter/ApproveCenter/actionApproveInfo.html?id=1487064770
INFO: [ app_init ] --START--
INFO: Run Behavior\BuildLiteBehavior [ RunTime:0.000000s ]
INFO: [ app_init ] --END-- [ RunTime:0.000000s ]
INFO: [ app_begin ] --START--
INFO: Run Behavior\ReadHtmlCacheBehavior [ RunTime:0.000000s ]
INFO: [ app_begin ] --END-- [ RunTime:0.000000s ]
SQL: SHOW COLUMNS FROM `think_ysy_order` [ RunTime:0.0070s ]
SQL: SELECT yo.order_id,yo.rece_name,yo.addtime,yog.package_id,yog.num,yog.price,yog.ordertype,u.realname,ygp.packagename FROM think_ysy_order yo INNER JOIN think_user AS u ON u.id = yo.order_user INNER JOIN think_ysy_ordergoods AS yog ON yo.order_id = yog.order_id INNER JOIN think_ysy_goodspackage AS ygp ON yog.package_id = ygp.id  WHERE ( yo.order_id = 1487064770 )  [ RunTime:0.0010s ]
SQL: SHOW COLUMNS FROM `think_ysy_goodspackage` [ RunTime:0.0060s ]
SQL: SELECT `packagename`,g.goods_id,`num`,`goods_name` FROM think_ysy_goodspackage gp INNER JOIN think_ysy_goodspackageinfo AS gpi ON gp.id = gpi.packageid INNER JOIN think_ysy_goods AS g ON g.goods_id = gpi.goods_id  WHERE ( gp.id = 1486733119 )  [ RunTime:0.0010s ]
SQL: SELECT `packagename`,g.goods_id,`num`,`goods_name` FROM think_ysy_goodspackage gp INNER JOIN think_ysy_goodspackageinfo AS gpi ON gp.id = gpi.packageid INNER JOIN think_ysy_goods AS g ON g.goods_id = gpi.goods_id  WHERE ( gp.id = 1487055184 )  [ RunTime:0.0000s ]

[ 2017-02-16T22:52:00+08:00 ] 127.0.0.1 /myysy/dingtalk.php/ApproveCenter/ApproveCenter/actionApproveInfo.html?id=1487064770
INFO: [ app_init ] --START--
INFO: Run Behavior\BuildLiteBehavior [ RunTime:0.000000s ]
INFO: [ app_init ] --END-- [ RunTime:0.001000s ]
INFO: [ app_begin ] --START--
INFO: Run Behavior\ReadHtmlCacheBehavior [ RunTime:0.001000s ]
INFO: [ app_begin ] --END-- [ RunTime:0.001000s ]
SQL: SHOW COLUMNS FROM `think_ysy_order` [ RunTime:0.0070s ]
SQL: SELECT yo.order_id,yo.rece_name,yo.addtime,yog.package_id,yog.num,yog.price,yog.ordertype,u.realname,ygp.packagename FROM think_ysy_order yo INNER JOIN think_user AS u ON u.id = yo.order_user INNER JOIN think_ysy_ordergoods AS yog ON yo.order_id = yog.order_id INNER JOIN think_ysy_goodspackage AS ygp ON yog.package_id = ygp.id  WHERE ( yo.order_id = 1487064770 )  [ RunTime:0.0010s ]
SQL: SHOW COLUMNS FROM `think_ysy_goodspackage` [ RunTime:0.0060s ]
SQL: SELECT `packagename`,g.goods_id,`num`,`goods_name` FROM think_ysy_goodspackage gp INNER JOIN think_ysy_goodspackageinfo AS gpi ON gp.id = gpi.packageid INNER JOIN think_ysy_goods AS g ON g.goods_id = gpi.goods_id  WHERE ( gp.id = 1486733119 )  [ RunTime:0.0000s ]
SQL: SELECT `packagename`,g.goods_id,`num`,`goods_name` FROM think_ysy_goodspackage gp INNER JOIN think_ysy_goodspackageinfo AS gpi ON gp.id = gpi.packageid INNER JOIN think_ysy_goods AS g ON g.goods_id = gpi.goods_id  WHERE ( gp.id = 1487055184 )  [ RunTime:0.0010s ]

[ 2017-02-16T22:56:10+08:00 ] 127.0.0.1 /myysy/dingtalk.php/OrderProcess/OrderApprove.html
INFO: [ app_init ] --START--
INFO: Run Behavior\BuildLiteBehavior [ RunTime:0.000000s ]
INFO: [ app_init ] --END-- [ RunTime:0.000000s ]
INFO: [ app_begin ] --START--
INFO: Run Behavior\ReadHtmlCacheBehavior [ RunTime:0.001000s ]
INFO: [ app_begin ] --END-- [ RunTime:0.001000s ]
SQL: SHOW COLUMNS FROM `think_ysy_goodspackage` [ RunTime:0.0070s ]
SQL: SELECT * FROM `think_ysy_goodspackage` WHERE ( status = 0 )  [ RunTime:0.0000s ]
INFO: [ view_parse ] --START--
INFO: [ template_filter ] --START--
INFO: Run Behavior\ContentReplaceBehavior [ RunTime:0.001001s ]
INFO: [ template_filter ] --END-- [ RunTime:0.001001s ]
INFO: Run Behavior\ParseTemplateBehavior [ RunTime:0.237014s ]
INFO: [ view_parse ] --END-- [ RunTime:0.237014s ]
INFO: [ view_filter ] --START--
INFO: Run Behavior\WriteHtmlCacheBehavior [ RunTime:0.060003s ]
INFO: [ view_filter ] --END-- [ RunTime:0.061003s ]
INFO: [ app_end ] --START--
INFO: Run Behavior\ShowPageTraceBehavior [ RunTime:0.124007s ]
INFO: [ app_end ] --END-- [ RunTime:0.124007s ]

[ 2017-02-16T22:56:13+08:00 ] 127.0.0.1 /myysy/dingtalk.php/ApproveCenter/ApproveCenter/actionWaitOfMyApprove.html
INFO: [ app_init ] --START--
INFO: Run Behavior\BuildLiteBehavior [ RunTime:0.000000s ]
INFO: [ app_init ] --END-- [ RunTime:0.001000s ]
INFO: [ app_begin ] --START--
INFO: Run Behavior\ReadHtmlCacheBehavior [ RunTime:0.001000s ]
INFO: [ app_begin ] --END-- [ RunTime:0.001000s ]
SQL: SHOW COLUMNS FROM `think_ysy_order` [ RunTime:0.0070s ]
SQL: SELECT * FROM `think_ysy_order`  [ RunTime:0.0020s ]
INFO: [ view_parse ] --START--
INFO: [ template_filter ] --START--
INFO: Run Behavior\ContentReplaceBehavior [ RunTime:0.000000s ]
INFO: [ template_filter ] --END-- [ RunTime:0.000000s ]
INFO: Run Behavior\ParseTemplateBehavior [ RunTime:0.024002s ]
INFO: [ view_parse ] --END-- [ RunTime:0.024002s ]
INFO: [ view_filter ] --START--
INFO: Run Behavior\WriteHtmlCacheBehavior [ RunTime:0.000000s ]
INFO: [ view_filter ] --END-- [ RunTime:0.000000s ]
INFO: [ app_end ] --START--
INFO: Run Behavior\ShowPageTraceBehavior [ RunTime:0.001000s ]
INFO: [ app_end ] --END-- [ RunTime:0.001000s ]

[ 2017-02-16T22:56:13+08:00 ] 127.0.0.1 /myysy/dingtalk.php/ApproveCenter/ApproveCenter/actionApproveInfo.html?id=1487064770
INFO: [ app_init ] --START--
INFO: Run Behavior\BuildLiteBehavior [ RunTime:0.000000s ]
INFO: [ app_init ] --END-- [ RunTime:0.000000s ]
INFO: [ app_begin ] --START--
INFO: Run Behavior\ReadHtmlCacheBehavior [ RunTime:0.001000s ]
INFO: [ app_begin ] --END-- [ RunTime:0.001000s ]
SQL: SHOW COLUMNS FROM `think_ysy_order` [ RunTime:0.0060s ]
SQL: SELECT yo.order_id,yo.rece_name,yo.addtime,yog.package_id,yog.num,yog.price,yog.ordertype,u.realname,ygp.packagename FROM think_ysy_order yo INNER JOIN think_user AS u ON u.id = yo.order_user INNER JOIN think_ysy_ordergoods AS yog ON yo.order_id = yog.order_id INNER JOIN think_ysy_goodspackage AS ygp ON yog.package_id = ygp.id  WHERE ( yo.order_id = 1487064770 )  [ RunTime:0.0000s ]
SQL: SHOW COLUMNS FROM `think_ysy_goodspackage` [ RunTime:0.0060s ]
SQL: SELECT `packagename`,g.goods_id,`num`,`goods_name` FROM think_ysy_goodspackage gp INNER JOIN think_ysy_goodspackageinfo AS gpi ON gp.id = gpi.packageid INNER JOIN think_ysy_goods AS g ON g.goods_id = gpi.goods_id  WHERE ( gp.id = 1486733119 )  [ RunTime:0.0000s ]
SQL: SELECT `packagename`,g.goods_id,`num`,`goods_name` FROM think_ysy_goodspackage gp INNER JOIN think_ysy_goodspackageinfo AS gpi ON gp.id = gpi.packageid INNER JOIN think_ysy_goods AS g ON g.goods_id = gpi.goods_id  WHERE ( gp.id = 1487055184 )  [ RunTime:0.0010s ]

[ 2017-02-16T22:56:32+08:00 ] 127.0.0.1 /myysy/dingtalk.php/ApproveCenter/ApproveCenter/actionApproveInfo.html?id=1487064770
INFO: [ app_init ] --START--
INFO: Run Behavior\BuildLiteBehavior [ RunTime:0.000000s ]
INFO: [ app_init ] --END-- [ RunTime:0.001000s ]
INFO: [ app_begin ] --START--
INFO: Run Behavior\ReadHtmlCacheBehavior [ RunTime:0.001000s ]
INFO: [ app_begin ] --END-- [ RunTime:0.001000s ]
SQL: SHOW COLUMNS FROM `think_ysy_order` [ RunTime:0.0070s ]
SQL: SELECT yo.order_id,yo.rece_name,yo.addtime,yog.package_id,yog.num,yog.price,yog.ordertype,u.realname,ygp.packagename FROM think_ysy_order yo INNER JOIN think_user AS u ON u.id = yo.order_user INNER JOIN think_ysy_ordergoods AS yog ON yo.order_id = yog.order_id INNER JOIN think_ysy_goodspackage AS ygp ON yog.package_id = ygp.id  WHERE ( yo.order_id = 1487064770 )  [ RunTime:0.0010s ]
SQL: SHOW COLUMNS FROM `think_ysy_goodspackage` [ RunTime:0.0060s ]
SQL: SELECT `packagename`,g.goods_id,`num`,`goods_name` FROM think_ysy_goodspackage gp INNER JOIN think_ysy_goodspackageinfo AS gpi ON gp.id = gpi.packageid INNER JOIN think_ysy_goods AS g ON g.goods_id = gpi.goods_id  WHERE ( gp.id = 1486733119 )  [ RunTime:0.0010s ]
SQL: SELECT `packagename`,g.goods_id,`num`,`goods_name` FROM think_ysy_goodspackage gp INNER JOIN think_ysy_goodspackageinfo AS gpi ON gp.id = gpi.packageid INNER JOIN think_ysy_goods AS g ON g.goods_id = gpi.goods_id  WHERE ( gp.id = 1487055184 )  [ RunTime:0.0000s ]
NOTIC: [8] Undefined variable: orderList D:\www\myysy\DingTalkApplication\DingTalk\Controller\ApproveCenter\ApproveCenterController.class.php 第 81 行.
INFO: [ view_parse ] --START--
INFO: [ template_filter ] --START--
INFO: Run Behavior\ContentReplaceBehavior [ RunTime:0.001000s ]
INFO: [ template_filter ] --END-- [ RunTime:0.001000s ]
INFO: Run Behavior\ParseTemplateBehavior [ RunTime:0.043003s ]
INFO: [ view_parse ] --END-- [ RunTime:0.043003s ]
INFO: [ view_filter ] --START--
INFO: Run Behavior\WriteHtmlCacheBehavior [ RunTime:0.000000s ]
INFO: [ view_filter ] --END-- [ RunTime:0.000000s ]
INFO: [ app_end ] --START--
INFO: Run Behavior\ShowPageTraceBehavior [ RunTime:0.000000s ]
INFO: [ app_end ] --END-- [ RunTime:0.001000s ]

