[ 2017-02-15T21:26:42+08:00 ] 127.0.0.1 /myysy/dingtalk.php/OrderProcess/OrderApprove
INFO: [ app_init ] --START--
INFO: Run Behavior\BuildLiteBehavior [ RunTime:0.000000s ]
INFO: [ app_init ] --END-- [ RunTime:0.001000s ]
INFO: [ app_begin ] --START--
INFO: Run Behavior\ReadHtmlCacheBehavior [ RunTime:0.000000s ]
INFO: [ app_begin ] --END-- [ RunTime:0.000000s ]

[ 2017-02-15T21:28:06+08:00 ] 127.0.0.1 /myysy/dingtalk.php/Login/LoginByHtmlController
INFO: [ app_init ] --START--
INFO: Run Behavior\BuildLiteBehavior [ RunTime:0.000000s ]
INFO: [ app_init ] --END-- [ RunTime:0.000000s ]
INFO: [ app_begin ] --START--
INFO: Run Behavior\ReadHtmlCacheBehavior [ RunTime:0.000000s ]
INFO: [ app_begin ] --END-- [ RunTime:0.000000s ]
ERR: 无法加载控制器:Login/LoginByHtmlController

[ 2017-02-15T21:28:20+08:00 ] 127.0.0.1 /myysy/dingtalk.php/Login/LoginByHtml
INFO: [ app_init ] --START--
INFO: Run Behavior\BuildLiteBehavior [ RunTime:0.000000s ]
INFO: [ app_init ] --END-- [ RunTime:0.000000s ]
INFO: [ app_begin ] --START--
INFO: Run Behavior\ReadHtmlCacheBehavior [ RunTime:0.001000s ]
INFO: [ app_begin ] --END-- [ RunTime:0.001000s ]
INFO: [ view_parse ] --START--
INFO: [ template_filter ] --START--
INFO: Run Behavior\ContentReplaceBehavior [ RunTime:0.000000s ]
INFO: [ template_filter ] --END-- [ RunTime:0.000000s ]
INFO: Run Behavior\ParseTemplateBehavior [ RunTime:0.084005s ]
INFO: [ view_parse ] --END-- [ RunTime:0.084005s ]
INFO: [ view_filter ] --START--
INFO: Run Behavior\WriteHtmlCacheBehavior [ RunTime:0.007000s ]
INFO: [ view_filter ] --END-- [ RunTime:0.007000s ]
INFO: [ app_end ] --START--
INFO: Run Behavior\ShowPageTraceBehavior [ RunTime:0.008001s ]
INFO: [ app_end ] --END-- [ RunTime:0.008001s ]

[ 2017-02-15T21:28:34+08:00 ] 127.0.0.1 /myysy/dingtalk.php/Login/LoginByHtml/actionSubmit.html?loginname=wudan&loginpassword=wd811103
INFO: [ app_init ] --START--
INFO: Run Behavior\BuildLiteBehavior [ RunTime:0.000000s ]
INFO: [ app_init ] --END-- [ RunTime:0.000000s ]
INFO: [ app_begin ] --START--
INFO: Run Behavior\ReadHtmlCacheBehavior [ RunTime:0.001000s ]
INFO: [ app_begin ] --END-- [ RunTime:0.001000s ]
SQL: SHOW COLUMNS FROM `think_user` [ RunTime:0.0050s ]
SQL: SELECT * FROM `think_user` WHERE ( username='wudan' and password = '883327915c4022331b5abcb9da2a390c'  ) LIMIT 1   [ RunTime:0.0010s ]
SQL: SELECT `id`,`username`,`realname` FROM `think_user` WHERE ( id = 1 ) LIMIT 1   [ RunTime:0.0000s ]
INFO: [ view_parse ] --START--
INFO: [ template_filter ] --START--
INFO: Run Behavior\ContentReplaceBehavior [ RunTime:0.000000s ]
INFO: [ template_filter ] --END-- [ RunTime:0.000000s ]
INFO: Run Behavior\ParseTemplateBehavior [ RunTime:0.050003s ]
INFO: [ view_parse ] --END-- [ RunTime:0.050003s ]
INFO: [ view_filter ] --START--
INFO: Run Behavior\WriteHtmlCacheBehavior [ RunTime:0.000000s ]
INFO: [ view_filter ] --END-- [ RunTime:0.000000s ]

[ 2017-02-15T21:28:35+08:00 ] 127.0.0.1 /myysy/dingtalk.php/ApproveCenter/ApproveCenter.html
INFO: [ app_init ] --START--
INFO: Run Behavior\BuildLiteBehavior [ RunTime:0.000000s ]
INFO: [ app_init ] --END-- [ RunTime:0.001000s ]
INFO: [ app_begin ] --START--
INFO: Run Behavior\ReadHtmlCacheBehavior [ RunTime:0.000000s ]
INFO: [ app_begin ] --END-- [ RunTime:0.000000s ]
INFO: [ view_parse ] --START--
INFO: [ template_filter ] --START--
INFO: Run Behavior\ContentReplaceBehavior [ RunTime:0.000000s ]
INFO: [ template_filter ] --END-- [ RunTime:0.000000s ]
INFO: Run Behavior\ParseTemplateBehavior [ RunTime:0.047003s ]
INFO: [ view_parse ] --END-- [ RunTime:0.047003s ]
INFO: [ view_filter ] --START--
INFO: Run Behavior\WriteHtmlCacheBehavior [ RunTime:0.000000s ]
INFO: [ view_filter ] --END-- [ RunTime:0.001000s ]
INFO: [ app_end ] --START--
INFO: Run Behavior\ShowPageTraceBehavior [ RunTime:0.000000s ]
INFO: [ app_end ] --END-- [ RunTime:0.000000s ]

[ 2017-02-15T21:28:38+08:00 ] 127.0.0.1 /myysy/dingtalk.php/ApproveCenter/ApproveCenter/actionWaitOfMyApprove.html
INFO: [ app_init ] --START--
INFO: Run Behavior\BuildLiteBehavior [ RunTime:0.000000s ]
INFO: [ app_init ] --END-- [ RunTime:0.001000s ]
INFO: [ app_begin ] --START--
INFO: Run Behavior\ReadHtmlCacheBehavior [ RunTime:0.000000s ]
INFO: [ app_begin ] --END-- [ RunTime:0.000000s ]
SQL: SHOW COLUMNS FROM `think_ysy_order` [ RunTime:0.0050s ]
SQL: SELECT * FROM `think_ysy_order`  [ RunTime:0.0000s ]
INFO: [ view_parse ] --START--
INFO: [ template_filter ] --START--
INFO: Run Behavior\ContentReplaceBehavior [ RunTime:0.000000s ]
INFO: [ template_filter ] --END-- [ RunTime:0.000000s ]
INFO: Run Behavior\ParseTemplateBehavior [ RunTime:0.017001s ]
INFO: [ view_parse ] --END-- [ RunTime:0.017001s ]
INFO: [ view_filter ] --START--
INFO: Run Behavior\WriteHtmlCacheBehavior [ RunTime:0.000000s ]
INFO: [ view_filter ] --END-- [ RunTime:0.000000s ]
INFO: [ app_end ] --START--
INFO: Run Behavior\ShowPageTraceBehavior [ RunTime:0.001000s ]
INFO: [ app_end ] --END-- [ RunTime:0.001000s ]

[ 2017-02-15T21:28:39+08:00 ] 127.0.0.1 /myysy/dingtalk.php/ApproveCenter/ApproveCenter/actionApproveInfo.html?id=1487064770
INFO: [ app_init ] --START--
INFO: Run Behavior\BuildLiteBehavior [ RunTime:0.000000s ]
INFO: [ app_init ] --END-- [ RunTime:0.000000s ]
INFO: [ app_begin ] --START--
INFO: Run Behavior\ReadHtmlCacheBehavior [ RunTime:0.000000s ]
INFO: [ app_begin ] --END-- [ RunTime:0.000000s ]
SQL: SHOW COLUMNS FROM `think_ysy_order` [ RunTime:0.0050s ]
SQL: SELECT yo.*,yog.*,ygp.packagename FROM think_ysy_order yo INNER JOIN think_ysy_ordergoods AS yog ON yo.order_id = yog.order_id INNER JOIN think_ysy_goodspackage AS ygp ON yog.package_id = ygp.id   [ RunTime:0.0010s ]
INFO: [ view_parse ] --START--
INFO: [ template_filter ] --START--
INFO: Run Behavior\ContentReplaceBehavior [ RunTime:0.000000s ]
INFO: [ template_filter ] --END-- [ RunTime:0.000000s ]
INFO: Run Behavior\ParseTemplateBehavior [ RunTime:0.047002s ]
INFO: [ view_parse ] --END-- [ RunTime:0.047002s ]
INFO: [ view_filter ] --START--
INFO: Run Behavior\WriteHtmlCacheBehavior [ RunTime:0.001000s ]
INFO: [ view_filter ] --END-- [ RunTime:0.001000s ]
INFO: [ app_end ] --START--
INFO: Run Behavior\ShowPageTraceBehavior [ RunTime:0.000000s ]
INFO: [ app_end ] --END-- [ RunTime:0.000000s ]

[ 2017-02-15T21:29:17+08:00 ] 127.0.0.1 /myysy/dingtalk.php/ApproveCenter/ApproveCenter/actionApproveInfo.html?id=1487064770
INFO: [ app_init ] --START--
INFO: Run Behavior\BuildLiteBehavior [ RunTime:0.000000s ]
INFO: [ app_init ] --END-- [ RunTime:0.000000s ]
INFO: [ app_begin ] --START--
INFO: Run Behavior\ReadHtmlCacheBehavior [ RunTime:0.000000s ]
INFO: [ app_begin ] --END-- [ RunTime:0.000000s ]
SQL: SHOW COLUMNS FROM `think_ysy_order` [ RunTime:0.0050s ]
SQL: SELECT yo.*,yog.*,ygp.packagename FROM think_ysy_order yo INNER JOIN think_ysy_ordergoods AS yog ON yo.order_id = yog.order_id INNER JOIN think_ysy_goodspackage AS ygp ON yog.package_id = ygp.id   [ RunTime:0.0000s ]
INFO: [ view_parse ] --START--
INFO: [ template_filter ] --START--
INFO: Run Behavior\ContentReplaceBehavior [ RunTime:0.001000s ]
INFO: [ template_filter ] --END-- [ RunTime:0.001000s ]
INFO: Run Behavior\ParseTemplateBehavior [ RunTime:0.007000s ]
INFO: [ view_parse ] --END-- [ RunTime:0.007000s ]
INFO: [ view_filter ] --START--
INFO: Run Behavior\WriteHtmlCacheBehavior [ RunTime:0.000000s ]
INFO: [ view_filter ] --END-- [ RunTime:0.000000s ]
INFO: [ app_end ] --START--
INFO: Run Behavior\ShowPageTraceBehavior [ RunTime:0.000000s ]
INFO: [ app_end ] --END-- [ RunTime:0.000000s ]

[ 2017-02-15T21:29:23+08:00 ] 127.0.0.1 /myysy/dingtalk.php/ApproveCenter/ApproveCenter/actionApproveInfo.html?id=1487064770
INFO: [ app_init ] --START--
INFO: Run Behavior\BuildLiteBehavior [ RunTime:0.000000s ]
INFO: [ app_init ] --END-- [ RunTime:0.001000s ]
INFO: [ app_begin ] --START--
INFO: Run Behavior\ReadHtmlCacheBehavior [ RunTime:0.000000s ]
INFO: [ app_begin ] --END-- [ RunTime:0.000000s ]
SQL: SHOW COLUMNS FROM `think_ysy_order` [ RunTime:0.0050s ]
SQL: SELECT yo.*,yog.*,ygp.packagename FROM think_ysy_order yo INNER JOIN think_ysy_ordergoods AS yog ON yo.order_id = yog.order_id INNER JOIN think_ysy_goodspackage AS ygp ON yog.package_id = ygp.id   [ RunTime:0.0010s ]
INFO: [ view_parse ] --START--
INFO: [ template_filter ] --START--
INFO: Run Behavior\ContentReplaceBehavior [ RunTime:0.000000s ]
INFO: [ template_filter ] --END-- [ RunTime:0.000000s ]
INFO: Run Behavior\ParseTemplateBehavior [ RunTime:0.007000s ]
INFO: [ view_parse ] --END-- [ RunTime:0.007000s ]
INFO: [ view_filter ] --START--
INFO: Run Behavior\WriteHtmlCacheBehavior [ RunTime:0.000000s ]
INFO: [ view_filter ] --END-- [ RunTime:0.000000s ]
INFO: [ app_end ] --START--
INFO: Run Behavior\ShowPageTraceBehavior [ RunTime:0.000000s ]
INFO: [ app_end ] --END-- [ RunTime:0.000000s ]

[ 2017-02-15T21:36:51+08:00 ] 127.0.0.1 /myysy/dingtalk.php/ApproveCenter/ApproveCenter/actionApproveInfo.html?id=1487064770
INFO: [ app_init ] --START--
INFO: Run Behavior\BuildLiteBehavior [ RunTime:0.000000s ]
INFO: [ app_init ] --END-- [ RunTime:0.001000s ]
INFO: [ app_begin ] --START--
INFO: Run Behavior\ReadHtmlCacheBehavior [ RunTime:0.001000s ]
INFO: [ app_begin ] --END-- [ RunTime:0.001000s ]
SQL: SHOW COLUMNS FROM `think_ysy_order` [ RunTime:0.0050s ]
ERR: 1054:Unknown column 'ygp.packagename' in 'field list'
 [ SQL语句 ] : SELECT yo.*,yog.*,ygp.packagename FROM think_ysy_order yo INNER JOIN think_user AS u ON u.id = yo.order_user INNER JOIN think_ysy_ordergoods AS yog ON yo.order_id = yog.order_id  
ERR: 1054:Unknown column 'ygp.packagename' in 'field list'
 [ SQL语句 ] : SELECT yo.*,yog.*,ygp.packagename FROM think_ysy_order yo INNER JOIN think_user AS u ON u.id = yo.order_user INNER JOIN think_ysy_ordergoods AS yog ON yo.order_id = yog.order_id  

[ 2017-02-15T21:37:08+08:00 ] 127.0.0.1 /myysy/dingtalk.php/ApproveCenter/ApproveCenter/actionApproveInfo.html?id=1487064770
INFO: [ app_init ] --START--
INFO: Run Behavior\BuildLiteBehavior [ RunTime:0.000000s ]
INFO: [ app_init ] --END-- [ RunTime:0.000000s ]
INFO: [ app_begin ] --START--
INFO: Run Behavior\ReadHtmlCacheBehavior [ RunTime:0.001000s ]
INFO: [ app_begin ] --END-- [ RunTime:0.001000s ]
SQL: SHOW COLUMNS FROM `think_ysy_order` [ RunTime:0.0050s ]
SQL: SELECT yo.*,yog.* FROM think_ysy_order yo INNER JOIN think_user AS u ON u.id = yo.order_user INNER JOIN think_ysy_ordergoods AS yog ON yo.order_id = yog.order_id   [ RunTime:0.0010s ]

[ 2017-02-15T21:37:12+08:00 ] 127.0.0.1 /myysy/dingtalk.php/ApproveCenter/ApproveCenter/actionApproveInfo.html?id=1487064770
INFO: [ app_init ] --START--
INFO: Run Behavior\BuildLiteBehavior [ RunTime:0.000000s ]
INFO: [ app_init ] --END-- [ RunTime:0.001000s ]
INFO: [ app_begin ] --START--
INFO: Run Behavior\ReadHtmlCacheBehavior [ RunTime:0.000000s ]
INFO: [ app_begin ] --END-- [ RunTime:0.000000s ]
SQL: SHOW COLUMNS FROM `think_ysy_order` [ RunTime:0.0050s ]
SQL: SELECT yo.*,yog.* FROM think_ysy_order yo INNER JOIN think_user AS u ON u.id = yo.order_user INNER JOIN think_ysy_ordergoods AS yog ON yo.order_id = yog.order_id   [ RunTime:0.0010s ]

[ 2017-02-15T21:37:30+08:00 ] 127.0.0.1 /myysy/dingtalk.php/ApproveCenter/ApproveCenter/actionApproveInfo.html?id=1487064770
INFO: [ app_init ] --START--
INFO: Run Behavior\BuildLiteBehavior [ RunTime:0.000000s ]
INFO: [ app_init ] --END-- [ RunTime:0.001000s ]
INFO: [ app_begin ] --START--
INFO: Run Behavior\ReadHtmlCacheBehavior [ RunTime:0.000000s ]
INFO: [ app_begin ] --END-- [ RunTime:0.000000s ]
SQL: SHOW COLUMNS FROM `think_ysy_order` [ RunTime:0.0060s ]
SQL: SELECT yo.*,yog.*,u.realname FROM think_ysy_order yo INNER JOIN think_user AS u ON u.id = yo.order_user INNER JOIN think_ysy_ordergoods AS yog ON yo.order_id = yog.order_id   [ RunTime:0.0000s ]

[ 2017-02-15T21:40:27+08:00 ] 127.0.0.1 /myysy/dingtalk.php/ApproveCenter/ApproveCenter/actionApproveInfo.html?id=1487064770
INFO: [ app_init ] --START--
INFO: Run Behavior\BuildLiteBehavior [ RunTime:0.000000s ]
INFO: [ app_init ] --END-- [ RunTime:0.001000s ]
INFO: [ app_begin ] --START--
INFO: Run Behavior\ReadHtmlCacheBehavior [ RunTime:0.001000s ]
INFO: [ app_begin ] --END-- [ RunTime:0.001000s ]
SQL: SHOW COLUMNS FROM `think_ysy_order` [ RunTime:0.0050s ]
SQL: SELECT yo.*,yog.*,u.realname,ygp.packagename FROM think_ysy_order yo INNER JOIN think_user AS u ON u.id = yo.order_user INNER JOIN think_ysy_ordergoods AS yog ON yo.order_id = yog.order_id INNER JOIN think_ysy_goodspackage AS ygp ON yog.package_id = ygp.id   [ RunTime:0.0010s ]

[ 2017-02-15T21:41:20+08:00 ] 127.0.0.1 /myysy/dingtalk.php/ApproveCenter/ApproveCenter/
INFO: [ app_init ] --START--
INFO: Run Behavior\BuildLiteBehavior [ RunTime:0.000000s ]
INFO: [ app_init ] --END-- [ RunTime:0.000000s ]
INFO: [ app_begin ] --START--
INFO: Run Behavior\ReadHtmlCacheBehavior [ RunTime:0.001000s ]
INFO: [ app_begin ] --END-- [ RunTime:0.001000s ]
INFO: [ view_parse ] --START--
INFO: [ template_filter ] --START--
INFO: Run Behavior\ContentReplaceBehavior [ RunTime:0.000000s ]
INFO: [ template_filter ] --END-- [ RunTime:0.000000s ]
INFO: Run Behavior\ParseTemplateBehavior [ RunTime:0.006000s ]
INFO: [ view_parse ] --END-- [ RunTime:0.006000s ]
INFO: [ view_filter ] --START--
INFO: Run Behavior\WriteHtmlCacheBehavior [ RunTime:0.000000s ]
INFO: [ view_filter ] --END-- [ RunTime:0.000000s ]
INFO: [ app_end ] --START--
INFO: Run Behavior\ShowPageTraceBehavior [ RunTime:0.001000s ]
INFO: [ app_end ] --END-- [ RunTime:0.001000s ]

[ 2017-02-15T21:41:21+08:00 ] 127.0.0.1 /myysy/dingtalk.php/OrderProcess/OrderApprove.html
INFO: [ app_init ] --START--
INFO: Run Behavior\BuildLiteBehavior [ RunTime:0.000000s ]
INFO: [ app_init ] --END-- [ RunTime:0.000000s ]
INFO: [ app_begin ] --START--
INFO: Run Behavior\ReadHtmlCacheBehavior [ RunTime:0.001000s ]
INFO: [ app_begin ] --END-- [ RunTime:0.001000s ]
SQL: SHOW COLUMNS FROM `think_ysy_goodspackage` [ RunTime:0.0040s ]
SQL: SELECT * FROM `think_ysy_goodspackage` WHERE ( status = 0 )  [ RunTime:0.0000s ]
INFO: [ view_parse ] --START--
INFO: [ template_filter ] --START--
INFO: Run Behavior\ContentReplaceBehavior [ RunTime:0.000000s ]
INFO: [ template_filter ] --END-- [ RunTime:0.000000s ]
INFO: Run Behavior\ParseTemplateBehavior [ RunTime:0.021002s ]
INFO: [ view_parse ] --END-- [ RunTime:0.021002s ]
INFO: [ view_filter ] --START--
INFO: Run Behavior\WriteHtmlCacheBehavior [ RunTime:0.000000s ]
INFO: [ view_filter ] --END-- [ RunTime:0.000000s ]
INFO: [ app_end ] --START--
INFO: Run Behavior\ShowPageTraceBehavior [ RunTime:0.000000s ]
INFO: [ app_end ] --END-- [ RunTime:0.000000s ]

[ 2017-02-15T21:44:16+08:00 ] 127.0.0.1 /myysy/dingtalk.php/ApproveCenter/ApproveCenter/actionApproveInfo.html?id=1487064770
INFO: [ app_init ] --START--
INFO: Run Behavior\BuildLiteBehavior [ RunTime:0.000000s ]
INFO: [ app_init ] --END-- [ RunTime:0.001000s ]
INFO: [ app_begin ] --START--
INFO: Run Behavior\ReadHtmlCacheBehavior [ RunTime:0.001000s ]
INFO: [ app_begin ] --END-- [ RunTime:0.001000s ]
SQL: SHOW COLUMNS FROM `think_ysy_order` [ RunTime:0.0050s ]
SQL: SELECT yo.order_id,yo.rece_name,yog.num,yog.price,yog.ordertype,u.realname,ygp.packagename FROM think_ysy_order yo INNER JOIN think_user AS u ON u.id = yo.order_user INNER JOIN think_ysy_ordergoods AS yog ON yo.order_id = yog.order_id INNER JOIN think_ysy_goodspackage AS ygp ON yog.package_id = ygp.id   [ RunTime:0.0010s ]

