[ 2017-02-06T09:19:25+08:00 ] 127.0.0.1 /myysy/dingtalk.php/OrderProcess/OrderApprove
INFO: [ app_init ] --START--
INFO: Run Behavior\BuildLiteBehavior [ RunTime:0.000021s ]
INFO: [ app_init ] --END-- [ RunTime:0.000818s ]
INFO: [ app_begin ] --START--
INFO: Run Behavior\ReadHtmlCacheBehavior [ RunTime:0.000802s ]
INFO: [ app_begin ] --END-- [ RunTime:0.000872s ]
SQL: SHOW COLUMNS FROM `think_ysy_goodspackage` [ RunTime:0.0058s ]
SQL: SELECT * FROM `think_ysy_goodspackage` WHERE ( status = 0 )  [ RunTime:0.0004s ]
INFO: [ view_parse ] --START--
INFO: [ template_filter ] --START--
INFO: Run Behavior\ContentReplaceBehavior [ RunTime:0.000460s ]
INFO: [ template_filter ] --END-- [ RunTime:0.000515s ]
INFO: Run Behavior\ParseTemplateBehavior [ RunTime:0.134879s ]
INFO: [ view_parse ] --END-- [ RunTime:0.134940s ]
INFO: [ view_filter ] --START--
INFO: Run Behavior\WriteHtmlCacheBehavior [ RunTime:0.011124s ]
INFO: [ view_filter ] --END-- [ RunTime:0.011184s ]
INFO: [ app_end ] --START--
INFO: Run Behavior\ShowPageTraceBehavior [ RunTime:0.037362s ]
INFO: [ app_end ] --END-- [ RunTime:0.037431s ]

[ 2017-02-06T09:31:04+08:00 ] 127.0.0.1 /myysy/dingtalk.php/OrderProcess/OrderApprove/actionRequestService.html?type=changepackage&id=2147483647
INFO: [ app_init ] --START--
INFO: Run Behavior\BuildLiteBehavior [ RunTime:0.000018s ]
INFO: [ app_init ] --END-- [ RunTime:0.239646s ]
INFO: [ app_begin ] --START--
INFO: Run Behavior\ReadHtmlCacheBehavior [ RunTime:0.092168s ]
INFO: [ app_begin ] --END-- [ RunTime:0.092232s ]
SQL: SHOW COLUMNS FROM `think_ysy_packageprice` [ RunTime:0.2694s ]
SQL: SELECT * FROM `think_ysy_packageprice` WHERE ( packageid = 2147483647 )  [ RunTime:0.0544s ]
SQL: SHOW COLUMNS FROM `think_ysy_goodspackageinfo` [ RunTime:0.0825s ]
SQL: SELECT * FROM `think_ysy_goodspackageinfo` WHERE ( packageid = 2147483647 )  [ RunTime:0.0004s ]
SQL: SHOW COLUMNS FROM `think_ysy_stock` [ RunTime:0.0071s ]
SQL: SELECT * FROM `think_ysy_stock` WHERE ( format_id=3 ) LIMIT 1   [ RunTime:0.0004s ]
SQL: SELECT * FROM `think_ysy_stock` WHERE ( format_id=4 ) LIMIT 1   [ RunTime:0.0003s ]

[ 2017-02-06T09:31:16+08:00 ] 127.0.0.1 /myysy/dingtalk.php/OrderProcess/OrderApprove
INFO: [ app_init ] --START--
INFO: Run Behavior\BuildLiteBehavior [ RunTime:0.000025s ]
INFO: [ app_init ] --END-- [ RunTime:0.000642s ]
INFO: [ app_begin ] --START--
INFO: Run Behavior\ReadHtmlCacheBehavior [ RunTime:0.000677s ]
INFO: [ app_begin ] --END-- [ RunTime:0.000734s ]
SQL: SHOW COLUMNS FROM `think_ysy_goodspackage` [ RunTime:0.0849s ]
SQL: SELECT * FROM `think_ysy_goodspackage` WHERE ( status = 0 )  [ RunTime:0.0005s ]
INFO: [ view_parse ] --START--
INFO: [ template_filter ] --START--
INFO: Run Behavior\ContentReplaceBehavior [ RunTime:0.000104s ]
INFO: [ template_filter ] --END-- [ RunTime:0.000150s ]
INFO: Run Behavior\ParseTemplateBehavior [ RunTime:0.504826s ]
INFO: [ view_parse ] --END-- [ RunTime:0.504889s ]
INFO: [ view_filter ] --START--
INFO: Run Behavior\WriteHtmlCacheBehavior [ RunTime:0.120655s ]
INFO: [ view_filter ] --END-- [ RunTime:0.120710s ]
INFO: [ app_end ] --START--
INFO: Run Behavior\ShowPageTraceBehavior [ RunTime:0.171018s ]
INFO: [ app_end ] --END-- [ RunTime:0.171078s ]

[ 2017-02-06T09:39:33+08:00 ] 127.0.0.1 /myysy/dingtalk.php/OrderProcess/OrderApprove/actionRequestService.html?type=getaddress&tel=1
INFO: [ app_init ] --START--
INFO: Run Behavior\BuildLiteBehavior [ RunTime:0.000018s ]
INFO: [ app_init ] --END-- [ RunTime:0.017592s ]
INFO: [ app_begin ] --START--
INFO: Run Behavior\ReadHtmlCacheBehavior [ RunTime:0.040799s ]
INFO: [ app_begin ] --END-- [ RunTime:0.040878s ]
SQL: SHOW COLUMNS FROM `think_ysy_address` [ RunTime:0.0063s ]
SQL: SELECT * FROM `think_ysy_address` WHERE ( tel=1 ) LIMIT 1   [ RunTime:0.0005s ]

[ 2017-02-06T09:43:26+08:00 ] 127.0.0.1 /myysy/dingtalk.php/OrderProcess/OrderApprove
INFO: [ app_init ] --START--
INFO: Run Behavior\BuildLiteBehavior [ RunTime:0.000021s ]
INFO: [ app_init ] --END-- [ RunTime:0.000656s ]
INFO: [ app_begin ] --START--
INFO: Run Behavior\ReadHtmlCacheBehavior [ RunTime:0.001037s ]
INFO: [ app_begin ] --END-- [ RunTime:0.001126s ]
SQL: SHOW COLUMNS FROM `think_ysy_goodspackage` [ RunTime:0.0062s ]
SQL: SELECT * FROM `think_ysy_goodspackage` WHERE ( status = 0 )  [ RunTime:0.0005s ]
INFO: [ view_parse ] --START--
INFO: [ template_filter ] --START--
INFO: Run Behavior\ContentReplaceBehavior [ RunTime:0.000104s ]
INFO: [ template_filter ] --END-- [ RunTime:0.000158s ]
INFO: Run Behavior\ParseTemplateBehavior [ RunTime:0.054043s ]
INFO: [ view_parse ] --END-- [ RunTime:0.054136s ]
INFO: [ view_filter ] --START--
INFO: Run Behavior\WriteHtmlCacheBehavior [ RunTime:0.010817s ]
INFO: [ view_filter ] --END-- [ RunTime:0.010876s ]
INFO: [ app_end ] --START--
INFO: Run Behavior\ShowPageTraceBehavior [ RunTime:0.015010s ]
INFO: [ app_end ] --END-- [ RunTime:0.015072s ]

[ 2017-02-06T09:43:57+08:00 ] 127.0.0.1 /myysy/dingtalk.php/OrderProcess/OrderApprove
INFO: [ app_init ] --START--
INFO: Run Behavior\BuildLiteBehavior [ RunTime:0.000014s ]
INFO: [ app_init ] --END-- [ RunTime:0.000593s ]
INFO: [ app_begin ] --START--
INFO: Run Behavior\ReadHtmlCacheBehavior [ RunTime:0.000670s ]
INFO: [ app_begin ] --END-- [ RunTime:0.000716s ]
SQL: SHOW COLUMNS FROM `think_ysy_goodspackage` [ RunTime:0.0067s ]
SQL: SELECT * FROM `think_ysy_goodspackage` WHERE ( status = 0 )  [ RunTime:0.0004s ]
INFO: [ view_parse ] --START--
INFO: [ template_filter ] --START--
INFO: Run Behavior\ContentReplaceBehavior [ RunTime:0.000115s ]
INFO: [ template_filter ] --END-- [ RunTime:0.000166s ]
INFO: Run Behavior\ParseTemplateBehavior [ RunTime:0.008845s ]
INFO: [ view_parse ] --END-- [ RunTime:0.008893s ]
INFO: [ view_filter ] --START--
INFO: Run Behavior\WriteHtmlCacheBehavior [ RunTime:0.000505s ]
INFO: [ view_filter ] --END-- [ RunTime:0.000558s ]
INFO: [ app_end ] --START--
INFO: Run Behavior\ShowPageTraceBehavior [ RunTime:0.001203s ]
INFO: [ app_end ] --END-- [ RunTime:0.001295s ]

[ 2017-02-06T09:44:03+08:00 ] 127.0.0.1 /myysy/dingtalk.php/OrderProcess/OrderApprove
INFO: [ app_init ] --START--
INFO: Run Behavior\BuildLiteBehavior [ RunTime:0.000013s ]
INFO: [ app_init ] --END-- [ RunTime:0.000560s ]
INFO: [ app_begin ] --START--
INFO: Run Behavior\ReadHtmlCacheBehavior [ RunTime:0.000688s ]
INFO: [ app_begin ] --END-- [ RunTime:0.000732s ]
SQL: SHOW COLUMNS FROM `think_ysy_goodspackage` [ RunTime:0.0055s ]
SQL: SELECT * FROM `think_ysy_goodspackage` WHERE ( status = 0 )  [ RunTime:0.0004s ]
INFO: [ view_parse ] --START--
INFO: [ template_filter ] --START--
INFO: Run Behavior\ContentReplaceBehavior [ RunTime:0.000085s ]
INFO: [ template_filter ] --END-- [ RunTime:0.000130s ]
INFO: Run Behavior\ParseTemplateBehavior [ RunTime:0.008804s ]
INFO: [ view_parse ] --END-- [ RunTime:0.008854s ]
INFO: [ view_filter ] --START--
INFO: Run Behavior\WriteHtmlCacheBehavior [ RunTime:0.000429s ]
INFO: [ view_filter ] --END-- [ RunTime:0.000474s ]
INFO: [ app_end ] --START--
INFO: Run Behavior\ShowPageTraceBehavior [ RunTime:0.000897s ]
INFO: [ app_end ] --END-- [ RunTime:0.000951s ]

[ 2017-02-06T09:44:05+08:00 ] 127.0.0.1 /myysy/dingtalk.php/OrderProcess/OrderApprove
INFO: [ app_init ] --START--
INFO: Run Behavior\BuildLiteBehavior [ RunTime:0.000014s ]
INFO: [ app_init ] --END-- [ RunTime:0.000644s ]
INFO: [ app_begin ] --START--
INFO: Run Behavior\ReadHtmlCacheBehavior [ RunTime:0.000649s ]
INFO: [ app_begin ] --END-- [ RunTime:0.000711s ]
SQL: SHOW COLUMNS FROM `think_ysy_goodspackage` [ RunTime:0.0053s ]
SQL: SELECT * FROM `think_ysy_goodspackage` WHERE ( status = 0 )  [ RunTime:0.0004s ]
INFO: [ view_parse ] --START--
INFO: [ template_filter ] --START--
INFO: Run Behavior\ContentReplaceBehavior [ RunTime:0.000100s ]
INFO: [ template_filter ] --END-- [ RunTime:0.000160s ]
INFO: Run Behavior\ParseTemplateBehavior [ RunTime:0.009331s ]
INFO: [ view_parse ] --END-- [ RunTime:0.009386s ]
INFO: [ view_filter ] --START--
INFO: Run Behavior\WriteHtmlCacheBehavior [ RunTime:0.000414s ]
INFO: [ view_filter ] --END-- [ RunTime:0.000452s ]
INFO: [ app_end ] --START--
INFO: Run Behavior\ShowPageTraceBehavior [ RunTime:0.000818s ]
INFO: [ app_end ] --END-- [ RunTime:0.000879s ]

[ 2017-02-06T09:44:16+08:00 ] 127.0.0.1 /myysy/dingtalk.php/OrderProcess/OrderApprove/actionRequestService.html?type=getaddress&tel=
INFO: [ app_init ] --START--
INFO: Run Behavior\BuildLiteBehavior [ RunTime:0.000017s ]
INFO: [ app_init ] --END-- [ RunTime:0.000646s ]
INFO: [ app_begin ] --START--
INFO: Run Behavior\ReadHtmlCacheBehavior [ RunTime:0.000658s ]
INFO: [ app_begin ] --END-- [ RunTime:0.000700s ]
SQL: SHOW COLUMNS FROM `think_ysy_address` [ RunTime:0.0058s ]
ERR: 1064:You have an error in your SQL syntax; check the manual that corresponds to your MySQL server version for the right syntax to use near ') LIMIT 1' at line 1
 [ SQL语句 ] : SELECT * FROM `think_ysy_address` WHERE ( tel= ) LIMIT 1  
ERR: 1064:You have an error in your SQL syntax; check the manual that corresponds to your MySQL server version for the right syntax to use near ') LIMIT 1' at line 1
 [ SQL语句 ] : SELECT * FROM `think_ysy_address` WHERE ( tel= ) LIMIT 1  

[ 2017-02-06T09:49:49+08:00 ] 127.0.0.1 /myysy/dingtalk.php/OrderProcess/OrderApprove/actionRequestService.html?type=getaddress&tel=
INFO: [ app_init ] --START--
INFO: Run Behavior\BuildLiteBehavior [ RunTime:0.000023s ]
INFO: [ app_init ] --END-- [ RunTime:0.000926s ]
INFO: [ app_begin ] --START--
INFO: Run Behavior\ReadHtmlCacheBehavior [ RunTime:0.001152s ]
INFO: [ app_begin ] --END-- [ RunTime:0.001236s ]
SQL: SHOW COLUMNS FROM `think_ysy_address` [ RunTime:0.0070s ]
ERR: 1064:You have an error in your SQL syntax; check the manual that corresponds to your MySQL server version for the right syntax to use near ') LIMIT 1' at line 1
 [ SQL语句 ] : SELECT * FROM `think_ysy_address` WHERE ( tel= ) LIMIT 1  
ERR: 1064:You have an error in your SQL syntax; check the manual that corresponds to your MySQL server version for the right syntax to use near ') LIMIT 1' at line 1
 [ SQL语句 ] : SELECT * FROM `think_ysy_address` WHERE ( tel= ) LIMIT 1  

[ 2017-02-06T09:53:10+08:00 ] 127.0.0.1 /myysy/dingtalk.php/OrderProcess/OrderApprove
INFO: [ app_init ] --START--
INFO: Run Behavior\BuildLiteBehavior [ RunTime:0.000035s ]
INFO: [ app_init ] --END-- [ RunTime:0.001341s ]
INFO: [ app_begin ] --START--
INFO: Run Behavior\ReadHtmlCacheBehavior [ RunTime:0.001108s ]
INFO: [ app_begin ] --END-- [ RunTime:0.001192s ]
SQL: SHOW COLUMNS FROM `think_ysy_goodspackage` [ RunTime:0.0088s ]
SQL: SELECT * FROM `think_ysy_goodspackage` WHERE ( status = 0 )  [ RunTime:0.0006s ]
INFO: [ view_parse ] --START--
INFO: [ template_filter ] --START--
INFO: Run Behavior\ContentReplaceBehavior [ RunTime:0.000180s ]
INFO: [ template_filter ] --END-- [ RunTime:0.000287s ]
INFO: Run Behavior\ParseTemplateBehavior [ RunTime:0.015754s ]
INFO: [ view_parse ] --END-- [ RunTime:0.015848s ]
INFO: [ view_filter ] --START--
INFO: Run Behavior\WriteHtmlCacheBehavior [ RunTime:0.000810s ]
INFO: [ view_filter ] --END-- [ RunTime:0.000868s ]
INFO: [ app_end ] --START--
INFO: Run Behavior\ShowPageTraceBehavior [ RunTime:0.001112s ]
INFO: [ app_end ] --END-- [ RunTime:0.001185s ]

[ 2017-02-06T09:53:14+08:00 ] 127.0.0.1 /myysy/dingtalk.php/OrderProcess/OrderApprove/actionRequestService.html?type=getaddress&tel=1
INFO: [ app_init ] --START--
INFO: Run Behavior\BuildLiteBehavior [ RunTime:0.000027s ]
INFO: [ app_init ] --END-- [ RunTime:0.000851s ]
INFO: [ app_begin ] --START--
INFO: Run Behavior\ReadHtmlCacheBehavior [ RunTime:0.001053s ]
INFO: [ app_begin ] --END-- [ RunTime:0.001138s ]
SQL: SHOW COLUMNS FROM `think_ysy_address` [ RunTime:0.0082s ]
SQL: SELECT * FROM `think_ysy_address` WHERE ( tel=1 ) LIMIT 1   [ RunTime:0.0006s ]

[ 2017-02-06T09:54:00+08:00 ] 127.0.0.1 /myysy/dingtalk.php/OrderProcess/OrderApprove
INFO: [ app_init ] --START--
INFO: Run Behavior\BuildLiteBehavior [ RunTime:0.000034s ]
INFO: [ app_init ] --END-- [ RunTime:0.001007s ]
INFO: [ app_begin ] --START--
INFO: Run Behavior\ReadHtmlCacheBehavior [ RunTime:0.001183s ]
INFO: [ app_begin ] --END-- [ RunTime:0.001273s ]
SQL: SHOW COLUMNS FROM `think_ysy_goodspackage` [ RunTime:0.0129s ]
SQL: SELECT * FROM `think_ysy_goodspackage` WHERE ( status = 0 )  [ RunTime:0.0005s ]
INFO: [ view_parse ] --START--
INFO: [ template_filter ] --START--
INFO: Run Behavior\ContentReplaceBehavior [ RunTime:0.000161s ]
INFO: [ template_filter ] --END-- [ RunTime:0.000244s ]
INFO: Run Behavior\ParseTemplateBehavior [ RunTime:0.012638s ]
INFO: [ view_parse ] --END-- [ RunTime:0.012731s ]
INFO: [ view_filter ] --START--
INFO: Run Behavior\WriteHtmlCacheBehavior [ RunTime:0.000726s ]
INFO: [ view_filter ] --END-- [ RunTime:0.000799s ]
INFO: [ app_end ] --START--
INFO: Run Behavior\ShowPageTraceBehavior [ RunTime:0.001220s ]
INFO: [ app_end ] --END-- [ RunTime:0.001316s ]

[ 2017-02-06T09:54:03+08:00 ] 127.0.0.1 /myysy/dingtalk.php/OrderProcess/OrderApprove/actionRequestService.html?type=getaddress&tel=1
INFO: [ app_init ] --START--
INFO: Run Behavior\BuildLiteBehavior [ RunTime:0.000023s ]
INFO: [ app_init ] --END-- [ RunTime:0.000794s ]
INFO: [ app_begin ] --START--
INFO: Run Behavior\ReadHtmlCacheBehavior [ RunTime:0.001056s ]
INFO: [ app_begin ] --END-- [ RunTime:0.001144s ]
SQL: SHOW COLUMNS FROM `think_ysy_address` [ RunTime:0.0147s ]
SQL: SELECT * FROM `think_ysy_address` WHERE ( tel=1 ) LIMIT 1   [ RunTime:0.0005s ]

[ 2017-02-06T09:54:19+08:00 ] 127.0.0.1 /myysy/dingtalk.php/OrderProcess/OrderApprove/actionRequestService.html?type=changepackage&id=2147483647
INFO: [ app_init ] --START--
INFO: Run Behavior\BuildLiteBehavior [ RunTime:0.000025s ]
INFO: [ app_init ] --END-- [ RunTime:0.000859s ]
INFO: [ app_begin ] --START--
INFO: Run Behavior\ReadHtmlCacheBehavior [ RunTime:0.000980s ]
INFO: [ app_begin ] --END-- [ RunTime:0.025112s ]
SQL: SHOW COLUMNS FROM `think_ysy_packageprice` [ RunTime:0.0301s ]
SQL: SELECT * FROM `think_ysy_packageprice` WHERE ( packageid = 2147483647 )  [ RunTime:0.0005s ]
SQL: SHOW COLUMNS FROM `think_ysy_goodspackageinfo` [ RunTime:0.0564s ]
SQL: SELECT * FROM `think_ysy_goodspackageinfo` WHERE ( packageid = 2147483647 )  [ RunTime:0.0006s ]
SQL: SHOW COLUMNS FROM `think_ysy_stock` [ RunTime:0.1278s ]
SQL: SELECT * FROM `think_ysy_stock` WHERE ( format_id=3 ) LIMIT 1   [ RunTime:0.0005s ]
SQL: SELECT * FROM `think_ysy_stock` WHERE ( format_id=4 ) LIMIT 1   [ RunTime:0.0003s ]

[ 2017-02-06T09:56:53+08:00 ] 127.0.0.1 /myysy/dingtalk.php/OrderProcess/OrderApprove
INFO: [ app_init ] --START--
INFO: Run Behavior\BuildLiteBehavior [ RunTime:0.000023s ]
INFO: [ app_init ] --END-- [ RunTime:0.000708s ]
INFO: [ app_begin ] --START--
INFO: Run Behavior\ReadHtmlCacheBehavior [ RunTime:0.000840s ]
INFO: [ app_begin ] --END-- [ RunTime:0.000902s ]
SQL: SHOW COLUMNS FROM `think_ysy_goodspackage` [ RunTime:0.0067s ]
SQL: SELECT * FROM `think_ysy_goodspackage` WHERE ( status = 0 )  [ RunTime:0.0004s ]
INFO: [ view_parse ] --START--
INFO: [ template_filter ] --START--
INFO: Run Behavior\ContentReplaceBehavior [ RunTime:0.000141s ]
INFO: [ template_filter ] --END-- [ RunTime:0.000214s ]
INFO: Run Behavior\ParseTemplateBehavior [ RunTime:0.011391s ]
INFO: [ view_parse ] --END-- [ RunTime:0.011452s ]
INFO: [ view_filter ] --START--
INFO: Run Behavior\WriteHtmlCacheBehavior [ RunTime:0.000617s ]
INFO: [ view_filter ] --END-- [ RunTime:0.000658s ]
INFO: [ app_end ] --START--
INFO: Run Behavior\ShowPageTraceBehavior [ RunTime:0.001014s ]
INFO: [ app_end ] --END-- [ RunTime:0.001074s ]

[ 2017-02-06T09:56:57+08:00 ] 127.0.0.1 /myysy/dingtalk.php/OrderProcess/OrderApprove/actionRequestService.html?type=changepackage&id=2147483647
INFO: [ app_init ] --START--
INFO: Run Behavior\BuildLiteBehavior [ RunTime:0.000015s ]
INFO: [ app_init ] --END-- [ RunTime:0.000588s ]
INFO: [ app_begin ] --START--
INFO: Run Behavior\ReadHtmlCacheBehavior [ RunTime:0.000691s ]
INFO: [ app_begin ] --END-- [ RunTime:0.000734s ]
SQL: SHOW COLUMNS FROM `think_ysy_packageprice` [ RunTime:0.0082s ]
SQL: SELECT * FROM `think_ysy_packageprice` WHERE ( packageid = 2147483647 )  [ RunTime:0.0004s ]
SQL: SHOW COLUMNS FROM `think_ysy_goodspackageinfo` [ RunTime:0.0064s ]
SQL: SELECT * FROM `think_ysy_goodspackageinfo` WHERE ( packageid = 2147483647 )  [ RunTime:0.0004s ]
SQL: SHOW COLUMNS FROM `think_ysy_stock` [ RunTime:0.0076s ]
SQL: SELECT * FROM `think_ysy_stock` WHERE ( format_id=3 ) LIMIT 1   [ RunTime:0.0004s ]
SQL: SELECT * FROM `think_ysy_stock` WHERE ( format_id=4 ) LIMIT 1   [ RunTime:0.0003s ]

[ 2017-02-06T10:02:39+08:00 ] 127.0.0.1 /myysy/dingtalk.php/OrderProcess/OrderApprove
INFO: [ app_init ] --START--
INFO: Run Behavior\BuildLiteBehavior [ RunTime:0.000015s ]
INFO: [ app_init ] --END-- [ RunTime:0.000589s ]
INFO: [ app_begin ] --START--
INFO: Run Behavior\ReadHtmlCacheBehavior [ RunTime:0.000716s ]
INFO: [ app_begin ] --END-- [ RunTime:0.000763s ]
SQL: SHOW COLUMNS FROM `think_ysy_goodspackage` [ RunTime:0.0080s ]
SQL: SELECT * FROM `think_ysy_goodspackage` WHERE ( status = 0 )  [ RunTime:0.0004s ]
INFO: [ view_parse ] --START--
INFO: [ template_filter ] --START--
INFO: Run Behavior\ContentReplaceBehavior [ RunTime:0.000089s ]
INFO: [ template_filter ] --END-- [ RunTime:0.000132s ]
INFO: Run Behavior\ParseTemplateBehavior [ RunTime:0.009706s ]
INFO: [ view_parse ] --END-- [ RunTime:0.009756s ]
INFO: [ view_filter ] --START--
INFO: Run Behavior\WriteHtmlCacheBehavior [ RunTime:0.000939s ]
INFO: [ view_filter ] --END-- [ RunTime:0.001030s ]
INFO: [ app_end ] --START--
INFO: Run Behavior\ShowPageTraceBehavior [ RunTime:0.001020s ]
INFO: [ app_end ] --END-- [ RunTime:0.001076s ]

[ 2017-02-06T10:02:55+08:00 ] 127.0.0.1 /myysy/dingtalk.php/OrderProcess/OrderApprove
INFO: [ app_init ] --START--
INFO: Run Behavior\BuildLiteBehavior [ RunTime:0.000026s ]
INFO: [ app_init ] --END-- [ RunTime:0.000755s ]
INFO: [ app_begin ] --START--
INFO: Run Behavior\ReadHtmlCacheBehavior [ RunTime:0.000733s ]
INFO: [ app_begin ] --END-- [ RunTime:0.000793s ]
SQL: SHOW COLUMNS FROM `think_ysy_goodspackage` [ RunTime:0.0072s ]
SQL: SELECT * FROM `think_ysy_goodspackage` WHERE ( status = 0 )  [ RunTime:0.0005s ]
INFO: [ view_parse ] --START--
INFO: [ template_filter ] --START--
INFO: Run Behavior\ContentReplaceBehavior [ RunTime:0.000098s ]
INFO: [ template_filter ] --END-- [ RunTime:0.000162s ]
INFO: Run Behavior\ParseTemplateBehavior [ RunTime:0.008622s ]
INFO: [ view_parse ] --END-- [ RunTime:0.008672s ]
INFO: [ view_filter ] --START--
INFO: Run Behavior\WriteHtmlCacheBehavior [ RunTime:0.000522s ]
INFO: [ view_filter ] --END-- [ RunTime:0.000558s ]
INFO: [ app_end ] --START--
INFO: Run Behavior\ShowPageTraceBehavior [ RunTime:0.000720s ]
INFO: [ app_end ] --END-- [ RunTime:0.000775s ]

[ 2017-02-06T10:03:03+08:00 ] 127.0.0.1 /myysy/dingtalk.php/OrderProcess/OrderApprove
INFO: [ app_init ] --START--
INFO: Run Behavior\BuildLiteBehavior [ RunTime:0.000024s ]
INFO: [ app_init ] --END-- [ RunTime:0.000806s ]
INFO: [ app_begin ] --START--
INFO: Run Behavior\ReadHtmlCacheBehavior [ RunTime:0.000708s ]
INFO: [ app_begin ] --END-- [ RunTime:0.000763s ]
SQL: SHOW COLUMNS FROM `think_ysy_goodspackage` [ RunTime:0.0052s ]
SQL: SELECT * FROM `think_ysy_goodspackage` WHERE ( status = 0 )  [ RunTime:0.0004s ]
INFO: [ view_parse ] --START--
INFO: [ template_filter ] --START--
INFO: Run Behavior\ContentReplaceBehavior [ RunTime:0.000110s ]
INFO: [ template_filter ] --END-- [ RunTime:0.000169s ]
INFO: Run Behavior\ParseTemplateBehavior [ RunTime:0.009793s ]
INFO: [ view_parse ] --END-- [ RunTime:0.009854s ]
INFO: [ view_filter ] --START--
INFO: Run Behavior\WriteHtmlCacheBehavior [ RunTime:0.000400s ]
INFO: [ view_filter ] --END-- [ RunTime:0.000434s ]
INFO: [ app_end ] --START--
INFO: Run Behavior\ShowPageTraceBehavior [ RunTime:0.000739s ]
INFO: [ app_end ] --END-- [ RunTime:0.000784s ]

[ 2017-02-06T10:04:24+08:00 ] 127.0.0.1 /myysy/dingtalk.php/OrderProcess/OrderApprove
INFO: [ app_init ] --START--
INFO: Run Behavior\BuildLiteBehavior [ RunTime:0.000024s ]
INFO: [ app_init ] --END-- [ RunTime:0.000915s ]
INFO: [ app_begin ] --START--
INFO: Run Behavior\ReadHtmlCacheBehavior [ RunTime:0.000982s ]
INFO: [ app_begin ] --END-- [ RunTime:0.001072s ]
SQL: SHOW COLUMNS FROM `think_ysy_goodspackage` [ RunTime:0.0056s ]
SQL: SELECT * FROM `think_ysy_goodspackage` WHERE ( status = 0 )  [ RunTime:0.0004s ]
INFO: [ view_parse ] --START--
INFO: [ template_filter ] --START--
INFO: Run Behavior\ContentReplaceBehavior [ RunTime:0.000087s ]
INFO: [ template_filter ] --END-- [ RunTime:0.000132s ]
INFO: Run Behavior\ParseTemplateBehavior [ RunTime:0.009130s ]
INFO: [ view_parse ] --END-- [ RunTime:0.009178s ]
INFO: [ view_filter ] --START--
INFO: Run Behavior\WriteHtmlCacheBehavior [ RunTime:0.000414s ]
INFO: [ view_filter ] --END-- [ RunTime:0.000446s ]
INFO: [ app_end ] --START--
INFO: Run Behavior\ShowPageTraceBehavior [ RunTime:0.000851s ]
INFO: [ app_end ] --END-- [ RunTime:0.000896s ]

[ 2017-02-06T10:04:40+08:00 ] 127.0.0.1 /myysy/dingtalk.php/OrderProcess/OrderApprove
INFO: [ app_init ] --START--
INFO: Run Behavior\BuildLiteBehavior [ RunTime:0.000015s ]
INFO: [ app_init ] --END-- [ RunTime:0.000669s ]
INFO: [ app_begin ] --START--
INFO: Run Behavior\ReadHtmlCacheBehavior [ RunTime:0.000755s ]
INFO: [ app_begin ] --END-- [ RunTime:0.000802s ]
SQL: SHOW COLUMNS FROM `think_ysy_goodspackage` [ RunTime:0.0056s ]
SQL: SELECT * FROM `think_ysy_goodspackage` WHERE ( status = 0 )  [ RunTime:0.0004s ]
INFO: [ view_parse ] --START--
INFO: [ template_filter ] --START--
INFO: Run Behavior\ContentReplaceBehavior [ RunTime:0.000089s ]
INFO: [ template_filter ] --END-- [ RunTime:0.000135s ]
INFO: Run Behavior\ParseTemplateBehavior [ RunTime:0.009449s ]
INFO: [ view_parse ] --END-- [ RunTime:0.009501s ]
INFO: [ view_filter ] --START--
INFO: Run Behavior\WriteHtmlCacheBehavior [ RunTime:0.000542s ]
INFO: [ view_filter ] --END-- [ RunTime:0.000577s ]
INFO: [ app_end ] --START--
INFO: Run Behavior\ShowPageTraceBehavior [ RunTime:0.000776s ]
INFO: [ app_end ] --END-- [ RunTime:0.000820s ]

[ 2017-02-06T10:05:03+08:00 ] 127.0.0.1 /myysy/dingtalk.php/OrderProcess/OrderApprove
INFO: [ app_init ] --START--
INFO: Run Behavior\BuildLiteBehavior [ RunTime:0.000013s ]
INFO: [ app_init ] --END-- [ RunTime:0.000571s ]
INFO: [ app_begin ] --START--
INFO: Run Behavior\ReadHtmlCacheBehavior [ RunTime:0.000700s ]
INFO: [ app_begin ] --END-- [ RunTime:0.000752s ]
SQL: SHOW COLUMNS FROM `think_ysy_goodspackage` [ RunTime:0.0057s ]
SQL: SELECT * FROM `think_ysy_goodspackage` WHERE ( status = 0 )  [ RunTime:0.0004s ]
INFO: [ view_parse ] --START--
INFO: [ template_filter ] --START--
INFO: Run Behavior\ContentReplaceBehavior [ RunTime:0.000089s ]
INFO: [ template_filter ] --END-- [ RunTime:0.000136s ]
INFO: Run Behavior\ParseTemplateBehavior [ RunTime:0.008936s ]
INFO: [ view_parse ] --END-- [ RunTime:0.008993s ]
INFO: [ view_filter ] --START--
INFO: Run Behavior\WriteHtmlCacheBehavior [ RunTime:0.000518s ]
INFO: [ view_filter ] --END-- [ RunTime:0.000556s ]
INFO: [ app_end ] --START--
INFO: Run Behavior\ShowPageTraceBehavior [ RunTime:0.000725s ]
INFO: [ app_end ] --END-- [ RunTime:0.000772s ]

[ 2017-02-06T10:05:49+08:00 ] 127.0.0.1 /myysy/dingtalk.php/OrderProcess/OrderApprove
INFO: [ app_init ] --START--
INFO: Run Behavior\BuildLiteBehavior [ RunTime:0.000023s ]
INFO: [ app_init ] --END-- [ RunTime:0.000639s ]
INFO: [ app_begin ] --START--
INFO: Run Behavior\ReadHtmlCacheBehavior [ RunTime:0.000787s ]
INFO: [ app_begin ] --END-- [ RunTime:0.000852s ]
SQL: SHOW COLUMNS FROM `think_ysy_goodspackage` [ RunTime:0.0058s ]
SQL: SELECT * FROM `think_ysy_goodspackage` WHERE ( status = 0 )  [ RunTime:0.0004s ]
INFO: [ view_parse ] --START--
INFO: [ template_filter ] --START--
INFO: Run Behavior\ContentReplaceBehavior [ RunTime:0.000085s ]
INFO: [ template_filter ] --END-- [ RunTime:0.000131s ]
INFO: Run Behavior\ParseTemplateBehavior [ RunTime:0.008908s ]
INFO: [ view_parse ] --END-- [ RunTime:0.008979s ]
INFO: [ view_filter ] --START--
INFO: Run Behavior\WriteHtmlCacheBehavior [ RunTime:0.000444s ]
INFO: [ view_filter ] --END-- [ RunTime:0.000479s ]
INFO: [ app_end ] --START--
INFO: Run Behavior\ShowPageTraceBehavior [ RunTime:0.000765s ]
INFO: [ app_end ] --END-- [ RunTime:0.000812s ]

[ 2017-02-06T10:06:21+08:00 ] 127.0.0.1 /myysy/dingtalk.php/OrderProcess/OrderApprove
INFO: [ app_init ] --START--
INFO: Run Behavior\BuildLiteBehavior [ RunTime:0.000017s ]
INFO: [ app_init ] --END-- [ RunTime:0.000870s ]
INFO: [ app_begin ] --START--
INFO: Run Behavior\ReadHtmlCacheBehavior [ RunTime:0.001077s ]
INFO: [ app_begin ] --END-- [ RunTime:0.001311s ]
SQL: SHOW COLUMNS FROM `think_ysy_goodspackage` [ RunTime:0.0055s ]
SQL: SELECT * FROM `think_ysy_goodspackage` WHERE ( status = 0 )  [ RunTime:0.0004s ]
INFO: [ view_parse ] --START--
INFO: [ template_filter ] --START--
INFO: Run Behavior\ContentReplaceBehavior [ RunTime:0.000087s ]
INFO: [ template_filter ] --END-- [ RunTime:0.000131s ]
INFO: Run Behavior\ParseTemplateBehavior [ RunTime:0.009095s ]
INFO: [ view_parse ] --END-- [ RunTime:0.009144s ]
INFO: [ view_filter ] --START--
INFO: Run Behavior\WriteHtmlCacheBehavior [ RunTime:0.000518s ]
INFO: [ view_filter ] --END-- [ RunTime:0.000568s ]
INFO: [ app_end ] --START--
INFO: Run Behavior\ShowPageTraceBehavior [ RunTime:0.000755s ]
INFO: [ app_end ] --END-- [ RunTime:0.000811s ]

[ 2017-02-06T10:08:00+08:00 ] 127.0.0.1 /myysy/dingtalk.php/OrderProcess/OrderApprove
INFO: [ app_init ] --START--
INFO: Run Behavior\BuildLiteBehavior [ RunTime:0.000014s ]
INFO: [ app_init ] --END-- [ RunTime:0.000614s ]
INFO: [ app_begin ] --START--
INFO: Run Behavior\ReadHtmlCacheBehavior [ RunTime:0.000768s ]
INFO: [ app_begin ] --END-- [ RunTime:0.000816s ]
SQL: SHOW COLUMNS FROM `think_ysy_goodspackage` [ RunTime:0.0056s ]
SQL: SELECT * FROM `think_ysy_goodspackage` WHERE ( status = 0 )  [ RunTime:0.0004s ]
INFO: [ view_parse ] --START--
INFO: [ template_filter ] --START--
INFO: Run Behavior\ContentReplaceBehavior [ RunTime:0.000104s ]
INFO: [ template_filter ] --END-- [ RunTime:0.000155s ]
INFO: Run Behavior\ParseTemplateBehavior [ RunTime:0.010177s ]
INFO: [ view_parse ] --END-- [ RunTime:0.010232s ]
INFO: [ view_filter ] --START--
INFO: Run Behavior\WriteHtmlCacheBehavior [ RunTime:0.000538s ]
INFO: [ view_filter ] --END-- [ RunTime:0.000572s ]
INFO: [ app_end ] --START--
INFO: Run Behavior\ShowPageTraceBehavior [ RunTime:0.000785s ]
INFO: [ app_end ] --END-- [ RunTime:0.000830s ]

[ 2017-02-06T10:08:21+08:00 ] 127.0.0.1 /myysy/dingtalk.php/OrderProcess/OrderApprove
INFO: [ app_init ] --START--
INFO: Run Behavior\BuildLiteBehavior [ RunTime:0.000021s ]
INFO: [ app_init ] --END-- [ RunTime:0.000619s ]
INFO: [ app_begin ] --START--
INFO: Run Behavior\ReadHtmlCacheBehavior [ RunTime:0.000718s ]
INFO: [ app_begin ] --END-- [ RunTime:0.000779s ]
SQL: SHOW COLUMNS FROM `think_ysy_goodspackage` [ RunTime:0.0064s ]
SQL: SELECT * FROM `think_ysy_goodspackage` WHERE ( status = 0 )  [ RunTime:0.0004s ]
INFO: [ view_parse ] --START--
INFO: [ template_filter ] --START--
INFO: Run Behavior\ContentReplaceBehavior [ RunTime:0.000091s ]
INFO: [ template_filter ] --END-- [ RunTime:0.000136s ]
INFO: Run Behavior\ParseTemplateBehavior [ RunTime:0.009772s ]
INFO: [ view_parse ] --END-- [ RunTime:0.009827s ]
INFO: [ view_filter ] --START--
INFO: Run Behavior\WriteHtmlCacheBehavior [ RunTime:0.000429s ]
INFO: [ view_filter ] --END-- [ RunTime:0.000464s ]
INFO: [ app_end ] --START--
INFO: Run Behavior\ShowPageTraceBehavior [ RunTime:0.000713s ]
INFO: [ app_end ] --END-- [ RunTime:0.000768s ]

[ 2017-02-06T10:08:37+08:00 ] 127.0.0.1 /myysy/dingtalk.php/OrderProcess/OrderApprove
INFO: [ app_init ] --START--
INFO: Run Behavior\BuildLiteBehavior [ RunTime:0.000014s ]
INFO: [ app_init ] --END-- [ RunTime:0.000568s ]
INFO: [ app_begin ] --START--
INFO: Run Behavior\ReadHtmlCacheBehavior [ RunTime:0.000883s ]
INFO: [ app_begin ] --END-- [ RunTime:0.000942s ]
SQL: SHOW COLUMNS FROM `think_ysy_goodspackage` [ RunTime:0.0055s ]
SQL: SELECT * FROM `think_ysy_goodspackage` WHERE ( status = 0 )  [ RunTime:0.0004s ]
INFO: [ view_parse ] --START--
INFO: [ template_filter ] --START--
INFO: Run Behavior\ContentReplaceBehavior [ RunTime:0.000113s ]
INFO: [ template_filter ] --END-- [ RunTime:0.000168s ]
INFO: Run Behavior\ParseTemplateBehavior [ RunTime:0.009002s ]
INFO: [ view_parse ] --END-- [ RunTime:0.009056s ]
INFO: [ view_filter ] --START--
INFO: Run Behavior\WriteHtmlCacheBehavior [ RunTime:0.000441s ]
INFO: [ view_filter ] --END-- [ RunTime:0.000476s ]
INFO: [ app_end ] --START--
INFO: Run Behavior\ShowPageTraceBehavior [ RunTime:0.000709s ]
INFO: [ app_end ] --END-- [ RunTime:0.000763s ]

[ 2017-02-06T10:08:40+08:00 ] 127.0.0.1 /myysy/dingtalk.php/OrderProcess/OrderApprove/actionRequestService.html?type=getaddress&tel=1
INFO: [ app_init ] --START--
INFO: Run Behavior\BuildLiteBehavior [ RunTime:0.000013s ]
INFO: [ app_init ] --END-- [ RunTime:0.000546s ]
INFO: [ app_begin ] --START--
INFO: Run Behavior\ReadHtmlCacheBehavior [ RunTime:0.000653s ]
INFO: [ app_begin ] --END-- [ RunTime:0.000701s ]
SQL: SHOW COLUMNS FROM `think_ysy_address` [ RunTime:0.0065s ]
SQL: SELECT * FROM `think_ysy_address` WHERE ( tel=1 ) LIMIT 1   [ RunTime:0.0004s ]

[ 2017-02-06T10:08:44+08:00 ] 127.0.0.1 /myysy/dingtalk.php/OrderProcess/OrderApprove/actionRequestService.html?type=changepackage&id=2147483647
INFO: [ app_init ] --START--
INFO: Run Behavior\BuildLiteBehavior [ RunTime:0.000018s ]
INFO: [ app_init ] --END-- [ RunTime:0.000771s ]
INFO: [ app_begin ] --START--
INFO: Run Behavior\ReadHtmlCacheBehavior [ RunTime:0.000710s ]
INFO: [ app_begin ] --END-- [ RunTime:0.000765s ]
SQL: SHOW COLUMNS FROM `think_ysy_packageprice` [ RunTime:0.0067s ]
SQL: SELECT * FROM `think_ysy_packageprice` WHERE ( packageid = 2147483647 )  [ RunTime:0.0004s ]
SQL: SHOW COLUMNS FROM `think_ysy_goodspackageinfo` [ RunTime:0.0053s ]
SQL: SELECT * FROM `think_ysy_goodspackageinfo` WHERE ( packageid = 2147483647 )  [ RunTime:0.0003s ]
SQL: SHOW COLUMNS FROM `think_ysy_stock` [ RunTime:0.0055s ]
SQL: SELECT * FROM `think_ysy_stock` WHERE ( format_id=3 ) LIMIT 1   [ RunTime:0.0007s ]
SQL: SELECT * FROM `think_ysy_stock` WHERE ( format_id=4 ) LIMIT 1   [ RunTime:0.0003s ]

[ 2017-02-06T10:09:26+08:00 ] 127.0.0.1 /myysy/dingtalk.php/OrderProcess/OrderApprove/actionRequestService.html?type=getaddress&tel=wewe
INFO: [ app_init ] --START--
INFO: Run Behavior\BuildLiteBehavior [ RunTime:0.000014s ]
INFO: [ app_init ] --END-- [ RunTime:0.000570s ]
INFO: [ app_begin ] --START--
INFO: Run Behavior\ReadHtmlCacheBehavior [ RunTime:0.000675s ]
INFO: [ app_begin ] --END-- [ RunTime:0.000718s ]
SQL: SHOW COLUMNS FROM `think_ysy_address` [ RunTime:0.0056s ]
ERR: 1054:Unknown column 'wewe' in 'where clause'
 [ SQL语句 ] : SELECT * FROM `think_ysy_address` WHERE ( tel=wewe ) LIMIT 1  
ERR: 1054:Unknown column 'wewe' in 'where clause'
 [ SQL语句 ] : SELECT * FROM `think_ysy_address` WHERE ( tel=wewe ) LIMIT 1  

[ 2017-02-06T10:09:35+08:00 ] 127.0.0.1 /myysy/dingtalk.php/OrderProcess/OrderApprove
INFO: [ app_init ] --START--
INFO: Run Behavior\BuildLiteBehavior [ RunTime:0.000014s ]
INFO: [ app_init ] --END-- [ RunTime:0.000630s ]
INFO: [ app_begin ] --START--
INFO: Run Behavior\ReadHtmlCacheBehavior [ RunTime:0.000749s ]
INFO: [ app_begin ] --END-- [ RunTime:0.000827s ]
SQL: SHOW COLUMNS FROM `think_ysy_goodspackage` [ RunTime:0.0054s ]
SQL: SELECT * FROM `think_ysy_goodspackage` WHERE ( status = 0 )  [ RunTime:0.0004s ]
INFO: [ view_parse ] --START--
INFO: [ template_filter ] --START--
INFO: Run Behavior\ContentReplaceBehavior [ RunTime:0.000094s ]
INFO: [ template_filter ] --END-- [ RunTime:0.000145s ]
INFO: Run Behavior\ParseTemplateBehavior [ RunTime:0.009189s ]
INFO: [ view_parse ] --END-- [ RunTime:0.009237s ]
INFO: [ view_filter ] --START--
INFO: Run Behavior\WriteHtmlCacheBehavior [ RunTime:0.000443s ]
INFO: [ view_filter ] --END-- [ RunTime:0.000478s ]
INFO: [ app_end ] --START--
INFO: Run Behavior\ShowPageTraceBehavior [ RunTime:0.000691s ]
INFO: [ app_end ] --END-- [ RunTime:0.000749s ]

[ 2017-02-06T10:09:40+08:00 ] 127.0.0.1 /myysy/dingtalk.php/OrderProcess/OrderApprove/actionRequestService.html?type=getaddress&tel=wew
INFO: [ app_init ] --START--
INFO: Run Behavior\BuildLiteBehavior [ RunTime:0.000014s ]
INFO: [ app_init ] --END-- [ RunTime:0.000573s ]
INFO: [ app_begin ] --START--
INFO: Run Behavior\ReadHtmlCacheBehavior [ RunTime:0.000643s ]
INFO: [ app_begin ] --END-- [ RunTime:0.000686s ]
SQL: SHOW COLUMNS FROM `think_ysy_address` [ RunTime:0.0053s ]
ERR: 1054:Unknown column 'wew' in 'where clause'
 [ SQL语句 ] : SELECT * FROM `think_ysy_address` WHERE ( tel=wew ) LIMIT 1  
ERR: 1054:Unknown column 'wew' in 'where clause'
 [ SQL语句 ] : SELECT * FROM `think_ysy_address` WHERE ( tel=wew ) LIMIT 1  

[ 2017-02-06T10:10:03+08:00 ] 127.0.0.1 /myysy/dingtalk.php/OrderProcess/OrderApprove
INFO: [ app_init ] --START--
INFO: Run Behavior\BuildLiteBehavior [ RunTime:0.000014s ]
INFO: [ app_init ] --END-- [ RunTime:0.000657s ]
INFO: [ app_begin ] --START--
INFO: Run Behavior\ReadHtmlCacheBehavior [ RunTime:0.000888s ]
INFO: [ app_begin ] --END-- [ RunTime:0.000950s ]
SQL: SHOW COLUMNS FROM `think_ysy_goodspackage` [ RunTime:0.0055s ]
SQL: SELECT * FROM `think_ysy_goodspackage` WHERE ( status = 0 )  [ RunTime:0.0005s ]
INFO: [ view_parse ] --START--
INFO: [ template_filter ] --START--
INFO: Run Behavior\ContentReplaceBehavior [ RunTime:0.000087s ]
INFO: [ template_filter ] --END-- [ RunTime:0.000132s ]
INFO: Run Behavior\ParseTemplateBehavior [ RunTime:0.009744s ]
INFO: [ view_parse ] --END-- [ RunTime:0.009794s ]
INFO: [ view_filter ] --START--
INFO: Run Behavior\WriteHtmlCacheBehavior [ RunTime:0.000552s ]
INFO: [ view_filter ] --END-- [ RunTime:0.000586s ]
INFO: [ app_end ] --START--
INFO: Run Behavior\ShowPageTraceBehavior [ RunTime:0.000818s ]
INFO: [ app_end ] --END-- [ RunTime:0.000872s ]

[ 2017-02-06T10:10:07+08:00 ] 127.0.0.1 /myysy/dingtalk.php/OrderProcess/OrderApprove/actionRequestService.html?type=getaddress&tel=1
INFO: [ app_init ] --START--
INFO: Run Behavior\BuildLiteBehavior [ RunTime:0.000063s ]
INFO: [ app_init ] --END-- [ RunTime:0.000764s ]
INFO: [ app_begin ] --START--
INFO: Run Behavior\ReadHtmlCacheBehavior [ RunTime:0.001122s ]
INFO: [ app_begin ] --END-- [ RunTime:0.001213s ]
SQL: SHOW COLUMNS FROM `think_ysy_address` [ RunTime:0.0058s ]
SQL: SELECT * FROM `think_ysy_address` WHERE ( tel=1 ) LIMIT 1   [ RunTime:0.0004s ]

[ 2017-02-06T10:10:11+08:00 ] 127.0.0.1 /myysy/dingtalk.php/OrderProcess/OrderApprove/actionRequestService.html?type=getaddress&tel=wewe
INFO: [ app_init ] --START--
INFO: Run Behavior\BuildLiteBehavior [ RunTime:0.000016s ]
INFO: [ app_init ] --END-- [ RunTime:0.000534s ]
INFO: [ app_begin ] --START--
INFO: Run Behavior\ReadHtmlCacheBehavior [ RunTime:0.000703s ]
INFO: [ app_begin ] --END-- [ RunTime:0.000757s ]
SQL: SHOW COLUMNS FROM `think_ysy_address` [ RunTime:0.0053s ]
ERR: 1054:Unknown column 'wewe' in 'where clause'
 [ SQL语句 ] : SELECT * FROM `think_ysy_address` WHERE ( tel=wewe ) LIMIT 1  
ERR: 1054:Unknown column 'wewe' in 'where clause'
 [ SQL语句 ] : SELECT * FROM `think_ysy_address` WHERE ( tel=wewe ) LIMIT 1  

[ 2017-02-06T10:10:19+08:00 ] 127.0.0.1 /myysy/dingtalk.php/OrderProcess/OrderApprove/actionRequestService.html?type=getaddress&tel=wewe
INFO: [ app_init ] --START--
INFO: Run Behavior\BuildLiteBehavior [ RunTime:0.000013s ]
INFO: [ app_init ] --END-- [ RunTime:0.000559s ]
INFO: [ app_begin ] --START--
INFO: Run Behavior\ReadHtmlCacheBehavior [ RunTime:0.000751s ]
INFO: [ app_begin ] --END-- [ RunTime:0.000805s ]
SQL: SHOW COLUMNS FROM `think_ysy_address` [ RunTime:0.0053s ]
ERR: 1054:Unknown column 'wewe' in 'where clause'
 [ SQL语句 ] : SELECT * FROM `think_ysy_address` WHERE ( tel=wewe ) LIMIT 1  
ERR: 1054:Unknown column 'wewe' in 'where clause'
 [ SQL语句 ] : SELECT * FROM `think_ysy_address` WHERE ( tel=wewe ) LIMIT 1  

[ 2017-02-06T10:11:59+08:00 ] 127.0.0.1 /myysy/dingtalk.php/OrderProcess/OrderApprove/actionRequestService.html?type=getaddress&tel=wewe
INFO: [ app_init ] --START--
INFO: Run Behavior\BuildLiteBehavior [ RunTime:0.000015s ]
INFO: [ app_init ] --END-- [ RunTime:0.000641s ]
INFO: [ app_begin ] --START--
INFO: Run Behavior\ReadHtmlCacheBehavior [ RunTime:0.000768s ]
INFO: [ app_begin ] --END-- [ RunTime:0.000826s ]
SQL: SHOW COLUMNS FROM `think_ysy_address` [ RunTime:0.0053s ]
SQL: SELECT * FROM `think_ysy_address` WHERE ( tel='wewe' ) LIMIT 1   [ RunTime:0.0248s ]

[ 2017-02-06T10:12:11+08:00 ] 127.0.0.1 /myysy/dingtalk.php/OrderProcess/OrderApprove
INFO: [ app_init ] --START--
INFO: Run Behavior\BuildLiteBehavior [ RunTime:0.000024s ]
INFO: [ app_init ] --END-- [ RunTime:0.001171s ]
INFO: [ app_begin ] --START--
INFO: Run Behavior\ReadHtmlCacheBehavior [ RunTime:0.001311s ]
INFO: [ app_begin ] --END-- [ RunTime:0.001427s ]
SQL: SHOW COLUMNS FROM `think_ysy_goodspackage` [ RunTime:0.0063s ]
SQL: SELECT * FROM `think_ysy_goodspackage` WHERE ( status = 0 )  [ RunTime:0.0004s ]
INFO: [ view_parse ] --START--
INFO: [ template_filter ] --START--
INFO: Run Behavior\ContentReplaceBehavior [ RunTime:0.000124s ]
INFO: [ template_filter ] --END-- [ RunTime:0.000184s ]
INFO: Run Behavior\ParseTemplateBehavior [ RunTime:0.009829s ]
INFO: [ view_parse ] --END-- [ RunTime:0.009881s ]
INFO: [ view_filter ] --START--
INFO: Run Behavior\WriteHtmlCacheBehavior [ RunTime:0.000505s ]
INFO: [ view_filter ] --END-- [ RunTime:0.000539s ]
INFO: [ app_end ] --START--
INFO: Run Behavior\ShowPageTraceBehavior [ RunTime:0.000759s ]
INFO: [ app_end ] --END-- [ RunTime:0.000813s ]

[ 2017-02-06T10:12:14+08:00 ] 127.0.0.1 /myysy/dingtalk.php/OrderProcess/OrderApprove/actionRequestService.html?type=getaddress&tel=23
INFO: [ app_init ] --START--
INFO: Run Behavior\BuildLiteBehavior [ RunTime:0.000018s ]
INFO: [ app_init ] --END-- [ RunTime:0.000714s ]
INFO: [ app_begin ] --START--
INFO: Run Behavior\ReadHtmlCacheBehavior [ RunTime:0.000737s ]
INFO: [ app_begin ] --END-- [ RunTime:0.000799s ]
SQL: SHOW COLUMNS FROM `think_ysy_address` [ RunTime:0.0328s ]
SQL: SELECT * FROM `think_ysy_address` WHERE ( tel='23' ) LIMIT 1   [ RunTime:0.0004s ]

[ 2017-02-06T10:12:20+08:00 ] 127.0.0.1 /myysy/dingtalk.php/OrderProcess/OrderApprove
INFO: [ app_init ] --START--
INFO: Run Behavior\BuildLiteBehavior [ RunTime:0.000017s ]
INFO: [ app_init ] --END-- [ RunTime:0.000602s ]
INFO: [ app_begin ] --START--
INFO: Run Behavior\ReadHtmlCacheBehavior [ RunTime:0.000815s ]
INFO: [ app_begin ] --END-- [ RunTime:0.000879s ]
SQL: SHOW COLUMNS FROM `think_ysy_goodspackage` [ RunTime:0.0257s ]
SQL: SELECT * FROM `think_ysy_goodspackage` WHERE ( status = 0 )  [ RunTime:0.0004s ]
INFO: [ view_parse ] --START--
INFO: [ template_filter ] --START--
INFO: Run Behavior\ContentReplaceBehavior [ RunTime:0.000151s ]
INFO: [ template_filter ] --END-- [ RunTime:0.000373s ]
INFO: Run Behavior\ParseTemplateBehavior [ RunTime:0.010316s ]
INFO: [ view_parse ] --END-- [ RunTime:0.010375s ]
INFO: [ view_filter ] --START--
INFO: Run Behavior\WriteHtmlCacheBehavior [ RunTime:0.000470s ]
INFO: [ view_filter ] --END-- [ RunTime:0.000505s ]
INFO: [ app_end ] --START--
INFO: Run Behavior\ShowPageTraceBehavior [ RunTime:0.000744s ]
INFO: [ app_end ] --END-- [ RunTime:0.000798s ]

[ 2017-02-06T10:12:36+08:00 ] 127.0.0.1 /myysy/dingtalk.php/OrderProcess/OrderApprove
INFO: [ app_init ] --START--
INFO: Run Behavior\BuildLiteBehavior [ RunTime:0.000015s ]
INFO: [ app_init ] --END-- [ RunTime:0.000568s ]
INFO: [ app_begin ] --START--
INFO: Run Behavior\ReadHtmlCacheBehavior [ RunTime:0.000635s ]
INFO: [ app_begin ] --END-- [ RunTime:0.000682s ]
SQL: SHOW COLUMNS FROM `think_ysy_goodspackage` [ RunTime:0.0385s ]
SQL: SELECT * FROM `think_ysy_goodspackage` WHERE ( status = 0 )  [ RunTime:0.0004s ]
INFO: [ view_parse ] --START--
INFO: [ template_filter ] --START--
INFO: Run Behavior\ContentReplaceBehavior [ RunTime:0.000090s ]
INFO: [ template_filter ] --END-- [ RunTime:0.000136s ]
INFO: Run Behavior\ParseTemplateBehavior [ RunTime:0.009205s ]
INFO: [ view_parse ] --END-- [ RunTime:0.009267s ]
INFO: [ view_filter ] --START--
INFO: Run Behavior\WriteHtmlCacheBehavior [ RunTime:0.000428s ]
INFO: [ view_filter ] --END-- [ RunTime:0.000463s ]
INFO: [ app_end ] --START--
INFO: Run Behavior\ShowPageTraceBehavior [ RunTime:0.000769s ]
INFO: [ app_end ] --END-- [ RunTime:0.000825s ]

[ 2017-02-06T10:12:38+08:00 ] 127.0.0.1 /myysy/dingtalk.php/OrderProcess/OrderApprove/actionRequestService.html?type=getaddress&tel=234
INFO: [ app_init ] --START--
INFO: Run Behavior\BuildLiteBehavior [ RunTime:0.000014s ]
INFO: [ app_init ] --END-- [ RunTime:0.000592s ]
INFO: [ app_begin ] --START--
INFO: Run Behavior\ReadHtmlCacheBehavior [ RunTime:0.000684s ]
INFO: [ app_begin ] --END-- [ RunTime:0.000737s ]
SQL: SHOW COLUMNS FROM `think_ysy_address` [ RunTime:0.0059s ]
SQL: SELECT * FROM `think_ysy_address` WHERE ( tel='234' ) LIMIT 1   [ RunTime:0.0003s ]

[ 2017-02-06T10:13:03+08:00 ] 127.0.0.1 /myysy/dingtalk.php/OrderProcess/OrderApprove
INFO: [ app_init ] --START--
INFO: Run Behavior\BuildLiteBehavior [ RunTime:0.000025s ]
INFO: [ app_init ] --END-- [ RunTime:0.000942s ]
INFO: [ app_begin ] --START--
INFO: Run Behavior\ReadHtmlCacheBehavior [ RunTime:0.000829s ]
INFO: [ app_begin ] --END-- [ RunTime:0.000907s ]
SQL: SHOW COLUMNS FROM `think_ysy_goodspackage` [ RunTime:0.0053s ]
SQL: SELECT * FROM `think_ysy_goodspackage` WHERE ( status = 0 )  [ RunTime:0.0003s ]
INFO: [ view_parse ] --START--
INFO: [ template_filter ] --START--
INFO: Run Behavior\ContentReplaceBehavior [ RunTime:0.000101s ]
INFO: [ template_filter ] --END-- [ RunTime:0.000155s ]
INFO: Run Behavior\ParseTemplateBehavior [ RunTime:0.009829s ]
INFO: [ view_parse ] --END-- [ RunTime:0.009886s ]
INFO: [ view_filter ] --START--
INFO: Run Behavior\WriteHtmlCacheBehavior [ RunTime:0.000436s ]
INFO: [ view_filter ] --END-- [ RunTime:0.000470s ]
INFO: [ app_end ] --START--
INFO: Run Behavior\ShowPageTraceBehavior [ RunTime:0.000714s ]
INFO: [ app_end ] --END-- [ RunTime:0.000758s ]

[ 2017-02-06T10:13:06+08:00 ] 127.0.0.1 /myysy/dingtalk.php/OrderProcess/OrderApprove/actionRequestService.html?type=getaddress&tel=22
INFO: [ app_init ] --START--
INFO: Run Behavior\BuildLiteBehavior [ RunTime:0.000016s ]
INFO: [ app_init ] --END-- [ RunTime:0.000539s ]
INFO: [ app_begin ] --START--
INFO: Run Behavior\ReadHtmlCacheBehavior [ RunTime:0.000877s ]
INFO: [ app_begin ] --END-- [ RunTime:0.000985s ]
SQL: SHOW COLUMNS FROM `think_ysy_address` [ RunTime:0.0055s ]
SQL: SELECT * FROM `think_ysy_address` WHERE ( tel='22' ) LIMIT 1   [ RunTime:0.0003s ]

[ 2017-02-06T10:13:08+08:00 ] 127.0.0.1 /myysy/dingtalk.php/OrderProcess/OrderApprove/actionRequestService.html?type=getaddress&tel=1
INFO: [ app_init ] --START--
INFO: Run Behavior\BuildLiteBehavior [ RunTime:0.000016s ]
INFO: [ app_init ] --END-- [ RunTime:0.000582s ]
INFO: [ app_begin ] --START--
INFO: Run Behavior\ReadHtmlCacheBehavior [ RunTime:0.001418s ]
INFO: [ app_begin ] --END-- [ RunTime:0.001567s ]
SQL: SHOW COLUMNS FROM `think_ysy_address` [ RunTime:0.0063s ]
SQL: SELECT * FROM `think_ysy_address` WHERE ( tel='1' ) LIMIT 1   [ RunTime:0.0004s ]

[ 2017-02-06T10:20:40+08:00 ] 127.0.0.1 /myysy/dingtalk.php/OrderProcess/OrderApprove
INFO: [ app_init ] --START--
INFO: Run Behavior\BuildLiteBehavior [ RunTime:0.000016s ]
INFO: [ app_init ] --END-- [ RunTime:0.000677s ]
INFO: [ app_begin ] --START--
INFO: Run Behavior\ReadHtmlCacheBehavior [ RunTime:0.000769s ]
INFO: [ app_begin ] --END-- [ RunTime:0.000821s ]
SQL: SHOW COLUMNS FROM `think_ysy_goodspackage` [ RunTime:0.0065s ]
SQL: SELECT * FROM `think_ysy_goodspackage` WHERE ( status = 0 )  [ RunTime:0.0004s ]
INFO: [ view_parse ] --START--
INFO: [ template_filter ] --START--
INFO: Run Behavior\ContentReplaceBehavior [ RunTime:0.000100s ]
INFO: [ template_filter ] --END-- [ RunTime:0.000152s ]
INFO: Run Behavior\ParseTemplateBehavior [ RunTime:0.009789s ]
INFO: [ view_parse ] --END-- [ RunTime:0.009851s ]
INFO: [ view_filter ] --START--
INFO: Run Behavior\WriteHtmlCacheBehavior [ RunTime:0.000532s ]
INFO: [ view_filter ] --END-- [ RunTime:0.000569s ]
INFO: [ app_end ] --START--
INFO: Run Behavior\ShowPageTraceBehavior [ RunTime:0.000811s ]
INFO: [ app_end ] --END-- [ RunTime:0.000856s ]

[ 2017-02-06T10:20:44+08:00 ] 127.0.0.1 /myysy/dingtalk.php/OrderProcess/OrderApprove/actionRequestService.html?type=changepackage&id=2147483647
INFO: [ app_init ] --START--
INFO: Run Behavior\BuildLiteBehavior [ RunTime:0.000030s ]
INFO: [ app_init ] --END-- [ RunTime:0.000943s ]
INFO: [ app_begin ] --START--
INFO: Run Behavior\ReadHtmlCacheBehavior [ RunTime:0.000859s ]
INFO: [ app_begin ] --END-- [ RunTime:0.000932s ]
SQL: SHOW COLUMNS FROM `think_ysy_packageprice` [ RunTime:0.0054s ]
SQL: SELECT * FROM `think_ysy_packageprice` WHERE ( packageid = 2147483647 )  [ RunTime:0.0005s ]
SQL: SHOW COLUMNS FROM `think_ysy_goodspackageinfo` [ RunTime:0.0055s ]
SQL: SELECT * FROM `think_ysy_goodspackageinfo` WHERE ( packageid = 2147483647 )  [ RunTime:0.0003s ]
SQL: SHOW COLUMNS FROM `think_ysy_stock` [ RunTime:0.0052s ]
SQL: SELECT * FROM `think_ysy_stock` WHERE ( format_id=3 ) LIMIT 1   [ RunTime:0.0003s ]
SQL: SELECT * FROM `think_ysy_stock` WHERE ( format_id=4 ) LIMIT 1   [ RunTime:0.0003s ]

[ 2017-02-06T10:20:50+08:00 ] 127.0.0.1 /myysy/dingtalk.php/OrderProcess/OrderApprove/actionRequestService.html?type=changepackage&id=2
INFO: [ app_init ] --START--
INFO: Run Behavior\BuildLiteBehavior [ RunTime:0.000014s ]
INFO: [ app_init ] --END-- [ RunTime:0.000554s ]
INFO: [ app_begin ] --START--
INFO: Run Behavior\ReadHtmlCacheBehavior [ RunTime:0.000683s ]
INFO: [ app_begin ] --END-- [ RunTime:0.000726s ]
SQL: SHOW COLUMNS FROM `think_ysy_packageprice` [ RunTime:0.0060s ]
SQL: SELECT * FROM `think_ysy_packageprice` WHERE ( packageid = 2 )  [ RunTime:0.0004s ]
NOTIC: [8] Array to string conversion D:\phpStudy\WWW\myysy\DingTalkApplication\DingTalk\Controller\OrderProcess\OrderApproveController.class.php 第 131 行.

[ 2017-02-06T10:21:05+08:00 ] 127.0.0.1 /myysy/dingtalk.php/OrderProcess/OrderApprove/actionRequestService.html?type=changepackage&id=2
INFO: [ app_init ] --START--
INFO: Run Behavior\BuildLiteBehavior [ RunTime:0.000014s ]
INFO: [ app_init ] --END-- [ RunTime:0.000583s ]
INFO: [ app_begin ] --START--
INFO: Run Behavior\ReadHtmlCacheBehavior [ RunTime:0.000663s ]
INFO: [ app_begin ] --END-- [ RunTime:0.000710s ]
SQL: SHOW COLUMNS FROM `think_ysy_packageprice` [ RunTime:0.0057s ]
SQL: SELECT * FROM `think_ysy_packageprice` WHERE ( packageid = 2 )  [ RunTime:0.0004s ]
NOTIC: [8] Array to string conversion D:\phpStudy\WWW\myysy\DingTalkApplication\DingTalk\Controller\OrderProcess\OrderApproveController.class.php 第 131 行.

[ 2017-02-06T10:21:51+08:00 ] 127.0.0.1 /myysy/dingtalk.php/OrderProcess/OrderApprove/actionRequestService.html?type=changepackage&id=2
INFO: [ app_init ] --START--
INFO: Run Behavior\BuildLiteBehavior [ RunTime:0.000014s ]
INFO: [ app_init ] --END-- [ RunTime:0.000579s ]
INFO: [ app_begin ] --START--
INFO: Run Behavior\ReadHtmlCacheBehavior [ RunTime:0.000630s ]
INFO: [ app_begin ] --END-- [ RunTime:0.000675s ]
SQL: SHOW COLUMNS FROM `think_ysy_packageprice` [ RunTime:0.0073s ]
SQL: SELECT * FROM `think_ysy_packageprice` WHERE ( packageid = 2 )  [ RunTime:0.0005s ]
NOTIC: [8] Array to string conversion D:\phpStudy\WWW\myysy\DingTalkApplication\DingTalk\Controller\OrderProcess\OrderApproveController.class.php 第 132 行.

[ 2017-02-06T10:22:51+08:00 ] 127.0.0.1 /myysy/dingtalk.php/OrderProcess/OrderApprove/actionRequestService.html?type=changepackage&id=2
INFO: [ app_init ] --START--
INFO: Run Behavior\BuildLiteBehavior [ RunTime:0.000015s ]
INFO: [ app_init ] --END-- [ RunTime:0.000732s ]
INFO: [ app_begin ] --START--
INFO: Run Behavior\ReadHtmlCacheBehavior [ RunTime:0.000910s ]
INFO: [ app_begin ] --END-- [ RunTime:0.000968s ]
SQL: SHOW COLUMNS FROM `think_ysy_packageprice` [ RunTime:0.0055s ]
SQL: SELECT * FROM `think_ysy_packageprice` WHERE ( packageid = 2 )  [ RunTime:0.0004s ]

[ 2017-02-06T10:27:37+08:00 ] 127.0.0.1 /myysy/dingtalk.php/OrderProcess/OrderApprove
INFO: [ app_init ] --START--
INFO: Run Behavior\BuildLiteBehavior [ RunTime:0.000014s ]
INFO: [ app_init ] --END-- [ RunTime:0.000694s ]
INFO: [ app_begin ] --START--
INFO: Run Behavior\ReadHtmlCacheBehavior [ RunTime:0.000809s ]
INFO: [ app_begin ] --END-- [ RunTime:0.000862s ]
SQL: SHOW COLUMNS FROM `think_ysy_goodspackage` [ RunTime:0.0073s ]
SQL: SELECT * FROM `think_ysy_goodspackage` WHERE ( status = 0 )  [ RunTime:0.0004s ]
INFO: [ view_parse ] --START--
INFO: [ template_filter ] --START--
INFO: Run Behavior\ContentReplaceBehavior [ RunTime:0.000091s ]
INFO: [ template_filter ] --END-- [ RunTime:0.000136s ]
INFO: Run Behavior\ParseTemplateBehavior [ RunTime:0.009313s ]
INFO: [ view_parse ] --END-- [ RunTime:0.009370s ]
INFO: [ view_filter ] --START--
INFO: Run Behavior\WriteHtmlCacheBehavior [ RunTime:0.000587s ]
INFO: [ view_filter ] --END-- [ RunTime:0.000629s ]
INFO: [ app_end ] --START--
INFO: Run Behavior\ShowPageTraceBehavior [ RunTime:0.000833s ]
INFO: [ app_end ] --END-- [ RunTime:0.000879s ]

[ 2017-02-06T10:27:42+08:00 ] 127.0.0.1 /myysy/dingtalk.php/OrderProcess/OrderApprove/actionRequestService.html?type=changepackage&id=2147483647
INFO: [ app_init ] --START--
INFO: Run Behavior\BuildLiteBehavior [ RunTime:0.000014s ]
INFO: [ app_init ] --END-- [ RunTime:0.000502s ]
INFO: [ app_begin ] --START--
INFO: Run Behavior\ReadHtmlCacheBehavior [ RunTime:0.000647s ]
INFO: [ app_begin ] --END-- [ RunTime:0.000690s ]
SQL: SHOW COLUMNS FROM `think_ysy_packageprice` [ RunTime:0.0060s ]
SQL: SELECT * FROM `think_ysy_packageprice` WHERE ( packageid = 2147483647 )  [ RunTime:0.0004s ]
SQL: SHOW COLUMNS FROM `think_ysy_goodspackageinfo` [ RunTime:0.0594s ]
SQL: SELECT * FROM `think_ysy_goodspackageinfo` WHERE ( packageid = 2147483647 )  [ RunTime:0.0004s ]
SQL: SHOW COLUMNS FROM `think_ysy_stock` [ RunTime:0.0058s ]
SQL: SELECT * FROM `think_ysy_stock` WHERE ( format_id=3 ) LIMIT 1   [ RunTime:0.0003s ]
SQL: SELECT * FROM `think_ysy_stock` WHERE ( format_id=4 ) LIMIT 1   [ RunTime:0.0002s ]

[ 2017-02-06T10:27:45+08:00 ] 127.0.0.1 /myysy/dingtalk.php/OrderProcess/OrderApprove/actionRequestService.html?type=changepackage&id=2
INFO: [ app_init ] --START--
INFO: Run Behavior\BuildLiteBehavior [ RunTime:0.000017s ]
INFO: [ app_init ] --END-- [ RunTime:0.000706s ]
INFO: [ app_begin ] --START--
INFO: Run Behavior\ReadHtmlCacheBehavior [ RunTime:0.001284s ]
INFO: [ app_begin ] --END-- [ RunTime:0.001356s ]
SQL: SHOW COLUMNS FROM `think_ysy_packageprice` [ RunTime:0.0073s ]
SQL: SELECT * FROM `think_ysy_packageprice` WHERE ( packageid = 2 )  [ RunTime:0.0004s ]

[ 2017-02-06T10:28:53+08:00 ] 127.0.0.1 /myysy/dingtalk.php/OrderProcess/OrderApprove
INFO: [ app_init ] --START--
INFO: Run Behavior\BuildLiteBehavior [ RunTime:0.000016s ]
INFO: [ app_init ] --END-- [ RunTime:0.000573s ]
INFO: [ app_begin ] --START--
INFO: Run Behavior\ReadHtmlCacheBehavior [ RunTime:0.000720s ]
INFO: [ app_begin ] --END-- [ RunTime:0.000769s ]
SQL: SHOW COLUMNS FROM `think_ysy_goodspackage` [ RunTime:0.0054s ]
SQL: SELECT * FROM `think_ysy_goodspackage` WHERE ( status = 0 )  [ RunTime:0.0004s ]
INFO: [ view_parse ] --START--
INFO: [ template_filter ] --START--
INFO: Run Behavior\ContentReplaceBehavior [ RunTime:0.000089s ]
INFO: [ template_filter ] --END-- [ RunTime:0.000134s ]
INFO: Run Behavior\ParseTemplateBehavior [ RunTime:0.009273s ]
INFO: [ view_parse ] --END-- [ RunTime:0.009325s ]
INFO: [ view_filter ] --START--
INFO: Run Behavior\WriteHtmlCacheBehavior [ RunTime:0.000475s ]
INFO: [ view_filter ] --END-- [ RunTime:0.000509s ]
INFO: [ app_end ] --START--
INFO: Run Behavior\ShowPageTraceBehavior [ RunTime:0.000737s ]
INFO: [ app_end ] --END-- [ RunTime:0.000781s ]

[ 2017-02-06T10:28:57+08:00 ] 127.0.0.1 /myysy/dingtalk.php/OrderProcess/OrderApprove/actionRequestService.html?type=changepackage&id=2147483647
INFO: [ app_init ] --START--
INFO: Run Behavior\BuildLiteBehavior [ RunTime:0.000014s ]
INFO: [ app_init ] --END-- [ RunTime:0.000584s ]
INFO: [ app_begin ] --START--
INFO: Run Behavior\ReadHtmlCacheBehavior [ RunTime:0.001391s ]
INFO: [ app_begin ] --END-- [ RunTime:0.001445s ]
SQL: SHOW COLUMNS FROM `think_ysy_packageprice` [ RunTime:0.0061s ]
SQL: SELECT * FROM `think_ysy_packageprice` WHERE ( packageid = 2147483647 )  [ RunTime:0.0004s ]
SQL: SHOW COLUMNS FROM `think_ysy_goodspackageinfo` [ RunTime:0.0383s ]
SQL: SELECT * FROM `think_ysy_goodspackageinfo` WHERE ( packageid = 2147483647 )  [ RunTime:0.0004s ]
SQL: SHOW COLUMNS FROM `think_ysy_stock` [ RunTime:0.0050s ]
SQL: SELECT * FROM `think_ysy_stock` WHERE ( format_id=3 ) LIMIT 1   [ RunTime:0.0003s ]
SQL: SELECT * FROM `think_ysy_stock` WHERE ( format_id=4 ) LIMIT 1   [ RunTime:0.0004s ]

[ 2017-02-06T10:28:59+08:00 ] 127.0.0.1 /myysy/dingtalk.php/OrderProcess/OrderApprove/actionRequestService.html?type=changepackage&id=2
INFO: [ app_init ] --START--
INFO: Run Behavior\BuildLiteBehavior [ RunTime:0.000018s ]
INFO: [ app_init ] --END-- [ RunTime:0.000634s ]
INFO: [ app_begin ] --START--
INFO: Run Behavior\ReadHtmlCacheBehavior [ RunTime:0.000743s ]
INFO: [ app_begin ] --END-- [ RunTime:0.000791s ]
SQL: SHOW COLUMNS FROM `think_ysy_packageprice` [ RunTime:0.0059s ]
SQL: SELECT * FROM `think_ysy_packageprice` WHERE ( packageid = 2 )  [ RunTime:0.0004s ]

[ 2017-02-06T10:33:35+08:00 ] 127.0.0.1 /myysy/dingtalk.php/OrderProcess/OrderApprove
INFO: [ app_init ] --START--
INFO: Run Behavior\BuildLiteBehavior [ RunTime:0.000015s ]
INFO: [ app_init ] --END-- [ RunTime:0.000684s ]
INFO: [ app_begin ] --START--
INFO: Run Behavior\ReadHtmlCacheBehavior [ RunTime:0.000763s ]
INFO: [ app_begin ] --END-- [ RunTime:0.000833s ]
SQL: SHOW COLUMNS FROM `think_ysy_goodspackage` [ RunTime:0.0061s ]
SQL: SELECT * FROM `think_ysy_goodspackage` WHERE ( status = 0 )  [ RunTime:0.0004s ]
INFO: [ view_parse ] --START--
INFO: [ template_filter ] --START--
INFO: Run Behavior\ContentReplaceBehavior [ RunTime:0.000085s ]
INFO: [ template_filter ] --END-- [ RunTime:0.000144s ]
INFO: Run Behavior\ParseTemplateBehavior [ RunTime:0.052612s ]
INFO: [ view_parse ] --END-- [ RunTime:0.052672s ]
INFO: [ view_filter ] --START--
INFO: Run Behavior\WriteHtmlCacheBehavior [ RunTime:0.000660s ]
INFO: [ view_filter ] --END-- [ RunTime:0.000708s ]
INFO: [ app_end ] --START--
INFO: Run Behavior\ShowPageTraceBehavior [ RunTime:0.000945s ]
INFO: [ app_end ] --END-- [ RunTime:0.001003s ]

[ 2017-02-06T10:34:43+08:00 ] 127.0.0.1 /myysy/dingtalk.php/OrderProcess/OrderApprove/actionRequestService.html?type=changepackage&id=2147483647
INFO: [ app_init ] --START--
INFO: Run Behavior\BuildLiteBehavior [ RunTime:0.000014s ]
INFO: [ app_init ] --END-- [ RunTime:0.000623s ]
INFO: [ app_begin ] --START--
INFO: Run Behavior\ReadHtmlCacheBehavior [ RunTime:0.000745s ]
INFO: [ app_begin ] --END-- [ RunTime:0.000803s ]
SQL: SHOW COLUMNS FROM `think_ysy_packageprice` [ RunTime:0.0057s ]
SQL: SELECT * FROM `think_ysy_packageprice` WHERE ( packageid = 2147483647 )  [ RunTime:0.0004s ]
SQL: SHOW COLUMNS FROM `think_ysy_goodspackageinfo` [ RunTime:0.0065s ]
SQL: SELECT * FROM `think_ysy_goodspackageinfo` WHERE ( packageid = 2147483647 )  [ RunTime:0.0004s ]
SQL: SHOW COLUMNS FROM `think_ysy_stock` [ RunTime:0.0060s ]
SQL: SELECT * FROM `think_ysy_stock` WHERE ( format_id=3 ) LIMIT 1   [ RunTime:0.0005s ]
SQL: SELECT * FROM `think_ysy_stock` WHERE ( format_id=4 ) LIMIT 1   [ RunTime:0.0003s ]

[ 2017-02-06T10:34:46+08:00 ] 127.0.0.1 /myysy/dingtalk.php/OrderProcess/OrderApprove/actionRequestService.html?type=changepackage&id=2
INFO: [ app_init ] --START--
INFO: Run Behavior\BuildLiteBehavior [ RunTime:0.000017s ]
INFO: [ app_init ] --END-- [ RunTime:0.000603s ]
INFO: [ app_begin ] --START--
INFO: Run Behavior\ReadHtmlCacheBehavior [ RunTime:0.000788s ]
INFO: [ app_begin ] --END-- [ RunTime:0.000837s ]
SQL: SHOW COLUMNS FROM `think_ysy_packageprice` [ RunTime:0.0058s ]
SQL: SELECT * FROM `think_ysy_packageprice` WHERE ( packageid = 2 )  [ RunTime:0.0004s ]

[ 2017-02-06T10:37:54+08:00 ] 127.0.0.1 /myysy/dingtalk.php/OrderProcess/OrderApprove
INFO: [ app_init ] --START--
INFO: Run Behavior\BuildLiteBehavior [ RunTime:0.000014s ]
INFO: [ app_init ] --END-- [ RunTime:0.000696s ]
INFO: [ app_begin ] --START--
INFO: Run Behavior\ReadHtmlCacheBehavior [ RunTime:0.000829s ]
INFO: [ app_begin ] --END-- [ RunTime:0.000878s ]
SQL: SHOW COLUMNS FROM `think_ysy_goodspackage` [ RunTime:0.0060s ]
SQL: SELECT * FROM `think_ysy_goodspackage` WHERE ( status = 0 )  [ RunTime:0.0005s ]
INFO: [ view_parse ] --START--
INFO: [ template_filter ] --START--
INFO: Run Behavior\ContentReplaceBehavior [ RunTime:0.000078s ]
INFO: [ template_filter ] --END-- [ RunTime:0.000122s ]
INFO: Run Behavior\ParseTemplateBehavior [ RunTime:0.009637s ]
INFO: [ view_parse ] --END-- [ RunTime:0.009702s ]
INFO: [ view_filter ] --START--
INFO: Run Behavior\WriteHtmlCacheBehavior [ RunTime:0.000513s ]
INFO: [ view_filter ] --END-- [ RunTime:0.000548s ]
INFO: [ app_end ] --START--
INFO: Run Behavior\ShowPageTraceBehavior [ RunTime:0.000779s ]
INFO: [ app_end ] --END-- [ RunTime:0.000834s ]

[ 2017-02-06T10:37:57+08:00 ] 127.0.0.1 /myysy/dingtalk.php/OrderProcess/OrderApprove/actionRequestService.html?type=getaddress&tel=1
INFO: [ app_init ] --START--
INFO: Run Behavior\BuildLiteBehavior [ RunTime:0.000016s ]
INFO: [ app_init ] --END-- [ RunTime:0.000536s ]
INFO: [ app_begin ] --START--
INFO: Run Behavior\ReadHtmlCacheBehavior [ RunTime:0.000648s ]
INFO: [ app_begin ] --END-- [ RunTime:0.000696s ]
SQL: SHOW COLUMNS FROM `think_ysy_address` [ RunTime:0.0065s ]
SQL: SELECT * FROM `think_ysy_address` WHERE ( tel='1' ) LIMIT 1   [ RunTime:0.0004s ]

[ 2017-02-06T10:44:19+08:00 ] 127.0.0.1 /myysy/dingtalk.php/OrderProcess/OrderApprove
INFO: [ app_init ] --START--
INFO: Run Behavior\BuildLiteBehavior [ RunTime:0.000014s ]
INFO: [ app_init ] --END-- [ RunTime:0.000673s ]
INFO: [ app_begin ] --START--
INFO: Run Behavior\ReadHtmlCacheBehavior [ RunTime:0.000761s ]
INFO: [ app_begin ] --END-- [ RunTime:0.000807s ]
SQL: SHOW COLUMNS FROM `think_ysy_goodspackage` [ RunTime:0.0063s ]
SQL: SELECT * FROM `think_ysy_goodspackage` WHERE ( status = 0 )  [ RunTime:0.0003s ]
INFO: [ view_parse ] --START--
INFO: [ template_filter ] --START--
INFO: Run Behavior\ContentReplaceBehavior [ RunTime:0.000090s ]
INFO: [ template_filter ] --END-- [ RunTime:0.000139s ]
INFO: Run Behavior\ParseTemplateBehavior [ RunTime:0.010306s ]
INFO: [ view_parse ] --END-- [ RunTime:0.010359s ]
INFO: [ view_filter ] --START--
INFO: Run Behavior\WriteHtmlCacheBehavior [ RunTime:0.000445s ]
INFO: [ view_filter ] --END-- [ RunTime:0.000482s ]
INFO: [ app_end ] --START--
INFO: Run Behavior\ShowPageTraceBehavior [ RunTime:0.000758s ]
INFO: [ app_end ] --END-- [ RunTime:0.000809s ]

[ 2017-02-06T10:44:21+08:00 ] 127.0.0.1 /myysy/dingtalk.php/OrderProcess/OrderApprove/actionRequestService.html?type=getaddress&tel=1
INFO: [ app_init ] --START--
INFO: Run Behavior\BuildLiteBehavior [ RunTime:0.000014s ]
INFO: [ app_init ] --END-- [ RunTime:0.000608s ]
INFO: [ app_begin ] --START--
INFO: Run Behavior\ReadHtmlCacheBehavior [ RunTime:0.000671s ]
INFO: [ app_begin ] --END-- [ RunTime:0.000728s ]
SQL: SHOW COLUMNS FROM `think_ysy_address` [ RunTime:0.0054s ]
SQL: SELECT * FROM `think_ysy_address` WHERE ( tel='1' ) LIMIT 1   [ RunTime:0.0004s ]

[ 2017-02-06T10:46:00+08:00 ] 127.0.0.1 /myysy/dingtalk.php/OrderProcess/OrderApprove
INFO: [ app_init ] --START--
INFO: Run Behavior\BuildLiteBehavior [ RunTime:0.000017s ]
INFO: [ app_init ] --END-- [ RunTime:0.000582s ]
INFO: [ app_begin ] --START--
INFO: Run Behavior\ReadHtmlCacheBehavior [ RunTime:0.000744s ]
INFO: [ app_begin ] --END-- [ RunTime:0.000795s ]
SQL: SHOW COLUMNS FROM `think_ysy_goodspackage` [ RunTime:0.0071s ]
SQL: SELECT * FROM `think_ysy_goodspackage` WHERE ( status = 0 )  [ RunTime:0.0004s ]
INFO: [ view_parse ] --START--
INFO: [ template_filter ] --START--
INFO: Run Behavior\ContentReplaceBehavior [ RunTime:0.000082s ]
INFO: [ template_filter ] --END-- [ RunTime:0.000126s ]
INFO: Run Behavior\ParseTemplateBehavior [ RunTime:0.008718s ]
INFO: [ view_parse ] --END-- [ RunTime:0.008783s ]
INFO: [ view_filter ] --START--
INFO: Run Behavior\WriteHtmlCacheBehavior [ RunTime:0.000597s ]
INFO: [ view_filter ] --END-- [ RunTime:0.000645s ]
INFO: [ app_end ] --START--
INFO: Run Behavior\ShowPageTraceBehavior [ RunTime:0.000787s ]
INFO: [ app_end ] --END-- [ RunTime:0.000833s ]

[ 2017-02-06T10:47:07+08:00 ] 127.0.0.1 /myysy/dingtalk.php/OrderProcess/OrderApprove
INFO: [ app_init ] --START--
INFO: Run Behavior\BuildLiteBehavior [ RunTime:0.000020s ]
INFO: [ app_init ] --END-- [ RunTime:0.000841s ]
INFO: [ app_begin ] --START--
INFO: Run Behavior\ReadHtmlCacheBehavior [ RunTime:0.000911s ]
INFO: [ app_begin ] --END-- [ RunTime:0.000986s ]
SQL: SHOW COLUMNS FROM `think_ysy_goodspackage` [ RunTime:0.0055s ]
SQL: SELECT * FROM `think_ysy_goodspackage` WHERE ( status = 0 )  [ RunTime:0.0004s ]
INFO: [ view_parse ] --START--
INFO: [ template_filter ] --START--
INFO: Run Behavior\ContentReplaceBehavior [ RunTime:0.000081s ]
INFO: [ template_filter ] --END-- [ RunTime:0.000128s ]
INFO: Run Behavior\ParseTemplateBehavior [ RunTime:0.010288s ]
INFO: [ view_parse ] --END-- [ RunTime:0.010337s ]
INFO: [ view_filter ] --START--
INFO: Run Behavior\WriteHtmlCacheBehavior [ RunTime:0.000544s ]
INFO: [ view_filter ] --END-- [ RunTime:0.000586s ]
INFO: [ app_end ] --START--
INFO: Run Behavior\ShowPageTraceBehavior [ RunTime:0.000799s ]
INFO: [ app_end ] --END-- [ RunTime:0.000845s ]

[ 2017-02-06T10:47:10+08:00 ] 127.0.0.1 /myysy/dingtalk.php/OrderProcess/OrderApprove/actionRequestService.html?type=getaddress&tel=1
INFO: [ app_init ] --START--
INFO: Run Behavior\BuildLiteBehavior [ RunTime:0.000013s ]
INFO: [ app_init ] --END-- [ RunTime:0.000561s ]
INFO: [ app_begin ] --START--
INFO: Run Behavior\ReadHtmlCacheBehavior [ RunTime:0.000684s ]
INFO: [ app_begin ] --END-- [ RunTime:0.000741s ]
SQL: SHOW COLUMNS FROM `think_ysy_address` [ RunTime:0.0068s ]
SQL: SELECT * FROM `think_ysy_address` WHERE ( tel='1' ) LIMIT 1   [ RunTime:0.0008s ]

[ 2017-02-06T10:47:15+08:00 ] 127.0.0.1 /myysy/dingtalk.php/OrderProcess/OrderApprove/actionRequestService.html?type=getaddress&tel=wewe
INFO: [ app_init ] --START--
INFO: Run Behavior\BuildLiteBehavior [ RunTime:0.000013s ]
INFO: [ app_init ] --END-- [ RunTime:0.000548s ]
INFO: [ app_begin ] --START--
INFO: Run Behavior\ReadHtmlCacheBehavior [ RunTime:0.000695s ]
INFO: [ app_begin ] --END-- [ RunTime:0.000742s ]
SQL: SHOW COLUMNS FROM `think_ysy_address` [ RunTime:0.0053s ]
SQL: SELECT * FROM `think_ysy_address` WHERE ( tel='wewe' ) LIMIT 1   [ RunTime:0.0003s ]

[ 2017-02-06T10:54:22+08:00 ] 127.0.0.1 /myysy/dingtalk.php/OrderProcess/OrderApprove
INFO: [ app_init ] --START--
INFO: Run Behavior\BuildLiteBehavior [ RunTime:0.000014s ]
INFO: [ app_init ] --END-- [ RunTime:0.000600s ]
INFO: [ app_begin ] --START--
INFO: Run Behavior\ReadHtmlCacheBehavior [ RunTime:0.000824s ]
INFO: [ app_begin ] --END-- [ RunTime:0.000881s ]
SQL: SHOW COLUMNS FROM `think_ysy_goodspackage` [ RunTime:0.0053s ]
SQL: SELECT * FROM `think_ysy_goodspackage` WHERE ( status = 0 )  [ RunTime:0.0004s ]
INFO: [ view_parse ] --START--
INFO: [ template_filter ] --START--
INFO: Run Behavior\ContentReplaceBehavior [ RunTime:0.000082s ]
INFO: [ template_filter ] --END-- [ RunTime:0.000128s ]
INFO: Run Behavior\ParseTemplateBehavior [ RunTime:0.009976s ]
INFO: [ view_parse ] --END-- [ RunTime:0.010028s ]
INFO: [ view_filter ] --START--
INFO: Run Behavior\WriteHtmlCacheBehavior [ RunTime:0.000485s ]
INFO: [ view_filter ] --END-- [ RunTime:0.000518s ]
INFO: [ app_end ] --START--
INFO: Run Behavior\ShowPageTraceBehavior [ RunTime:0.000758s ]
INFO: [ app_end ] --END-- [ RunTime:0.000801s ]

[ 2017-02-06T10:54:26+08:00 ] 127.0.0.1 /myysy/dingtalk.php/OrderProcess/OrderApprove/actionRequestService.html?type=changepackage&id=2147483647
INFO: [ app_init ] --START--
INFO: Run Behavior\BuildLiteBehavior [ RunTime:0.000016s ]
INFO: [ app_init ] --END-- [ RunTime:0.000564s ]
INFO: [ app_begin ] --START--
INFO: Run Behavior\ReadHtmlCacheBehavior [ RunTime:0.000854s ]
INFO: [ app_begin ] --END-- [ RunTime:0.000901s ]
SQL: SHOW COLUMNS FROM `think_ysy_packageprice` [ RunTime:0.0071s ]
SQL: SELECT * FROM `think_ysy_packageprice` WHERE ( packageid = 2147483647 )  [ RunTime:0.0004s ]
SQL: SHOW COLUMNS FROM `think_ysy_goodspackageinfo` [ RunTime:0.0063s ]
SQL: SELECT * FROM `think_ysy_goodspackageinfo` WHERE ( packageid = 2147483647 )  [ RunTime:0.0007s ]
SQL: SHOW COLUMNS FROM `think_ysy_stock` [ RunTime:0.0078s ]
SQL: SELECT * FROM `think_ysy_stock` WHERE ( format_id=3 ) LIMIT 1   [ RunTime:0.0003s ]
SQL: SELECT * FROM `think_ysy_stock` WHERE ( format_id=4 ) LIMIT 1   [ RunTime:0.0002s ]

[ 2017-02-06T10:54:28+08:00 ] 127.0.0.1 /myysy/dingtalk.php/OrderProcess/OrderApprove/actionRequestService.html?type=changepackage&id=2
INFO: [ app_init ] --START--
INFO: Run Behavior\BuildLiteBehavior [ RunTime:0.000014s ]
INFO: [ app_init ] --END-- [ RunTime:0.000591s ]
INFO: [ app_begin ] --START--
INFO: Run Behavior\ReadHtmlCacheBehavior [ RunTime:0.000997s ]
INFO: [ app_begin ] --END-- [ RunTime:0.001084s ]
SQL: SHOW COLUMNS FROM `think_ysy_packageprice` [ RunTime:0.0057s ]
SQL: SELECT * FROM `think_ysy_packageprice` WHERE ( packageid = 2 )  [ RunTime:0.0003s ]

[ 2017-02-06T10:54:38+08:00 ] 127.0.0.1 /myysy/dingtalk.php/OrderProcess/OrderApprove/actionRequestService.html?type=changepackage&id=2147483647
INFO: [ app_init ] --START--
INFO: Run Behavior\BuildLiteBehavior [ RunTime:0.000015s ]
INFO: [ app_init ] --END-- [ RunTime:0.000706s ]
INFO: [ app_begin ] --START--
INFO: Run Behavior\ReadHtmlCacheBehavior [ RunTime:0.000648s ]
INFO: [ app_begin ] --END-- [ RunTime:0.000695s ]
SQL: SHOW COLUMNS FROM `think_ysy_packageprice` [ RunTime:0.0148s ]
SQL: SELECT * FROM `think_ysy_packageprice` WHERE ( packageid = 2147483647 )  [ RunTime:0.0004s ]
SQL: SHOW COLUMNS FROM `think_ysy_goodspackageinfo` [ RunTime:0.0065s ]
SQL: SELECT * FROM `think_ysy_goodspackageinfo` WHERE ( packageid = 2147483647 )  [ RunTime:0.0006s ]
SQL: SHOW COLUMNS FROM `think_ysy_stock` [ RunTime:0.0053s ]
SQL: SELECT * FROM `think_ysy_stock` WHERE ( format_id=3 ) LIMIT 1   [ RunTime:0.0003s ]
SQL: SELECT * FROM `think_ysy_stock` WHERE ( format_id=4 ) LIMIT 1   [ RunTime:0.0003s ]

[ 2017-02-06T11:01:40+08:00 ] 127.0.0.1 /myysy/dingtalk.php/OrderProcess/OrderApprove
INFO: [ app_init ] --START--
INFO: Run Behavior\BuildLiteBehavior [ RunTime:0.000015s ]
INFO: [ app_init ] --END-- [ RunTime:0.000646s ]
INFO: [ app_begin ] --START--
INFO: Run Behavior\ReadHtmlCacheBehavior [ RunTime:0.000732s ]
INFO: [ app_begin ] --END-- [ RunTime:0.000779s ]
SQL: SHOW COLUMNS FROM `think_ysy_goodspackage` [ RunTime:0.0056s ]
SQL: SELECT * FROM `think_ysy_goodspackage` WHERE ( status = 0 )  [ RunTime:0.0004s ]
INFO: [ view_parse ] --START--
INFO: [ template_filter ] --START--
INFO: Run Behavior\ContentReplaceBehavior [ RunTime:0.000103s ]
INFO: [ template_filter ] --END-- [ RunTime:0.000165s ]
INFO: Run Behavior\ParseTemplateBehavior [ RunTime:0.010277s ]
INFO: [ view_parse ] --END-- [ RunTime:0.010334s ]
INFO: [ view_filter ] --START--
INFO: Run Behavior\WriteHtmlCacheBehavior [ RunTime:0.000494s ]
INFO: [ view_filter ] --END-- [ RunTime:0.000527s ]
INFO: [ app_end ] --START--
INFO: Run Behavior\ShowPageTraceBehavior [ RunTime:0.000805s ]
INFO: [ app_end ] --END-- [ RunTime:0.000849s ]

[ 2017-02-06T11:04:47+08:00 ] 127.0.0.1 /myysy/dingtalk.php/OrderProcess/OrderApprove/actionRequestService.html?type=changepackage&id=2147483647
INFO: [ app_init ] --START--
INFO: Run Behavior\BuildLiteBehavior [ RunTime:0.000022s ]
INFO: [ app_init ] --END-- [ RunTime:0.000696s ]
INFO: [ app_begin ] --START--
INFO: Run Behavior\ReadHtmlCacheBehavior [ RunTime:0.000789s ]
INFO: [ app_begin ] --END-- [ RunTime:0.000834s ]
SQL: SHOW COLUMNS FROM `think_ysy_packageprice` [ RunTime:0.0054s ]
SQL: SELECT * FROM `think_ysy_packageprice` WHERE ( packageid = 2147483647 )  [ RunTime:0.0005s ]
SQL: SHOW COLUMNS FROM `think_ysy_goodspackageinfo` [ RunTime:0.0063s ]
SQL: SELECT * FROM `think_ysy_goodspackageinfo` WHERE ( packageid = 2147483647 )  [ RunTime:0.0003s ]
SQL: SHOW COLUMNS FROM `think_ysy_stock` [ RunTime:0.0050s ]
SQL: SELECT * FROM `think_ysy_stock` WHERE ( format_id=3 ) LIMIT 1   [ RunTime:0.0003s ]
SQL: SELECT * FROM `think_ysy_stock` WHERE ( format_id=4 ) LIMIT 1   [ RunTime:0.0002s ]

[ 2017-02-06T11:04:49+08:00 ] 127.0.0.1 /myysy/dingtalk.php/OrderProcess/OrderApprove/actionRequestService.html?type=changepackage&id=2
INFO: [ app_init ] --START--
INFO: Run Behavior\BuildLiteBehavior [ RunTime:0.000013s ]
INFO: [ app_init ] --END-- [ RunTime:0.000570s ]
INFO: [ app_begin ] --START--
INFO: Run Behavior\ReadHtmlCacheBehavior [ RunTime:0.000646s ]
INFO: [ app_begin ] --END-- [ RunTime:0.000689s ]
SQL: SHOW COLUMNS FROM `think_ysy_packageprice` [ RunTime:0.0056s ]
SQL: SELECT * FROM `think_ysy_packageprice` WHERE ( packageid = 2 )  [ RunTime:0.0004s ]

[ 2017-02-06T11:08:30+08:00 ] 127.0.0.1 /myysy/dingtalk.php/OrderProcess/OrderApprove/actionRequestService.html?type=getaddress&tel=1
INFO: [ app_init ] --START--
INFO: Run Behavior\BuildLiteBehavior [ RunTime:0.000014s ]
INFO: [ app_init ] --END-- [ RunTime:0.000653s ]
INFO: [ app_begin ] --START--
INFO: Run Behavior\ReadHtmlCacheBehavior [ RunTime:0.000732s ]
INFO: [ app_begin ] --END-- [ RunTime:0.000775s ]
SQL: SHOW COLUMNS FROM `think_ysy_address` [ RunTime:0.0070s ]
SQL: SELECT * FROM `think_ysy_address` WHERE ( tel='1' ) LIMIT 1   [ RunTime:0.0005s ]

[ 2017-02-06T11:42:32+08:00 ] 127.0.0.1 /myysy/dingtalk.php/OrderProcess/OrderApprove
INFO: [ app_init ] --START--
INFO: Run Behavior\BuildLiteBehavior [ RunTime:0.000016s ]
INFO: [ app_init ] --END-- [ RunTime:0.014462s ]
INFO: [ app_begin ] --START--
INFO: Run Behavior\ReadHtmlCacheBehavior [ RunTime:0.011789s ]
INFO: [ app_begin ] --END-- [ RunTime:0.011886s ]
SQL: SHOW COLUMNS FROM `think_ysy_goodspackage` [ RunTime:0.0913s ]
SQL: SELECT * FROM `think_ysy_goodspackage` WHERE ( status = 0 )  [ RunTime:0.0277s ]
INFO: [ view_parse ] --START--
INFO: [ template_filter ] --START--
INFO: Run Behavior\ContentReplaceBehavior [ RunTime:0.008759s ]
INFO: [ template_filter ] --END-- [ RunTime:0.008822s ]
INFO: Run Behavior\ParseTemplateBehavior [ RunTime:0.116379s ]
INFO: [ view_parse ] --END-- [ RunTime:0.116436s ]
INFO: [ view_filter ] --START--
INFO: Run Behavior\WriteHtmlCacheBehavior [ RunTime:0.017861s ]
INFO: [ view_filter ] --END-- [ RunTime:0.017913s ]
INFO: [ app_end ] --START--
INFO: Run Behavior\ShowPageTraceBehavior [ RunTime:0.026216s ]
INFO: [ app_end ] --END-- [ RunTime:0.026285s ]

[ 2017-02-06T11:42:35+08:00 ] 127.0.0.1 /myysy/dingtalk.php/OrderProcess/OrderApprove/actionRequestService.html?type=submitform&data%5B0%5D%5Bname%5D=orderid&data%5B0%5D%5Bvalue%5D=0&data%5B1%5D%5Bname%5D=rece_tel&data%5B1%5D%5Bvalue%5D=&data%5B2%5D%5Bname%5D=rece_name&data%5B2%5D%5Bvalue%5D=&data%5B3%5D%5Bname%5D=rece_addr&data%5B3%5D%5Bvalue%5D=&data%5B4%5D%5Bname%5D=requireddeliverytime&data%5B4%5D%5Bvalue%5D=2017-02-06&data%5B5%5D%5Bname%5D=deliveryttpe&data%5B5%5D%5Bvalue%5D=0
INFO: [ app_init ] --START--
INFO: Run Behavior\BuildLiteBehavior [ RunTime:0.000024s ]
INFO: [ app_init ] --END-- [ RunTime:0.000605s ]
INFO: [ app_begin ] --START--
INFO: Run Behavior\ReadHtmlCacheBehavior [ RunTime:0.000662s ]
INFO: [ app_begin ] --END-- [ RunTime:0.000716s ]

[ 2017-02-06T11:42:40+08:00 ] 127.0.0.1 /myysy/dingtalk.php/OrderProcess/OrderApprove
INFO: [ app_init ] --START--
INFO: Run Behavior\BuildLiteBehavior [ RunTime:0.000014s ]
INFO: [ app_init ] --END-- [ RunTime:0.000551s ]
INFO: [ app_begin ] --START--
INFO: Run Behavior\ReadHtmlCacheBehavior [ RunTime:0.000674s ]
INFO: [ app_begin ] --END-- [ RunTime:0.000721s ]
SQL: SHOW COLUMNS FROM `think_ysy_goodspackage` [ RunTime:0.0067s ]
SQL: SELECT * FROM `think_ysy_goodspackage` WHERE ( status = 0 )  [ RunTime:0.0004s ]
INFO: [ view_parse ] --START--
INFO: [ template_filter ] --START--
INFO: Run Behavior\ContentReplaceBehavior [ RunTime:0.000084s ]
INFO: [ template_filter ] --END-- [ RunTime:0.000133s ]
INFO: Run Behavior\ParseTemplateBehavior [ RunTime:0.008981s ]
INFO: [ view_parse ] --END-- [ RunTime:0.009034s ]
INFO: [ view_filter ] --START--
INFO: Run Behavior\WriteHtmlCacheBehavior [ RunTime:0.000500s ]
INFO: [ view_filter ] --END-- [ RunTime:0.000535s ]
INFO: [ app_end ] --START--
INFO: Run Behavior\ShowPageTraceBehavior [ RunTime:0.000776s ]
INFO: [ app_end ] --END-- [ RunTime:0.000833s ]

[ 2017-02-06T11:42:42+08:00 ] 127.0.0.1 /myysy/dingtalk.php/OrderProcess/OrderApprove
INFO: [ app_init ] --START--
INFO: Run Behavior\BuildLiteBehavior [ RunTime:0.000014s ]
INFO: [ app_init ] --END-- [ RunTime:0.000527s ]
INFO: [ app_begin ] --START--
INFO: Run Behavior\ReadHtmlCacheBehavior [ RunTime:0.000833s ]
INFO: [ app_begin ] --END-- [ RunTime:0.000900s ]
SQL: SHOW COLUMNS FROM `think_ysy_goodspackage` [ RunTime:0.0485s ]
SQL: SELECT * FROM `think_ysy_goodspackage` WHERE ( status = 0 )  [ RunTime:0.0004s ]
INFO: [ view_parse ] --START--
INFO: [ template_filter ] --START--
INFO: Run Behavior\ContentReplaceBehavior [ RunTime:0.000131s ]
INFO: [ template_filter ] --END-- [ RunTime:0.000202s ]
INFO: Run Behavior\ParseTemplateBehavior [ RunTime:0.011498s ]
INFO: [ view_parse ] --END-- [ RunTime:0.011557s ]
INFO: [ view_filter ] --START--
INFO: Run Behavior\WriteHtmlCacheBehavior [ RunTime:0.000435s ]
INFO: [ view_filter ] --END-- [ RunTime:0.000472s ]
INFO: [ app_end ] --START--
INFO: Run Behavior\ShowPageTraceBehavior [ RunTime:0.000737s ]
INFO: [ app_end ] --END-- [ RunTime:0.000792s ]

[ 2017-02-06T11:42:43+08:00 ] 127.0.0.1 /myysy/dingtalk.php/OrderProcess/OrderApprove/actionRequestService.html?type=submitform&data%5B0%5D%5Bname%5D=orderid&data%5B0%5D%5Bvalue%5D=0&data%5B1%5D%5Bname%5D=rece_tel&data%5B1%5D%5Bvalue%5D=&data%5B2%5D%5Bname%5D=rece_name&data%5B2%5D%5Bvalue%5D=&data%5B3%5D%5Bname%5D=rece_addr&data%5B3%5D%5Bvalue%5D=&data%5B4%5D%5Bname%5D=requireddeliverytime&data%5B4%5D%5Bvalue%5D=2017-02-06&data%5B5%5D%5Bname%5D=deliveryttpe&data%5B5%5D%5Bvalue%5D=0
INFO: [ app_init ] --START--
INFO: Run Behavior\BuildLiteBehavior [ RunTime:0.000027s ]
INFO: [ app_init ] --END-- [ RunTime:0.001116s ]
INFO: [ app_begin ] --START--
INFO: Run Behavior\ReadHtmlCacheBehavior [ RunTime:0.001120s ]
INFO: [ app_begin ] --END-- [ RunTime:0.001200s ]

[ 2017-02-06T11:43:01+08:00 ] 127.0.0.1 /myysy/dingtalk.php/OrderProcess/OrderApprove
INFO: [ app_init ] --START--
INFO: Run Behavior\BuildLiteBehavior [ RunTime:0.000026s ]
INFO: [ app_init ] --END-- [ RunTime:0.000892s ]
INFO: [ app_begin ] --START--
INFO: Run Behavior\ReadHtmlCacheBehavior [ RunTime:0.000984s ]
INFO: [ app_begin ] --END-- [ RunTime:0.001066s ]
SQL: SHOW COLUMNS FROM `think_ysy_goodspackage` [ RunTime:0.0058s ]
SQL: SELECT * FROM `think_ysy_goodspackage` WHERE ( status = 0 )  [ RunTime:0.0004s ]
INFO: [ view_parse ] --START--
INFO: [ template_filter ] --START--
INFO: Run Behavior\ContentReplaceBehavior [ RunTime:0.000084s ]
INFO: [ template_filter ] --END-- [ RunTime:0.000132s ]
INFO: Run Behavior\ParseTemplateBehavior [ RunTime:0.009080s ]
INFO: [ view_parse ] --END-- [ RunTime:0.009140s ]
INFO: [ view_filter ] --START--
INFO: Run Behavior\WriteHtmlCacheBehavior [ RunTime:0.000493s ]
INFO: [ view_filter ] --END-- [ RunTime:0.000544s ]
INFO: [ app_end ] --START--
INFO: Run Behavior\ShowPageTraceBehavior [ RunTime:0.000767s ]
INFO: [ app_end ] --END-- [ RunTime:0.000813s ]

[ 2017-02-06T11:43:03+08:00 ] 127.0.0.1 /myysy/dingtalk.php/OrderProcess/OrderApprove/actionRequestService.html?type=submitform&data%5B0%5D%5Bname%5D=orderid&data%5B0%5D%5Bvalue%5D=0&data%5B1%5D%5Bname%5D=rece_tel&data%5B1%5D%5Bvalue%5D=&data%5B2%5D%5Bname%5D=rece_name&data%5B2%5D%5Bvalue%5D=&data%5B3%5D%5Bname%5D=rece_addr&data%5B3%5D%5Bvalue%5D=&data%5B4%5D%5Bname%5D=requireddeliverytime&data%5B4%5D%5Bvalue%5D=2017-02-06&data%5B5%5D%5Bname%5D=deliveryttpe&data%5B5%5D%5Bvalue%5D=0
INFO: [ app_init ] --START--
INFO: Run Behavior\BuildLiteBehavior [ RunTime:0.000024s ]
INFO: [ app_init ] --END-- [ RunTime:0.000763s ]
INFO: [ app_begin ] --START--
INFO: Run Behavior\ReadHtmlCacheBehavior [ RunTime:0.000995s ]
INFO: [ app_begin ] --END-- [ RunTime:0.001065s ]
SQL: SHOW COLUMNS FROM `think_ysy_order` [ RunTime:0.0393s ]
ERR: 1062:Duplicate entry '2147483647' for key 'PRIMARY'
 [ SQL语句 ] : INSERT INTO `think_ysy_order` (`addtime`,`belonger`,`order_id`,`rece_tel`,`rece_name`,`rece_addr`,`requireddeliverytime`,`deliveryttpe`) VALUES ('1486352582','1','2147483647','','','','1486310400','0')
INFO: [ app_end ] --START--
INFO: Run Behavior\ShowPageTraceBehavior [ RunTime:0.000659s ]
INFO: [ app_end ] --END-- [ RunTime:0.000711s ]

[ 2017-02-06T11:43:08+08:00 ] 127.0.0.1 /myysy/dingtalk.php/OrderProcess/OrderApprove
INFO: [ app_init ] --START--
INFO: Run Behavior\BuildLiteBehavior [ RunTime:0.000027s ]
INFO: [ app_init ] --END-- [ RunTime:0.000844s ]
INFO: [ app_begin ] --START--
INFO: Run Behavior\ReadHtmlCacheBehavior [ RunTime:0.001064s ]
INFO: [ app_begin ] --END-- [ RunTime:0.001156s ]
SQL: SHOW COLUMNS FROM `think_ysy_goodspackage` [ RunTime:0.0057s ]
SQL: SELECT * FROM `think_ysy_goodspackage` WHERE ( status = 0 )  [ RunTime:0.0004s ]
INFO: [ view_parse ] --START--
INFO: [ template_filter ] --START--
INFO: Run Behavior\ContentReplaceBehavior [ RunTime:0.000086s ]
INFO: [ template_filter ] --END-- [ RunTime:0.000135s ]
INFO: Run Behavior\ParseTemplateBehavior [ RunTime:0.009756s ]
INFO: [ view_parse ] --END-- [ RunTime:0.009805s ]
INFO: [ view_filter ] --START--
INFO: Run Behavior\WriteHtmlCacheBehavior [ RunTime:0.000440s ]
INFO: [ view_filter ] --END-- [ RunTime:0.000475s ]
INFO: [ app_end ] --START--
INFO: Run Behavior\ShowPageTraceBehavior [ RunTime:0.000719s ]
INFO: [ app_end ] --END-- [ RunTime:0.000775s ]

[ 2017-02-06T11:43:09+08:00 ] 127.0.0.1 /myysy/dingtalk.php/OrderProcess/OrderApprove
INFO: [ app_init ] --START--
INFO: Run Behavior\BuildLiteBehavior [ RunTime:0.000037s ]
INFO: [ app_init ] --END-- [ RunTime:0.001873s ]
INFO: [ app_begin ] --START--
INFO: Run Behavior\ReadHtmlCacheBehavior [ RunTime:0.001059s ]
INFO: [ app_begin ] --END-- [ RunTime:0.001155s ]
SQL: SHOW COLUMNS FROM `think_ysy_goodspackage` [ RunTime:0.0062s ]
SQL: SELECT * FROM `think_ysy_goodspackage` WHERE ( status = 0 )  [ RunTime:0.0004s ]
INFO: [ view_parse ] --START--
INFO: [ template_filter ] --START--
INFO: Run Behavior\ContentReplaceBehavior [ RunTime:0.000084s ]
INFO: [ template_filter ] --END-- [ RunTime:0.000129s ]
INFO: Run Behavior\ParseTemplateBehavior [ RunTime:0.053935s ]
INFO: [ view_parse ] --END-- [ RunTime:0.054000s ]
INFO: [ view_filter ] --START--
INFO: Run Behavior\WriteHtmlCacheBehavior [ RunTime:0.000467s ]
INFO: [ view_filter ] --END-- [ RunTime:0.000503s ]
INFO: [ app_end ] --START--
INFO: Run Behavior\ShowPageTraceBehavior [ RunTime:0.000736s ]
INFO: [ app_end ] --END-- [ RunTime:0.000783s ]

[ 2017-02-06T11:43:17+08:00 ] 127.0.0.1 /myysy/dingtalk.php/OrderProcess/OrderApprove
INFO: [ app_init ] --START--
INFO: Run Behavior\BuildLiteBehavior [ RunTime:0.000025s ]
INFO: [ app_init ] --END-- [ RunTime:0.000833s ]
INFO: [ app_begin ] --START--
INFO: Run Behavior\ReadHtmlCacheBehavior [ RunTime:0.001144s ]
INFO: [ app_begin ] --END-- [ RunTime:0.001246s ]
SQL: SHOW COLUMNS FROM `think_ysy_goodspackage` [ RunTime:0.0196s ]
SQL: SELECT * FROM `think_ysy_goodspackage` WHERE ( status = 0 )  [ RunTime:0.0004s ]
INFO: [ view_parse ] --START--
INFO: [ template_filter ] --START--
INFO: Run Behavior\ContentReplaceBehavior [ RunTime:0.000150s ]
INFO: [ template_filter ] --END-- [ RunTime:0.000262s ]
INFO: Run Behavior\ParseTemplateBehavior [ RunTime:0.009063s ]
INFO: [ view_parse ] --END-- [ RunTime:0.009114s ]
INFO: [ view_filter ] --START--
INFO: Run Behavior\WriteHtmlCacheBehavior [ RunTime:0.000426s ]
INFO: [ view_filter ] --END-- [ RunTime:0.000461s ]
INFO: [ app_end ] --START--
INFO: Run Behavior\ShowPageTraceBehavior [ RunTime:0.000864s ]
INFO: [ app_end ] --END-- [ RunTime:0.000938s ]

[ 2017-02-06T11:43:19+08:00 ] 127.0.0.1 /myysy/dingtalk.php/OrderProcess/OrderApprove/actionRequestService.html?type=submitform&data%5B0%5D%5Bname%5D=orderid&data%5B0%5D%5Bvalue%5D=0&data%5B1%5D%5Bname%5D=rece_tel&data%5B1%5D%5Bvalue%5D=&data%5B2%5D%5Bname%5D=rece_name&data%5B2%5D%5Bvalue%5D=&data%5B3%5D%5Bname%5D=rece_addr&data%5B3%5D%5Bvalue%5D=&data%5B4%5D%5Bname%5D=requireddeliverytime&data%5B4%5D%5Bvalue%5D=2017-02-06&data%5B5%5D%5Bname%5D=deliveryttpe&data%5B5%5D%5Bvalue%5D=0
INFO: [ app_init ] --START--
INFO: Run Behavior\BuildLiteBehavior [ RunTime:0.000014s ]
INFO: [ app_init ] --END-- [ RunTime:0.000549s ]
INFO: [ app_begin ] --START--
INFO: Run Behavior\ReadHtmlCacheBehavior [ RunTime:0.000697s ]
INFO: [ app_begin ] --END-- [ RunTime:0.000741s ]

[ 2017-02-06T11:43:53+08:00 ] 127.0.0.1 /myysy/dingtalk.php/OrderProcess/OrderApprove
INFO: [ app_init ] --START--
INFO: Run Behavior\BuildLiteBehavior [ RunTime:0.000018s ]
INFO: [ app_init ] --END-- [ RunTime:0.000573s ]
INFO: [ app_begin ] --START--
INFO: Run Behavior\ReadHtmlCacheBehavior [ RunTime:0.001031s ]
INFO: [ app_begin ] --END-- [ RunTime:0.001115s ]
SQL: SHOW COLUMNS FROM `think_ysy_goodspackage` [ RunTime:0.0058s ]
SQL: SELECT * FROM `think_ysy_goodspackage` WHERE ( status = 0 )  [ RunTime:0.0005s ]
INFO: [ view_parse ] --START--
INFO: [ template_filter ] --START--
INFO: Run Behavior\ContentReplaceBehavior [ RunTime:0.000130s ]
INFO: [ template_filter ] --END-- [ RunTime:0.000194s ]
INFO: Run Behavior\ParseTemplateBehavior [ RunTime:0.011071s ]
INFO: [ view_parse ] --END-- [ RunTime:0.011160s ]
INFO: [ view_filter ] --START--
INFO: Run Behavior\WriteHtmlCacheBehavior [ RunTime:0.000440s ]
INFO: [ view_filter ] --END-- [ RunTime:0.000475s ]
INFO: [ app_end ] --START--
INFO: Run Behavior\ShowPageTraceBehavior [ RunTime:0.000704s ]
INFO: [ app_end ] --END-- [ RunTime:0.000751s ]

[ 2017-02-06T11:43:55+08:00 ] 127.0.0.1 /myysy/dingtalk.php/OrderProcess/OrderApprove/actionRequestService.html?type=submitform&data%5B0%5D%5Bname%5D=orderid&data%5B0%5D%5Bvalue%5D=0&data%5B1%5D%5Bname%5D=rece_tel&data%5B1%5D%5Bvalue%5D=&data%5B2%5D%5Bname%5D=rece_name&data%5B2%5D%5Bvalue%5D=&data%5B3%5D%5Bname%5D=rece_addr&data%5B3%5D%5Bvalue%5D=&data%5B4%5D%5Bname%5D=requireddeliverytime&data%5B4%5D%5Bvalue%5D=2017-02-06&data%5B5%5D%5Bname%5D=deliveryttpe&data%5B5%5D%5Bvalue%5D=0
INFO: [ app_init ] --START--
INFO: Run Behavior\BuildLiteBehavior [ RunTime:0.000017s ]
INFO: [ app_init ] --END-- [ RunTime:0.000585s ]
INFO: [ app_begin ] --START--
INFO: Run Behavior\ReadHtmlCacheBehavior [ RunTime:0.000654s ]
INFO: [ app_begin ] --END-- [ RunTime:0.000701s ]

[ 2017-02-06T11:44:43+08:00 ] 127.0.0.1 /myysy/dingtalk.php/OrderProcess/OrderApprove
INFO: [ app_init ] --START--
INFO: Run Behavior\BuildLiteBehavior [ RunTime:0.000018s ]
INFO: [ app_init ] --END-- [ RunTime:0.000799s ]
INFO: [ app_begin ] --START--
INFO: Run Behavior\ReadHtmlCacheBehavior [ RunTime:0.001329s ]
INFO: [ app_begin ] --END-- [ RunTime:0.001443s ]
SQL: SHOW COLUMNS FROM `think_ysy_goodspackage` [ RunTime:0.0351s ]
SQL: SELECT * FROM `think_ysy_goodspackage` WHERE ( status = 0 )  [ RunTime:0.0005s ]
INFO: [ view_parse ] --START--
INFO: [ template_filter ] --START--
INFO: Run Behavior\ContentReplaceBehavior [ RunTime:0.000088s ]
INFO: [ template_filter ] --END-- [ RunTime:0.000135s ]
INFO: Run Behavior\ParseTemplateBehavior [ RunTime:0.009741s ]
INFO: [ view_parse ] --END-- [ RunTime:0.009790s ]
INFO: [ view_filter ] --START--
INFO: Run Behavior\WriteHtmlCacheBehavior [ RunTime:0.000529s ]
INFO: [ view_filter ] --END-- [ RunTime:0.000563s ]
INFO: [ app_end ] --START--
INFO: Run Behavior\ShowPageTraceBehavior [ RunTime:0.000773s ]
INFO: [ app_end ] --END-- [ RunTime:0.000820s ]

[ 2017-02-06T11:44:44+08:00 ] 127.0.0.1 /myysy/dingtalk.php/OrderProcess/OrderApprove/actionRequestService.html?type=submitform&data%5B0%5D%5Bname%5D=orderid&data%5B0%5D%5Bvalue%5D=0&data%5B1%5D%5Bname%5D=rece_tel&data%5B1%5D%5Bvalue%5D=&data%5B2%5D%5Bname%5D=rece_name&data%5B2%5D%5Bvalue%5D=&data%5B3%5D%5Bname%5D=rece_addr&data%5B3%5D%5Bvalue%5D=&data%5B4%5D%5Bname%5D=requireddeliverytime&data%5B4%5D%5Bvalue%5D=2017-02-06&data%5B5%5D%5Bname%5D=deliveryttpe&data%5B5%5D%5Bvalue%5D=0
INFO: [ app_init ] --START--
INFO: Run Behavior\BuildLiteBehavior [ RunTime:0.000023s ]
INFO: [ app_init ] --END-- [ RunTime:0.000835s ]
INFO: [ app_begin ] --START--
INFO: Run Behavior\ReadHtmlCacheBehavior [ RunTime:0.001053s ]
INFO: [ app_begin ] --END-- [ RunTime:0.001137s ]

[ 2017-02-06T11:44:57+08:00 ] 127.0.0.1 /myysy/dingtalk.php/OrderProcess/OrderApprove
INFO: [ app_init ] --START--
INFO: Run Behavior\BuildLiteBehavior [ RunTime:0.000014s ]
INFO: [ app_init ] --END-- [ RunTime:0.000636s ]
INFO: [ app_begin ] --START--
INFO: Run Behavior\ReadHtmlCacheBehavior [ RunTime:0.000704s ]
INFO: [ app_begin ] --END-- [ RunTime:0.000750s ]
SQL: SHOW COLUMNS FROM `think_ysy_goodspackage` [ RunTime:0.0054s ]
SQL: SELECT * FROM `think_ysy_goodspackage` WHERE ( status = 0 )  [ RunTime:0.0005s ]
INFO: [ view_parse ] --START--
INFO: [ template_filter ] --START--
INFO: Run Behavior\ContentReplaceBehavior [ RunTime:0.000089s ]
INFO: [ template_filter ] --END-- [ RunTime:0.000137s ]
INFO: Run Behavior\ParseTemplateBehavior [ RunTime:0.009818s ]
INFO: [ view_parse ] --END-- [ RunTime:0.009871s ]
INFO: [ view_filter ] --START--
INFO: Run Behavior\WriteHtmlCacheBehavior [ RunTime:0.000449s ]
INFO: [ view_filter ] --END-- [ RunTime:0.000516s ]
INFO: [ app_end ] --START--
INFO: Run Behavior\ShowPageTraceBehavior [ RunTime:0.000681s ]
INFO: [ app_end ] --END-- [ RunTime:0.000726s ]

[ 2017-02-06T11:45:01+08:00 ] 127.0.0.1 /myysy/dingtalk.php/OrderProcess/OrderApprove/actionRequestService.html?type=getaddress&tel=1
INFO: [ app_init ] --START--
INFO: Run Behavior\BuildLiteBehavior [ RunTime:0.000018s ]
INFO: [ app_init ] --END-- [ RunTime:0.000815s ]
INFO: [ app_begin ] --START--
INFO: Run Behavior\ReadHtmlCacheBehavior [ RunTime:0.000698s ]
INFO: [ app_begin ] --END-- [ RunTime:0.000751s ]
SQL: SHOW COLUMNS FROM `think_ysy_address` [ RunTime:0.0069s ]
SQL: SELECT * FROM `think_ysy_address` WHERE ( tel='1' ) LIMIT 1   [ RunTime:0.0320s ]

[ 2017-02-06T11:45:18+08:00 ] 127.0.0.1 /myysy/dingtalk.php/OrderProcess/OrderApprove/actionRequestService.html?type=submitform&data%5B0%5D%5Bname%5D=orderid&data%5B0%5D%5Bvalue%5D=0&data%5B1%5D%5Bname%5D=rece_tel&data%5B1%5D%5Bvalue%5D=1&data%5B2%5D%5Bname%5D=rece_name&data%5B2%5D%5Bvalue%5D=3&data%5B3%5D%5Bname%5D=rece_addr&data%5B3%5D%5Bvalue%5D=2&data%5B4%5D%5Bname%5D=requireddeliverytime&data%5B4%5D%5Bvalue%5D=2017-02-06&data%5B5%5D%5Bname%5D=deliveryttpe&data%5B5%5D%5Bvalue%5D=1&data%5B6%5D%5Bname%5D=price%5B%5D&data%5B6%5D%5Bvalue%5D=&data%5B7%5D%5Bname%5D=package_id%5B%5D&data%5B7%5D%5Bvalue%5D=2&data%5B8%5D%5Bname%5D=ordertype%5B%5D&data%5B8%5D%5Bvalue%5D=1&data%5B9%5D%5Bname%5D=num%5B%5D&data%5B9%5D%5Bvalue%5D=
INFO: [ app_init ] --START--
INFO: Run Behavior\BuildLiteBehavior [ RunTime:0.000014s ]
INFO: [ app_init ] --END-- [ RunTime:0.000558s ]
INFO: [ app_begin ] --START--
INFO: Run Behavior\ReadHtmlCacheBehavior [ RunTime:0.000708s ]
INFO: [ app_begin ] --END-- [ RunTime:0.000750s ]

[ 2017-02-06T11:46:33+08:00 ] 127.0.0.1 /myysy/dingtalk.php/OrderProcess/OrderApprove/actionRequestService.html?type=submitform&data%5B0%5D%5Bname%5D=orderid&data%5B0%5D%5Bvalue%5D=0&data%5B1%5D%5Bname%5D=rece_tel&data%5B1%5D%5Bvalue%5D=1&data%5B2%5D%5Bname%5D=rece_name&data%5B2%5D%5Bvalue%5D=3&data%5B3%5D%5Bname%5D=rece_addr&data%5B3%5D%5Bvalue%5D=2&data%5B4%5D%5Bname%5D=requireddeliverytime&data%5B4%5D%5Bvalue%5D=2017-02-06&data%5B5%5D%5Bname%5D=deliveryttpe&data%5B5%5D%5Bvalue%5D=1&data%5B6%5D%5Bname%5D=price%5B%5D&data%5B6%5D%5Bvalue%5D=&data%5B7%5D%5Bname%5D=package_id%5B%5D&data%5B7%5D%5Bvalue%5D=2&data%5B8%5D%5Bname%5D=ordertype%5B%5D&data%5B8%5D%5Bvalue%5D=1&data%5B9%5D%5Bname%5D=num%5B%5D&data%5B9%5D%5Bvalue%5D=
INFO: [ app_init ] --START--
INFO: Run Behavior\BuildLiteBehavior [ RunTime:0.000024s ]
INFO: [ app_init ] --END-- [ RunTime:0.000719s ]
INFO: [ app_begin ] --START--
INFO: Run Behavior\ReadHtmlCacheBehavior [ RunTime:0.000721s ]
INFO: [ app_begin ] --END-- [ RunTime:0.000769s ]

[ 2017-02-06T11:48:00+08:00 ] 127.0.0.1 /myysy/dingtalk.php/OrderProcess/OrderApprove
INFO: [ app_init ] --START--
INFO: Run Behavior\BuildLiteBehavior [ RunTime:0.000014s ]
INFO: [ app_init ] --END-- [ RunTime:0.000672s ]
INFO: [ app_begin ] --START--
INFO: Run Behavior\ReadHtmlCacheBehavior [ RunTime:0.000722s ]
INFO: [ app_begin ] --END-- [ RunTime:0.000777s ]
SQL: SHOW COLUMNS FROM `think_ysy_goodspackage` [ RunTime:0.0054s ]
SQL: SELECT * FROM `think_ysy_goodspackage` WHERE ( status = 0 )  [ RunTime:0.0004s ]
INFO: [ view_parse ] --START--
INFO: [ template_filter ] --START--
INFO: Run Behavior\ContentReplaceBehavior [ RunTime:0.000130s ]
INFO: [ template_filter ] --END-- [ RunTime:0.000200s ]
INFO: Run Behavior\ParseTemplateBehavior [ RunTime:0.009885s ]
INFO: [ view_parse ] --END-- [ RunTime:0.009939s ]
INFO: [ view_filter ] --START--
INFO: Run Behavior\WriteHtmlCacheBehavior [ RunTime:0.000525s ]
INFO: [ view_filter ] --END-- [ RunTime:0.000564s ]
INFO: [ app_end ] --START--
INFO: Run Behavior\ShowPageTraceBehavior [ RunTime:0.000832s ]
INFO: [ app_end ] --END-- [ RunTime:0.000888s ]

[ 2017-02-06T11:48:03+08:00 ] 127.0.0.1 /myysy/dingtalk.php/OrderProcess/OrderApprove/actionRequestService.html?type=submitform&data%5B0%5D%5Bname%5D=orderid&data%5B0%5D%5Bvalue%5D=0&data%5B1%5D%5Bname%5D=rece_tel&data%5B1%5D%5Bvalue%5D=&data%5B2%5D%5Bname%5D=rece_name&data%5B2%5D%5Bvalue%5D=&data%5B3%5D%5Bname%5D=rece_addr&data%5B3%5D%5Bvalue%5D=&data%5B4%5D%5Bname%5D=requireddeliverytime&data%5B4%5D%5Bvalue%5D=2017-02-06&data%5B5%5D%5Bname%5D=deliveryttpe&data%5B5%5D%5Bvalue%5D=0
INFO: [ app_init ] --START--
INFO: Run Behavior\BuildLiteBehavior [ RunTime:0.000017s ]
INFO: [ app_init ] --END-- [ RunTime:0.000569s ]
INFO: [ app_begin ] --START--
INFO: Run Behavior\ReadHtmlCacheBehavior [ RunTime:0.000841s ]
INFO: [ app_begin ] --END-- [ RunTime:0.000958s ]
INFO: [ app_end ] --START--
INFO: Run Behavior\ShowPageTraceBehavior [ RunTime:0.001097s ]
INFO: [ app_end ] --END-- [ RunTime:0.001197s ]

[ 2017-02-06T11:48:13+08:00 ] 127.0.0.1 /myysy/dingtalk.php/OrderProcess/OrderApprove
INFO: [ app_init ] --START--
INFO: Run Behavior\BuildLiteBehavior [ RunTime:0.000021s ]
INFO: [ app_init ] --END-- [ RunTime:0.000753s ]
INFO: [ app_begin ] --START--
INFO: Run Behavior\ReadHtmlCacheBehavior [ RunTime:0.000750s ]
INFO: [ app_begin ] --END-- [ RunTime:0.000814s ]
SQL: SHOW COLUMNS FROM `think_ysy_goodspackage` [ RunTime:0.0058s ]
SQL: SELECT * FROM `think_ysy_goodspackage` WHERE ( status = 0 )  [ RunTime:0.0005s ]
INFO: [ view_parse ] --START--
INFO: [ template_filter ] --START--
INFO: Run Behavior\ContentReplaceBehavior [ RunTime:0.000118s ]
INFO: [ template_filter ] --END-- [ RunTime:0.000188s ]
INFO: Run Behavior\ParseTemplateBehavior [ RunTime:0.008946s ]
INFO: [ view_parse ] --END-- [ RunTime:0.009027s ]
INFO: [ view_filter ] --START--
INFO: Run Behavior\WriteHtmlCacheBehavior [ RunTime:0.000467s ]
INFO: [ view_filter ] --END-- [ RunTime:0.000505s ]
INFO: [ app_end ] --START--
INFO: Run Behavior\ShowPageTraceBehavior [ RunTime:0.000637s ]
INFO: [ app_end ] --END-- [ RunTime:0.000680s ]

[ 2017-02-06T11:48:14+08:00 ] 127.0.0.1 /myysy/dingtalk.php/OrderProcess/OrderApprove
INFO: [ app_init ] --START--
INFO: Run Behavior\BuildLiteBehavior [ RunTime:0.000017s ]
INFO: [ app_init ] --END-- [ RunTime:0.000580s ]
INFO: [ app_begin ] --START--
INFO: Run Behavior\ReadHtmlCacheBehavior [ RunTime:0.000788s ]
INFO: [ app_begin ] --END-- [ RunTime:0.000851s ]
SQL: SHOW COLUMNS FROM `think_ysy_goodspackage` [ RunTime:0.0060s ]
SQL: SELECT * FROM `think_ysy_goodspackage` WHERE ( status = 0 )  [ RunTime:0.0004s ]
INFO: [ view_parse ] --START--
INFO: [ template_filter ] --START--
INFO: Run Behavior\ContentReplaceBehavior [ RunTime:0.000085s ]
INFO: [ template_filter ] --END-- [ RunTime:0.000134s ]
INFO: Run Behavior\ParseTemplateBehavior [ RunTime:0.009690s ]
INFO: [ view_parse ] --END-- [ RunTime:0.009774s ]
INFO: [ view_filter ] --START--
INFO: Run Behavior\WriteHtmlCacheBehavior [ RunTime:0.000634s ]
INFO: [ view_filter ] --END-- [ RunTime:0.000701s ]
INFO: [ app_end ] --START--
INFO: Run Behavior\ShowPageTraceBehavior [ RunTime:0.000755s ]
INFO: [ app_end ] --END-- [ RunTime:0.000816s ]

[ 2017-02-06T11:48:17+08:00 ] 127.0.0.1 /myysy/dingtalk.php/OrderProcess/OrderApprove/actionRequestService.html?type=submitform&data%5B0%5D%5Bname%5D=orderid&data%5B0%5D%5Bvalue%5D=0&data%5B1%5D%5Bname%5D=rece_tel&data%5B1%5D%5Bvalue%5D=&data%5B2%5D%5Bname%5D=rece_name&data%5B2%5D%5Bvalue%5D=&data%5B3%5D%5Bname%5D=rece_addr&data%5B3%5D%5Bvalue%5D=&data%5B4%5D%5Bname%5D=requireddeliverytime&data%5B4%5D%5Bvalue%5D=2017-02-06&data%5B5%5D%5Bname%5D=deliveryttpe&data%5B5%5D%5Bvalue%5D=0&data%5B6%5D%5Bname%5D=price%5B%5D&data%5B6%5D%5Bvalue%5D=&data%5B7%5D%5Bname%5D=package_id%5B%5D&data%5B7%5D%5Bvalue%5D=2&data%5B8%5D%5Bname%5D=ordertype%5B%5D&data%5B8%5D%5Bvalue%5D=1&data%5B9%5D%5Bname%5D=num%5B%5D&data%5B9%5D%5Bvalue%5D=
INFO: [ app_init ] --START--
INFO: Run Behavior\BuildLiteBehavior [ RunTime:0.000016s ]
INFO: [ app_init ] --END-- [ RunTime:0.000544s ]
INFO: [ app_begin ] --START--
INFO: Run Behavior\ReadHtmlCacheBehavior [ RunTime:0.000910s ]
INFO: [ app_begin ] --END-- [ RunTime:0.000969s ]
INFO: [ app_end ] --START--
INFO: Run Behavior\ShowPageTraceBehavior [ RunTime:0.000866s ]
INFO: [ app_end ] --END-- [ RunTime:0.000941s ]

[ 2017-02-06T11:49:02+08:00 ] 127.0.0.1 /myysy/dingtalk.php/OrderProcess/OrderApprove
INFO: [ app_init ] --START--
INFO: Run Behavior\BuildLiteBehavior [ RunTime:0.000018s ]
INFO: [ app_init ] --END-- [ RunTime:0.000628s ]
INFO: [ app_begin ] --START--
INFO: Run Behavior\ReadHtmlCacheBehavior [ RunTime:0.000781s ]
INFO: [ app_begin ] --END-- [ RunTime:0.000846s ]
SQL: SHOW COLUMNS FROM `think_ysy_goodspackage` [ RunTime:0.0389s ]
SQL: SELECT * FROM `think_ysy_goodspackage` WHERE ( status = 0 )  [ RunTime:0.0004s ]
INFO: [ view_parse ] --START--
INFO: [ template_filter ] --START--
INFO: Run Behavior\ContentReplaceBehavior [ RunTime:0.000083s ]
INFO: [ template_filter ] --END-- [ RunTime:0.000130s ]
INFO: Run Behavior\ParseTemplateBehavior [ RunTime:0.009250s ]
INFO: [ view_parse ] --END-- [ RunTime:0.009334s ]
INFO: [ view_filter ] --START--
INFO: Run Behavior\WriteHtmlCacheBehavior [ RunTime:0.000447s ]
INFO: [ view_filter ] --END-- [ RunTime:0.000494s ]
INFO: [ app_end ] --START--
INFO: Run Behavior\ShowPageTraceBehavior [ RunTime:0.000681s ]
INFO: [ app_end ] --END-- [ RunTime:0.000738s ]

[ 2017-02-06T11:49:04+08:00 ] 127.0.0.1 /myysy/dingtalk.php/OrderProcess/OrderApprove/actionRequestService.html?type=submitform&data%5B0%5D%5Bname%5D=orderid&data%5B0%5D%5Bvalue%5D=0&data%5B1%5D%5Bname%5D=rece_tel&data%5B1%5D%5Bvalue%5D=&data%5B2%5D%5Bname%5D=rece_name&data%5B2%5D%5Bvalue%5D=&data%5B3%5D%5Bname%5D=rece_addr&data%5B3%5D%5Bvalue%5D=&data%5B4%5D%5Bname%5D=requireddeliverytime&data%5B4%5D%5Bvalue%5D=2017-02-06&data%5B5%5D%5Bname%5D=deliveryttpe&data%5B5%5D%5Bvalue%5D=0
INFO: [ app_init ] --START--
INFO: Run Behavior\BuildLiteBehavior [ RunTime:0.000025s ]
INFO: [ app_init ] --END-- [ RunTime:0.000710s ]
INFO: [ app_begin ] --START--
INFO: Run Behavior\ReadHtmlCacheBehavior [ RunTime:0.000674s ]
INFO: [ app_begin ] --END-- [ RunTime:0.000722s ]

[ 2017-02-06T11:50:19+08:00 ] 127.0.0.1 /myysy/dingtalk.php/OrderProcess/OrderApprove
INFO: [ app_init ] --START--
INFO: Run Behavior\BuildLiteBehavior [ RunTime:0.000016s ]
INFO: [ app_init ] --END-- [ RunTime:0.000715s ]
INFO: [ app_begin ] --START--
INFO: Run Behavior\ReadHtmlCacheBehavior [ RunTime:0.000811s ]
INFO: [ app_begin ] --END-- [ RunTime:0.000870s ]
SQL: SHOW COLUMNS FROM `think_ysy_goodspackage` [ RunTime:0.0068s ]
SQL: SELECT * FROM `think_ysy_goodspackage` WHERE ( status = 0 )  [ RunTime:0.0004s ]
INFO: [ view_parse ] --START--
INFO: [ template_filter ] --START--
INFO: Run Behavior\ContentReplaceBehavior [ RunTime:0.000117s ]
INFO: [ template_filter ] --END-- [ RunTime:0.000190s ]
INFO: Run Behavior\ParseTemplateBehavior [ RunTime:0.010916s ]
INFO: [ view_parse ] --END-- [ RunTime:0.011003s ]
INFO: [ view_filter ] --START--
INFO: Run Behavior\WriteHtmlCacheBehavior [ RunTime:0.000553s ]
INFO: [ view_filter ] --END-- [ RunTime:0.000608s ]
INFO: [ app_end ] --START--
INFO: Run Behavior\ShowPageTraceBehavior [ RunTime:0.000852s ]
INFO: [ app_end ] --END-- [ RunTime:0.000901s ]

[ 2017-02-06T11:50:20+08:00 ] 127.0.0.1 /myysy/dingtalk.php/OrderProcess/OrderApprove/actionRequestService.html?type=submitform&data%5B0%5D%5Bname%5D=orderid&data%5B0%5D%5Bvalue%5D=0&data%5B1%5D%5Bname%5D=rece_tel&data%5B1%5D%5Bvalue%5D=&data%5B2%5D%5Bname%5D=rece_name&data%5B2%5D%5Bvalue%5D=&data%5B3%5D%5Bname%5D=rece_addr&data%5B3%5D%5Bvalue%5D=&data%5B4%5D%5Bname%5D=requireddeliverytime&data%5B4%5D%5Bvalue%5D=2017-02-06&data%5B5%5D%5Bname%5D=deliveryttpe&data%5B5%5D%5Bvalue%5D=0
INFO: [ app_init ] --START--
INFO: Run Behavior\BuildLiteBehavior [ RunTime:0.000014s ]
INFO: [ app_init ] --END-- [ RunTime:0.000579s ]
INFO: [ app_begin ] --START--
INFO: Run Behavior\ReadHtmlCacheBehavior [ RunTime:0.000741s ]
INFO: [ app_begin ] --END-- [ RunTime:0.000810s ]

[ 2017-02-06T11:50:23+08:00 ] 127.0.0.1 /myysy/dingtalk.php/OrderProcess/OrderApprove/actionRequestService.html?type=submitform&data%5B0%5D%5Bname%5D=orderid&data%5B0%5D%5Bvalue%5D=0&data%5B1%5D%5Bname%5D=rece_tel&data%5B1%5D%5Bvalue%5D=&data%5B2%5D%5Bname%5D=rece_name&data%5B2%5D%5Bvalue%5D=&data%5B3%5D%5Bname%5D=rece_addr&data%5B3%5D%5Bvalue%5D=&data%5B4%5D%5Bname%5D=requireddeliverytime&data%5B4%5D%5Bvalue%5D=2017-02-06&data%5B5%5D%5Bname%5D=deliveryttpe&data%5B5%5D%5Bvalue%5D=0
INFO: [ app_init ] --START--
INFO: Run Behavior\BuildLiteBehavior [ RunTime:0.000016s ]
INFO: [ app_init ] --END-- [ RunTime:0.000591s ]
INFO: [ app_begin ] --START--
INFO: Run Behavior\ReadHtmlCacheBehavior [ RunTime:0.001192s ]
INFO: [ app_begin ] --END-- [ RunTime:0.001292s ]

