[ 2017-03-19T10:03:44+08:00 ] 127.0.0.1 /myysy/dingtalk.php/Login/LoginByHtml
INFO: [ app_init ] --START--
INFO: Run Behavior\BuildLiteBehavior [ RunTime:0.000000s ]
INFO: [ app_init ] --END-- [ RunTime:0.001000s ]
INFO: [ app_begin ] --START--
INFO: Run Behavior\ReadHtmlCacheBehavior [ RunTime:0.001001s ]
INFO: [ app_begin ] --END-- [ RunTime:0.001001s ]
INFO: [ view_parse ] --START--
INFO: [ template_filter ] --START--
INFO: Run Behavior\ContentReplaceBehavior [ RunTime:0.000000s ]
INFO: [ template_filter ] --END-- [ RunTime:0.000000s ]
INFO: Run Behavior\ParseTemplateBehavior [ RunTime:0.017001s ]
INFO: [ view_parse ] --END-- [ RunTime:0.017001s ]
INFO: [ view_filter ] --START--
INFO: Run Behavior\WriteHtmlCacheBehavior [ RunTime:0.001000s ]
INFO: [ view_filter ] --END-- [ RunTime:0.001000s ]
INFO: [ app_end ] --START--
INFO: Run Behavior\ShowPageTraceBehavior [ RunTime:0.001000s ]
INFO: [ app_end ] --END-- [ RunTime:0.001000s ]

[ 2017-03-19T10:03:49+08:00 ] 127.0.0.1 /myysy/dingtalk.php/Login/LoginByHtml/actionSubmit.html?loginname=wudan&loginpassword=wd811103
INFO: [ app_init ] --START--
INFO: Run Behavior\BuildLiteBehavior [ RunTime:0.000000s ]
INFO: [ app_init ] --END-- [ RunTime:0.001000s ]
INFO: [ app_begin ] --START--
INFO: Run Behavior\ReadHtmlCacheBehavior [ RunTime:0.001000s ]
INFO: [ app_begin ] --END-- [ RunTime:0.001000s ]
SQL: SHOW COLUMNS FROM `think_user` [ RunTime:0.0870s ]
SQL: SELECT * FROM `think_user` WHERE ( username='wudan' and password = '883327915c4022331b5abcb9da2a390c'  ) LIMIT 1   [ RunTime:0.0040s ]
SQL: SELECT `id`,`username`,`realname` FROM `think_user` WHERE ( id = 1 ) LIMIT 1   [ RunTime:0.0000s ]
INFO: [ view_parse ] --START--
INFO: [ template_filter ] --START--
INFO: Run Behavior\ContentReplaceBehavior [ RunTime:0.000000s ]
INFO: [ template_filter ] --END-- [ RunTime:0.000000s ]
INFO: Run Behavior\ParseTemplateBehavior [ RunTime:0.075004s ]
INFO: [ view_parse ] --END-- [ RunTime:0.075004s ]
INFO: [ view_filter ] --START--
INFO: Run Behavior\WriteHtmlCacheBehavior [ RunTime:0.000000s ]
INFO: [ view_filter ] --END-- [ RunTime:0.000000s ]

[ 2017-03-19T10:03:50+08:00 ] 127.0.0.1 /myysy/dingtalk.php/ApproveCenter/ApproveCenter.html
INFO: [ app_init ] --START--
INFO: Run Behavior\BuildLiteBehavior [ RunTime:0.000000s ]
INFO: [ app_init ] --END-- [ RunTime:0.001000s ]
INFO: [ app_begin ] --START--
INFO: Run Behavior\ReadHtmlCacheBehavior [ RunTime:0.000000s ]
INFO: [ app_begin ] --END-- [ RunTime:0.000000s ]
INFO: [ view_parse ] --START--
INFO: [ template_filter ] --START--
INFO: Run Behavior\ContentReplaceBehavior [ RunTime:0.000000s ]
INFO: [ template_filter ] --END-- [ RunTime:0.000000s ]
INFO: Run Behavior\ParseTemplateBehavior [ RunTime:0.021001s ]
INFO: [ view_parse ] --END-- [ RunTime:0.023001s ]
INFO: [ view_filter ] --START--
INFO: Run Behavior\WriteHtmlCacheBehavior [ RunTime:0.000000s ]
INFO: [ view_filter ] --END-- [ RunTime:0.000000s ]
INFO: [ app_end ] --START--
INFO: Run Behavior\ShowPageTraceBehavior [ RunTime:0.001000s ]
INFO: [ app_end ] --END-- [ RunTime:0.001000s ]

[ 2017-03-19T10:03:52+08:00 ] 127.0.0.1 /myysy/dingtalk.php/OrderProcess/OrderApprove.html
INFO: [ app_init ] --START--
INFO: Run Behavior\BuildLiteBehavior [ RunTime:0.000000s ]
INFO: [ app_init ] --END-- [ RunTime:0.001000s ]
INFO: [ app_begin ] --START--
INFO: Run Behavior\ReadHtmlCacheBehavior [ RunTime:0.001000s ]
INFO: [ app_begin ] --END-- [ RunTime:0.001000s ]
SQL: SHOW COLUMNS FROM `think_user` [ RunTime:0.0050s ]
SQL: SELECT * FROM `think_user`  [ RunTime:0.0000s ]
SQL: SHOW COLUMNS FROM `think_ysy_goodspackage` [ RunTime:0.0580s ]
SQL: SELECT * FROM `think_ysy_goodspackage` WHERE ( status = 0 )  [ RunTime:0.0010s ]
INFO: [ view_parse ] --START--
INFO: [ template_filter ] --START--
INFO: Run Behavior\ContentReplaceBehavior [ RunTime:0.000000s ]
INFO: [ template_filter ] --END-- [ RunTime:0.000000s ]
INFO: Run Behavior\ParseTemplateBehavior [ RunTime:0.041003s ]
INFO: [ view_parse ] --END-- [ RunTime:0.041003s ]
INFO: [ view_filter ] --START--
INFO: Run Behavior\WriteHtmlCacheBehavior [ RunTime:0.001000s ]
INFO: [ view_filter ] --END-- [ RunTime:0.001000s ]
INFO: [ app_end ] --START--
INFO: Run Behavior\ShowPageTraceBehavior [ RunTime:0.001000s ]
INFO: [ app_end ] --END-- [ RunTime:0.001000s ]

[ 2017-03-19T10:05:33+08:00 ] 127.0.0.1 /myysy/dingtalk.php/OrderProcess/OrderApprove.html
INFO: [ app_init ] --START--
INFO: Run Behavior\BuildLiteBehavior [ RunTime:0.000000s ]
INFO: [ app_init ] --END-- [ RunTime:0.000000s ]
INFO: [ app_begin ] --START--
INFO: Run Behavior\ReadHtmlCacheBehavior [ RunTime:0.001000s ]
INFO: [ app_begin ] --END-- [ RunTime:0.001000s ]
SQL: SHOW COLUMNS FROM `think_user` [ RunTime:0.0070s ]
SQL: SELECT * FROM `think_user`  [ RunTime:0.0010s ]
SQL: SHOW COLUMNS FROM `think_ysy_goodspackage` [ RunTime:0.0060s ]
SQL: SELECT * FROM `think_ysy_goodspackage` WHERE ( status = 0 )  [ RunTime:0.0000s ]
INFO: [ view_parse ] --START--
INFO: [ template_filter ] --START--
INFO: Run Behavior\ContentReplaceBehavior [ RunTime:0.000000s ]
INFO: [ template_filter ] --END-- [ RunTime:0.000000s ]
INFO: Run Behavior\ParseTemplateBehavior [ RunTime:0.011001s ]
INFO: [ view_parse ] --END-- [ RunTime:0.011001s ]
INFO: [ view_filter ] --START--
INFO: Run Behavior\WriteHtmlCacheBehavior [ RunTime:0.000000s ]
INFO: [ view_filter ] --END-- [ RunTime:0.000000s ]
INFO: [ app_end ] --START--
INFO: Run Behavior\ShowPageTraceBehavior [ RunTime:0.001000s ]
INFO: [ app_end ] --END-- [ RunTime:0.001000s ]

[ 2017-03-19T10:05:35+08:00 ] 127.0.0.1 /myysy/dingtalk.php/OrderProcess/OrderApprove/actionRequestService.html?type=getaddress&tel=111
INFO: [ app_init ] --START--
INFO: Run Behavior\BuildLiteBehavior [ RunTime:0.000000s ]
INFO: [ app_init ] --END-- [ RunTime:0.000000s ]
INFO: [ app_begin ] --START--
INFO: Run Behavior\ReadHtmlCacheBehavior [ RunTime:0.001000s ]
INFO: [ app_begin ] --END-- [ RunTime:0.001000s ]
SQL: SHOW COLUMNS FROM `think_ysy_address` [ RunTime:0.0720s ]
SQL: SELECT * FROM `think_ysy_address` WHERE ( tel='111' ) LIMIT 1   [ RunTime:0.0000s ]

[ 2017-03-19T10:05:40+08:00 ] 127.0.0.1 /myysy/dingtalk.php/OrderProcess/OrderApprove/actionRequestService.html?type=changepackage&id=2
INFO: [ app_init ] --START--
INFO: Run Behavior\BuildLiteBehavior [ RunTime:0.000000s ]
INFO: [ app_init ] --END-- [ RunTime:0.001000s ]
INFO: [ app_begin ] --START--
INFO: Run Behavior\ReadHtmlCacheBehavior [ RunTime:0.000000s ]
INFO: [ app_begin ] --END-- [ RunTime:0.000000s ]
SQL: SHOW COLUMNS FROM `think_ysy_packageprice` [ RunTime:0.0460s ]
SQL: SELECT * FROM `think_ysy_packageprice` WHERE ( packageid = 2 )  [ RunTime:0.0240s ]

[ 2017-03-19T10:05:43+08:00 ] 127.0.0.1 /myysy/dingtalk.php/OrderProcess/OrderApprove/actionRequestService.html?type=changepackage&id=0
INFO: [ app_init ] --START--
INFO: Run Behavior\BuildLiteBehavior [ RunTime:0.000000s ]
INFO: [ app_init ] --END-- [ RunTime:0.000000s ]
INFO: [ app_begin ] --START--
INFO: Run Behavior\ReadHtmlCacheBehavior [ RunTime:0.001000s ]
INFO: [ app_begin ] --END-- [ RunTime:0.001000s ]
SQL: SHOW COLUMNS FROM `think_ysy_packageprice` [ RunTime:0.0070s ]
SQL: SELECT * FROM `think_ysy_packageprice` WHERE ( packageid = 0 )  [ RunTime:0.0010s ]

[ 2017-03-19T10:05:46+08:00 ] 127.0.0.1 /myysy/dingtalk.php/OrderProcess/OrderApprove/actionRequestService.html?type=changepackage&id=1486733119
INFO: [ app_init ] --START--
INFO: Run Behavior\BuildLiteBehavior [ RunTime:0.000000s ]
INFO: [ app_init ] --END-- [ RunTime:0.000000s ]
INFO: [ app_begin ] --START--
INFO: Run Behavior\ReadHtmlCacheBehavior [ RunTime:0.001000s ]
INFO: [ app_begin ] --END-- [ RunTime:0.001000s ]
SQL: SHOW COLUMNS FROM `think_ysy_packageprice` [ RunTime:0.0060s ]
SQL: SELECT * FROM `think_ysy_packageprice` WHERE ( packageid = 1486733119 )  [ RunTime:0.0000s ]
SQL: SHOW COLUMNS FROM `think_ysy_goodspackageinfo` [ RunTime:0.1940s ]
SQL: SELECT * FROM `think_ysy_goodspackageinfo` WHERE ( packageid = 1486733119 )  [ RunTime:0.0010s ]
SQL: SHOW COLUMNS FROM `think_ysy_stock` [ RunTime:0.0610s ]
SQL: SELECT * FROM `think_ysy_stock` WHERE ( goods_id=20 ) LIMIT 1   [ RunTime:0.0000s ]
SQL: SELECT * FROM `think_ysy_stock` WHERE ( goods_id=21 ) LIMIT 1   [ RunTime:0.0000s ]

[ 2017-03-19T10:05:49+08:00 ] 127.0.0.1 /myysy/dingtalk.php/OrderProcess/OrderApprove/actionRequestService.html?type=submitform&data%5B0%5D%5Bname%5D=orderid&data%5B0%5D%5Bvalue%5D=0&data%5B1%5D%5Bname%5D=rece_tel&data%5B1%5D%5Bvalue%5D=111&data%5B2%5D%5Bname%5D=rece_name&data%5B2%5D%5Bvalue%5D=121&data%5B3%5D%5Bname%5D=rece_addr&data%5B3%5D%5Bvalue%5D=212&data%5B4%5D%5Bname%5D=belongtoindustry&data%5B4%5D%5Bvalue%5D=2121212&data%5B5%5D%5Bname%5D=moneytouid&data%5B5%5D%5Bvalue%5D=1&data%5B6%5D%5Bname%5D=requireddeliverytime&data%5B6%5D%5Bvalue%5D=2017-03-19&data%5B7%5D%5Bname%5D=deliveryttpe&data%5B7%5D%5Bvalue%5D=0&data%5B8%5D%5Bname%5D=price%5B%5D&data%5B8%5D%5Bvalue%5D=11.00&data%5B9%5D%5Bname%5D=package_id%5B%5D&data%5B9%5D%5Bvalue%5D=1486733119&data%5B10%5D%5Bname%5D=ordertype%5B%5D&data%5B10%5D%5Bvalue%5D=0&data%5B11%5D%5Bname%5D=num%5B%5D&data%5B11%5D%5Bvalue%5D=1
INFO: [ app_init ] --START--
INFO: Run Behavior\BuildLiteBehavior [ RunTime:0.000000s ]
INFO: [ app_init ] --END-- [ RunTime:0.000000s ]
INFO: [ app_begin ] --START--
INFO: Run Behavior\ReadHtmlCacheBehavior [ RunTime:0.001000s ]
INFO: [ app_begin ] --END-- [ RunTime:0.001000s ]
NOTIC: [8] Undefined index: error D:\www\myysy\DingTalkApplication\DingTalk\Controller\OrderProcess\OrderApproveController.class.php 第 175 行.
SQL: SHOW COLUMNS FROM `think_ysy_address` [ RunTime:0.0070s ]
SQL: SELECT * FROM `think_ysy_address` WHERE ( tel='111' ) LIMIT 1   [ RunTime:0.0000s ]
NOTIC: [8] Undefined index: error D:\www\myysy\DingTalkApplication\DingTalk\Controller\OrderProcess\OrderApproveController.class.php 第 185 行.
SQL: SHOW COLUMNS FROM `think_ysy_goodspackageinfo` [ RunTime:0.0060s ]
SQL: SELECT * FROM `think_ysy_goodspackageinfo` WHERE ( packageid = 1486733119 )  [ RunTime:0.0010s ]
NOTIC: [8] Undefined offset: 20 D:\www\myysy\CommonClass\Order\ProcessOrderInfoService.class.php 第 100 行.
NOTIC: [8] Undefined offset: 21 D:\www\myysy\CommonClass\Order\ProcessOrderInfoService.class.php 第 100 行.
SQL: SHOW COLUMNS FROM `think_ysy_stock` [ RunTime:0.0060s ]
SQL: SELECT * FROM `think_ysy_stock` WHERE ( goods_id in (20,21) )  [ RunTime:0.0060s ]
NOTIC: [8] Undefined index: error D:\www\myysy\CommonClass\Order\ProcessOrderInfoService.class.php 第 54 行.
NOTIC: [8] Undefined index: error D:\www\myysy\DingTalkApplication\DingTalk\Controller\OrderProcess\OrderApproveController.class.php 第 191 行.
SQL: SHOW COLUMNS FROM `think_ysy_order` [ RunTime:0.0390s ]
SQL: INSERT INTO `think_ysy_order` (`addtime`,`order_id`,`rece_tel`,`rece_name`,`rece_addr`,`belongtoindustry`,`moneytouid`,`requireddeliverytime`,`deliveryttpe`,`order_user`) VALUES ('1489889148','1489889148','111','121','212','2121212','1','1489852800','0','1') [ RunTime:0.0210s ]
SQL: SHOW COLUMNS FROM `think_ysy_ordergoods` [ RunTime:0.0680s ]
SQL: INSERT INTO `think_ysy_ordergoods` (`price`,`package_id`,`ordertype`,`num`,`order_id`) VALUES ('11.00','1486733119','0','1','1489889148') [ RunTime:0.0000s ]
SQL: UPDATE `think_ysy_stock` SET `goods_num`=goods_num-1 WHERE ( goods_id = 20 ) [ RunTime:0.0020s ]
SQL: UPDATE `think_ysy_stock` SET `goods_num`=goods_num-1 WHERE ( goods_id = 21 ) [ RunTime:0.0000s ]
SQL: SELECT * FROM `think_ysy_order` WHERE ( order_id = 1489889148 ) LIMIT 1   [ RunTime:0.0010s ]
SQL: SHOW COLUMNS FROM `think_workflow_deployment` [ RunTime:0.0540s ]
SQL: SELECT * FROM `think_workflow_deployment` WHERE ( rulename='orderapprove' ) LIMIT 1   [ RunTime:0.0010s ]
SQL: SHOW COLUMNS FROM `think_workflow_num` [ RunTime:0.0750s ]
SQL: SELECT * FROM `think_workflow_num` LIMIT 1   [ RunTime:0.0000s ]
NOTIC: [8] Undefined variable: taskList D:\www\myysy\ThinkPHP\Library\Vendor\Jbpm\Handlerclass\AssmebleTask.class.php 第 180 行.
NOTIC: [8] Undefined variable: taskList D:\www\myysy\ThinkPHP\Library\Vendor\Jbpm\Handlerclass\AssmebleHisTask.class.php 第 206 行.
NOTIC: [8] Undefined variable: taskList D:\www\myysy\ThinkPHP\Library\Vendor\Jbpm\Handlerclass\AssmebleParticipation.class.php 第 150 行.
NOTIC: [8] Undefined index: del D:\www\myysy\ThinkPHP\Library\Vendor\Jbpm\Handlerclass\AssmebleVariable.class.php 第 96 行.
SQL: SHOW COLUMNS FROM `think_workflow_execution` [ RunTime:0.0430s ]
SQL: INSERT INTO `think_workflow_execution` (`dbid`,`activityname`,`procdefid`,`hasvars`,`key`,`id`,`state`,`priority`,`hisactinst`,`parent`,`parentidx`,`instance`,`addtime`) VALUES ('291','leader','orderapprove','1','','orderapprove.291','active-root','0','295','0','0','291','1489889149') [ RunTime:0.0000s ]
NOTIC: [8] Undefined index: updata D:\www\myysy\ThinkPHP\Library\Vendor\Jbpm\Processdatabase\WriteToDataBase.class.php 第 61 行.
NOTIC: [8] Undefined index: del D:\www\myysy\ThinkPHP\Library\Vendor\Jbpm\Processdatabase\WriteToDataBase.class.php 第 67 行.
SQL: SHOW COLUMNS FROM `think_workflow_hist_procinst` [ RunTime:0.0320s ]
SQL: INSERT INTO `think_workflow_hist_procinst` (`dbid`,`id`,`procdefid`,`key`,`start`,`end`,`duration`,`state`,`endactivity`) VALUES ('291','orderapprove.291','orderapprove','','1489889149','0','0','active','') [ RunTime:0.0000s ]
NOTIC: [8] Undefined index: updata D:\www\myysy\ThinkPHP\Library\Vendor\Jbpm\Processdatabase\WriteToDataBase.class.php 第 81 行.
SQL: SHOW COLUMNS FROM `think_workflow_task` [ RunTime:0.0630s ]
SQL: INSERT INTO `think_workflow_task` (`dbid`,`name`,`state`,`assignee`,`priority`,`create`,`execution_id`,`activity_name`,`hasvars`,`execution`,`procinst`) VALUES ('292','leader','open','','0','1489889149','orderapprove.291','leader','1','291','291') [ RunTime:0.0010s ]
NOTIC: [8] Undefined index: del D:\www\myysy\ThinkPHP\Library\Vendor\Jbpm\Processdatabase\WriteToDataBase.class.php 第 95 行.
SQL: SHOW COLUMNS FROM `think_workflow_participation` [ RunTime:0.0220s ]
SQL: INSERT INTO `think_workflow_participation` (`dbid`,`groupid`,`userid`,`type`,`task`) VALUES ('293','0','1','candidate','292') [ RunTime:0.0000s ]
NOTIC: [8] Undefined index: del D:\www\myysy\ThinkPHP\Library\Vendor\Jbpm\Processdatabase\WriteToDataBase.class.php 第 107 行.
SQL: SHOW COLUMNS FROM `think_workflow_hist_actinst` [ RunTime:0.0470s ]
SQL: INSERT INTO `think_workflow_hist_actinst` (`dbid`,`hprocid`,`type`,`execution`,`activity_name`,`start`,`end`,`duration`,`transition`,`htask`,`addtime`) VALUES ('294','291','decision','orderapprove.291','exclusive1','1489889149','1489889149','0','to leader','0','1489889149'),('295','291','task','orderapprove.291','leader','1489889149','0','0','','292','1489889149') [ RunTime:0.0010s ]
NOTIC: [8] Undefined index: updata D:\www\myysy\ThinkPHP\Library\Vendor\Jbpm\Processdatabase\WriteToDataBase.class.php 第 121 行.
SQL: SHOW COLUMNS FROM `think_workflow_variable` [ RunTime:0.0240s ]
SQL: INSERT INTO `think_workflow_variable` (`dbid`,`class`,`key`,`execution`,`double_value`,`int_value`,`string_value`,`text_value`,`addtime`) VALUES ('296','int','leader','291','0','1','','','1489889149') [ RunTime:0.0000s ]
NOTIC: [8] Undefined index: del D:\www\myysy\ThinkPHP\Library\Vendor\Jbpm\Processdatabase\WriteToDataBase.class.php 第 135 行.
SQL: SHOW COLUMNS FROM `think_workflow_hist_task` [ RunTime:0.0250s ]
SQL: INSERT INTO `think_workflow_hist_task` (`dbid`,`execution`,`outcome`,`assignee`,`priority`,`state`,`create`,`end`,`duration`) VALUES ('292','orderapprove.291','','','0','open','1489889149','0','0') [ RunTime:0.0000s ]
NOTIC: [8] Undefined index: updata D:\www\myysy\ThinkPHP\Library\Vendor\Jbpm\Processdatabase\WriteToDataBase.class.php 第 147 行.
SQL: update think_workflow_num set version = version + 1 , value = value + 10 [ RunTime:0.0160s ]
SQL: UPDATE `think_ysy_order` SET `flowerid`='291',`status`='leader' WHERE ( order_id = 1489889148 ) [ RunTime:0.0020s ]

[ 2017-03-19T10:05:49+08:00 ] 127.0.0.1 /myysy/dingtalk.php/ApproveCenter/ApproveCenter.html
INFO: [ app_init ] --START--
INFO: Run Behavior\BuildLiteBehavior [ RunTime:0.000000s ]
INFO: [ app_init ] --END-- [ RunTime:0.001000s ]
INFO: [ app_begin ] --START--
INFO: Run Behavior\ReadHtmlCacheBehavior [ RunTime:0.001001s ]
INFO: [ app_begin ] --END-- [ RunTime:0.001001s ]
INFO: [ view_parse ] --START--
INFO: [ template_filter ] --START--
INFO: Run Behavior\ContentReplaceBehavior [ RunTime:0.000000s ]
INFO: [ template_filter ] --END-- [ RunTime:0.000000s ]
INFO: Run Behavior\ParseTemplateBehavior [ RunTime:0.006000s ]
INFO: [ view_parse ] --END-- [ RunTime:0.006000s ]
INFO: [ view_filter ] --START--
INFO: Run Behavior\WriteHtmlCacheBehavior [ RunTime:0.000000s ]
INFO: [ view_filter ] --END-- [ RunTime:0.000000s ]
INFO: [ app_end ] --START--
INFO: Run Behavior\ShowPageTraceBehavior [ RunTime:0.001000s ]
INFO: [ app_end ] --END-- [ RunTime:0.001000s ]

[ 2017-03-19T10:12:09+08:00 ] 127.0.0.1 /myysy/dingtalk.php/OrderProcess/OrderApprove.html
INFO: [ app_init ] --START--
INFO: Run Behavior\BuildLiteBehavior [ RunTime:0.000000s ]
INFO: [ app_init ] --END-- [ RunTime:0.000000s ]
INFO: [ app_begin ] --START--
INFO: Run Behavior\ReadHtmlCacheBehavior [ RunTime:0.001000s ]
INFO: [ app_begin ] --END-- [ RunTime:0.001000s ]
SQL: SHOW COLUMNS FROM `think_user` [ RunTime:0.0070s ]
SQL: SELECT * FROM `think_user`  [ RunTime:0.0010s ]
SQL: SHOW COLUMNS FROM `think_ysy_goodspackage` [ RunTime:0.0060s ]
SQL: SELECT * FROM `think_ysy_goodspackage` WHERE ( status = 0 )  [ RunTime:0.0010s ]
INFO: [ view_parse ] --START--
INFO: [ template_filter ] --START--
INFO: Run Behavior\ContentReplaceBehavior [ RunTime:0.000000s ]
INFO: [ template_filter ] --END-- [ RunTime:0.000000s ]
INFO: Run Behavior\ParseTemplateBehavior [ RunTime:0.011001s ]
INFO: [ view_parse ] --END-- [ RunTime:0.011001s ]
INFO: [ view_filter ] --START--
INFO: Run Behavior\WriteHtmlCacheBehavior [ RunTime:0.000000s ]
INFO: [ view_filter ] --END-- [ RunTime:0.000000s ]
INFO: [ app_end ] --START--
INFO: Run Behavior\ShowPageTraceBehavior [ RunTime:0.000000s ]
INFO: [ app_end ] --END-- [ RunTime:0.000000s ]

[ 2017-03-19T10:24:19+08:00 ] 127.0.0.1 /myysy/dingtalk.php/ApproveCenter/ApproveCenter/actionWaitOfMyApprove.html
INFO: [ app_init ] --START--
INFO: Run Behavior\BuildLiteBehavior [ RunTime:0.000000s ]
INFO: [ app_init ] --END-- [ RunTime:0.001000s ]
INFO: [ app_begin ] --START--
INFO: Run Behavior\ReadHtmlCacheBehavior [ RunTime:0.001000s ]
INFO: [ app_begin ] --END-- [ RunTime:0.001000s ]
SQL: SHOW COLUMNS FROM `think_workflow_participation` [ RunTime:0.0060s ]
SQL: SELECT wp.userid,o.order_id,o.order_user,o.addtime,o.status,u.realname as order_realname FROM think_workflow_participation wp INNER JOIN think_workflow_task as wt ON wp.task = wt.dbid INNER JOIN think_ysy_order as o ON o.flowerid = wt.execution INNER JOIN think_user as u ON u.id = o.order_user  WHERE ( 1 = 1  AND wp.userid = 1 ) ORDER BY wp.addtime desc LIMIT 0,10   [ RunTime:0.0540s ]
INFO: [ view_parse ] --START--
INFO: [ template_filter ] --START--
INFO: Run Behavior\ContentReplaceBehavior [ RunTime:0.000000s ]
INFO: [ template_filter ] --END-- [ RunTime:0.000000s ]
INFO: Run Behavior\ParseTemplateBehavior [ RunTime:0.027001s ]
INFO: [ view_parse ] --END-- [ RunTime:0.027001s ]
INFO: [ view_filter ] --START--
INFO: Run Behavior\WriteHtmlCacheBehavior [ RunTime:0.000000s ]
INFO: [ view_filter ] --END-- [ RunTime:0.000000s ]
INFO: [ app_end ] --START--
INFO: Run Behavior\ShowPageTraceBehavior [ RunTime:0.001001s ]
INFO: [ app_end ] --END-- [ RunTime:0.001001s ]

[ 2017-03-19T10:24:20+08:00 ] 127.0.0.1 /myysy/dingtalk.php/ApproveCenter/ApproveCenter/actionApproveInfo.html?id=1489889148
INFO: [ app_init ] --START--
INFO: Run Behavior\BuildLiteBehavior [ RunTime:0.000000s ]
INFO: [ app_init ] --END-- [ RunTime:0.000000s ]
INFO: [ app_begin ] --START--
INFO: Run Behavior\ReadHtmlCacheBehavior [ RunTime:0.001000s ]
INFO: [ app_begin ] --END-- [ RunTime:0.001000s ]
SQL: SHOW COLUMNS FROM `think_ysy_order` [ RunTime:0.0070s ]
SQL: SELECT `rece_tel`,`rece_addr`,`rece_name`,yo.status,yo.order_id,yo.rece_name,yo.addtime,yog.package_id,yog.num,yog.price,yog.ordertype,u.realname,ygp.packagename FROM think_ysy_order yo INNER JOIN think_user AS u ON u.id = yo.order_user INNER JOIN think_ysy_ordergoods AS yog ON yo.order_id = yog.order_id INNER JOIN think_ysy_goodspackage AS ygp ON yog.package_id = ygp.id  WHERE ( yo.order_id = 1489889148 )  [ RunTime:0.0010s ]
SQL: SHOW COLUMNS FROM `think_ysy_goodspackage` [ RunTime:0.0060s ]
SQL: SELECT `packagename`,g.goods_id,`num`,`goods_name` FROM think_ysy_goodspackage gp INNER JOIN think_ysy_goodspackageinfo AS gpi ON gp.id = gpi.packageid INNER JOIN think_ysy_goods AS g ON g.goods_id = gpi.goods_id  WHERE ( gp.id = 1486733119 )  [ RunTime:0.0930s ]
SQL: SHOW COLUMNS FROM `think_ysy_approvelog` [ RunTime:0.0610s ]
SQL: SELECT al.addtime,al.uid,u.realname,al.remark,al.nodename FROM think_ysy_approvelog al INNER JOIN think_user AS u ON al.uid = u.id  WHERE ( al.orderid = 1489889148 )  [ RunTime:0.0010s ]
INFO: [ view_parse ] --START--
INFO: [ template_filter ] --START--
INFO: Run Behavior\ContentReplaceBehavior [ RunTime:0.000000s ]
INFO: [ template_filter ] --END-- [ RunTime:0.000000s ]
INFO: Run Behavior\ParseTemplateBehavior [ RunTime:0.040002s ]
INFO: [ view_parse ] --END-- [ RunTime:0.040002s ]
INFO: [ view_filter ] --START--
INFO: Run Behavior\WriteHtmlCacheBehavior [ RunTime:0.000000s ]
INFO: [ view_filter ] --END-- [ RunTime:0.000000s ]
INFO: [ app_end ] --START--
INFO: Run Behavior\ShowPageTraceBehavior [ RunTime:0.001000s ]
INFO: [ app_end ] --END-- [ RunTime:0.001000s ]

[ 2017-03-19T10:29:03+08:00 ] 127.0.0.1 /myysy/dingtalk.php/ApproveCenter/ApproveCenter/actionWaitOfMyApprove.html
INFO: [ app_init ] --START--
INFO: Run Behavior\BuildLiteBehavior [ RunTime:0.000000s ]
INFO: [ app_init ] --END-- [ RunTime:0.000000s ]
INFO: [ app_begin ] --START--
INFO: Run Behavior\ReadHtmlCacheBehavior [ RunTime:0.000000s ]
INFO: [ app_begin ] --END-- [ RunTime:0.000000s ]
SQL: SHOW COLUMNS FROM `think_workflow_participation` [ RunTime:0.0060s ]
SQL: SELECT wp.userid,o.order_id,o.order_user,o.addtime,o.status,u.realname as order_realname FROM think_workflow_participation wp INNER JOIN think_workflow_task as wt ON wp.task = wt.dbid INNER JOIN think_ysy_order as o ON o.flowerid = wt.execution INNER JOIN think_user as u ON u.id = o.order_user  WHERE ( 1 = 1  AND wp.userid = 1 ) ORDER BY wp.addtime desc LIMIT 0,10   [ RunTime:0.0010s ]
INFO: [ view_parse ] --START--
INFO: [ template_filter ] --START--
INFO: Run Behavior\ContentReplaceBehavior [ RunTime:0.000000s ]
INFO: [ template_filter ] --END-- [ RunTime:0.000000s ]
INFO: Run Behavior\ParseTemplateBehavior [ RunTime:0.008001s ]
INFO: [ view_parse ] --END-- [ RunTime:0.008001s ]
INFO: [ view_filter ] --START--
INFO: Run Behavior\WriteHtmlCacheBehavior [ RunTime:0.001000s ]
INFO: [ view_filter ] --END-- [ RunTime:0.001000s ]
INFO: [ app_end ] --START--
INFO: Run Behavior\ShowPageTraceBehavior [ RunTime:0.001000s ]
INFO: [ app_end ] --END-- [ RunTime:0.001000s ]

[ 2017-03-19T10:29:03+08:00 ] 127.0.0.1 /myysy/dingtalk.php/ApproveCenter/ApproveCenter/actionWaitOfMyApprove.html
INFO: [ app_init ] --START--
INFO: Run Behavior\BuildLiteBehavior [ RunTime:0.000000s ]
INFO: [ app_init ] --END-- [ RunTime:0.001000s ]
INFO: [ app_begin ] --START--
INFO: Run Behavior\ReadHtmlCacheBehavior [ RunTime:0.001000s ]
INFO: [ app_begin ] --END-- [ RunTime:0.001000s ]
SQL: SHOW COLUMNS FROM `think_workflow_participation` [ RunTime:0.0060s ]
SQL: SELECT wp.userid,o.order_id,o.order_user,o.addtime,o.status,u.realname as order_realname FROM think_workflow_participation wp INNER JOIN think_workflow_task as wt ON wp.task = wt.dbid INNER JOIN think_ysy_order as o ON o.flowerid = wt.execution INNER JOIN think_user as u ON u.id = o.order_user  WHERE ( 1 = 1  AND wp.userid = 1 ) ORDER BY wp.addtime desc LIMIT 0,10   [ RunTime:0.0010s ]
INFO: [ view_parse ] --START--
INFO: [ template_filter ] --START--
INFO: Run Behavior\ContentReplaceBehavior [ RunTime:0.000000s ]
INFO: [ template_filter ] --END-- [ RunTime:0.000000s ]
INFO: Run Behavior\ParseTemplateBehavior [ RunTime:0.008001s ]
INFO: [ view_parse ] --END-- [ RunTime:0.008001s ]
INFO: [ view_filter ] --START--
INFO: Run Behavior\WriteHtmlCacheBehavior [ RunTime:0.001000s ]
INFO: [ view_filter ] --END-- [ RunTime:0.001000s ]
INFO: [ app_end ] --START--
INFO: Run Behavior\ShowPageTraceBehavior [ RunTime:0.000000s ]
INFO: [ app_end ] --END-- [ RunTime:0.000000s ]

[ 2017-03-19T10:29:09+08:00 ] 127.0.0.1 /myysy/dingtalk.php/ApproveCenter/ApproveCenter/
INFO: [ app_init ] --START--
INFO: Run Behavior\BuildLiteBehavior [ RunTime:0.000000s ]
INFO: [ app_init ] --END-- [ RunTime:0.001001s ]
INFO: [ app_begin ] --START--
INFO: Run Behavior\ReadHtmlCacheBehavior [ RunTime:0.001000s ]
INFO: [ app_begin ] --END-- [ RunTime:0.001000s ]
INFO: [ view_parse ] --START--
INFO: [ template_filter ] --START--
INFO: Run Behavior\ContentReplaceBehavior [ RunTime:0.000000s ]
INFO: [ template_filter ] --END-- [ RunTime:0.000000s ]
INFO: Run Behavior\ParseTemplateBehavior [ RunTime:0.006000s ]
INFO: [ view_parse ] --END-- [ RunTime:0.006000s ]
INFO: [ view_filter ] --START--
INFO: Run Behavior\WriteHtmlCacheBehavior [ RunTime:0.000000s ]
INFO: [ view_filter ] --END-- [ RunTime:0.001000s ]
INFO: [ app_end ] --START--
INFO: Run Behavior\ShowPageTraceBehavior [ RunTime:0.000000s ]
INFO: [ app_end ] --END-- [ RunTime:0.000000s ]

[ 2017-03-19T10:29:49+08:00 ] 127.0.0.1 /myysy/dingtalk.php/ApproveCenter/ApproveCenter/actionWaitOfMyApprove.html
INFO: [ app_init ] --START--
INFO: Run Behavior\BuildLiteBehavior [ RunTime:0.001000s ]
INFO: [ app_init ] --END-- [ RunTime:0.001000s ]
INFO: [ app_begin ] --START--
INFO: Run Behavior\ReadHtmlCacheBehavior [ RunTime:0.001000s ]
INFO: [ app_begin ] --END-- [ RunTime:0.001000s ]
SQL: SHOW COLUMNS FROM `think_workflow_participation` [ RunTime:0.0060s ]
SQL: SELECT wp.userid,o.order_id,o.order_user,o.addtime,o.status,u.realname as order_realname FROM think_workflow_participation wp INNER JOIN think_workflow_task as wt ON wp.task = wt.dbid INNER JOIN think_ysy_order as o ON o.flowerid = wt.execution INNER JOIN think_user as u ON u.id = o.order_user  WHERE ( 1 = 1  AND wp.userid = 1 ) ORDER BY wp.addtime desc LIMIT 0,10   [ RunTime:0.0000s ]
INFO: [ view_parse ] --START--
INFO: [ template_filter ] --START--
INFO: Run Behavior\ContentReplaceBehavior [ RunTime:0.000000s ]
INFO: [ template_filter ] --END-- [ RunTime:0.000000s ]
INFO: Run Behavior\ParseTemplateBehavior [ RunTime:0.007001s ]
INFO: [ view_parse ] --END-- [ RunTime:0.007001s ]
INFO: [ view_filter ] --START--
INFO: Run Behavior\WriteHtmlCacheBehavior [ RunTime:0.000000s ]
INFO: [ view_filter ] --END-- [ RunTime:0.001000s ]
INFO: [ app_end ] --START--
INFO: Run Behavior\ShowPageTraceBehavior [ RunTime:0.000000s ]
INFO: [ app_end ] --END-- [ RunTime:0.000000s ]

[ 2017-03-19T10:29:50+08:00 ] 127.0.0.1 /myysy/dingtalk.php/ApproveCenter/ApproveCenter/actionApproveInfo.html?id=1487423526
INFO: [ app_init ] --START--
INFO: Run Behavior\BuildLiteBehavior [ RunTime:0.000000s ]
INFO: [ app_init ] --END-- [ RunTime:0.000000s ]
INFO: [ app_begin ] --START--
INFO: Run Behavior\ReadHtmlCacheBehavior [ RunTime:0.001000s ]
INFO: [ app_begin ] --END-- [ RunTime:0.001000s ]
SQL: SHOW COLUMNS FROM `think_ysy_order` [ RunTime:0.0070s ]
SQL: SELECT `rece_tel`,`rece_addr`,`rece_name`,yo.status,yo.order_id,yo.rece_name,yo.addtime,yog.package_id,yog.num,yog.price,yog.ordertype,u.realname,ygp.packagename FROM think_ysy_order yo INNER JOIN think_user AS u ON u.id = yo.order_user INNER JOIN think_ysy_ordergoods AS yog ON yo.order_id = yog.order_id INNER JOIN think_ysy_goodspackage AS ygp ON yog.package_id = ygp.id  WHERE ( yo.order_id = 1487423526 )  [ RunTime:0.0000s ]
SQL: SHOW COLUMNS FROM `think_ysy_goodspackage` [ RunTime:0.0060s ]
SQL: SELECT `packagename`,g.goods_id,`num`,`goods_name` FROM think_ysy_goodspackage gp INNER JOIN think_ysy_goodspackageinfo AS gpi ON gp.id = gpi.packageid INNER JOIN think_ysy_goods AS g ON g.goods_id = gpi.goods_id  WHERE ( gp.id = 1486733119 )  [ RunTime:0.0000s ]
SQL: SHOW COLUMNS FROM `think_ysy_approvelog` [ RunTime:0.0070s ]
SQL: SELECT al.addtime,al.uid,u.realname,al.remark,al.nodename FROM think_ysy_approvelog al INNER JOIN think_user AS u ON al.uid = u.id  WHERE ( al.orderid = 1487423526 )  [ RunTime:0.0000s ]
INFO: [ view_parse ] --START--
INFO: [ template_filter ] --START--
INFO: Run Behavior\ContentReplaceBehavior [ RunTime:0.001000s ]
INFO: [ template_filter ] --END-- [ RunTime:0.001000s ]
INFO: Run Behavior\ParseTemplateBehavior [ RunTime:0.011000s ]
INFO: [ view_parse ] --END-- [ RunTime:0.011000s ]
INFO: [ view_filter ] --START--
INFO: Run Behavior\WriteHtmlCacheBehavior [ RunTime:0.000000s ]
INFO: [ view_filter ] --END-- [ RunTime:0.000000s ]
INFO: [ app_end ] --START--
INFO: Run Behavior\ShowPageTraceBehavior [ RunTime:0.001000s ]
INFO: [ app_end ] --END-- [ RunTime:0.001000s ]

[ 2017-03-19T10:29:55+08:00 ] 127.0.0.1 /myysy/dingtalk.php/ApproveCenter/ApproveCenter/actionApproveService.html?id=1487423526&approvetype=agree&remark=45645645
INFO: [ app_init ] --START--
INFO: Run Behavior\BuildLiteBehavior [ RunTime:0.000000s ]
INFO: [ app_init ] --END-- [ RunTime:0.000000s ]
INFO: [ app_begin ] --START--
INFO: Run Behavior\ReadHtmlCacheBehavior [ RunTime:0.000000s ]
INFO: [ app_begin ] --END-- [ RunTime:0.000000s ]
SQL: SHOW COLUMNS FROM `think_ysy_order` [ RunTime:0.0080s ]
SQL: SELECT * FROM `think_ysy_order` WHERE ( order_id = 1487423526 ) LIMIT 1   [ RunTime:0.0010s ]
SQL: SHOW COLUMNS FROM `think_workflow_execution` [ RunTime:0.0070s ]
SQL: SELECT e.dbid as edbid,e.activityname as eactivityname,e.procdefid as eprocdefid,e.hasvars as ehasvars,e.key as ekey,e.id as eid,e.state as estate,e.priority as epriority,e.hisactinst as ehisactinst,e.parent as eparent,e.parentidx as eparentidx,e.instance as einstance,ha.dbid as hadbid,ha.hprocid as hahprocid,ha.type as hatype,ha.execution as haexecution,ha.activity_name as haactivity_name,ha.start as hastart,ha.end as haend,ha.duration as haduration,ha.transition as hatransition,ha.htask as hahtask,hp.dbid as hpdbid,hp.id as hpid,hp.procdefid as hpprocdefid,hp.key as hpkey,hp.start as hpstart,hp.end as hpend,hp.duration as hpduration,hp.state as hpstate,hp.endactivity as hpendactivity,ht.dbid as htdbid,ht.execution as htexecution,ht.outcome as htoutcome,ht.assignee as htassignee,ht.priority as htpriority,ht.state as htstate,ht.create as htcreate,ht.end as htend,ht.duration as htduration,moduleid as mrmoduleid,rule as mrrule,rulename as mrrulename,mr.addtime as mraddtime,creater as mrcreater,t.dbid as tdbid,t.name as tname,t.state as tstate,t.assignee as tassignee,t.priority as tpriority,t.create as tcreate,t.execution_id as texecution_id,t.activity_name as tactivity_name,t.hasvars as thasvars,t.execution as texecution,t.procinst as tprocinst FROM think_workflow_execution e left join think_workflow_hist_actinst AS ha ON e.hisactinst = ha.dbid left join think_workflow_hist_procinst AS hp ON e.instance = hp.dbid left join think_workflow_deployment AS mr ON e.procdefid = mr.rulename left join think_workflow_task AS t ON e.dbid = t.execution left join think_workflow_hist_task AS ht ON t.dbid = ht.dbid  WHERE ( e.dbid = 91 ) LIMIT 1   [ RunTime:0.0010s ]
SQL: SHOW COLUMNS FROM `think_workflow_num` [ RunTime:0.0060s ]
SQL: SELECT * FROM `think_workflow_num` LIMIT 1   [ RunTime:0.0000s ]
SQL: SHOW COLUMNS FROM `think_workflow_participation` [ RunTime:0.0060s ]
SQL: SELECT * FROM `think_workflow_participation` WHERE ( task=92 )  [ RunTime:0.0010s ]
SQL: SHOW COLUMNS FROM `think_workflow_variable` [ RunTime:0.0060s ]
SQL: SELECT * FROM `think_workflow_variable` WHERE ( execution=91 )  [ RunTime:0.0000s ]
NOTIC: [8] Undefined variable: taskList D:\www\myysy\ThinkPHP\Library\Vendor\Jbpm\Handlerclass\AssmebleTask.class.php 第 180 行.
NOTIC: [8] Undefined variable: taskList D:\www\myysy\ThinkPHP\Library\Vendor\Jbpm\Handlerclass\AssmebleHisTask.class.php 第 206 行.
NOTIC: [8] Undefined variable: taskList D:\www\myysy\ThinkPHP\Library\Vendor\Jbpm\Handlerclass\AssmebleParticipation.class.php 第 150 行.
NOTIC: [8] Undefined index: del D:\www\myysy\ThinkPHP\Library\Vendor\Jbpm\Handlerclass\AssmebleVariable.class.php 第 96 行.
NOTIC: [8] Undefined index: insert D:\www\myysy\ThinkPHP\Library\Vendor\Jbpm\Processdatabase\WriteToDataBase.class.php 第 57 行.
SQL: UPDATE `think_workflow_execution` SET `activityname`='chiefleader',`hisactinst`='304' WHERE ( dbid = 91 ) [ RunTime:0.0010s ]
NOTIC: [8] Undefined index: del D:\www\myysy\ThinkPHP\Library\Vendor\Jbpm\Processdatabase\WriteToDataBase.class.php 第 67 行.
NOTIC: [8] Undefined index: insert D:\www\myysy\ThinkPHP\Library\Vendor\Jbpm\Processdatabase\WriteToDataBase.class.php 第 75 行.
NOTIC: [8] Undefined index: updata D:\www\myysy\ThinkPHP\Library\Vendor\Jbpm\Processdatabase\WriteToDataBase.class.php 第 81 行.
SQL: SHOW COLUMNS FROM `think_workflow_task` [ RunTime:0.0060s ]
SQL: INSERT INTO `think_workflow_task` (`dbid`,`name`,`state`,`assignee`,`priority`,`create`,`execution_id`,`activity_name`,`hasvars`,`execution`,`procinst`) VALUES ('301','chiefleader','open','','0','1489890595','orderapprove.91','chiefleader','1','91','91') [ RunTime:0.0000s ]
SQL: DELETE FROM `think_workflow_task` WHERE (  dbid in (92) ) [ RunTime:0.0610s ]
SQL: INSERT INTO `think_workflow_participation` (`dbid`,`groupid`,`userid`,`type`,`task`) VALUES ('302','0','1','candidate','301') [ RunTime:0.0010s ]
SQL: DELETE FROM `think_workflow_participation` WHERE (  dbid in (93) ) [ RunTime:0.0000s ]
SQL: SHOW COLUMNS FROM `think_workflow_hist_actinst` [ RunTime:0.0070s ]
SQL: INSERT INTO `think_workflow_hist_actinst` (`dbid`,`hprocid`,`type`,`execution`,`activity_name`,`start`,`end`,`duration`,`transition`,`htask`,`addtime`) VALUES ('303','91','decision','orderapprove.91','exclusive2','1489890595','1489890595','0','to chiefleader','0','1489890595'),('304','91','task','orderapprove.91','chiefleader','1489890595','0','0','','301','1489890595') [ RunTime:0.0010s ]
SQL: UPDATE `think_workflow_hist_actinst` SET `transition`='to chiefleader',`end`='1489890595',`duration`='2467069' WHERE ( dbid = 95 ) [ RunTime:0.0010s ]
SQL: INSERT INTO `think_workflow_variable` (`dbid`,`class`,`key`,`execution`,`double_value`,`int_value`,`string_value`,`text_value`,`addtime`) VALUES ('305','int','chiefleader','91','0','1','','','1489890595') [ RunTime:0.0000s ]
SQL: SHOW COLUMNS FROM `think_workflow_hist_task` [ RunTime:0.0070s ]
SQL: INSERT INTO `think_workflow_hist_task` (`dbid`,`execution`,`outcome`,`assignee`,`priority`,`state`,`create`,`end`,`duration`) VALUES ('301','orderapprove.91','','','0','open','1489890595','0','0') [ RunTime:0.0000s ]
SQL: UPDATE `think_workflow_hist_task` SET `outcome`='chiefleader',`state`='complete',`end`='1489890595',`duration`='2467069' WHERE ( dbid = 92 ) [ RunTime:0.0010s ]
SQL: update think_workflow_num set version = version + 1 , value = value + 10 [ RunTime:0.0000s ]
SQL: UPDATE `think_ysy_order` SET `flowerid`='91',`status`='chiefleader' WHERE ( order_id = 1487423526 ) [ RunTime:0.0000s ]
SQL: SHOW COLUMNS FROM `think_ysy_approvelog` [ RunTime:0.0060s ]
SQL: INSERT INTO `think_ysy_approvelog` (`orderid`,`nodename`,`uid`,`addtime`,`remark`) VALUES ('1487423526','chiefleader','1','1489890595','45645645') [ RunTime:0.0000s ]

[ 2017-03-19T10:29:55+08:00 ] 127.0.0.1 /myysy/dingtalk.php/ApproveCenter/ApproveCenter/actionWaitOfMyApprove.html
INFO: [ app_init ] --START--
INFO: Run Behavior\BuildLiteBehavior [ RunTime:0.000000s ]
INFO: [ app_init ] --END-- [ RunTime:0.001000s ]
INFO: [ app_begin ] --START--
INFO: Run Behavior\ReadHtmlCacheBehavior [ RunTime:0.001000s ]
INFO: [ app_begin ] --END-- [ RunTime:0.001000s ]
SQL: SHOW COLUMNS FROM `think_workflow_participation` [ RunTime:0.0070s ]
SQL: SELECT wp.userid,o.order_id,o.order_user,o.addtime,o.status,u.realname as order_realname FROM think_workflow_participation wp INNER JOIN think_workflow_task as wt ON wp.task = wt.dbid INNER JOIN think_ysy_order as o ON o.flowerid = wt.execution INNER JOIN think_user as u ON u.id = o.order_user  WHERE ( 1 = 1  AND wp.userid = 1 ) ORDER BY wp.addtime desc LIMIT 0,10   [ RunTime:0.0010s ]
INFO: [ view_parse ] --START--
INFO: [ template_filter ] --START--
INFO: Run Behavior\ContentReplaceBehavior [ RunTime:0.000000s ]
INFO: [ template_filter ] --END-- [ RunTime:0.000000s ]
INFO: Run Behavior\ParseTemplateBehavior [ RunTime:0.008000s ]
INFO: [ view_parse ] --END-- [ RunTime:0.008000s ]
INFO: [ view_filter ] --START--
INFO: Run Behavior\WriteHtmlCacheBehavior [ RunTime:0.000000s ]
INFO: [ view_filter ] --END-- [ RunTime:0.000000s ]
INFO: [ app_end ] --START--
INFO: Run Behavior\ShowPageTraceBehavior [ RunTime:0.001000s ]
INFO: [ app_end ] --END-- [ RunTime:0.001000s ]

[ 2017-03-19T10:30:17+08:00 ] 127.0.0.1 /myysy/dingtalk.php/ApproveCenter/ApproveCenter/actionApproveInfo.html?id=1489889148
INFO: [ app_init ] --START--
INFO: Run Behavior\BuildLiteBehavior [ RunTime:0.000000s ]
INFO: [ app_init ] --END-- [ RunTime:0.000000s ]
INFO: [ app_begin ] --START--
INFO: Run Behavior\ReadHtmlCacheBehavior [ RunTime:0.001000s ]
INFO: [ app_begin ] --END-- [ RunTime:0.001000s ]
SQL: SHOW COLUMNS FROM `think_ysy_order` [ RunTime:0.0060s ]
SQL: SELECT `rece_tel`,`rece_addr`,`rece_name`,yo.status,yo.order_id,yo.rece_name,yo.addtime,yog.package_id,yog.num,yog.price,yog.ordertype,u.realname,ygp.packagename FROM think_ysy_order yo INNER JOIN think_user AS u ON u.id = yo.order_user INNER JOIN think_ysy_ordergoods AS yog ON yo.order_id = yog.order_id INNER JOIN think_ysy_goodspackage AS ygp ON yog.package_id = ygp.id  WHERE ( yo.order_id = 1489889148 )  [ RunTime:0.0010s ]
SQL: SHOW COLUMNS FROM `think_ysy_goodspackage` [ RunTime:0.0060s ]
SQL: SELECT `packagename`,g.goods_id,`num`,`goods_name` FROM think_ysy_goodspackage gp INNER JOIN think_ysy_goodspackageinfo AS gpi ON gp.id = gpi.packageid INNER JOIN think_ysy_goods AS g ON g.goods_id = gpi.goods_id  WHERE ( gp.id = 1486733119 )  [ RunTime:0.0000s ]
SQL: SHOW COLUMNS FROM `think_ysy_approvelog` [ RunTime:0.0060s ]
SQL: SELECT al.addtime,al.uid,u.realname,al.remark,al.nodename FROM think_ysy_approvelog al INNER JOIN think_user AS u ON al.uid = u.id  WHERE ( al.orderid = 1489889148 )  [ RunTime:0.0000s ]
INFO: [ view_parse ] --START--
INFO: [ template_filter ] --START--
INFO: Run Behavior\ContentReplaceBehavior [ RunTime:0.000000s ]
INFO: [ template_filter ] --END-- [ RunTime:0.000000s ]
INFO: Run Behavior\ParseTemplateBehavior [ RunTime:0.010001s ]
INFO: [ view_parse ] --END-- [ RunTime:0.010001s ]
INFO: [ view_filter ] --START--
INFO: Run Behavior\WriteHtmlCacheBehavior [ RunTime:0.000000s ]
INFO: [ view_filter ] --END-- [ RunTime:0.000000s ]
INFO: [ app_end ] --START--
INFO: Run Behavior\ShowPageTraceBehavior [ RunTime:0.000000s ]
INFO: [ app_end ] --END-- [ RunTime:0.001000s ]

[ 2017-03-19T10:34:54+08:00 ] 127.0.0.1 /myysy/dingtalk.php/ApproveCenter/ApproveCenter/actionApproveInfo.html?id=1489889148
INFO: [ app_init ] --START--
INFO: Run Behavior\BuildLiteBehavior [ RunTime:0.000000s ]
INFO: [ app_init ] --END-- [ RunTime:0.000000s ]
INFO: [ app_begin ] --START--
INFO: Run Behavior\ReadHtmlCacheBehavior [ RunTime:0.001000s ]
INFO: [ app_begin ] --END-- [ RunTime:0.001000s ]
SQL: SHOW COLUMNS FROM `think_ysy_order` [ RunTime:0.0070s ]
SQL: SELECT `rece_tel`,`rece_addr`,`rece_name`,yo.status,yo.order_id,yo.rece_name,yo.addtime,yog.package_id,yog.num,yog.price,yog.ordertype,u.realname,ygp.packagename FROM think_ysy_order yo INNER JOIN think_user AS u ON u.id = yo.order_user INNER JOIN think_ysy_ordergoods AS yog ON yo.order_id = yog.order_id INNER JOIN think_ysy_goodspackage AS ygp ON yog.package_id = ygp.id  WHERE ( yo.order_id = 1489889148 )  [ RunTime:0.0010s ]
SQL: SHOW COLUMNS FROM `think_ysy_goodspackage` [ RunTime:0.0070s ]
SQL: SELECT `packagename`,g.goods_id,`num`,`goods_name` FROM think_ysy_goodspackage gp INNER JOIN think_ysy_goodspackageinfo AS gpi ON gp.id = gpi.packageid INNER JOIN think_ysy_goods AS g ON g.goods_id = gpi.goods_id  WHERE ( gp.id = 1486733119 )  [ RunTime:0.0000s ]
SQL: SHOW COLUMNS FROM `think_ysy_approvelog` [ RunTime:0.0060s ]
SQL: SELECT al.addtime,al.uid,u.realname,al.remark,al.nodename FROM think_ysy_approvelog al INNER JOIN think_user AS u ON al.uid = u.id  WHERE ( al.orderid = 1489889148 )  [ RunTime:0.0010s ]
INFO: [ view_parse ] --START--
INFO: [ template_filter ] --START--
INFO: Run Behavior\ContentReplaceBehavior [ RunTime:0.000000s ]
INFO: [ template_filter ] --END-- [ RunTime:0.000000s ]
INFO: Run Behavior\ParseTemplateBehavior [ RunTime:0.012001s ]
INFO: [ view_parse ] --END-- [ RunTime:0.012001s ]
INFO: [ view_filter ] --START--
INFO: Run Behavior\WriteHtmlCacheBehavior [ RunTime:0.000000s ]
INFO: [ view_filter ] --END-- [ RunTime:0.000000s ]
INFO: [ app_end ] --START--
INFO: Run Behavior\ShowPageTraceBehavior [ RunTime:0.000000s ]
INFO: [ app_end ] --END-- [ RunTime:0.000000s ]

[ 2017-03-19T10:34:58+08:00 ] 127.0.0.1 /myysy/dingtalk.php/ApproveCenter/ApproveCenter/
INFO: [ app_init ] --START--
INFO: Run Behavior\BuildLiteBehavior [ RunTime:0.000000s ]
INFO: [ app_init ] --END-- [ RunTime:0.001001s ]
INFO: [ app_begin ] --START--
INFO: Run Behavior\ReadHtmlCacheBehavior [ RunTime:0.000000s ]
INFO: [ app_begin ] --END-- [ RunTime:0.000000s ]
INFO: [ view_parse ] --START--
INFO: [ template_filter ] --START--
INFO: Run Behavior\ContentReplaceBehavior [ RunTime:0.000000s ]
INFO: [ template_filter ] --END-- [ RunTime:0.000000s ]
INFO: Run Behavior\ParseTemplateBehavior [ RunTime:0.006000s ]
INFO: [ view_parse ] --END-- [ RunTime:0.006000s ]
INFO: [ view_filter ] --START--
INFO: Run Behavior\WriteHtmlCacheBehavior [ RunTime:0.001000s ]
INFO: [ view_filter ] --END-- [ RunTime:0.001000s ]
INFO: [ app_end ] --START--
INFO: Run Behavior\ShowPageTraceBehavior [ RunTime:0.000000s ]
INFO: [ app_end ] --END-- [ RunTime:0.000000s ]

[ 2017-03-19T10:35:00+08:00 ] 127.0.0.1 /myysy/dingtalk.php/OrderProcess/OrderApprove.html
INFO: [ app_init ] --START--
INFO: Run Behavior\BuildLiteBehavior [ RunTime:0.000000s ]
INFO: [ app_init ] --END-- [ RunTime:0.000000s ]
INFO: [ app_begin ] --START--
INFO: Run Behavior\ReadHtmlCacheBehavior [ RunTime:0.001000s ]
INFO: [ app_begin ] --END-- [ RunTime:0.001000s ]
SQL: SHOW COLUMNS FROM `think_user` [ RunTime:0.0060s ]
SQL: SELECT * FROM `think_user`  [ RunTime:0.0010s ]
SQL: SHOW COLUMNS FROM `think_ysy_goodspackage` [ RunTime:0.0060s ]
SQL: SELECT * FROM `think_ysy_goodspackage` WHERE ( status = 0 )  [ RunTime:0.0010s ]
INFO: [ view_parse ] --START--
INFO: [ template_filter ] --START--
INFO: Run Behavior\ContentReplaceBehavior [ RunTime:0.000000s ]
INFO: [ template_filter ] --END-- [ RunTime:0.000000s ]
INFO: Run Behavior\ParseTemplateBehavior [ RunTime:0.011001s ]
INFO: [ view_parse ] --END-- [ RunTime:0.011001s ]
INFO: [ view_filter ] --START--
INFO: Run Behavior\WriteHtmlCacheBehavior [ RunTime:0.001000s ]
INFO: [ view_filter ] --END-- [ RunTime:0.001000s ]
INFO: [ app_end ] --START--
INFO: Run Behavior\ShowPageTraceBehavior [ RunTime:0.001000s ]
INFO: [ app_end ] --END-- [ RunTime:0.001000s ]

[ 2017-03-19T10:35:03+08:00 ] 127.0.0.1 /myysy/dingtalk.php/OrderProcess/OrderApprove.html
INFO: [ app_init ] --START--
INFO: Run Behavior\BuildLiteBehavior [ RunTime:0.000000s ]
INFO: [ app_init ] --END-- [ RunTime:0.000000s ]
INFO: [ app_begin ] --START--
INFO: Run Behavior\ReadHtmlCacheBehavior [ RunTime:0.001000s ]
INFO: [ app_begin ] --END-- [ RunTime:0.001000s ]
SQL: SHOW COLUMNS FROM `think_user` [ RunTime:0.0070s ]
SQL: SELECT * FROM `think_user`  [ RunTime:0.0000s ]
SQL: SHOW COLUMNS FROM `think_ysy_goodspackage` [ RunTime:0.0060s ]
SQL: SELECT * FROM `think_ysy_goodspackage` WHERE ( status = 0 )  [ RunTime:0.0000s ]
INFO: [ view_parse ] --START--
INFO: [ template_filter ] --START--
INFO: Run Behavior\ContentReplaceBehavior [ RunTime:0.000000s ]
INFO: [ template_filter ] --END-- [ RunTime:0.000000s ]
INFO: Run Behavior\ParseTemplateBehavior [ RunTime:0.011000s ]
INFO: [ view_parse ] --END-- [ RunTime:0.011000s ]
INFO: [ view_filter ] --START--
INFO: Run Behavior\WriteHtmlCacheBehavior [ RunTime:0.000000s ]
INFO: [ view_filter ] --END-- [ RunTime:0.000000s ]
INFO: [ app_end ] --START--
INFO: Run Behavior\ShowPageTraceBehavior [ RunTime:0.000000s ]
INFO: [ app_end ] --END-- [ RunTime:0.000000s ]

[ 2017-03-19T10:38:35+08:00 ] 127.0.0.1 /myysy/dingtalk.php/OrderProcess/OrderApprove.html
INFO: [ app_init ] --START--
INFO: Run Behavior\BuildLiteBehavior [ RunTime:0.000000s ]
INFO: [ app_init ] --END-- [ RunTime:0.000000s ]
INFO: [ app_begin ] --START--
INFO: Run Behavior\ReadHtmlCacheBehavior [ RunTime:0.001000s ]
INFO: [ app_begin ] --END-- [ RunTime:0.001000s ]
SQL: SHOW COLUMNS FROM `think_user` [ RunTime:0.0070s ]
SQL: SELECT * FROM `think_user`  [ RunTime:0.0000s ]
SQL: SHOW COLUMNS FROM `think_ysy_goodspackage` [ RunTime:0.0060s ]
SQL: SELECT * FROM `think_ysy_goodspackage` WHERE ( status = 0 )  [ RunTime:0.0000s ]
INFO: [ view_parse ] --START--
INFO: [ template_filter ] --START--
INFO: Run Behavior\ContentReplaceBehavior [ RunTime:0.000000s ]
INFO: [ template_filter ] --END-- [ RunTime:0.000000s ]
INFO: Run Behavior\ParseTemplateBehavior [ RunTime:0.013001s ]
INFO: [ view_parse ] --END-- [ RunTime:0.013001s ]
INFO: [ view_filter ] --START--
INFO: Run Behavior\WriteHtmlCacheBehavior [ RunTime:0.000000s ]
INFO: [ view_filter ] --END-- [ RunTime:0.000000s ]
INFO: [ app_end ] --START--
INFO: Run Behavior\ShowPageTraceBehavior [ RunTime:0.001000s ]
INFO: [ app_end ] --END-- [ RunTime:0.001000s ]

