[ 2016-11-15T09:54:16+08:00 ] 127.0.0.1 /myysy/admin.php/Rbac/Rbac/actionOperationUser
INFO: [ app_init ] --START--
INFO: Run Behavior\BuildLiteBehavior [ RunTime:0.000016s ]
INFO: [ app_init ] --END-- [ RunTime:0.051822s ]
INFO: [ app_begin ] --START--
INFO: Run Behavior\ReadHtmlCacheBehavior [ RunTime:0.014447s ]
INFO: [ app_begin ] --END-- [ RunTime:0.014511s ]
NOTIC: [8] Undefined index: controller_2 D:\phpStudy\WWW\myysy\AdminApplication\Admin\Controller\Body\BodyController.class.php 第 55 行.

[ 2016-11-15T09:54:16+08:00 ] 127.0.0.1 /myysy/admin.php/Login/Login/actionLogin.html
INFO: [ app_init ] --START--
INFO: Run Behavior\BuildLiteBehavior [ RunTime:0.000013s ]
INFO: [ app_init ] --END-- [ RunTime:0.000554s ]
INFO: [ app_begin ] --START--
INFO: Run Behavior\ReadHtmlCacheBehavior [ RunTime:0.000671s ]
INFO: [ app_begin ] --END-- [ RunTime:0.000722s ]
INFO: [ view_parse ] --START--
INFO: [ template_filter ] --START--
INFO: Run Behavior\ContentReplaceBehavior [ RunTime:0.041229s ]
INFO: [ template_filter ] --END-- [ RunTime:0.041299s ]
INFO: Run Behavior\ParseTemplateBehavior [ RunTime:0.122855s ]
INFO: [ view_parse ] --END-- [ RunTime:0.122932s ]
INFO: [ view_filter ] --START--
INFO: Run Behavior\WriteHtmlCacheBehavior [ RunTime:0.010109s ]
INFO: [ view_filter ] --END-- [ RunTime:0.010157s ]
INFO: [ app_end ] --START--
INFO: Run Behavior\ShowPageTraceBehavior [ RunTime:0.015418s ]
INFO: [ app_end ] --END-- [ RunTime:0.015468s ]

[ 2016-11-15T09:54:32+08:00 ] 127.0.0.1 /myysy/admin.php/Login/Login/actionCheckUserInfo.html?username=wudan&password=wd811103
INFO: [ app_init ] --START--
INFO: Run Behavior\BuildLiteBehavior [ RunTime:0.000014s ]
INFO: [ app_init ] --END-- [ RunTime:0.000532s ]
INFO: [ app_begin ] --START--
INFO: Run Behavior\ReadHtmlCacheBehavior [ RunTime:0.000804s ]
INFO: [ app_begin ] --END-- [ RunTime:0.000863s ]
SQL: SHOW COLUMNS FROM `think_user` [ RunTime:0.0235s ]
SQL: SELECT * FROM `think_user` WHERE ( username = 'wudan' AND password = '883327915c4022331b5abcb9da2a390c' ) LIMIT 1   [ RunTime:0.0045s ]
INFO: [ view_parse ] --START--
INFO: [ template_filter ] --START--
INFO: Run Behavior\ContentReplaceBehavior [ RunTime:0.002813s ]
INFO: [ template_filter ] --END-- [ RunTime:0.002875s ]
INFO: Run Behavior\ParseTemplateBehavior [ RunTime:0.033511s ]
INFO: [ view_parse ] --END-- [ RunTime:0.033588s ]
INFO: [ view_filter ] --START--
INFO: Run Behavior\WriteHtmlCacheBehavior [ RunTime:0.000639s ]
INFO: [ view_filter ] --END-- [ RunTime:0.000741s ]
INFO: [ app_end ] --START--
INFO: Run Behavior\ShowPageTraceBehavior [ RunTime:0.000778s ]
INFO: [ app_end ] --END-- [ RunTime:0.000820s ]

[ 2016-11-15T09:54:35+08:00 ] 127.0.0.1 /myysy/admin.php/Rbac/Rbac/actionOperationUser.html
INFO: [ app_init ] --START--
INFO: Run Behavior\BuildLiteBehavior [ RunTime:0.000013s ]
INFO: [ app_init ] --END-- [ RunTime:0.000548s ]
INFO: [ app_begin ] --START--
INFO: Run Behavior\ReadHtmlCacheBehavior [ RunTime:0.000654s ]
INFO: [ app_begin ] --END-- [ RunTime:0.000718s ]
SQL: SHOW COLUMNS FROM `think_user` [ RunTime:0.0042s ]
SQL: SELECT u.username as username,ru.user_id,ru.role_id,r.name as role_name,a.node_id,n.name as node_name,n.title as node_title,n.pid,n.level FROM think_user u INNER JOIN think_role_user AS ru ON ru.user_id = u.id INNER JOIN think_role AS r ON r.id = ru.role_id INNER JOIN think_access AS a ON a.role_id = r.id INNER JOIN think_node AS n ON a.node_id = n.id  WHERE ( ru.user_id = 1 )  [ RunTime:0.0375s ]
NOTIC: [8] Undefined index: url D:\phpStudy\WWW\myysy\AdminApplication\Admin\Controller\Body\BodyController.class.php 第 64 行.
NOTIC: [8] Undefined index: url D:\phpStudy\WWW\myysy\AdminApplication\Admin\Controller\Body\BodyController.class.php 第 64 行.
NOTIC: [8] Undefined index: url D:\phpStudy\WWW\myysy\AdminApplication\Admin\Controller\Body\BodyController.class.php 第 64 行.
NOTIC: [8] Undefined index: url D:\phpStudy\WWW\myysy\AdminApplication\Admin\Controller\Body\BodyController.class.php 第 64 行.
NOTIC: [8] Undefined index: url D:\phpStudy\WWW\myysy\AdminApplication\Admin\Controller\Body\BodyController.class.php 第 64 行.
NOTIC: [8] Undefined index: url D:\phpStudy\WWW\myysy\AdminApplication\Admin\Controller\Body\BodyController.class.php 第 64 行.
NOTIC: [8] Undefined index: url D:\phpStudy\WWW\myysy\AdminApplication\Admin\Controller\Body\BodyController.class.php 第 64 行.
NOTIC: [8] Undefined index: url D:\phpStudy\WWW\myysy\AdminApplication\Admin\Controller\Body\BodyController.class.php 第 64 行.
NOTIC: [8] Undefined index: url D:\phpStudy\WWW\myysy\AdminApplication\Admin\Controller\Body\BodyController.class.php 第 162 行.
NOTIC: [8] Undefined index: url D:\phpStudy\WWW\myysy\AdminApplication\Admin\Controller\Body\BodyController.class.php 第 162 行.
SQL: SELECT * FROM `think_user`  [ RunTime:0.0004s ]
INFO: [ view_parse ] --START--
INFO: [ template_filter ] --START--
INFO: Run Behavior\ContentReplaceBehavior [ RunTime:0.000052s ]
INFO: [ template_filter ] --END-- [ RunTime:0.000093s ]
INFO: Run Behavior\ParseTemplateBehavior [ RunTime:0.061430s ]
INFO: [ view_parse ] --END-- [ RunTime:0.061476s ]
INFO: [ view_filter ] --START--
INFO: Run Behavior\WriteHtmlCacheBehavior [ RunTime:0.000457s ]
INFO: [ view_filter ] --END-- [ RunTime:0.000504s ]
INFO: [ app_end ] --START--
INFO: Run Behavior\ShowPageTraceBehavior [ RunTime:0.001063s ]
INFO: [ app_end ] --END-- [ RunTime:0.001141s ]

[ 2016-11-15T09:57:15+08:00 ] 127.0.0.1 /myysy/admin.php/Rbac/Rbac/
INFO: [ app_init ] --START--
INFO: Run Behavior\BuildLiteBehavior [ RunTime:0.000015s ]
INFO: [ app_init ] --END-- [ RunTime:0.000606s ]
INFO: [ app_begin ] --START--
INFO: Run Behavior\ReadHtmlCacheBehavior [ RunTime:0.000730s ]
INFO: [ app_begin ] --END-- [ RunTime:0.000776s ]
SQL: SHOW COLUMNS FROM `think_user` [ RunTime:0.0048s ]
SQL: SELECT u.username as username,ru.user_id,ru.role_id,r.name as role_name,a.node_id,n.name as node_name,n.title as node_title,n.pid,n.level FROM think_user u INNER JOIN think_role_user AS ru ON ru.user_id = u.id INNER JOIN think_role AS r ON r.id = ru.role_id INNER JOIN think_access AS a ON a.role_id = r.id INNER JOIN think_node AS n ON a.node_id = n.id  WHERE ( ru.user_id = 1 )  [ RunTime:0.0013s ]
NOTIC: [8] Undefined index: url D:\phpStudy\WWW\myysy\AdminApplication\Admin\Controller\Body\BodyController.class.php 第 64 行.
NOTIC: [8] Undefined index: url D:\phpStudy\WWW\myysy\AdminApplication\Admin\Controller\Body\BodyController.class.php 第 64 行.
NOTIC: [8] Undefined index: url D:\phpStudy\WWW\myysy\AdminApplication\Admin\Controller\Body\BodyController.class.php 第 64 行.
NOTIC: [8] Undefined index: url D:\phpStudy\WWW\myysy\AdminApplication\Admin\Controller\Body\BodyController.class.php 第 64 行.
NOTIC: [8] Undefined index: url D:\phpStudy\WWW\myysy\AdminApplication\Admin\Controller\Body\BodyController.class.php 第 64 行.
NOTIC: [8] Undefined index: url D:\phpStudy\WWW\myysy\AdminApplication\Admin\Controller\Body\BodyController.class.php 第 64 行.
NOTIC: [8] Undefined index: url D:\phpStudy\WWW\myysy\AdminApplication\Admin\Controller\Body\BodyController.class.php 第 64 行.
NOTIC: [8] Undefined index: url D:\phpStudy\WWW\myysy\AdminApplication\Admin\Controller\Body\BodyController.class.php 第 64 行.
NOTIC: [8] Undefined index: url D:\phpStudy\WWW\myysy\AdminApplication\Admin\Controller\Body\BodyController.class.php 第 162 行.
NOTIC: [8] Undefined index: url D:\phpStudy\WWW\myysy\AdminApplication\Admin\Controller\Body\BodyController.class.php 第 162 行.
SQL: SHOW COLUMNS FROM `think_flow_modulerule` [ RunTime:0.0041s ]
SQL: SELECT * FROM `think_flow_modulerule` WHERE ( rulename = 'demo' ) LIMIT 1   [ RunTime:0.0003s ]
SQL: SHOW COLUMNS FROM `think_flow_property` [ RunTime:0.0040s ]
SQL: SELECT * FROM `think_flow_property` LIMIT 1   [ RunTime:0.0003s ]

[ 2016-11-15T09:57:36+08:00 ] 127.0.0.1 /myysy/admin.php/Rbac/Rbac/
INFO: [ app_init ] --START--
INFO: Run Behavior\BuildLiteBehavior [ RunTime:0.000016s ]
INFO: [ app_init ] --END-- [ RunTime:0.000581s ]
INFO: [ app_begin ] --START--
INFO: Run Behavior\ReadHtmlCacheBehavior [ RunTime:0.000662s ]
INFO: [ app_begin ] --END-- [ RunTime:0.000707s ]
SQL: SHOW COLUMNS FROM `think_user` [ RunTime:0.0040s ]
SQL: SELECT u.username as username,ru.user_id,ru.role_id,r.name as role_name,a.node_id,n.name as node_name,n.title as node_title,n.pid,n.level FROM think_user u INNER JOIN think_role_user AS ru ON ru.user_id = u.id INNER JOIN think_role AS r ON r.id = ru.role_id INNER JOIN think_access AS a ON a.role_id = r.id INNER JOIN think_node AS n ON a.node_id = n.id  WHERE ( ru.user_id = 1 )  [ RunTime:0.0011s ]
NOTIC: [8] Undefined index: url D:\phpStudy\WWW\myysy\AdminApplication\Admin\Controller\Body\BodyController.class.php 第 64 行.
NOTIC: [8] Undefined index: url D:\phpStudy\WWW\myysy\AdminApplication\Admin\Controller\Body\BodyController.class.php 第 64 行.
NOTIC: [8] Undefined index: url D:\phpStudy\WWW\myysy\AdminApplication\Admin\Controller\Body\BodyController.class.php 第 64 行.
NOTIC: [8] Undefined index: url D:\phpStudy\WWW\myysy\AdminApplication\Admin\Controller\Body\BodyController.class.php 第 64 行.
NOTIC: [8] Undefined index: url D:\phpStudy\WWW\myysy\AdminApplication\Admin\Controller\Body\BodyController.class.php 第 64 行.
NOTIC: [8] Undefined index: url D:\phpStudy\WWW\myysy\AdminApplication\Admin\Controller\Body\BodyController.class.php 第 64 行.
NOTIC: [8] Undefined index: url D:\phpStudy\WWW\myysy\AdminApplication\Admin\Controller\Body\BodyController.class.php 第 64 行.
NOTIC: [8] Undefined index: url D:\phpStudy\WWW\myysy\AdminApplication\Admin\Controller\Body\BodyController.class.php 第 64 行.
NOTIC: [8] Undefined index: url D:\phpStudy\WWW\myysy\AdminApplication\Admin\Controller\Body\BodyController.class.php 第 162 行.
NOTIC: [8] Undefined index: url D:\phpStudy\WWW\myysy\AdminApplication\Admin\Controller\Body\BodyController.class.php 第 162 行.
SQL: SHOW COLUMNS FROM `think_flow_modulerule` [ RunTime:0.0253s ]
SQL: SELECT * FROM `think_flow_modulerule` WHERE ( rulename = 'demo' ) LIMIT 1   [ RunTime:0.0003s ]
SQL: SHOW COLUMNS FROM `think_flow_property` [ RunTime:0.0040s ]
SQL: SELECT * FROM `think_flow_property` LIMIT 1   [ RunTime:0.0004s ]

[ 2016-11-15T10:12:11+08:00 ] 127.0.0.1 /myysy/admin.php/Rbac/Rbac/
INFO: [ app_init ] --START--
INFO: Run Behavior\BuildLiteBehavior [ RunTime:0.000013s ]
INFO: [ app_init ] --END-- [ RunTime:0.000631s ]
INFO: [ app_begin ] --START--
INFO: Run Behavior\ReadHtmlCacheBehavior [ RunTime:0.000795s ]
INFO: [ app_begin ] --END-- [ RunTime:0.000843s ]
SQL: SHOW COLUMNS FROM `think_user` [ RunTime:0.0042s ]
SQL: SELECT u.username as username,ru.user_id,ru.role_id,r.name as role_name,a.node_id,n.name as node_name,n.title as node_title,n.pid,n.level FROM think_user u INNER JOIN think_role_user AS ru ON ru.user_id = u.id INNER JOIN think_role AS r ON r.id = ru.role_id INNER JOIN think_access AS a ON a.role_id = r.id INNER JOIN think_node AS n ON a.node_id = n.id  WHERE ( ru.user_id = 1 )  [ RunTime:0.0009s ]
NOTIC: [8] Undefined index: url D:\phpStudy\WWW\myysy\AdminApplication\Admin\Controller\Body\BodyController.class.php 第 64 行.
NOTIC: [8] Undefined index: url D:\phpStudy\WWW\myysy\AdminApplication\Admin\Controller\Body\BodyController.class.php 第 64 行.
NOTIC: [8] Undefined index: url D:\phpStudy\WWW\myysy\AdminApplication\Admin\Controller\Body\BodyController.class.php 第 64 行.
NOTIC: [8] Undefined index: url D:\phpStudy\WWW\myysy\AdminApplication\Admin\Controller\Body\BodyController.class.php 第 64 行.
NOTIC: [8] Undefined index: url D:\phpStudy\WWW\myysy\AdminApplication\Admin\Controller\Body\BodyController.class.php 第 64 行.
NOTIC: [8] Undefined index: url D:\phpStudy\WWW\myysy\AdminApplication\Admin\Controller\Body\BodyController.class.php 第 64 行.
NOTIC: [8] Undefined index: url D:\phpStudy\WWW\myysy\AdminApplication\Admin\Controller\Body\BodyController.class.php 第 64 行.
NOTIC: [8] Undefined index: url D:\phpStudy\WWW\myysy\AdminApplication\Admin\Controller\Body\BodyController.class.php 第 64 行.
NOTIC: [8] Undefined index: url D:\phpStudy\WWW\myysy\AdminApplication\Admin\Controller\Body\BodyController.class.php 第 162 行.
NOTIC: [8] Undefined index: url D:\phpStudy\WWW\myysy\AdminApplication\Admin\Controller\Body\BodyController.class.php 第 162 行.
SQL: SHOW COLUMNS FROM `think_flow_modulerule` [ RunTime:0.0044s ]
SQL: SELECT * FROM `think_flow_modulerule` WHERE ( rulename = 'demo' ) LIMIT 1   [ RunTime:0.0003s ]
SQL: SHOW COLUMNS FROM `think_flow_property` [ RunTime:0.0040s ]
SQL: SELECT * FROM `think_flow_property` LIMIT 1   [ RunTime:0.0003s ]

[ 2016-11-15T10:31:01+08:00 ] 127.0.0.1 /myysy/admin.php/Rbac/Rbac/
INFO: [ app_init ] --START--
INFO: Run Behavior\BuildLiteBehavior [ RunTime:0.000014s ]
INFO: [ app_init ] --END-- [ RunTime:0.000610s ]
INFO: [ app_begin ] --START--
INFO: Run Behavior\ReadHtmlCacheBehavior [ RunTime:0.000934s ]
INFO: [ app_begin ] --END-- [ RunTime:0.001024s ]
SQL: SHOW COLUMNS FROM `think_user` [ RunTime:0.0062s ]
SQL: SELECT u.username as username,ru.user_id,ru.role_id,r.name as role_name,a.node_id,n.name as node_name,n.title as node_title,n.pid,n.level FROM think_user u INNER JOIN think_role_user AS ru ON ru.user_id = u.id INNER JOIN think_role AS r ON r.id = ru.role_id INNER JOIN think_access AS a ON a.role_id = r.id INNER JOIN think_node AS n ON a.node_id = n.id  WHERE ( ru.user_id = 1 )  [ RunTime:0.0034s ]
NOTIC: [8] Undefined index: url D:\phpStudy\WWW\myysy\AdminApplication\Admin\Controller\Body\BodyController.class.php 第 64 行.
NOTIC: [8] Undefined index: url D:\phpStudy\WWW\myysy\AdminApplication\Admin\Controller\Body\BodyController.class.php 第 64 行.
NOTIC: [8] Undefined index: url D:\phpStudy\WWW\myysy\AdminApplication\Admin\Controller\Body\BodyController.class.php 第 64 行.
NOTIC: [8] Undefined index: url D:\phpStudy\WWW\myysy\AdminApplication\Admin\Controller\Body\BodyController.class.php 第 64 行.
NOTIC: [8] Undefined index: url D:\phpStudy\WWW\myysy\AdminApplication\Admin\Controller\Body\BodyController.class.php 第 64 行.
NOTIC: [8] Undefined index: url D:\phpStudy\WWW\myysy\AdminApplication\Admin\Controller\Body\BodyController.class.php 第 64 行.
NOTIC: [8] Undefined index: url D:\phpStudy\WWW\myysy\AdminApplication\Admin\Controller\Body\BodyController.class.php 第 64 行.
NOTIC: [8] Undefined index: url D:\phpStudy\WWW\myysy\AdminApplication\Admin\Controller\Body\BodyController.class.php 第 64 行.
NOTIC: [8] Undefined index: url D:\phpStudy\WWW\myysy\AdminApplication\Admin\Controller\Body\BodyController.class.php 第 162 行.
NOTIC: [8] Undefined index: url D:\phpStudy\WWW\myysy\AdminApplication\Admin\Controller\Body\BodyController.class.php 第 162 行.
SQL: SHOW COLUMNS FROM `think_flow_modulerule` [ RunTime:0.0055s ]
SQL: SELECT * FROM `think_flow_modulerule` WHERE ( rulename = 'demo' ) LIMIT 1   [ RunTime:0.0003s ]
SQL: SHOW COLUMNS FROM `think_flow_property` [ RunTime:0.0063s ]
SQL: SELECT * FROM `think_flow_property` LIMIT 1   [ RunTime:0.0003s ]
NOTIC: [8] Undefined property: Org\Jbmp\ExecutionClass\StartExecutionClass::$_execution D:\phpStudy\WWW\myysy\ThinkPHP\Library\Org\Jbmp\ExecutionClass\CommonExecutionClass.class.php 第 79 行.
NOTIC: [8] Undefined property: Org\Jbmp\ExecutionClass\StartExecutionClass::$_execution D:\phpStudy\WWW\myysy\ThinkPHP\Library\Org\Jbmp\ExecutionClass\CommonExecutionClass.class.php 第 82 行.
NOTIC: [8] Undefined property: Org\Jbmp\ProcessFunction\XmlEngine::$_xmlDocument D:\phpStudy\WWW\myysy\ThinkPHP\Library\Org\Jbmp\ProcessFunction\XmlEngine.class.php 第 34 行.

[ 2016-11-15T10:32:12+08:00 ] 127.0.0.1 /myysy/admin.php/Rbac/Rbac/
INFO: [ app_init ] --START--
INFO: Run Behavior\BuildLiteBehavior [ RunTime:0.000014s ]
INFO: [ app_init ] --END-- [ RunTime:0.000576s ]
INFO: [ app_begin ] --START--
INFO: Run Behavior\ReadHtmlCacheBehavior [ RunTime:0.000752s ]
INFO: [ app_begin ] --END-- [ RunTime:0.000801s ]
SQL: SHOW COLUMNS FROM `think_user` [ RunTime:0.0049s ]
SQL: SELECT u.username as username,ru.user_id,ru.role_id,r.name as role_name,a.node_id,n.name as node_name,n.title as node_title,n.pid,n.level FROM think_user u INNER JOIN think_role_user AS ru ON ru.user_id = u.id INNER JOIN think_role AS r ON r.id = ru.role_id INNER JOIN think_access AS a ON a.role_id = r.id INNER JOIN think_node AS n ON a.node_id = n.id  WHERE ( ru.user_id = 1 )  [ RunTime:0.0011s ]
NOTIC: [8] Undefined index: url D:\phpStudy\WWW\myysy\AdminApplication\Admin\Controller\Body\BodyController.class.php 第 64 行.
NOTIC: [8] Undefined index: url D:\phpStudy\WWW\myysy\AdminApplication\Admin\Controller\Body\BodyController.class.php 第 64 行.
NOTIC: [8] Undefined index: url D:\phpStudy\WWW\myysy\AdminApplication\Admin\Controller\Body\BodyController.class.php 第 64 行.
NOTIC: [8] Undefined index: url D:\phpStudy\WWW\myysy\AdminApplication\Admin\Controller\Body\BodyController.class.php 第 64 行.
NOTIC: [8] Undefined index: url D:\phpStudy\WWW\myysy\AdminApplication\Admin\Controller\Body\BodyController.class.php 第 64 行.
NOTIC: [8] Undefined index: url D:\phpStudy\WWW\myysy\AdminApplication\Admin\Controller\Body\BodyController.class.php 第 64 行.
NOTIC: [8] Undefined index: url D:\phpStudy\WWW\myysy\AdminApplication\Admin\Controller\Body\BodyController.class.php 第 64 行.
NOTIC: [8] Undefined index: url D:\phpStudy\WWW\myysy\AdminApplication\Admin\Controller\Body\BodyController.class.php 第 64 行.
NOTIC: [8] Undefined index: url D:\phpStudy\WWW\myysy\AdminApplication\Admin\Controller\Body\BodyController.class.php 第 162 行.
NOTIC: [8] Undefined index: url D:\phpStudy\WWW\myysy\AdminApplication\Admin\Controller\Body\BodyController.class.php 第 162 行.
SQL: SHOW COLUMNS FROM `think_flow_modulerule` [ RunTime:0.0053s ]
SQL: SELECT * FROM `think_flow_modulerule` WHERE ( rulename = 'demo' ) LIMIT 1   [ RunTime:0.0004s ]
SQL: SHOW COLUMNS FROM `think_flow_property` [ RunTime:0.0051s ]
SQL: SELECT * FROM `think_flow_property` LIMIT 1   [ RunTime:0.0003s ]
NOTIC: [8] Undefined property: Org\Jbmp\ExecutionClass\StartExecutionClass::$_execution D:\phpStudy\WWW\myysy\ThinkPHP\Library\Org\Jbmp\ExecutionClass\CommonExecutionClass.class.php 第 79 行.
NOTIC: [8] Undefined property: Org\Jbmp\ExecutionClass\StartExecutionClass::$_execution D:\phpStudy\WWW\myysy\ThinkPHP\Library\Org\Jbmp\ExecutionClass\CommonExecutionClass.class.php 第 82 行.

[ 2016-11-15T10:32:51+08:00 ] 127.0.0.1 /myysy/admin.php/Rbac/Rbac/
INFO: [ app_init ] --START--
INFO: Run Behavior\BuildLiteBehavior [ RunTime:0.000015s ]
INFO: [ app_init ] --END-- [ RunTime:0.000619s ]
INFO: [ app_begin ] --START--
INFO: Run Behavior\ReadHtmlCacheBehavior [ RunTime:0.000663s ]
INFO: [ app_begin ] --END-- [ RunTime:0.000708s ]
SQL: SHOW COLUMNS FROM `think_user` [ RunTime:0.0052s ]
SQL: SELECT u.username as username,ru.user_id,ru.role_id,r.name as role_name,a.node_id,n.name as node_name,n.title as node_title,n.pid,n.level FROM think_user u INNER JOIN think_role_user AS ru ON ru.user_id = u.id INNER JOIN think_role AS r ON r.id = ru.role_id INNER JOIN think_access AS a ON a.role_id = r.id INNER JOIN think_node AS n ON a.node_id = n.id  WHERE ( ru.user_id = 1 )  [ RunTime:0.0009s ]
NOTIC: [8] Undefined index: url D:\phpStudy\WWW\myysy\AdminApplication\Admin\Controller\Body\BodyController.class.php 第 64 行.
NOTIC: [8] Undefined index: url D:\phpStudy\WWW\myysy\AdminApplication\Admin\Controller\Body\BodyController.class.php 第 64 行.
NOTIC: [8] Undefined index: url D:\phpStudy\WWW\myysy\AdminApplication\Admin\Controller\Body\BodyController.class.php 第 64 行.
NOTIC: [8] Undefined index: url D:\phpStudy\WWW\myysy\AdminApplication\Admin\Controller\Body\BodyController.class.php 第 64 行.
NOTIC: [8] Undefined index: url D:\phpStudy\WWW\myysy\AdminApplication\Admin\Controller\Body\BodyController.class.php 第 64 行.
NOTIC: [8] Undefined index: url D:\phpStudy\WWW\myysy\AdminApplication\Admin\Controller\Body\BodyController.class.php 第 64 行.
NOTIC: [8] Undefined index: url D:\phpStudy\WWW\myysy\AdminApplication\Admin\Controller\Body\BodyController.class.php 第 64 行.
NOTIC: [8] Undefined index: url D:\phpStudy\WWW\myysy\AdminApplication\Admin\Controller\Body\BodyController.class.php 第 64 行.
NOTIC: [8] Undefined index: url D:\phpStudy\WWW\myysy\AdminApplication\Admin\Controller\Body\BodyController.class.php 第 162 行.
NOTIC: [8] Undefined index: url D:\phpStudy\WWW\myysy\AdminApplication\Admin\Controller\Body\BodyController.class.php 第 162 行.
SQL: SHOW COLUMNS FROM `think_flow_modulerule` [ RunTime:0.0053s ]
SQL: SELECT * FROM `think_flow_modulerule` WHERE ( rulename = 'demo' ) LIMIT 1   [ RunTime:0.0003s ]
SQL: SHOW COLUMNS FROM `think_flow_property` [ RunTime:0.0046s ]
SQL: SELECT * FROM `think_flow_property` LIMIT 1   [ RunTime:0.0003s ]
NOTIC: [8] Undefined property: Org\Jbmp\ExecutionClass\StartExecutionClass::$_execution D:\phpStudy\WWW\myysy\ThinkPHP\Library\Org\Jbmp\ExecutionClass\CommonExecutionClass.class.php 第 79 行.
NOTIC: [8] Undefined property: Org\Jbmp\ExecutionClass\StartExecutionClass::$_execution D:\phpStudy\WWW\myysy\ThinkPHP\Library\Org\Jbmp\ExecutionClass\CommonExecutionClass.class.php 第 82 行.

[ 2016-11-15T10:33:44+08:00 ] 127.0.0.1 /myysy/admin.php/Rbac/Rbac/
INFO: [ app_init ] --START--
INFO: Run Behavior\BuildLiteBehavior [ RunTime:0.000015s ]
INFO: [ app_init ] --END-- [ RunTime:0.000702s ]
INFO: [ app_begin ] --START--
INFO: Run Behavior\ReadHtmlCacheBehavior [ RunTime:0.000711s ]
INFO: [ app_begin ] --END-- [ RunTime:0.000760s ]
SQL: SHOW COLUMNS FROM `think_user` [ RunTime:0.0067s ]
SQL: SELECT u.username as username,ru.user_id,ru.role_id,r.name as role_name,a.node_id,n.name as node_name,n.title as node_title,n.pid,n.level FROM think_user u INNER JOIN think_role_user AS ru ON ru.user_id = u.id INNER JOIN think_role AS r ON r.id = ru.role_id INNER JOIN think_access AS a ON a.role_id = r.id INNER JOIN think_node AS n ON a.node_id = n.id  WHERE ( ru.user_id = 1 )  [ RunTime:0.0012s ]
NOTIC: [8] Undefined index: url D:\phpStudy\WWW\myysy\AdminApplication\Admin\Controller\Body\BodyController.class.php 第 64 行.
NOTIC: [8] Undefined index: url D:\phpStudy\WWW\myysy\AdminApplication\Admin\Controller\Body\BodyController.class.php 第 64 行.
NOTIC: [8] Undefined index: url D:\phpStudy\WWW\myysy\AdminApplication\Admin\Controller\Body\BodyController.class.php 第 64 行.
NOTIC: [8] Undefined index: url D:\phpStudy\WWW\myysy\AdminApplication\Admin\Controller\Body\BodyController.class.php 第 64 行.
NOTIC: [8] Undefined index: url D:\phpStudy\WWW\myysy\AdminApplication\Admin\Controller\Body\BodyController.class.php 第 64 行.
NOTIC: [8] Undefined index: url D:\phpStudy\WWW\myysy\AdminApplication\Admin\Controller\Body\BodyController.class.php 第 64 行.
NOTIC: [8] Undefined index: url D:\phpStudy\WWW\myysy\AdminApplication\Admin\Controller\Body\BodyController.class.php 第 64 行.
NOTIC: [8] Undefined index: url D:\phpStudy\WWW\myysy\AdminApplication\Admin\Controller\Body\BodyController.class.php 第 64 行.
NOTIC: [8] Undefined index: url D:\phpStudy\WWW\myysy\AdminApplication\Admin\Controller\Body\BodyController.class.php 第 162 行.
NOTIC: [8] Undefined index: url D:\phpStudy\WWW\myysy\AdminApplication\Admin\Controller\Body\BodyController.class.php 第 162 行.
SQL: SHOW COLUMNS FROM `think_flow_modulerule` [ RunTime:0.0057s ]
SQL: SELECT * FROM `think_flow_modulerule` WHERE ( rulename = 'demo' ) LIMIT 1   [ RunTime:0.0004s ]
SQL: SHOW COLUMNS FROM `think_flow_property` [ RunTime:0.0065s ]
SQL: SELECT * FROM `think_flow_property` LIMIT 1   [ RunTime:0.0003s ]

[ 2016-11-15T10:34:28+08:00 ] 127.0.0.1 /myysy/admin.php/Rbac/Rbac/
INFO: [ app_init ] --START--
INFO: Run Behavior\BuildLiteBehavior [ RunTime:0.000015s ]
INFO: [ app_init ] --END-- [ RunTime:0.000586s ]
INFO: [ app_begin ] --START--
INFO: Run Behavior\ReadHtmlCacheBehavior [ RunTime:0.000706s ]
INFO: [ app_begin ] --END-- [ RunTime:0.000753s ]
SQL: SHOW COLUMNS FROM `think_user` [ RunTime:0.0048s ]
SQL: SELECT u.username as username,ru.user_id,ru.role_id,r.name as role_name,a.node_id,n.name as node_name,n.title as node_title,n.pid,n.level FROM think_user u INNER JOIN think_role_user AS ru ON ru.user_id = u.id INNER JOIN think_role AS r ON r.id = ru.role_id INNER JOIN think_access AS a ON a.role_id = r.id INNER JOIN think_node AS n ON a.node_id = n.id  WHERE ( ru.user_id = 1 )  [ RunTime:0.0010s ]
NOTIC: [8] Undefined index: url D:\phpStudy\WWW\myysy\AdminApplication\Admin\Controller\Body\BodyController.class.php 第 64 行.
NOTIC: [8] Undefined index: url D:\phpStudy\WWW\myysy\AdminApplication\Admin\Controller\Body\BodyController.class.php 第 64 行.
NOTIC: [8] Undefined index: url D:\phpStudy\WWW\myysy\AdminApplication\Admin\Controller\Body\BodyController.class.php 第 64 行.
NOTIC: [8] Undefined index: url D:\phpStudy\WWW\myysy\AdminApplication\Admin\Controller\Body\BodyController.class.php 第 64 行.
NOTIC: [8] Undefined index: url D:\phpStudy\WWW\myysy\AdminApplication\Admin\Controller\Body\BodyController.class.php 第 64 行.
NOTIC: [8] Undefined index: url D:\phpStudy\WWW\myysy\AdminApplication\Admin\Controller\Body\BodyController.class.php 第 64 行.
NOTIC: [8] Undefined index: url D:\phpStudy\WWW\myysy\AdminApplication\Admin\Controller\Body\BodyController.class.php 第 64 行.
NOTIC: [8] Undefined index: url D:\phpStudy\WWW\myysy\AdminApplication\Admin\Controller\Body\BodyController.class.php 第 64 行.
NOTIC: [8] Undefined index: url D:\phpStudy\WWW\myysy\AdminApplication\Admin\Controller\Body\BodyController.class.php 第 162 行.
NOTIC: [8] Undefined index: url D:\phpStudy\WWW\myysy\AdminApplication\Admin\Controller\Body\BodyController.class.php 第 162 行.
SQL: SHOW COLUMNS FROM `think_flow_modulerule` [ RunTime:0.0054s ]
SQL: SELECT * FROM `think_flow_modulerule` WHERE ( rulename = 'demo' ) LIMIT 1   [ RunTime:0.0005s ]
SQL: SHOW COLUMNS FROM `think_flow_property` [ RunTime:0.0056s ]
SQL: SELECT * FROM `think_flow_property` LIMIT 1   [ RunTime:0.0003s ]
NOTIC: [8] Undefined property: Org\Jbmp\ExecutionClass\StartExecutionClass::$_execution D:\phpStudy\WWW\myysy\ThinkPHP\Library\Org\Jbmp\ExecutionClass\CommonExecutionClass.class.php 第 79 行.

[ 2016-11-15T10:34:37+08:00 ] 127.0.0.1 /myysy/admin.php/Rbac/Rbac/
INFO: [ app_init ] --START--
INFO: Run Behavior\BuildLiteBehavior [ RunTime:0.000014s ]
INFO: [ app_init ] --END-- [ RunTime:0.000483s ]
INFO: [ app_begin ] --START--
INFO: Run Behavior\ReadHtmlCacheBehavior [ RunTime:0.000710s ]
INFO: [ app_begin ] --END-- [ RunTime:0.000756s ]
SQL: SHOW COLUMNS FROM `think_user` [ RunTime:0.0048s ]
SQL: SELECT u.username as username,ru.user_id,ru.role_id,r.name as role_name,a.node_id,n.name as node_name,n.title as node_title,n.pid,n.level FROM think_user u INNER JOIN think_role_user AS ru ON ru.user_id = u.id INNER JOIN think_role AS r ON r.id = ru.role_id INNER JOIN think_access AS a ON a.role_id = r.id INNER JOIN think_node AS n ON a.node_id = n.id  WHERE ( ru.user_id = 1 )  [ RunTime:0.0009s ]
NOTIC: [8] Undefined index: url D:\phpStudy\WWW\myysy\AdminApplication\Admin\Controller\Body\BodyController.class.php 第 64 行.
NOTIC: [8] Undefined index: url D:\phpStudy\WWW\myysy\AdminApplication\Admin\Controller\Body\BodyController.class.php 第 64 行.
NOTIC: [8] Undefined index: url D:\phpStudy\WWW\myysy\AdminApplication\Admin\Controller\Body\BodyController.class.php 第 64 行.
NOTIC: [8] Undefined index: url D:\phpStudy\WWW\myysy\AdminApplication\Admin\Controller\Body\BodyController.class.php 第 64 行.
NOTIC: [8] Undefined index: url D:\phpStudy\WWW\myysy\AdminApplication\Admin\Controller\Body\BodyController.class.php 第 64 行.
NOTIC: [8] Undefined index: url D:\phpStudy\WWW\myysy\AdminApplication\Admin\Controller\Body\BodyController.class.php 第 64 行.
NOTIC: [8] Undefined index: url D:\phpStudy\WWW\myysy\AdminApplication\Admin\Controller\Body\BodyController.class.php 第 64 行.
NOTIC: [8] Undefined index: url D:\phpStudy\WWW\myysy\AdminApplication\Admin\Controller\Body\BodyController.class.php 第 64 行.
NOTIC: [8] Undefined index: url D:\phpStudy\WWW\myysy\AdminApplication\Admin\Controller\Body\BodyController.class.php 第 162 行.
NOTIC: [8] Undefined index: url D:\phpStudy\WWW\myysy\AdminApplication\Admin\Controller\Body\BodyController.class.php 第 162 行.
SQL: SHOW COLUMNS FROM `think_flow_modulerule` [ RunTime:0.0050s ]
SQL: SELECT * FROM `think_flow_modulerule` WHERE ( rulename = 'demo' ) LIMIT 1   [ RunTime:0.0003s ]
SQL: SHOW COLUMNS FROM `think_flow_property` [ RunTime:0.0056s ]
SQL: SELECT * FROM `think_flow_property` LIMIT 1   [ RunTime:0.0003s ]
NOTIC: [8] Undefined property: Org\Jbmp\ExecutionClass\StartExecutionClass::$_execution D:\phpStudy\WWW\myysy\ThinkPHP\Library\Org\Jbmp\ExecutionClass\CommonExecutionClass.class.php 第 79 行.
NOTIC: [8] Undefined property: Org\Jbmp\ExecutionClass\StartExecutionClass::$_execution D:\phpStudy\WWW\myysy\ThinkPHP\Library\Org\Jbmp\ExecutionClass\CommonExecutionClass.class.php 第 83 行.

[ 2016-11-15T10:37:22+08:00 ] 127.0.0.1 /myysy/admin.php/Rbac/Rbac/
INFO: [ app_init ] --START--
INFO: Run Behavior\BuildLiteBehavior [ RunTime:0.000013s ]
INFO: [ app_init ] --END-- [ RunTime:0.000648s ]
INFO: [ app_begin ] --START--
INFO: Run Behavior\ReadHtmlCacheBehavior [ RunTime:0.000717s ]
INFO: [ app_begin ] --END-- [ RunTime:0.000763s ]
SQL: SHOW COLUMNS FROM `think_user` [ RunTime:0.0054s ]
SQL: SELECT u.username as username,ru.user_id,ru.role_id,r.name as role_name,a.node_id,n.name as node_name,n.title as node_title,n.pid,n.level FROM think_user u INNER JOIN think_role_user AS ru ON ru.user_id = u.id INNER JOIN think_role AS r ON r.id = ru.role_id INNER JOIN think_access AS a ON a.role_id = r.id INNER JOIN think_node AS n ON a.node_id = n.id  WHERE ( ru.user_id = 1 )  [ RunTime:0.0010s ]
NOTIC: [8] Undefined index: url D:\phpStudy\WWW\myysy\AdminApplication\Admin\Controller\Body\BodyController.class.php 第 64 行.
NOTIC: [8] Undefined index: url D:\phpStudy\WWW\myysy\AdminApplication\Admin\Controller\Body\BodyController.class.php 第 64 行.
NOTIC: [8] Undefined index: url D:\phpStudy\WWW\myysy\AdminApplication\Admin\Controller\Body\BodyController.class.php 第 64 行.
NOTIC: [8] Undefined index: url D:\phpStudy\WWW\myysy\AdminApplication\Admin\Controller\Body\BodyController.class.php 第 64 行.
NOTIC: [8] Undefined index: url D:\phpStudy\WWW\myysy\AdminApplication\Admin\Controller\Body\BodyController.class.php 第 64 行.
NOTIC: [8] Undefined index: url D:\phpStudy\WWW\myysy\AdminApplication\Admin\Controller\Body\BodyController.class.php 第 64 行.
NOTIC: [8] Undefined index: url D:\phpStudy\WWW\myysy\AdminApplication\Admin\Controller\Body\BodyController.class.php 第 64 行.
NOTIC: [8] Undefined index: url D:\phpStudy\WWW\myysy\AdminApplication\Admin\Controller\Body\BodyController.class.php 第 64 行.
NOTIC: [8] Undefined index: url D:\phpStudy\WWW\myysy\AdminApplication\Admin\Controller\Body\BodyController.class.php 第 162 行.
NOTIC: [8] Undefined index: url D:\phpStudy\WWW\myysy\AdminApplication\Admin\Controller\Body\BodyController.class.php 第 162 行.
SQL: SHOW COLUMNS FROM `think_flow_modulerule` [ RunTime:0.0049s ]
SQL: SELECT * FROM `think_flow_modulerule` WHERE ( rulename = 'demo' ) LIMIT 1   [ RunTime:0.0003s ]
SQL: SHOW COLUMNS FROM `think_flow_property` [ RunTime:0.0083s ]
SQL: SELECT * FROM `think_flow_property` LIMIT 1   [ RunTime:0.0003s ]
NOTIC: [8] Undefined property: Org\Jbmp\ExecutionClass\StartExecutionClass::$_execution D:\phpStudy\WWW\myysy\ThinkPHP\Library\Org\Jbmp\ExecutionClass\CommonExecutionClass.class.php 第 79 行.
NOTIC: [8] Undefined property: Org\Jbmp\ExecutionClass\StartExecutionClass::$_execution D:\phpStudy\WWW\myysy\ThinkPHP\Library\Org\Jbmp\ExecutionClass\CommonExecutionClass.class.php 第 83 行.

[ 2016-11-15T10:38:26+08:00 ] 127.0.0.1 /myysy/admin.php/Rbac/Rbac/
INFO: [ app_init ] --START--
INFO: Run Behavior\BuildLiteBehavior [ RunTime:0.000013s ]
INFO: [ app_init ] --END-- [ RunTime:0.000511s ]
INFO: [ app_begin ] --START--
INFO: Run Behavior\ReadHtmlCacheBehavior [ RunTime:0.000667s ]
INFO: [ app_begin ] --END-- [ RunTime:0.000720s ]
SQL: SHOW COLUMNS FROM `think_user` [ RunTime:0.0055s ]
SQL: SELECT u.username as username,ru.user_id,ru.role_id,r.name as role_name,a.node_id,n.name as node_name,n.title as node_title,n.pid,n.level FROM think_user u INNER JOIN think_role_user AS ru ON ru.user_id = u.id INNER JOIN think_role AS r ON r.id = ru.role_id INNER JOIN think_access AS a ON a.role_id = r.id INNER JOIN think_node AS n ON a.node_id = n.id  WHERE ( ru.user_id = 1 )  [ RunTime:0.0009s ]
NOTIC: [8] Undefined index: url D:\phpStudy\WWW\myysy\AdminApplication\Admin\Controller\Body\BodyController.class.php 第 64 行.
NOTIC: [8] Undefined index: url D:\phpStudy\WWW\myysy\AdminApplication\Admin\Controller\Body\BodyController.class.php 第 64 行.
NOTIC: [8] Undefined index: url D:\phpStudy\WWW\myysy\AdminApplication\Admin\Controller\Body\BodyController.class.php 第 64 行.
NOTIC: [8] Undefined index: url D:\phpStudy\WWW\myysy\AdminApplication\Admin\Controller\Body\BodyController.class.php 第 64 行.
NOTIC: [8] Undefined index: url D:\phpStudy\WWW\myysy\AdminApplication\Admin\Controller\Body\BodyController.class.php 第 64 行.
NOTIC: [8] Undefined index: url D:\phpStudy\WWW\myysy\AdminApplication\Admin\Controller\Body\BodyController.class.php 第 64 行.
NOTIC: [8] Undefined index: url D:\phpStudy\WWW\myysy\AdminApplication\Admin\Controller\Body\BodyController.class.php 第 64 行.
NOTIC: [8] Undefined index: url D:\phpStudy\WWW\myysy\AdminApplication\Admin\Controller\Body\BodyController.class.php 第 64 行.
NOTIC: [8] Undefined index: url D:\phpStudy\WWW\myysy\AdminApplication\Admin\Controller\Body\BodyController.class.php 第 162 行.
NOTIC: [8] Undefined index: url D:\phpStudy\WWW\myysy\AdminApplication\Admin\Controller\Body\BodyController.class.php 第 162 行.
SQL: SHOW COLUMNS FROM `think_flow_modulerule` [ RunTime:0.0050s ]
SQL: SELECT * FROM `think_flow_modulerule` WHERE ( rulename = 'demo' ) LIMIT 1   [ RunTime:0.0004s ]
SQL: SHOW COLUMNS FROM `think_flow_property` [ RunTime:0.0049s ]
SQL: SELECT * FROM `think_flow_property` LIMIT 1   [ RunTime:0.0003s ]
NOTIC: [8] Undefined property: Org\Jbmp\ExecutionClass\StartExecutionClass::$_execution D:\phpStudy\WWW\myysy\ThinkPHP\Library\Org\Jbmp\ExecutionClass\CommonExecutionClass.class.php 第 79 行.
NOTIC: [8] Undefined property: Org\Jbmp\ExecutionClass\StartExecutionClass::$_execution D:\phpStudy\WWW\myysy\ThinkPHP\Library\Org\Jbmp\ExecutionClass\CommonExecutionClass.class.php 第 83 行.

[ 2016-11-15T10:42:15+08:00 ] 127.0.0.1 /myysy/admin.php/Rbac/Rbac/
INFO: [ app_init ] --START--
INFO: Run Behavior\BuildLiteBehavior [ RunTime:0.000016s ]
INFO: [ app_init ] --END-- [ RunTime:0.000643s ]
INFO: [ app_begin ] --START--
INFO: Run Behavior\ReadHtmlCacheBehavior [ RunTime:0.000741s ]
INFO: [ app_begin ] --END-- [ RunTime:0.000789s ]
SQL: SHOW COLUMNS FROM `think_user` [ RunTime:0.0061s ]
SQL: SELECT u.username as username,ru.user_id,ru.role_id,r.name as role_name,a.node_id,n.name as node_name,n.title as node_title,n.pid,n.level FROM think_user u INNER JOIN think_role_user AS ru ON ru.user_id = u.id INNER JOIN think_role AS r ON r.id = ru.role_id INNER JOIN think_access AS a ON a.role_id = r.id INNER JOIN think_node AS n ON a.node_id = n.id  WHERE ( ru.user_id = 1 )  [ RunTime:0.0010s ]
NOTIC: [8] Undefined index: url D:\phpStudy\WWW\myysy\AdminApplication\Admin\Controller\Body\BodyController.class.php 第 64 行.
NOTIC: [8] Undefined index: url D:\phpStudy\WWW\myysy\AdminApplication\Admin\Controller\Body\BodyController.class.php 第 64 行.
NOTIC: [8] Undefined index: url D:\phpStudy\WWW\myysy\AdminApplication\Admin\Controller\Body\BodyController.class.php 第 64 行.
NOTIC: [8] Undefined index: url D:\phpStudy\WWW\myysy\AdminApplication\Admin\Controller\Body\BodyController.class.php 第 64 行.
NOTIC: [8] Undefined index: url D:\phpStudy\WWW\myysy\AdminApplication\Admin\Controller\Body\BodyController.class.php 第 64 行.
NOTIC: [8] Undefined index: url D:\phpStudy\WWW\myysy\AdminApplication\Admin\Controller\Body\BodyController.class.php 第 64 行.
NOTIC: [8] Undefined index: url D:\phpStudy\WWW\myysy\AdminApplication\Admin\Controller\Body\BodyController.class.php 第 64 行.
NOTIC: [8] Undefined index: url D:\phpStudy\WWW\myysy\AdminApplication\Admin\Controller\Body\BodyController.class.php 第 64 行.
NOTIC: [8] Undefined index: url D:\phpStudy\WWW\myysy\AdminApplication\Admin\Controller\Body\BodyController.class.php 第 162 行.
NOTIC: [8] Undefined index: url D:\phpStudy\WWW\myysy\AdminApplication\Admin\Controller\Body\BodyController.class.php 第 162 行.
SQL: SHOW COLUMNS FROM `think_flow_modulerule` [ RunTime:0.0050s ]
SQL: SELECT * FROM `think_flow_modulerule` WHERE ( rulename = 'demo' ) LIMIT 1   [ RunTime:0.0003s ]
SQL: SHOW COLUMNS FROM `think_flow_property` [ RunTime:0.0047s ]
SQL: SELECT * FROM `think_flow_property` LIMIT 1   [ RunTime:0.0003s ]
NOTIC: [8] Undefined property: Org\Jbmp\ExecutionClass\StartExecutionClass::$_execution D:\phpStudy\WWW\myysy\ThinkPHP\Library\Org\Jbmp\ExecutionClass\CommonExecutionClass.class.php 第 80 行.
NOTIC: [8] Undefined property: Org\Jbmp\ExecutionClass\StartExecutionClass::$_execution D:\phpStudy\WWW\myysy\ThinkPHP\Library\Org\Jbmp\ExecutionClass\CommonExecutionClass.class.php 第 83 行.
NOTIC: [8] Undefined property: Org\Jbmp\ExecutionClass\StartExecutionClass::$getCurrNode D:\phpStudy\WWW\myysy\ThinkPHP\Library\Org\Jbmp\TargetExecutionClass\CommonTargetExecutionClass.class.php 第 39 行.

[ 2016-11-15T10:42:26+08:00 ] 127.0.0.1 /myysy/admin.php/Rbac/Rbac/
INFO: [ app_init ] --START--
INFO: Run Behavior\BuildLiteBehavior [ RunTime:0.000015s ]
INFO: [ app_init ] --END-- [ RunTime:0.000581s ]
INFO: [ app_begin ] --START--
INFO: Run Behavior\ReadHtmlCacheBehavior [ RunTime:0.000605s ]
INFO: [ app_begin ] --END-- [ RunTime:0.000651s ]
SQL: SHOW COLUMNS FROM `think_user` [ RunTime:0.0057s ]
SQL: SELECT u.username as username,ru.user_id,ru.role_id,r.name as role_name,a.node_id,n.name as node_name,n.title as node_title,n.pid,n.level FROM think_user u INNER JOIN think_role_user AS ru ON ru.user_id = u.id INNER JOIN think_role AS r ON r.id = ru.role_id INNER JOIN think_access AS a ON a.role_id = r.id INNER JOIN think_node AS n ON a.node_id = n.id  WHERE ( ru.user_id = 1 )  [ RunTime:0.0010s ]
NOTIC: [8] Undefined index: url D:\phpStudy\WWW\myysy\AdminApplication\Admin\Controller\Body\BodyController.class.php 第 64 行.
NOTIC: [8] Undefined index: url D:\phpStudy\WWW\myysy\AdminApplication\Admin\Controller\Body\BodyController.class.php 第 64 行.
NOTIC: [8] Undefined index: url D:\phpStudy\WWW\myysy\AdminApplication\Admin\Controller\Body\BodyController.class.php 第 64 行.
NOTIC: [8] Undefined index: url D:\phpStudy\WWW\myysy\AdminApplication\Admin\Controller\Body\BodyController.class.php 第 64 行.
NOTIC: [8] Undefined index: url D:\phpStudy\WWW\myysy\AdminApplication\Admin\Controller\Body\BodyController.class.php 第 64 行.
NOTIC: [8] Undefined index: url D:\phpStudy\WWW\myysy\AdminApplication\Admin\Controller\Body\BodyController.class.php 第 64 行.
NOTIC: [8] Undefined index: url D:\phpStudy\WWW\myysy\AdminApplication\Admin\Controller\Body\BodyController.class.php 第 64 行.
NOTIC: [8] Undefined index: url D:\phpStudy\WWW\myysy\AdminApplication\Admin\Controller\Body\BodyController.class.php 第 64 行.
NOTIC: [8] Undefined index: url D:\phpStudy\WWW\myysy\AdminApplication\Admin\Controller\Body\BodyController.class.php 第 162 行.
NOTIC: [8] Undefined index: url D:\phpStudy\WWW\myysy\AdminApplication\Admin\Controller\Body\BodyController.class.php 第 162 行.
SQL: SHOW COLUMNS FROM `think_flow_modulerule` [ RunTime:0.0054s ]
SQL: SELECT * FROM `think_flow_modulerule` WHERE ( rulename = 'demo' ) LIMIT 1   [ RunTime:0.0003s ]
SQL: SHOW COLUMNS FROM `think_flow_property` [ RunTime:0.0046s ]
SQL: SELECT * FROM `think_flow_property` LIMIT 1   [ RunTime:0.0003s ]
NOTIC: [8] Undefined property: Org\Jbmp\ExecutionClass\StartExecutionClass::$_execution D:\phpStudy\WWW\myysy\ThinkPHP\Library\Org\Jbmp\ExecutionClass\CommonExecutionClass.class.php 第 80 行.
NOTIC: [8] Undefined property: Org\Jbmp\ExecutionClass\StartExecutionClass::$_execution D:\phpStudy\WWW\myysy\ThinkPHP\Library\Org\Jbmp\ExecutionClass\CommonExecutionClass.class.php 第 83 行.

[ 2016-11-15T10:42:37+08:00 ] 127.0.0.1 /myysy/admin.php/Rbac/Rbac/
INFO: [ app_init ] --START--
INFO: Run Behavior\BuildLiteBehavior [ RunTime:0.000033s ]
INFO: [ app_init ] --END-- [ RunTime:0.001009s ]
INFO: [ app_begin ] --START--
INFO: Run Behavior\ReadHtmlCacheBehavior [ RunTime:0.000959s ]
INFO: [ app_begin ] --END-- [ RunTime:0.001071s ]
SQL: SHOW COLUMNS FROM `think_user` [ RunTime:0.0053s ]
SQL: SELECT u.username as username,ru.user_id,ru.role_id,r.name as role_name,a.node_id,n.name as node_name,n.title as node_title,n.pid,n.level FROM think_user u INNER JOIN think_role_user AS ru ON ru.user_id = u.id INNER JOIN think_role AS r ON r.id = ru.role_id INNER JOIN think_access AS a ON a.role_id = r.id INNER JOIN think_node AS n ON a.node_id = n.id  WHERE ( ru.user_id = 1 )  [ RunTime:0.0014s ]
NOTIC: [8] Undefined index: url D:\phpStudy\WWW\myysy\AdminApplication\Admin\Controller\Body\BodyController.class.php 第 64 行.
NOTIC: [8] Undefined index: url D:\phpStudy\WWW\myysy\AdminApplication\Admin\Controller\Body\BodyController.class.php 第 64 行.
NOTIC: [8] Undefined index: url D:\phpStudy\WWW\myysy\AdminApplication\Admin\Controller\Body\BodyController.class.php 第 64 行.
NOTIC: [8] Undefined index: url D:\phpStudy\WWW\myysy\AdminApplication\Admin\Controller\Body\BodyController.class.php 第 64 行.
NOTIC: [8] Undefined index: url D:\phpStudy\WWW\myysy\AdminApplication\Admin\Controller\Body\BodyController.class.php 第 64 行.
NOTIC: [8] Undefined index: url D:\phpStudy\WWW\myysy\AdminApplication\Admin\Controller\Body\BodyController.class.php 第 64 行.
NOTIC: [8] Undefined index: url D:\phpStudy\WWW\myysy\AdminApplication\Admin\Controller\Body\BodyController.class.php 第 64 行.
NOTIC: [8] Undefined index: url D:\phpStudy\WWW\myysy\AdminApplication\Admin\Controller\Body\BodyController.class.php 第 64 行.
NOTIC: [8] Undefined index: url D:\phpStudy\WWW\myysy\AdminApplication\Admin\Controller\Body\BodyController.class.php 第 162 行.
NOTIC: [8] Undefined index: url D:\phpStudy\WWW\myysy\AdminApplication\Admin\Controller\Body\BodyController.class.php 第 162 行.
SQL: SHOW COLUMNS FROM `think_flow_modulerule` [ RunTime:0.0051s ]
SQL: SELECT * FROM `think_flow_modulerule` WHERE ( rulename = 'demo' ) LIMIT 1   [ RunTime:0.0004s ]
SQL: SHOW COLUMNS FROM `think_flow_property` [ RunTime:0.0053s ]
SQL: SELECT * FROM `think_flow_property` LIMIT 1   [ RunTime:0.0003s ]
NOTIC: [8] Undefined property: Org\Jbmp\ExecutionClass\StartExecutionClass::$_execution D:\phpStudy\WWW\myysy\ThinkPHP\Library\Org\Jbmp\ExecutionClass\CommonExecutionClass.class.php 第 80 行.
NOTIC: [8] Undefined property: Org\Jbmp\ExecutionClass\StartExecutionClass::$_execution D:\phpStudy\WWW\myysy\ThinkPHP\Library\Org\Jbmp\ExecutionClass\CommonExecutionClass.class.php 第 83 行.

[ 2016-11-15T10:56:41+08:00 ] 127.0.0.1 /myysy/admin.php/Rbac/Rbac/
INFO: [ app_init ] --START--
INFO: Run Behavior\BuildLiteBehavior [ RunTime:0.000014s ]
INFO: [ app_init ] --END-- [ RunTime:0.000622s ]
INFO: [ app_begin ] --START--
INFO: Run Behavior\ReadHtmlCacheBehavior [ RunTime:0.000702s ]
INFO: [ app_begin ] --END-- [ RunTime:0.000747s ]
SQL: SHOW COLUMNS FROM `think_user` [ RunTime:0.0062s ]
SQL: SELECT u.username as username,ru.user_id,ru.role_id,r.name as role_name,a.node_id,n.name as node_name,n.title as node_title,n.pid,n.level FROM think_user u INNER JOIN think_role_user AS ru ON ru.user_id = u.id INNER JOIN think_role AS r ON r.id = ru.role_id INNER JOIN think_access AS a ON a.role_id = r.id INNER JOIN think_node AS n ON a.node_id = n.id  WHERE ( ru.user_id = 1 )  [ RunTime:0.0033s ]
NOTIC: [8] Undefined index: url D:\phpStudy\WWW\myysy\AdminApplication\Admin\Controller\Body\BodyController.class.php 第 64 行.
NOTIC: [8] Undefined index: url D:\phpStudy\WWW\myysy\AdminApplication\Admin\Controller\Body\BodyController.class.php 第 64 行.
NOTIC: [8] Undefined index: url D:\phpStudy\WWW\myysy\AdminApplication\Admin\Controller\Body\BodyController.class.php 第 64 行.
NOTIC: [8] Undefined index: url D:\phpStudy\WWW\myysy\AdminApplication\Admin\Controller\Body\BodyController.class.php 第 64 行.
NOTIC: [8] Undefined index: url D:\phpStudy\WWW\myysy\AdminApplication\Admin\Controller\Body\BodyController.class.php 第 64 行.
NOTIC: [8] Undefined index: url D:\phpStudy\WWW\myysy\AdminApplication\Admin\Controller\Body\BodyController.class.php 第 64 行.
NOTIC: [8] Undefined index: url D:\phpStudy\WWW\myysy\AdminApplication\Admin\Controller\Body\BodyController.class.php 第 64 行.
NOTIC: [8] Undefined index: url D:\phpStudy\WWW\myysy\AdminApplication\Admin\Controller\Body\BodyController.class.php 第 64 行.
NOTIC: [8] Undefined index: url D:\phpStudy\WWW\myysy\AdminApplication\Admin\Controller\Body\BodyController.class.php 第 162 行.
NOTIC: [8] Undefined index: url D:\phpStudy\WWW\myysy\AdminApplication\Admin\Controller\Body\BodyController.class.php 第 162 行.
SQL: SHOW COLUMNS FROM `think_flow_modulerule` [ RunTime:0.0056s ]
SQL: SELECT * FROM `think_flow_modulerule` WHERE ( rulename = 'demo' ) LIMIT 1   [ RunTime:0.0004s ]
SQL: SHOW COLUMNS FROM `think_flow_property` [ RunTime:0.0053s ]
SQL: SELECT * FROM `think_flow_property` LIMIT 1   [ RunTime:0.0003s ]
NOTIC: [8] Undefined property: Org\Jbmp\ExecutionClass\StartExecutionClass::$_execution D:\phpStudy\WWW\myysy\ThinkPHP\Library\Org\Jbmp\ExecutionClass\CommonExecutionClass.class.php 第 80 行.
NOTIC: [8] Undefined property: Org\Jbmp\ExecutionClass\StartExecutionClass::$_execution D:\phpStudy\WWW\myysy\ThinkPHP\Library\Org\Jbmp\ExecutionClass\CommonExecutionClass.class.php 第 83 行.

[ 2016-11-15T10:57:37+08:00 ] 127.0.0.1 /myysy/admin.php/Rbac/Rbac/
INFO: [ app_init ] --START--
INFO: Run Behavior\BuildLiteBehavior [ RunTime:0.000018s ]
INFO: [ app_init ] --END-- [ RunTime:0.000643s ]
INFO: [ app_begin ] --START--
INFO: Run Behavior\ReadHtmlCacheBehavior [ RunTime:0.001415s ]
INFO: [ app_begin ] --END-- [ RunTime:0.001503s ]
SQL: SHOW COLUMNS FROM `think_user` [ RunTime:0.0055s ]
SQL: SELECT u.username as username,ru.user_id,ru.role_id,r.name as role_name,a.node_id,n.name as node_name,n.title as node_title,n.pid,n.level FROM think_user u INNER JOIN think_role_user AS ru ON ru.user_id = u.id INNER JOIN think_role AS r ON r.id = ru.role_id INNER JOIN think_access AS a ON a.role_id = r.id INNER JOIN think_node AS n ON a.node_id = n.id  WHERE ( ru.user_id = 1 )  [ RunTime:0.0010s ]
NOTIC: [8] Undefined index: url D:\phpStudy\WWW\myysy\AdminApplication\Admin\Controller\Body\BodyController.class.php 第 64 行.
NOTIC: [8] Undefined index: url D:\phpStudy\WWW\myysy\AdminApplication\Admin\Controller\Body\BodyController.class.php 第 64 行.
NOTIC: [8] Undefined index: url D:\phpStudy\WWW\myysy\AdminApplication\Admin\Controller\Body\BodyController.class.php 第 64 行.
NOTIC: [8] Undefined index: url D:\phpStudy\WWW\myysy\AdminApplication\Admin\Controller\Body\BodyController.class.php 第 64 行.
NOTIC: [8] Undefined index: url D:\phpStudy\WWW\myysy\AdminApplication\Admin\Controller\Body\BodyController.class.php 第 64 行.
NOTIC: [8] Undefined index: url D:\phpStudy\WWW\myysy\AdminApplication\Admin\Controller\Body\BodyController.class.php 第 64 行.
NOTIC: [8] Undefined index: url D:\phpStudy\WWW\myysy\AdminApplication\Admin\Controller\Body\BodyController.class.php 第 64 行.
NOTIC: [8] Undefined index: url D:\phpStudy\WWW\myysy\AdminApplication\Admin\Controller\Body\BodyController.class.php 第 64 行.
NOTIC: [8] Undefined index: url D:\phpStudy\WWW\myysy\AdminApplication\Admin\Controller\Body\BodyController.class.php 第 162 行.
NOTIC: [8] Undefined index: url D:\phpStudy\WWW\myysy\AdminApplication\Admin\Controller\Body\BodyController.class.php 第 162 行.
SQL: SHOW COLUMNS FROM `think_flow_modulerule` [ RunTime:0.0045s ]
SQL: SELECT * FROM `think_flow_modulerule` WHERE ( rulename = 'demo' ) LIMIT 1   [ RunTime:0.0003s ]
SQL: SHOW COLUMNS FROM `think_flow_property` [ RunTime:0.0056s ]
SQL: SELECT * FROM `think_flow_property` LIMIT 1   [ RunTime:0.0003s ]
NOTIC: [8] Undefined property: Org\Jbmp\ExecutionClass\StartExecutionClass::$_execution D:\phpStudy\WWW\myysy\ThinkPHP\Library\Org\Jbmp\ExecutionClass\CommonExecutionClass.class.php 第 80 行.
NOTIC: [8] Undefined property: Org\Jbmp\ExecutionClass\StartExecutionClass::$_execution D:\phpStudy\WWW\myysy\ThinkPHP\Library\Org\Jbmp\ExecutionClass\CommonExecutionClass.class.php 第 83 行.

[ 2016-11-15T10:57:54+08:00 ] 127.0.0.1 /myysy/admin.php/Rbac/Rbac/
INFO: [ app_init ] --START--
INFO: Run Behavior\BuildLiteBehavior [ RunTime:0.000018s ]
INFO: [ app_init ] --END-- [ RunTime:0.000716s ]
INFO: [ app_begin ] --START--
INFO: Run Behavior\ReadHtmlCacheBehavior [ RunTime:0.000671s ]
INFO: [ app_begin ] --END-- [ RunTime:0.000718s ]
SQL: SHOW COLUMNS FROM `think_user` [ RunTime:0.0049s ]
SQL: SELECT u.username as username,ru.user_id,ru.role_id,r.name as role_name,a.node_id,n.name as node_name,n.title as node_title,n.pid,n.level FROM think_user u INNER JOIN think_role_user AS ru ON ru.user_id = u.id INNER JOIN think_role AS r ON r.id = ru.role_id INNER JOIN think_access AS a ON a.role_id = r.id INNER JOIN think_node AS n ON a.node_id = n.id  WHERE ( ru.user_id = 1 )  [ RunTime:0.0009s ]
NOTIC: [8] Undefined index: url D:\phpStudy\WWW\myysy\AdminApplication\Admin\Controller\Body\BodyController.class.php 第 64 行.
NOTIC: [8] Undefined index: url D:\phpStudy\WWW\myysy\AdminApplication\Admin\Controller\Body\BodyController.class.php 第 64 行.
NOTIC: [8] Undefined index: url D:\phpStudy\WWW\myysy\AdminApplication\Admin\Controller\Body\BodyController.class.php 第 64 行.
NOTIC: [8] Undefined index: url D:\phpStudy\WWW\myysy\AdminApplication\Admin\Controller\Body\BodyController.class.php 第 64 行.
NOTIC: [8] Undefined index: url D:\phpStudy\WWW\myysy\AdminApplication\Admin\Controller\Body\BodyController.class.php 第 64 行.
NOTIC: [8] Undefined index: url D:\phpStudy\WWW\myysy\AdminApplication\Admin\Controller\Body\BodyController.class.php 第 64 行.
NOTIC: [8] Undefined index: url D:\phpStudy\WWW\myysy\AdminApplication\Admin\Controller\Body\BodyController.class.php 第 64 行.
NOTIC: [8] Undefined index: url D:\phpStudy\WWW\myysy\AdminApplication\Admin\Controller\Body\BodyController.class.php 第 64 行.
NOTIC: [8] Undefined index: url D:\phpStudy\WWW\myysy\AdminApplication\Admin\Controller\Body\BodyController.class.php 第 162 行.
NOTIC: [8] Undefined index: url D:\phpStudy\WWW\myysy\AdminApplication\Admin\Controller\Body\BodyController.class.php 第 162 行.
SQL: SHOW COLUMNS FROM `think_flow_modulerule` [ RunTime:0.0045s ]
SQL: SELECT * FROM `think_flow_modulerule` WHERE ( rulename = 'demo' ) LIMIT 1   [ RunTime:0.0006s ]
SQL: SHOW COLUMNS FROM `think_flow_property` [ RunTime:0.0050s ]
SQL: SELECT * FROM `think_flow_property` LIMIT 1   [ RunTime:0.0003s ]
NOTIC: [8] Undefined property: Org\Jbmp\ExecutionClass\StartExecutionClass::$_execution D:\phpStudy\WWW\myysy\ThinkPHP\Library\Org\Jbmp\ExecutionClass\CommonExecutionClass.class.php 第 80 行.
NOTIC: [8] Undefined property: Org\Jbmp\ExecutionClass\StartExecutionClass::$_execution D:\phpStudy\WWW\myysy\ThinkPHP\Library\Org\Jbmp\ExecutionClass\CommonExecutionClass.class.php 第 83 行.

[ 2016-11-15T11:01:40+08:00 ] 127.0.0.1 /myysy/admin.php/Rbac/Rbac/
INFO: [ app_init ] --START--
INFO: Run Behavior\BuildLiteBehavior [ RunTime:0.000016s ]
INFO: [ app_init ] --END-- [ RunTime:0.000643s ]
INFO: [ app_begin ] --START--
INFO: Run Behavior\ReadHtmlCacheBehavior [ RunTime:0.000753s ]
INFO: [ app_begin ] --END-- [ RunTime:0.000822s ]
SQL: SHOW COLUMNS FROM `think_user` [ RunTime:0.0056s ]
SQL: SELECT u.username as username,ru.user_id,ru.role_id,r.name as role_name,a.node_id,n.name as node_name,n.title as node_title,n.pid,n.level FROM think_user u INNER JOIN think_role_user AS ru ON ru.user_id = u.id INNER JOIN think_role AS r ON r.id = ru.role_id INNER JOIN think_access AS a ON a.role_id = r.id INNER JOIN think_node AS n ON a.node_id = n.id  WHERE ( ru.user_id = 1 )  [ RunTime:0.0010s ]
NOTIC: [8] Undefined index: url D:\phpStudy\WWW\myysy\AdminApplication\Admin\Controller\Body\BodyController.class.php 第 64 行.
NOTIC: [8] Undefined index: url D:\phpStudy\WWW\myysy\AdminApplication\Admin\Controller\Body\BodyController.class.php 第 64 行.
NOTIC: [8] Undefined index: url D:\phpStudy\WWW\myysy\AdminApplication\Admin\Controller\Body\BodyController.class.php 第 64 行.
NOTIC: [8] Undefined index: url D:\phpStudy\WWW\myysy\AdminApplication\Admin\Controller\Body\BodyController.class.php 第 64 行.
NOTIC: [8] Undefined index: url D:\phpStudy\WWW\myysy\AdminApplication\Admin\Controller\Body\BodyController.class.php 第 64 行.
NOTIC: [8] Undefined index: url D:\phpStudy\WWW\myysy\AdminApplication\Admin\Controller\Body\BodyController.class.php 第 64 行.
NOTIC: [8] Undefined index: url D:\phpStudy\WWW\myysy\AdminApplication\Admin\Controller\Body\BodyController.class.php 第 64 行.
NOTIC: [8] Undefined index: url D:\phpStudy\WWW\myysy\AdminApplication\Admin\Controller\Body\BodyController.class.php 第 64 行.
NOTIC: [8] Undefined index: url D:\phpStudy\WWW\myysy\AdminApplication\Admin\Controller\Body\BodyController.class.php 第 162 行.
NOTIC: [8] Undefined index: url D:\phpStudy\WWW\myysy\AdminApplication\Admin\Controller\Body\BodyController.class.php 第 162 行.
SQL: SHOW COLUMNS FROM `think_flow_modulerule` [ RunTime:0.0048s ]
SQL: SELECT * FROM `think_flow_modulerule` WHERE ( rulename = 'demo' ) LIMIT 1   [ RunTime:0.0003s ]
SQL: SHOW COLUMNS FROM `think_flow_property` [ RunTime:0.0046s ]
SQL: SELECT * FROM `think_flow_property` LIMIT 1   [ RunTime:0.0003s ]
NOTIC: [8] Undefined property: Org\Jbmp\ExecutionClass\StartExecutionClass::$_execution D:\phpStudy\WWW\myysy\ThinkPHP\Library\Org\Jbmp\ExecutionClass\CommonExecutionClass.class.php 第 80 行.
NOTIC: [8] Undefined property: Org\Jbmp\ExecutionClass\StartExecutionClass::$_execution D:\phpStudy\WWW\myysy\ThinkPHP\Library\Org\Jbmp\ExecutionClass\CommonExecutionClass.class.php 第 83 行.

[ 2016-11-15T11:02:17+08:00 ] 127.0.0.1 /myysy/admin.php/Rbac/Rbac/
INFO: [ app_init ] --START--
INFO: Run Behavior\BuildLiteBehavior [ RunTime:0.000016s ]
INFO: [ app_init ] --END-- [ RunTime:0.000527s ]
INFO: [ app_begin ] --START--
INFO: Run Behavior\ReadHtmlCacheBehavior [ RunTime:0.000658s ]
INFO: [ app_begin ] --END-- [ RunTime:0.000719s ]
SQL: SHOW COLUMNS FROM `think_user` [ RunTime:0.0300s ]
SQL: SELECT u.username as username,ru.user_id,ru.role_id,r.name as role_name,a.node_id,n.name as node_name,n.title as node_title,n.pid,n.level FROM think_user u INNER JOIN think_role_user AS ru ON ru.user_id = u.id INNER JOIN think_role AS r ON r.id = ru.role_id INNER JOIN think_access AS a ON a.role_id = r.id INNER JOIN think_node AS n ON a.node_id = n.id  WHERE ( ru.user_id = 1 )  [ RunTime:0.0010s ]
NOTIC: [8] Undefined index: url D:\phpStudy\WWW\myysy\AdminApplication\Admin\Controller\Body\BodyController.class.php 第 64 行.
NOTIC: [8] Undefined index: url D:\phpStudy\WWW\myysy\AdminApplication\Admin\Controller\Body\BodyController.class.php 第 64 行.
NOTIC: [8] Undefined index: url D:\phpStudy\WWW\myysy\AdminApplication\Admin\Controller\Body\BodyController.class.php 第 64 行.
NOTIC: [8] Undefined index: url D:\phpStudy\WWW\myysy\AdminApplication\Admin\Controller\Body\BodyController.class.php 第 64 行.
NOTIC: [8] Undefined index: url D:\phpStudy\WWW\myysy\AdminApplication\Admin\Controller\Body\BodyController.class.php 第 64 行.
NOTIC: [8] Undefined index: url D:\phpStudy\WWW\myysy\AdminApplication\Admin\Controller\Body\BodyController.class.php 第 64 行.
NOTIC: [8] Undefined index: url D:\phpStudy\WWW\myysy\AdminApplication\Admin\Controller\Body\BodyController.class.php 第 64 行.
NOTIC: [8] Undefined index: url D:\phpStudy\WWW\myysy\AdminApplication\Admin\Controller\Body\BodyController.class.php 第 64 行.
NOTIC: [8] Undefined index: url D:\phpStudy\WWW\myysy\AdminApplication\Admin\Controller\Body\BodyController.class.php 第 162 行.
NOTIC: [8] Undefined index: url D:\phpStudy\WWW\myysy\AdminApplication\Admin\Controller\Body\BodyController.class.php 第 162 行.
SQL: SHOW COLUMNS FROM `think_flow_modulerule` [ RunTime:0.0047s ]
SQL: SELECT * FROM `think_flow_modulerule` WHERE ( rulename = 'demo' ) LIMIT 1   [ RunTime:0.0003s ]
SQL: SHOW COLUMNS FROM `think_flow_property` [ RunTime:0.0051s ]
SQL: SELECT * FROM `think_flow_property` LIMIT 1   [ RunTime:0.0003s ]
NOTIC: [8] Undefined property: Org\Jbmp\ExecutionClass\StartExecutionClass::$_execution D:\phpStudy\WWW\myysy\ThinkPHP\Library\Org\Jbmp\ExecutionClass\CommonExecutionClass.class.php 第 80 行.
NOTIC: [8] Undefined property: Org\Jbmp\ExecutionClass\StartExecutionClass::$_execution D:\phpStudy\WWW\myysy\ThinkPHP\Library\Org\Jbmp\ExecutionClass\CommonExecutionClass.class.php 第 83 行.

[ 2016-11-15T11:07:46+08:00 ] 127.0.0.1 /myysy/admin.php/Rbac/Rbac/
INFO: [ app_init ] --START--
INFO: Run Behavior\BuildLiteBehavior [ RunTime:0.000014s ]
INFO: [ app_init ] --END-- [ RunTime:0.000625s ]
INFO: [ app_begin ] --START--
INFO: Run Behavior\ReadHtmlCacheBehavior [ RunTime:0.000649s ]
INFO: [ app_begin ] --END-- [ RunTime:0.000696s ]
SQL: SHOW COLUMNS FROM `think_user` [ RunTime:0.0048s ]
SQL: SELECT u.username as username,ru.user_id,ru.role_id,r.name as role_name,a.node_id,n.name as node_name,n.title as node_title,n.pid,n.level FROM think_user u INNER JOIN think_role_user AS ru ON ru.user_id = u.id INNER JOIN think_role AS r ON r.id = ru.role_id INNER JOIN think_access AS a ON a.role_id = r.id INNER JOIN think_node AS n ON a.node_id = n.id  WHERE ( ru.user_id = 1 )  [ RunTime:0.0011s ]
NOTIC: [8] Undefined index: url D:\phpStudy\WWW\myysy\AdminApplication\Admin\Controller\Body\BodyController.class.php 第 64 行.
NOTIC: [8] Undefined index: url D:\phpStudy\WWW\myysy\AdminApplication\Admin\Controller\Body\BodyController.class.php 第 64 行.
NOTIC: [8] Undefined index: url D:\phpStudy\WWW\myysy\AdminApplication\Admin\Controller\Body\BodyController.class.php 第 64 行.
NOTIC: [8] Undefined index: url D:\phpStudy\WWW\myysy\AdminApplication\Admin\Controller\Body\BodyController.class.php 第 64 行.
NOTIC: [8] Undefined index: url D:\phpStudy\WWW\myysy\AdminApplication\Admin\Controller\Body\BodyController.class.php 第 64 行.
NOTIC: [8] Undefined index: url D:\phpStudy\WWW\myysy\AdminApplication\Admin\Controller\Body\BodyController.class.php 第 64 行.
NOTIC: [8] Undefined index: url D:\phpStudy\WWW\myysy\AdminApplication\Admin\Controller\Body\BodyController.class.php 第 64 行.
NOTIC: [8] Undefined index: url D:\phpStudy\WWW\myysy\AdminApplication\Admin\Controller\Body\BodyController.class.php 第 64 行.
NOTIC: [8] Undefined index: url D:\phpStudy\WWW\myysy\AdminApplication\Admin\Controller\Body\BodyController.class.php 第 162 行.
NOTIC: [8] Undefined index: url D:\phpStudy\WWW\myysy\AdminApplication\Admin\Controller\Body\BodyController.class.php 第 162 行.
SQL: SHOW COLUMNS FROM `think_flow_modulerule` [ RunTime:0.0055s ]
SQL: SELECT * FROM `think_flow_modulerule` WHERE ( rulename = 'demo' ) LIMIT 1   [ RunTime:0.0003s ]
SQL: SHOW COLUMNS FROM `think_flow_property` [ RunTime:0.0045s ]
SQL: SELECT * FROM `think_flow_property` LIMIT 1   [ RunTime:0.0003s ]
NOTIC: [8] Undefined property: Org\Jbmp\ExecutionClass\StartExecutionClass::$_execution D:\phpStudy\WWW\myysy\ThinkPHP\Library\Org\Jbmp\ExecutionClass\CommonExecutionClass.class.php 第 80 行.
NOTIC: [8] Undefined property: Org\Jbmp\ExecutionClass\StartExecutionClass::$_execution D:\phpStudy\WWW\myysy\ThinkPHP\Library\Org\Jbmp\ExecutionClass\CommonExecutionClass.class.php 第 83 行.

[ 2016-11-15T11:09:06+08:00 ] 127.0.0.1 /myysy/admin.php/Rbac/Rbac/
INFO: [ app_init ] --START--
INFO: Run Behavior\BuildLiteBehavior [ RunTime:0.000015s ]
INFO: [ app_init ] --END-- [ RunTime:0.000570s ]
INFO: [ app_begin ] --START--
INFO: Run Behavior\ReadHtmlCacheBehavior [ RunTime:0.000667s ]
INFO: [ app_begin ] --END-- [ RunTime:0.000713s ]
SQL: SHOW COLUMNS FROM `think_user` [ RunTime:0.0054s ]
SQL: SELECT u.username as username,ru.user_id,ru.role_id,r.name as role_name,a.node_id,n.name as node_name,n.title as node_title,n.pid,n.level FROM think_user u INNER JOIN think_role_user AS ru ON ru.user_id = u.id INNER JOIN think_role AS r ON r.id = ru.role_id INNER JOIN think_access AS a ON a.role_id = r.id INNER JOIN think_node AS n ON a.node_id = n.id  WHERE ( ru.user_id = 1 )  [ RunTime:0.0011s ]
NOTIC: [8] Undefined index: url D:\phpStudy\WWW\myysy\AdminApplication\Admin\Controller\Body\BodyController.class.php 第 64 行.
NOTIC: [8] Undefined index: url D:\phpStudy\WWW\myysy\AdminApplication\Admin\Controller\Body\BodyController.class.php 第 64 行.
NOTIC: [8] Undefined index: url D:\phpStudy\WWW\myysy\AdminApplication\Admin\Controller\Body\BodyController.class.php 第 64 行.
NOTIC: [8] Undefined index: url D:\phpStudy\WWW\myysy\AdminApplication\Admin\Controller\Body\BodyController.class.php 第 64 行.
NOTIC: [8] Undefined index: url D:\phpStudy\WWW\myysy\AdminApplication\Admin\Controller\Body\BodyController.class.php 第 64 行.
NOTIC: [8] Undefined index: url D:\phpStudy\WWW\myysy\AdminApplication\Admin\Controller\Body\BodyController.class.php 第 64 行.
NOTIC: [8] Undefined index: url D:\phpStudy\WWW\myysy\AdminApplication\Admin\Controller\Body\BodyController.class.php 第 64 行.
NOTIC: [8] Undefined index: url D:\phpStudy\WWW\myysy\AdminApplication\Admin\Controller\Body\BodyController.class.php 第 64 行.
NOTIC: [8] Undefined index: url D:\phpStudy\WWW\myysy\AdminApplication\Admin\Controller\Body\BodyController.class.php 第 162 行.
NOTIC: [8] Undefined index: url D:\phpStudy\WWW\myysy\AdminApplication\Admin\Controller\Body\BodyController.class.php 第 162 行.
SQL: SHOW COLUMNS FROM `think_flow_modulerule` [ RunTime:0.0060s ]
SQL: SELECT * FROM `think_flow_modulerule` WHERE ( rulename = 'demo' ) LIMIT 1   [ RunTime:0.0004s ]
SQL: SHOW COLUMNS FROM `think_flow_property` [ RunTime:0.0049s ]
SQL: SELECT * FROM `think_flow_property` LIMIT 1   [ RunTime:0.0004s ]
NOTIC: [8] Undefined property: Org\Jbmp\ExecutionClass\StartExecutionClass::$_execution D:\phpStudy\WWW\myysy\ThinkPHP\Library\Org\Jbmp\ExecutionClass\CommonExecutionClass.class.php 第 80 行.
NOTIC: [8] Undefined property: Org\Jbmp\ExecutionClass\StartExecutionClass::$_execution D:\phpStudy\WWW\myysy\ThinkPHP\Library\Org\Jbmp\ExecutionClass\CommonExecutionClass.class.php 第 83 行.

[ 2016-11-15T11:14:25+08:00 ] 127.0.0.1 /myysy/admin.php/Rbac/Rbac/
INFO: [ app_init ] --START--
INFO: Run Behavior\BuildLiteBehavior [ RunTime:0.000015s ]
INFO: [ app_init ] --END-- [ RunTime:0.000662s ]
INFO: [ app_begin ] --START--
INFO: Run Behavior\ReadHtmlCacheBehavior [ RunTime:0.000705s ]
INFO: [ app_begin ] --END-- [ RunTime:0.000756s ]
SQL: SHOW COLUMNS FROM `think_user` [ RunTime:0.0051s ]
SQL: SELECT u.username as username,ru.user_id,ru.role_id,r.name as role_name,a.node_id,n.name as node_name,n.title as node_title,n.pid,n.level FROM think_user u INNER JOIN think_role_user AS ru ON ru.user_id = u.id INNER JOIN think_role AS r ON r.id = ru.role_id INNER JOIN think_access AS a ON a.role_id = r.id INNER JOIN think_node AS n ON a.node_id = n.id  WHERE ( ru.user_id = 1 )  [ RunTime:0.0009s ]
NOTIC: [8] Undefined index: url D:\phpStudy\WWW\myysy\AdminApplication\Admin\Controller\Body\BodyController.class.php 第 64 行.
NOTIC: [8] Undefined index: url D:\phpStudy\WWW\myysy\AdminApplication\Admin\Controller\Body\BodyController.class.php 第 64 行.
NOTIC: [8] Undefined index: url D:\phpStudy\WWW\myysy\AdminApplication\Admin\Controller\Body\BodyController.class.php 第 64 行.
NOTIC: [8] Undefined index: url D:\phpStudy\WWW\myysy\AdminApplication\Admin\Controller\Body\BodyController.class.php 第 64 行.
NOTIC: [8] Undefined index: url D:\phpStudy\WWW\myysy\AdminApplication\Admin\Controller\Body\BodyController.class.php 第 64 行.
NOTIC: [8] Undefined index: url D:\phpStudy\WWW\myysy\AdminApplication\Admin\Controller\Body\BodyController.class.php 第 64 行.
NOTIC: [8] Undefined index: url D:\phpStudy\WWW\myysy\AdminApplication\Admin\Controller\Body\BodyController.class.php 第 64 行.
NOTIC: [8] Undefined index: url D:\phpStudy\WWW\myysy\AdminApplication\Admin\Controller\Body\BodyController.class.php 第 64 行.
NOTIC: [8] Undefined index: url D:\phpStudy\WWW\myysy\AdminApplication\Admin\Controller\Body\BodyController.class.php 第 162 行.
NOTIC: [8] Undefined index: url D:\phpStudy\WWW\myysy\AdminApplication\Admin\Controller\Body\BodyController.class.php 第 162 行.
SQL: SHOW COLUMNS FROM `think_flow_modulerule` [ RunTime:0.0047s ]
SQL: SELECT * FROM `think_flow_modulerule` WHERE ( rulename = 'demo' ) LIMIT 1   [ RunTime:0.0004s ]
SQL: SHOW COLUMNS FROM `think_flow_property` [ RunTime:0.0053s ]
SQL: SELECT * FROM `think_flow_property` LIMIT 1   [ RunTime:0.0003s ]
NOTIC: [8] Undefined property: Org\Jbmp\ExecutionClass\StartExecutionClass::$_execution D:\phpStudy\WWW\myysy\ThinkPHP\Library\Org\Jbmp\ExecutionClass\CommonExecutionClass.class.php 第 80 行.
NOTIC: [8] Undefined property: Org\Jbmp\ExecutionClass\StartExecutionClass::$_execution D:\phpStudy\WWW\myysy\ThinkPHP\Library\Org\Jbmp\ExecutionClass\CommonExecutionClass.class.php 第 83 行.

[ 2016-11-15T11:31:39+08:00 ] 127.0.0.1 /myysy/admin.php/Rbac/Rbac/
INFO: [ app_init ] --START--
INFO: Run Behavior\BuildLiteBehavior [ RunTime:0.000015s ]
INFO: [ app_init ] --END-- [ RunTime:0.000613s ]
INFO: [ app_begin ] --START--
INFO: Run Behavior\ReadHtmlCacheBehavior [ RunTime:0.000748s ]
INFO: [ app_begin ] --END-- [ RunTime:0.000812s ]
SQL: SHOW COLUMNS FROM `think_user` [ RunTime:0.0056s ]
SQL: SELECT u.username as username,ru.user_id,ru.role_id,r.name as role_name,a.node_id,n.name as node_name,n.title as node_title,n.pid,n.level FROM think_user u INNER JOIN think_role_user AS ru ON ru.user_id = u.id INNER JOIN think_role AS r ON r.id = ru.role_id INNER JOIN think_access AS a ON a.role_id = r.id INNER JOIN think_node AS n ON a.node_id = n.id  WHERE ( ru.user_id = 1 )  [ RunTime:0.0035s ]
NOTIC: [8] Undefined index: url D:\phpStudy\WWW\myysy\AdminApplication\Admin\Controller\Body\BodyController.class.php 第 64 行.
NOTIC: [8] Undefined index: url D:\phpStudy\WWW\myysy\AdminApplication\Admin\Controller\Body\BodyController.class.php 第 64 行.
NOTIC: [8] Undefined index: url D:\phpStudy\WWW\myysy\AdminApplication\Admin\Controller\Body\BodyController.class.php 第 64 行.
NOTIC: [8] Undefined index: url D:\phpStudy\WWW\myysy\AdminApplication\Admin\Controller\Body\BodyController.class.php 第 64 行.
NOTIC: [8] Undefined index: url D:\phpStudy\WWW\myysy\AdminApplication\Admin\Controller\Body\BodyController.class.php 第 64 行.
NOTIC: [8] Undefined index: url D:\phpStudy\WWW\myysy\AdminApplication\Admin\Controller\Body\BodyController.class.php 第 64 行.
NOTIC: [8] Undefined index: url D:\phpStudy\WWW\myysy\AdminApplication\Admin\Controller\Body\BodyController.class.php 第 64 行.
NOTIC: [8] Undefined index: url D:\phpStudy\WWW\myysy\AdminApplication\Admin\Controller\Body\BodyController.class.php 第 64 行.
NOTIC: [8] Undefined index: url D:\phpStudy\WWW\myysy\AdminApplication\Admin\Controller\Body\BodyController.class.php 第 162 行.
NOTIC: [8] Undefined index: url D:\phpStudy\WWW\myysy\AdminApplication\Admin\Controller\Body\BodyController.class.php 第 162 行.
SQL: SHOW COLUMNS FROM `think_flow_modulerule` [ RunTime:0.0064s ]
SQL: SELECT * FROM `think_flow_modulerule` WHERE ( rulename = 'demo' ) LIMIT 1   [ RunTime:0.0003s ]
SQL: SHOW COLUMNS FROM `think_flow_property` [ RunTime:0.0054s ]
SQL: SELECT * FROM `think_flow_property` LIMIT 1   [ RunTime:0.0003s ]
NOTIC: [8] Undefined property: Org\Jbmp\ExecutionClass\StartExecutionClass::$_execution D:\phpStudy\WWW\myysy\ThinkPHP\Library\Org\Jbmp\ExecutionClass\CommonExecutionClass.class.php 第 80 行.
NOTIC: [8] Undefined property: Org\Jbmp\ExecutionClass\StartExecutionClass::$_execution D:\phpStudy\WWW\myysy\ThinkPHP\Library\Org\Jbmp\ExecutionClass\CommonExecutionClass.class.php 第 83 行.

[ 2016-11-15T11:31:43+08:00 ] 127.0.0.1 /myysy/admin.php/Rbac/Rbac/
INFO: [ app_init ] --START--
INFO: Run Behavior\BuildLiteBehavior [ RunTime:0.000020s ]
INFO: [ app_init ] --END-- [ RunTime:0.000667s ]
INFO: [ app_begin ] --START--
INFO: Run Behavior\ReadHtmlCacheBehavior [ RunTime:0.001160s ]
INFO: [ app_begin ] --END-- [ RunTime:0.001283s ]
SQL: SHOW COLUMNS FROM `think_user` [ RunTime:0.0054s ]
SQL: SELECT u.username as username,ru.user_id,ru.role_id,r.name as role_name,a.node_id,n.name as node_name,n.title as node_title,n.pid,n.level FROM think_user u INNER JOIN think_role_user AS ru ON ru.user_id = u.id INNER JOIN think_role AS r ON r.id = ru.role_id INNER JOIN think_access AS a ON a.role_id = r.id INNER JOIN think_node AS n ON a.node_id = n.id  WHERE ( ru.user_id = 1 )  [ RunTime:0.0010s ]
NOTIC: [8] Undefined index: url D:\phpStudy\WWW\myysy\AdminApplication\Admin\Controller\Body\BodyController.class.php 第 64 行.
NOTIC: [8] Undefined index: url D:\phpStudy\WWW\myysy\AdminApplication\Admin\Controller\Body\BodyController.class.php 第 64 行.
NOTIC: [8] Undefined index: url D:\phpStudy\WWW\myysy\AdminApplication\Admin\Controller\Body\BodyController.class.php 第 64 行.
NOTIC: [8] Undefined index: url D:\phpStudy\WWW\myysy\AdminApplication\Admin\Controller\Body\BodyController.class.php 第 64 行.
NOTIC: [8] Undefined index: url D:\phpStudy\WWW\myysy\AdminApplication\Admin\Controller\Body\BodyController.class.php 第 64 行.
NOTIC: [8] Undefined index: url D:\phpStudy\WWW\myysy\AdminApplication\Admin\Controller\Body\BodyController.class.php 第 64 行.
NOTIC: [8] Undefined index: url D:\phpStudy\WWW\myysy\AdminApplication\Admin\Controller\Body\BodyController.class.php 第 64 行.
NOTIC: [8] Undefined index: url D:\phpStudy\WWW\myysy\AdminApplication\Admin\Controller\Body\BodyController.class.php 第 64 行.
NOTIC: [8] Undefined index: url D:\phpStudy\WWW\myysy\AdminApplication\Admin\Controller\Body\BodyController.class.php 第 162 行.
NOTIC: [8] Undefined index: url D:\phpStudy\WWW\myysy\AdminApplication\Admin\Controller\Body\BodyController.class.php 第 162 行.
SQL: SHOW COLUMNS FROM `think_flow_modulerule` [ RunTime:0.0046s ]
SQL: SELECT * FROM `think_flow_modulerule` WHERE ( rulename = 'demo' ) LIMIT 1   [ RunTime:0.0004s ]
SQL: SHOW COLUMNS FROM `think_flow_property` [ RunTime:0.0067s ]
SQL: SELECT * FROM `think_flow_property` LIMIT 1   [ RunTime:0.0004s ]
NOTIC: [8] Undefined property: Org\Jbmp\ExecutionClass\StartExecutionClass::$_execution D:\phpStudy\WWW\myysy\ThinkPHP\Library\Org\Jbmp\ExecutionClass\CommonExecutionClass.class.php 第 80 行.
NOTIC: [8] Undefined property: Org\Jbmp\ExecutionClass\StartExecutionClass::$_execution D:\phpStudy\WWW\myysy\ThinkPHP\Library\Org\Jbmp\ExecutionClass\CommonExecutionClass.class.php 第 83 行.

[ 2016-11-15T11:44:17+08:00 ] 127.0.0.1 /myysy/admin.php/Rbac/Rbac/
INFO: [ app_init ] --START--
INFO: Run Behavior\BuildLiteBehavior [ RunTime:0.000013s ]
INFO: [ app_init ] --END-- [ RunTime:0.000589s ]
INFO: [ app_begin ] --START--
INFO: Run Behavior\ReadHtmlCacheBehavior [ RunTime:0.000731s ]
INFO: [ app_begin ] --END-- [ RunTime:0.000778s ]
SQL: SHOW COLUMNS FROM `think_user` [ RunTime:0.0058s ]
SQL: SELECT u.username as username,ru.user_id,ru.role_id,r.name as role_name,a.node_id,n.name as node_name,n.title as node_title,n.pid,n.level FROM think_user u INNER JOIN think_role_user AS ru ON ru.user_id = u.id INNER JOIN think_role AS r ON r.id = ru.role_id INNER JOIN think_access AS a ON a.role_id = r.id INNER JOIN think_node AS n ON a.node_id = n.id  WHERE ( ru.user_id = 1 )  [ RunTime:0.0011s ]
NOTIC: [8] Undefined index: url D:\phpStudy\WWW\myysy\AdminApplication\Admin\Controller\Body\BodyController.class.php 第 64 行.
NOTIC: [8] Undefined index: url D:\phpStudy\WWW\myysy\AdminApplication\Admin\Controller\Body\BodyController.class.php 第 64 行.
NOTIC: [8] Undefined index: url D:\phpStudy\WWW\myysy\AdminApplication\Admin\Controller\Body\BodyController.class.php 第 64 行.
NOTIC: [8] Undefined index: url D:\phpStudy\WWW\myysy\AdminApplication\Admin\Controller\Body\BodyController.class.php 第 64 行.
NOTIC: [8] Undefined index: url D:\phpStudy\WWW\myysy\AdminApplication\Admin\Controller\Body\BodyController.class.php 第 64 行.
NOTIC: [8] Undefined index: url D:\phpStudy\WWW\myysy\AdminApplication\Admin\Controller\Body\BodyController.class.php 第 64 行.
NOTIC: [8] Undefined index: url D:\phpStudy\WWW\myysy\AdminApplication\Admin\Controller\Body\BodyController.class.php 第 64 行.
NOTIC: [8] Undefined index: url D:\phpStudy\WWW\myysy\AdminApplication\Admin\Controller\Body\BodyController.class.php 第 64 行.
NOTIC: [8] Undefined index: url D:\phpStudy\WWW\myysy\AdminApplication\Admin\Controller\Body\BodyController.class.php 第 162 行.
NOTIC: [8] Undefined index: url D:\phpStudy\WWW\myysy\AdminApplication\Admin\Controller\Body\BodyController.class.php 第 162 行.
SQL: SHOW COLUMNS FROM `think_flow_modulerule` [ RunTime:0.0127s ]
SQL: SELECT * FROM `think_flow_modulerule` WHERE ( rulename = 'demo' ) LIMIT 1   [ RunTime:0.0006s ]
SQL: SHOW COLUMNS FROM `think_flow_property` [ RunTime:0.0062s ]
SQL: SELECT * FROM `think_flow_property` LIMIT 1   [ RunTime:0.0003s ]
NOTIC: [8] Undefined property: Org\Jbmp\ExecutionClass\StartExecutionClass::$_execution D:\phpStudy\WWW\myysy\ThinkPHP\Library\Org\Jbmp\ExecutionClass\CommonExecutionClass.class.php 第 80 行.
NOTIC: [8] Undefined property: Org\Jbmp\ExecutionClass\StartExecutionClass::$_execution D:\phpStudy\WWW\myysy\ThinkPHP\Library\Org\Jbmp\ExecutionClass\CommonExecutionClass.class.php 第 83 行.

[ 2016-11-15T11:44:43+08:00 ] 127.0.0.1 /myysy/admin.php/Rbac/Rbac/
INFO: [ app_init ] --START--
INFO: Run Behavior\BuildLiteBehavior [ RunTime:0.000019s ]
INFO: [ app_init ] --END-- [ RunTime:0.000603s ]
INFO: [ app_begin ] --START--
INFO: Run Behavior\ReadHtmlCacheBehavior [ RunTime:0.001028s ]
INFO: [ app_begin ] --END-- [ RunTime:0.001108s ]
SQL: SHOW COLUMNS FROM `think_user` [ RunTime:0.0065s ]
SQL: SELECT u.username as username,ru.user_id,ru.role_id,r.name as role_name,a.node_id,n.name as node_name,n.title as node_title,n.pid,n.level FROM think_user u INNER JOIN think_role_user AS ru ON ru.user_id = u.id INNER JOIN think_role AS r ON r.id = ru.role_id INNER JOIN think_access AS a ON a.role_id = r.id INNER JOIN think_node AS n ON a.node_id = n.id  WHERE ( ru.user_id = 1 )  [ RunTime:0.0032s ]
NOTIC: [8] Undefined index: url D:\phpStudy\WWW\myysy\AdminApplication\Admin\Controller\Body\BodyController.class.php 第 64 行.
NOTIC: [8] Undefined index: url D:\phpStudy\WWW\myysy\AdminApplication\Admin\Controller\Body\BodyController.class.php 第 64 行.
NOTIC: [8] Undefined index: url D:\phpStudy\WWW\myysy\AdminApplication\Admin\Controller\Body\BodyController.class.php 第 64 行.
NOTIC: [8] Undefined index: url D:\phpStudy\WWW\myysy\AdminApplication\Admin\Controller\Body\BodyController.class.php 第 64 行.
NOTIC: [8] Undefined index: url D:\phpStudy\WWW\myysy\AdminApplication\Admin\Controller\Body\BodyController.class.php 第 64 行.
NOTIC: [8] Undefined index: url D:\phpStudy\WWW\myysy\AdminApplication\Admin\Controller\Body\BodyController.class.php 第 64 行.
NOTIC: [8] Undefined index: url D:\phpStudy\WWW\myysy\AdminApplication\Admin\Controller\Body\BodyController.class.php 第 64 行.
NOTIC: [8] Undefined index: url D:\phpStudy\WWW\myysy\AdminApplication\Admin\Controller\Body\BodyController.class.php 第 64 行.
NOTIC: [8] Undefined index: url D:\phpStudy\WWW\myysy\AdminApplication\Admin\Controller\Body\BodyController.class.php 第 162 行.
NOTIC: [8] Undefined index: url D:\phpStudy\WWW\myysy\AdminApplication\Admin\Controller\Body\BodyController.class.php 第 162 行.
SQL: SHOW COLUMNS FROM `think_flow_modulerule` [ RunTime:0.0059s ]
SQL: SELECT * FROM `think_flow_modulerule` WHERE ( rulename = 'demo' ) LIMIT 1   [ RunTime:0.0003s ]
SQL: SHOW COLUMNS FROM `think_flow_property` [ RunTime:0.0055s ]
SQL: SELECT * FROM `think_flow_property` LIMIT 1   [ RunTime:0.0003s ]
NOTIC: [8] Undefined property: Org\Jbmp\ExecutionClass\StartExecutionClass::$_execution D:\phpStudy\WWW\myysy\ThinkPHP\Library\Org\Jbmp\ExecutionClass\CommonExecutionClass.class.php 第 80 行.
NOTIC: [8] Undefined property: Org\Jbmp\ExecutionClass\StartExecutionClass::$_execution D:\phpStudy\WWW\myysy\ThinkPHP\Library\Org\Jbmp\ExecutionClass\CommonExecutionClass.class.php 第 83 行.

[ 2016-11-15T11:44:52+08:00 ] 127.0.0.1 /myysy/admin.php/Rbac/Rbac/
INFO: [ app_init ] --START--
INFO: Run Behavior\BuildLiteBehavior [ RunTime:0.000027s ]
INFO: [ app_init ] --END-- [ RunTime:0.000765s ]
INFO: [ app_begin ] --START--
INFO: Run Behavior\ReadHtmlCacheBehavior [ RunTime:0.000708s ]
INFO: [ app_begin ] --END-- [ RunTime:0.000760s ]
SQL: SHOW COLUMNS FROM `think_user` [ RunTime:0.0055s ]
SQL: SELECT u.username as username,ru.user_id,ru.role_id,r.name as role_name,a.node_id,n.name as node_name,n.title as node_title,n.pid,n.level FROM think_user u INNER JOIN think_role_user AS ru ON ru.user_id = u.id INNER JOIN think_role AS r ON r.id = ru.role_id INNER JOIN think_access AS a ON a.role_id = r.id INNER JOIN think_node AS n ON a.node_id = n.id  WHERE ( ru.user_id = 1 )  [ RunTime:0.0012s ]
NOTIC: [8] Undefined index: url D:\phpStudy\WWW\myysy\AdminApplication\Admin\Controller\Body\BodyController.class.php 第 64 行.
NOTIC: [8] Undefined index: url D:\phpStudy\WWW\myysy\AdminApplication\Admin\Controller\Body\BodyController.class.php 第 64 行.
NOTIC: [8] Undefined index: url D:\phpStudy\WWW\myysy\AdminApplication\Admin\Controller\Body\BodyController.class.php 第 64 行.
NOTIC: [8] Undefined index: url D:\phpStudy\WWW\myysy\AdminApplication\Admin\Controller\Body\BodyController.class.php 第 64 行.
NOTIC: [8] Undefined index: url D:\phpStudy\WWW\myysy\AdminApplication\Admin\Controller\Body\BodyController.class.php 第 64 行.
NOTIC: [8] Undefined index: url D:\phpStudy\WWW\myysy\AdminApplication\Admin\Controller\Body\BodyController.class.php 第 64 行.
NOTIC: [8] Undefined index: url D:\phpStudy\WWW\myysy\AdminApplication\Admin\Controller\Body\BodyController.class.php 第 64 行.
NOTIC: [8] Undefined index: url D:\phpStudy\WWW\myysy\AdminApplication\Admin\Controller\Body\BodyController.class.php 第 64 行.
NOTIC: [8] Undefined index: url D:\phpStudy\WWW\myysy\AdminApplication\Admin\Controller\Body\BodyController.class.php 第 162 行.
NOTIC: [8] Undefined index: url D:\phpStudy\WWW\myysy\AdminApplication\Admin\Controller\Body\BodyController.class.php 第 162 行.
SQL: SHOW COLUMNS FROM `think_flow_modulerule` [ RunTime:0.0049s ]
SQL: SELECT * FROM `think_flow_modulerule` WHERE ( rulename = 'demo' ) LIMIT 1   [ RunTime:0.0005s ]
SQL: SHOW COLUMNS FROM `think_flow_property` [ RunTime:0.0050s ]
SQL: SELECT * FROM `think_flow_property` LIMIT 1   [ RunTime:0.0003s ]
NOTIC: [8] Undefined property: Org\Jbmp\ExecutionClass\StartExecutionClass::$_execution D:\phpStudy\WWW\myysy\ThinkPHP\Library\Org\Jbmp\ExecutionClass\CommonExecutionClass.class.php 第 80 行.
NOTIC: [8] Undefined property: Org\Jbmp\ExecutionClass\StartExecutionClass::$_execution D:\phpStudy\WWW\myysy\ThinkPHP\Library\Org\Jbmp\ExecutionClass\CommonExecutionClass.class.php 第 83 行.

[ 2016-11-15T11:51:56+08:00 ] 127.0.0.1 /myysy/admin.php/Rbac/Rbac/
INFO: [ app_init ] --START--
INFO: Run Behavior\BuildLiteBehavior [ RunTime:0.000015s ]
INFO: [ app_init ] --END-- [ RunTime:0.000610s ]
INFO: [ app_begin ] --START--
INFO: Run Behavior\ReadHtmlCacheBehavior [ RunTime:0.000696s ]
INFO: [ app_begin ] --END-- [ RunTime:0.000743s ]
SQL: SHOW COLUMNS FROM `think_user` [ RunTime:0.0051s ]
SQL: SELECT u.username as username,ru.user_id,ru.role_id,r.name as role_name,a.node_id,n.name as node_name,n.title as node_title,n.pid,n.level FROM think_user u INNER JOIN think_role_user AS ru ON ru.user_id = u.id INNER JOIN think_role AS r ON r.id = ru.role_id INNER JOIN think_access AS a ON a.role_id = r.id INNER JOIN think_node AS n ON a.node_id = n.id  WHERE ( ru.user_id = 1 )  [ RunTime:0.0010s ]
NOTIC: [8] Undefined index: url D:\phpStudy\WWW\myysy\AdminApplication\Admin\Controller\Body\BodyController.class.php 第 64 行.
NOTIC: [8] Undefined index: url D:\phpStudy\WWW\myysy\AdminApplication\Admin\Controller\Body\BodyController.class.php 第 64 行.
NOTIC: [8] Undefined index: url D:\phpStudy\WWW\myysy\AdminApplication\Admin\Controller\Body\BodyController.class.php 第 64 行.
NOTIC: [8] Undefined index: url D:\phpStudy\WWW\myysy\AdminApplication\Admin\Controller\Body\BodyController.class.php 第 64 行.
NOTIC: [8] Undefined index: url D:\phpStudy\WWW\myysy\AdminApplication\Admin\Controller\Body\BodyController.class.php 第 64 行.
NOTIC: [8] Undefined index: url D:\phpStudy\WWW\myysy\AdminApplication\Admin\Controller\Body\BodyController.class.php 第 64 行.
NOTIC: [8] Undefined index: url D:\phpStudy\WWW\myysy\AdminApplication\Admin\Controller\Body\BodyController.class.php 第 64 行.
NOTIC: [8] Undefined index: url D:\phpStudy\WWW\myysy\AdminApplication\Admin\Controller\Body\BodyController.class.php 第 64 行.
NOTIC: [8] Undefined index: url D:\phpStudy\WWW\myysy\AdminApplication\Admin\Controller\Body\BodyController.class.php 第 162 行.
NOTIC: [8] Undefined index: url D:\phpStudy\WWW\myysy\AdminApplication\Admin\Controller\Body\BodyController.class.php 第 162 行.
SQL: SHOW COLUMNS FROM `think_flow_modulerule` [ RunTime:0.0050s ]
SQL: SELECT * FROM `think_flow_modulerule` WHERE ( rulename = 'demo' ) LIMIT 1   [ RunTime:0.0003s ]
SQL: SHOW COLUMNS FROM `think_flow_property` [ RunTime:0.0048s ]
SQL: SELECT * FROM `think_flow_property` LIMIT 1   [ RunTime:0.0003s ]
NOTIC: [8] Undefined property: Org\Jbmp\ExecutionClass\StartExecutionClass::$_execution D:\phpStudy\WWW\myysy\ThinkPHP\Library\Org\Jbmp\ExecutionClass\CommonExecutionClass.class.php 第 80 行.
NOTIC: [8] Undefined property: Org\Jbmp\ExecutionClass\StartExecutionClass::$_execution D:\phpStudy\WWW\myysy\ThinkPHP\Library\Org\Jbmp\ExecutionClass\CommonExecutionClass.class.php 第 83 行.

[ 2016-11-15T11:52:02+08:00 ] 127.0.0.1 /myysy/admin.php/Rbac/Rbac/
INFO: [ app_init ] --START--
INFO: Run Behavior\BuildLiteBehavior [ RunTime:0.000016s ]
INFO: [ app_init ] --END-- [ RunTime:0.000591s ]
INFO: [ app_begin ] --START--
INFO: Run Behavior\ReadHtmlCacheBehavior [ RunTime:0.000747s ]
INFO: [ app_begin ] --END-- [ RunTime:0.000801s ]
SQL: SHOW COLUMNS FROM `think_user` [ RunTime:0.0048s ]
SQL: SELECT u.username as username,ru.user_id,ru.role_id,r.name as role_name,a.node_id,n.name as node_name,n.title as node_title,n.pid,n.level FROM think_user u INNER JOIN think_role_user AS ru ON ru.user_id = u.id INNER JOIN think_role AS r ON r.id = ru.role_id INNER JOIN think_access AS a ON a.role_id = r.id INNER JOIN think_node AS n ON a.node_id = n.id  WHERE ( ru.user_id = 1 )  [ RunTime:0.0009s ]
NOTIC: [8] Undefined index: url D:\phpStudy\WWW\myysy\AdminApplication\Admin\Controller\Body\BodyController.class.php 第 64 行.
NOTIC: [8] Undefined index: url D:\phpStudy\WWW\myysy\AdminApplication\Admin\Controller\Body\BodyController.class.php 第 64 行.
NOTIC: [8] Undefined index: url D:\phpStudy\WWW\myysy\AdminApplication\Admin\Controller\Body\BodyController.class.php 第 64 行.
NOTIC: [8] Undefined index: url D:\phpStudy\WWW\myysy\AdminApplication\Admin\Controller\Body\BodyController.class.php 第 64 行.
NOTIC: [8] Undefined index: url D:\phpStudy\WWW\myysy\AdminApplication\Admin\Controller\Body\BodyController.class.php 第 64 行.
NOTIC: [8] Undefined index: url D:\phpStudy\WWW\myysy\AdminApplication\Admin\Controller\Body\BodyController.class.php 第 64 行.
NOTIC: [8] Undefined index: url D:\phpStudy\WWW\myysy\AdminApplication\Admin\Controller\Body\BodyController.class.php 第 64 行.
NOTIC: [8] Undefined index: url D:\phpStudy\WWW\myysy\AdminApplication\Admin\Controller\Body\BodyController.class.php 第 64 行.
NOTIC: [8] Undefined index: url D:\phpStudy\WWW\myysy\AdminApplication\Admin\Controller\Body\BodyController.class.php 第 162 行.
NOTIC: [8] Undefined index: url D:\phpStudy\WWW\myysy\AdminApplication\Admin\Controller\Body\BodyController.class.php 第 162 行.
SQL: SHOW COLUMNS FROM `think_flow_modulerule` [ RunTime:0.0052s ]
SQL: SELECT * FROM `think_flow_modulerule` WHERE ( rulename = 'demo' ) LIMIT 1   [ RunTime:0.0003s ]
SQL: SHOW COLUMNS FROM `think_flow_property` [ RunTime:0.0052s ]
SQL: SELECT * FROM `think_flow_property` LIMIT 1   [ RunTime:0.0003s ]
NOTIC: [8] Undefined property: Org\Jbmp\ExecutionClass\StartExecutionClass::$_execution D:\phpStudy\WWW\myysy\ThinkPHP\Library\Org\Jbmp\ExecutionClass\CommonExecutionClass.class.php 第 80 行.
NOTIC: [8] Undefined property: Org\Jbmp\ExecutionClass\StartExecutionClass::$_execution D:\phpStudy\WWW\myysy\ThinkPHP\Library\Org\Jbmp\ExecutionClass\CommonExecutionClass.class.php 第 83 行.

[ 2016-11-15T11:52:18+08:00 ] 127.0.0.1 /myysy/admin.php/Rbac/Rbac/
INFO: [ app_init ] --START--
INFO: Run Behavior\BuildLiteBehavior [ RunTime:0.000015s ]
INFO: [ app_init ] --END-- [ RunTime:0.000597s ]
INFO: [ app_begin ] --START--
INFO: Run Behavior\ReadHtmlCacheBehavior [ RunTime:0.000655s ]
INFO: [ app_begin ] --END-- [ RunTime:0.000702s ]
SQL: SHOW COLUMNS FROM `think_user` [ RunTime:0.0049s ]
SQL: SELECT u.username as username,ru.user_id,ru.role_id,r.name as role_name,a.node_id,n.name as node_name,n.title as node_title,n.pid,n.level FROM think_user u INNER JOIN think_role_user AS ru ON ru.user_id = u.id INNER JOIN think_role AS r ON r.id = ru.role_id INNER JOIN think_access AS a ON a.role_id = r.id INNER JOIN think_node AS n ON a.node_id = n.id  WHERE ( ru.user_id = 1 )  [ RunTime:0.0019s ]
NOTIC: [8] Undefined index: url D:\phpStudy\WWW\myysy\AdminApplication\Admin\Controller\Body\BodyController.class.php 第 64 行.
NOTIC: [8] Undefined index: url D:\phpStudy\WWW\myysy\AdminApplication\Admin\Controller\Body\BodyController.class.php 第 64 行.
NOTIC: [8] Undefined index: url D:\phpStudy\WWW\myysy\AdminApplication\Admin\Controller\Body\BodyController.class.php 第 64 行.
NOTIC: [8] Undefined index: url D:\phpStudy\WWW\myysy\AdminApplication\Admin\Controller\Body\BodyController.class.php 第 64 行.
NOTIC: [8] Undefined index: url D:\phpStudy\WWW\myysy\AdminApplication\Admin\Controller\Body\BodyController.class.php 第 64 行.
NOTIC: [8] Undefined index: url D:\phpStudy\WWW\myysy\AdminApplication\Admin\Controller\Body\BodyController.class.php 第 64 行.
NOTIC: [8] Undefined index: url D:\phpStudy\WWW\myysy\AdminApplication\Admin\Controller\Body\BodyController.class.php 第 64 行.
NOTIC: [8] Undefined index: url D:\phpStudy\WWW\myysy\AdminApplication\Admin\Controller\Body\BodyController.class.php 第 64 行.
NOTIC: [8] Undefined index: url D:\phpStudy\WWW\myysy\AdminApplication\Admin\Controller\Body\BodyController.class.php 第 162 行.
NOTIC: [8] Undefined index: url D:\phpStudy\WWW\myysy\AdminApplication\Admin\Controller\Body\BodyController.class.php 第 162 行.
SQL: SHOW COLUMNS FROM `think_flow_modulerule` [ RunTime:0.0047s ]
SQL: SELECT * FROM `think_flow_modulerule` WHERE ( rulename = 'demo' ) LIMIT 1   [ RunTime:0.0003s ]
SQL: SHOW COLUMNS FROM `think_flow_property` [ RunTime:0.0053s ]
SQL: SELECT * FROM `think_flow_property` LIMIT 1   [ RunTime:0.0003s ]
NOTIC: [8] Undefined property: Org\Jbmp\ExecutionClass\StartExecutionClass::$_execution D:\phpStudy\WWW\myysy\ThinkPHP\Library\Org\Jbmp\ExecutionClass\CommonExecutionClass.class.php 第 80 行.
NOTIC: [8] Undefined property: Org\Jbmp\ExecutionClass\StartExecutionClass::$_execution D:\phpStudy\WWW\myysy\ThinkPHP\Library\Org\Jbmp\ExecutionClass\CommonExecutionClass.class.php 第 83 行.

