[ 2016-10-29T22:24:08+08:00 ] 127.0.0.1 /myysy/admin.php/Login/Login/actionLogin.html
INFO: [ app_init ] --START--
INFO: Run Behavior\BuildLiteBehavior [ RunTime:0.000000s ]
INFO: [ app_init ] --END-- [ RunTime:0.023001s ]
INFO: [ app_begin ] --START--
INFO: Run Behavior\ReadHtmlCacheBehavior [ RunTime:0.002000s ]
INFO: [ app_begin ] --END-- [ RunTime:0.003000s ]
INFO: [ view_parse ] --START--
INFO: [ template_filter ] --START--
INFO: Run Behavior\ContentReplaceBehavior [ RunTime:0.050003s ]
INFO: [ template_filter ] --END-- [ RunTime:0.050003s ]
INFO: Run Behavior\ParseTemplateBehavior [ RunTime:0.098005s ]
INFO: [ view_parse ] --END-- [ RunTime:0.098005s ]
INFO: [ view_filter ] --START--
INFO: Run Behavior\WriteHtmlCacheBehavior [ RunTime:0.017001s ]
INFO: [ view_filter ] --END-- [ RunTime:0.017001s ]
INFO: [ app_end ] --START--
INFO: Run Behavior\ShowPageTraceBehavior [ RunTime:0.008001s ]
INFO: [ app_end ] --END-- [ RunTime:0.008001s ]

[ 2016-10-29T22:24:12+08:00 ] 127.0.0.1 /myysy/admin.php/Login/Login/actionCheckUserInfo.html?username=wudan&password=wd811103
INFO: [ app_init ] --START--
INFO: Run Behavior\BuildLiteBehavior [ RunTime:0.000000s ]
INFO: [ app_init ] --END-- [ RunTime:0.001000s ]
INFO: [ app_begin ] --START--
INFO: Run Behavior\ReadHtmlCacheBehavior [ RunTime:0.000000s ]
INFO: [ app_begin ] --END-- [ RunTime:0.001001s ]
SQL: SHOW COLUMNS FROM `think_user` [ RunTime:0.0620s ]
SQL: SELECT * FROM `think_user` WHERE ( username = 'wudan' AND password = '883327915c4022331b5abcb9da2a390c' ) LIMIT 1   [ RunTime:0.0010s ]
INFO: [ view_parse ] --START--
INFO: [ template_filter ] --START--
INFO: Run Behavior\ContentReplaceBehavior [ RunTime:0.000000s ]
INFO: [ template_filter ] --END-- [ RunTime:0.000000s ]
INFO: Run Behavior\ParseTemplateBehavior [ RunTime:0.034002s ]
INFO: [ view_parse ] --END-- [ RunTime:0.034002s ]
INFO: [ view_filter ] --START--
INFO: Run Behavior\WriteHtmlCacheBehavior [ RunTime:0.000000s ]
INFO: [ view_filter ] --END-- [ RunTime:0.000000s ]
INFO: [ app_end ] --START--
INFO: Run Behavior\ShowPageTraceBehavior [ RunTime:0.001000s ]
INFO: [ app_end ] --END-- [ RunTime:0.001000s ]

[ 2016-10-29T22:24:13+08:00 ] 127.0.0.1 /myysy/admin.php/Rbac/Rbac/actionOperationUser.html
INFO: [ app_init ] --START--
INFO: Run Behavior\BuildLiteBehavior [ RunTime:0.000000s ]
INFO: [ app_init ] --END-- [ RunTime:0.001000s ]
INFO: [ app_begin ] --START--
INFO: Run Behavior\ReadHtmlCacheBehavior [ RunTime:0.001000s ]
INFO: [ app_begin ] --END-- [ RunTime:0.001000s ]
SQL: SHOW COLUMNS FROM `think_user` [ RunTime:0.0120s ]
SQL: SELECT u.username as username,ru.user_id,ru.role_id,r.name as role_name,a.node_id,n.name as node_name,n.title as node_title,n.pid,n.level FROM think_user u INNER JOIN think_role_user AS ru ON ru.user_id = u.id INNER JOIN think_role AS r ON r.id = ru.role_id INNER JOIN think_access AS a ON a.role_id = r.id INNER JOIN think_node AS n ON a.node_id = n.id  WHERE ( ru.user_id = 1 )  [ RunTime:0.2220s ]
NOTIC: [8] Undefined index: url D:\www\myysy\AdminApplication\Admin\Controller\Body\BodyController.class.php 第 64 行.
NOTIC: [8] Undefined index: url D:\www\myysy\AdminApplication\Admin\Controller\Body\BodyController.class.php 第 64 行.
NOTIC: [8] Undefined index: url D:\www\myysy\AdminApplication\Admin\Controller\Body\BodyController.class.php 第 64 行.
NOTIC: [8] Undefined index: url D:\www\myysy\AdminApplication\Admin\Controller\Body\BodyController.class.php 第 64 行.
NOTIC: [8] Undefined index: url D:\www\myysy\AdminApplication\Admin\Controller\Body\BodyController.class.php 第 64 行.
NOTIC: [8] Undefined index: url D:\www\myysy\AdminApplication\Admin\Controller\Body\BodyController.class.php 第 64 行.
NOTIC: [8] Undefined index: url D:\www\myysy\AdminApplication\Admin\Controller\Body\BodyController.class.php 第 64 行.
NOTIC: [8] Undefined index: url D:\www\myysy\AdminApplication\Admin\Controller\Body\BodyController.class.php 第 64 行.
NOTIC: [8] Undefined index: url D:\www\myysy\AdminApplication\Admin\Controller\Body\BodyController.class.php 第 163 行.
NOTIC: [8] Undefined index: url D:\www\myysy\AdminApplication\Admin\Controller\Body\BodyController.class.php 第 163 行.
SQL: SELECT * FROM `think_user`  [ RunTime:0.0010s ]
INFO: [ view_parse ] --START--
INFO: [ template_filter ] --START--
INFO: Run Behavior\ContentReplaceBehavior [ RunTime:0.000000s ]
INFO: [ template_filter ] --END-- [ RunTime:0.000000s ]
INFO: Run Behavior\ParseTemplateBehavior [ RunTime:0.071004s ]
INFO: [ view_parse ] --END-- [ RunTime:0.071004s ]
INFO: [ view_filter ] --START--
INFO: Run Behavior\WriteHtmlCacheBehavior [ RunTime:0.000000s ]
INFO: [ view_filter ] --END-- [ RunTime:0.001000s ]
INFO: [ app_end ] --START--
INFO: Run Behavior\ShowPageTraceBehavior [ RunTime:0.001000s ]
INFO: [ app_end ] --END-- [ RunTime:0.001000s ]

[ 2016-10-29T22:28:30+08:00 ] 127.0.0.1 /myysy/admin.php/Rbac/Rbac/actionOperationUser.html
INFO: [ app_init ] --START--
INFO: Run Behavior\BuildLiteBehavior [ RunTime:0.000000s ]
INFO: [ app_init ] --END-- [ RunTime:0.000000s ]
INFO: [ app_begin ] --START--
INFO: Run Behavior\ReadHtmlCacheBehavior [ RunTime:0.001000s ]
INFO: [ app_begin ] --END-- [ RunTime:0.001000s ]
SQL: SHOW COLUMNS FROM `think_user` [ RunTime:0.0060s ]
SQL: SELECT u.username as username,ru.user_id,ru.role_id,r.name as role_name,a.node_id,n.name as node_name,n.title as node_title,n.pid,n.level FROM think_user u INNER JOIN think_role_user AS ru ON ru.user_id = u.id INNER JOIN think_role AS r ON r.id = ru.role_id INNER JOIN think_access AS a ON a.role_id = r.id INNER JOIN think_node AS n ON a.node_id = n.id  WHERE ( ru.user_id = 1 )  [ RunTime:0.0010s ]
NOTIC: [8] Undefined index: url D:\www\myysy\AdminApplication\Admin\Controller\Body\BodyController.class.php 第 64 行.
NOTIC: [8] Undefined index: url D:\www\myysy\AdminApplication\Admin\Controller\Body\BodyController.class.php 第 64 行.
NOTIC: [8] Undefined index: url D:\www\myysy\AdminApplication\Admin\Controller\Body\BodyController.class.php 第 64 行.
NOTIC: [8] Undefined index: url D:\www\myysy\AdminApplication\Admin\Controller\Body\BodyController.class.php 第 64 行.
NOTIC: [8] Undefined index: url D:\www\myysy\AdminApplication\Admin\Controller\Body\BodyController.class.php 第 64 行.
NOTIC: [8] Undefined index: url D:\www\myysy\AdminApplication\Admin\Controller\Body\BodyController.class.php 第 64 行.
NOTIC: [8] Undefined index: url D:\www\myysy\AdminApplication\Admin\Controller\Body\BodyController.class.php 第 64 行.
NOTIC: [8] Undefined index: url D:\www\myysy\AdminApplication\Admin\Controller\Body\BodyController.class.php 第 64 行.
NOTIC: [8] Undefined index: url D:\www\myysy\AdminApplication\Admin\Controller\Body\BodyController.class.php 第 163 行.
NOTIC: [8] Undefined index: url D:\www\myysy\AdminApplication\Admin\Controller\Body\BodyController.class.php 第 163 行.
SQL: SELECT * FROM `think_user`  [ RunTime:0.0010s ]
INFO: [ view_parse ] --START--
INFO: [ template_filter ] --START--
INFO: Run Behavior\ContentReplaceBehavior [ RunTime:0.000000s ]
INFO: [ template_filter ] --END-- [ RunTime:0.000000s ]
INFO: Run Behavior\ParseTemplateBehavior [ RunTime:0.008000s ]
INFO: [ view_parse ] --END-- [ RunTime:0.008000s ]
INFO: [ view_filter ] --START--
INFO: Run Behavior\WriteHtmlCacheBehavior [ RunTime:0.001000s ]
INFO: [ view_filter ] --END-- [ RunTime:0.001000s ]
INFO: [ app_end ] --START--
INFO: Run Behavior\ShowPageTraceBehavior [ RunTime:0.001000s ]
INFO: [ app_end ] --END-- [ RunTime:0.001000s ]

[ 2016-10-29T22:29:06+08:00 ] 127.0.0.1 /myysy/admin.php/Rbac/Rbac/actionOperationUser.html
INFO: [ app_init ] --START--
INFO: Run Behavior\BuildLiteBehavior [ RunTime:0.000000s ]
INFO: [ app_init ] --END-- [ RunTime:0.001000s ]
INFO: [ app_begin ] --START--
INFO: Run Behavior\ReadHtmlCacheBehavior [ RunTime:0.001000s ]
INFO: [ app_begin ] --END-- [ RunTime:0.001000s ]
SQL: SHOW COLUMNS FROM `think_user` [ RunTime:0.0060s ]
SQL: SELECT u.username as username,ru.user_id,ru.role_id,r.name as role_name,a.node_id,n.name as node_name,n.title as node_title,n.pid,n.level FROM think_user u INNER JOIN think_role_user AS ru ON ru.user_id = u.id INNER JOIN think_role AS r ON r.id = ru.role_id INNER JOIN think_access AS a ON a.role_id = r.id INNER JOIN think_node AS n ON a.node_id = n.id  WHERE ( ru.user_id = 1 )  [ RunTime:0.0010s ]
NOTIC: [8] Undefined index: url D:\www\myysy\AdminApplication\Admin\Controller\Body\BodyController.class.php 第 64 行.
NOTIC: [8] Undefined index: url D:\www\myysy\AdminApplication\Admin\Controller\Body\BodyController.class.php 第 64 行.
NOTIC: [8] Undefined index: url D:\www\myysy\AdminApplication\Admin\Controller\Body\BodyController.class.php 第 64 行.
NOTIC: [8] Undefined index: url D:\www\myysy\AdminApplication\Admin\Controller\Body\BodyController.class.php 第 64 行.
NOTIC: [8] Undefined index: url D:\www\myysy\AdminApplication\Admin\Controller\Body\BodyController.class.php 第 64 行.
NOTIC: [8] Undefined index: url D:\www\myysy\AdminApplication\Admin\Controller\Body\BodyController.class.php 第 64 行.
NOTIC: [8] Undefined index: url D:\www\myysy\AdminApplication\Admin\Controller\Body\BodyController.class.php 第 64 行.
NOTIC: [8] Undefined index: url D:\www\myysy\AdminApplication\Admin\Controller\Body\BodyController.class.php 第 64 行.
NOTIC: [8] Undefined index: url D:\www\myysy\AdminApplication\Admin\Controller\Body\BodyController.class.php 第 163 行.
NOTIC: [8] Undefined index: url D:\www\myysy\AdminApplication\Admin\Controller\Body\BodyController.class.php 第 163 行.

[ 2016-10-29T22:35:58+08:00 ] 127.0.0.1 /myysy/admin.php/Rbac/Rbac/actionOperationUser.html
INFO: [ app_init ] --START--
INFO: Run Behavior\BuildLiteBehavior [ RunTime:0.000000s ]
INFO: [ app_init ] --END-- [ RunTime:0.000000s ]
INFO: [ app_begin ] --START--
INFO: Run Behavior\ReadHtmlCacheBehavior [ RunTime:0.000000s ]
INFO: [ app_begin ] --END-- [ RunTime:0.001000s ]
SQL: SHOW COLUMNS FROM `think_user` [ RunTime:0.0060s ]
SQL: SELECT u.username as username,ru.user_id,ru.role_id,r.name as role_name,a.node_id,n.name as node_name,n.title as node_title,n.pid,n.level FROM think_user u INNER JOIN think_role_user AS ru ON ru.user_id = u.id INNER JOIN think_role AS r ON r.id = ru.role_id INNER JOIN think_access AS a ON a.role_id = r.id INNER JOIN think_node AS n ON a.node_id = n.id  WHERE ( ru.user_id = 1 )  [ RunTime:0.0010s ]
NOTIC: [8] Undefined index: url D:\www\myysy\AdminApplication\Admin\Controller\Body\BodyController.class.php 第 64 行.
NOTIC: [8] Undefined index: url D:\www\myysy\AdminApplication\Admin\Controller\Body\BodyController.class.php 第 64 行.
NOTIC: [8] Undefined index: url D:\www\myysy\AdminApplication\Admin\Controller\Body\BodyController.class.php 第 64 行.
NOTIC: [8] Undefined index: url D:\www\myysy\AdminApplication\Admin\Controller\Body\BodyController.class.php 第 64 行.
NOTIC: [8] Undefined index: url D:\www\myysy\AdminApplication\Admin\Controller\Body\BodyController.class.php 第 64 行.
NOTIC: [8] Undefined index: url D:\www\myysy\AdminApplication\Admin\Controller\Body\BodyController.class.php 第 64 行.
NOTIC: [8] Undefined index: url D:\www\myysy\AdminApplication\Admin\Controller\Body\BodyController.class.php 第 64 行.
NOTIC: [8] Undefined index: url D:\www\myysy\AdminApplication\Admin\Controller\Body\BodyController.class.php 第 64 行.
NOTIC: [8] Undefined index: url D:\www\myysy\AdminApplication\Admin\Controller\Body\BodyController.class.php 第 163 行.
NOTIC: [8] Undefined index: url D:\www\myysy\AdminApplication\Admin\Controller\Body\BodyController.class.php 第 163 行.
SQL: SELECT * FROM `think_user`  [ RunTime:0.0010s ]
INFO: [ view_parse ] --START--
INFO: [ template_filter ] --START--
INFO: Run Behavior\ContentReplaceBehavior [ RunTime:0.000000s ]
INFO: [ template_filter ] --END-- [ RunTime:0.000000s ]
INFO: Run Behavior\ParseTemplateBehavior [ RunTime:0.009001s ]
INFO: [ view_parse ] --END-- [ RunTime:0.009001s ]
INFO: [ view_filter ] --START--
INFO: Run Behavior\WriteHtmlCacheBehavior [ RunTime:0.000000s ]
INFO: [ view_filter ] --END-- [ RunTime:0.000000s ]
INFO: [ app_end ] --START--
INFO: Run Behavior\ShowPageTraceBehavior [ RunTime:0.000000s ]
INFO: [ app_end ] --END-- [ RunTime:0.000000s ]

[ 2016-10-29T22:36:04+08:00 ] 127.0.0.1 /myysy/admin.php/Rbac/Rbac/actionOperationUser.html
INFO: [ app_init ] --START--
INFO: Run Behavior\BuildLiteBehavior [ RunTime:0.000000s ]
INFO: [ app_init ] --END-- [ RunTime:0.001001s ]
INFO: [ app_begin ] --START--
INFO: Run Behavior\ReadHtmlCacheBehavior [ RunTime:0.001000s ]
INFO: [ app_begin ] --END-- [ RunTime:0.001000s ]
SQL: SHOW COLUMNS FROM `think_user` [ RunTime:0.0060s ]
SQL: SELECT u.username as username,ru.user_id,ru.role_id,r.name as role_name,a.node_id,n.name as node_name,n.title as node_title,n.pid,n.level FROM think_user u INNER JOIN think_role_user AS ru ON ru.user_id = u.id INNER JOIN think_role AS r ON r.id = ru.role_id INNER JOIN think_access AS a ON a.role_id = r.id INNER JOIN think_node AS n ON a.node_id = n.id  WHERE ( ru.user_id = 1 )  [ RunTime:0.0010s ]
NOTIC: [8] Undefined index: url D:\www\myysy\AdminApplication\Admin\Controller\Body\BodyController.class.php 第 64 行.
NOTIC: [8] Undefined index: url D:\www\myysy\AdminApplication\Admin\Controller\Body\BodyController.class.php 第 64 行.
NOTIC: [8] Undefined index: url D:\www\myysy\AdminApplication\Admin\Controller\Body\BodyController.class.php 第 64 行.
NOTIC: [8] Undefined index: url D:\www\myysy\AdminApplication\Admin\Controller\Body\BodyController.class.php 第 64 行.
NOTIC: [8] Undefined index: url D:\www\myysy\AdminApplication\Admin\Controller\Body\BodyController.class.php 第 64 行.
NOTIC: [8] Undefined index: url D:\www\myysy\AdminApplication\Admin\Controller\Body\BodyController.class.php 第 64 行.
NOTIC: [8] Undefined index: url D:\www\myysy\AdminApplication\Admin\Controller\Body\BodyController.class.php 第 64 行.
NOTIC: [8] Undefined index: url D:\www\myysy\AdminApplication\Admin\Controller\Body\BodyController.class.php 第 64 行.
NOTIC: [8] Undefined index: url D:\www\myysy\AdminApplication\Admin\Controller\Body\BodyController.class.php 第 163 行.
NOTIC: [8] Undefined index: url D:\www\myysy\AdminApplication\Admin\Controller\Body\BodyController.class.php 第 163 行.
SQL: SELECT * FROM `think_user`  [ RunTime:0.0000s ]
INFO: [ view_parse ] --START--
INFO: [ template_filter ] --START--
INFO: Run Behavior\ContentReplaceBehavior [ RunTime:0.000000s ]
INFO: [ template_filter ] --END-- [ RunTime:0.000000s ]
INFO: Run Behavior\ParseTemplateBehavior [ RunTime:0.010000s ]
INFO: [ view_parse ] --END-- [ RunTime:0.010000s ]
INFO: [ view_filter ] --START--
INFO: Run Behavior\WriteHtmlCacheBehavior [ RunTime:0.001000s ]
INFO: [ view_filter ] --END-- [ RunTime:0.001000s ]
INFO: [ app_end ] --START--
INFO: Run Behavior\ShowPageTraceBehavior [ RunTime:0.001000s ]
INFO: [ app_end ] --END-- [ RunTime:0.001000s ]

[ 2016-10-29T22:37:29+08:00 ] 127.0.0.1 /myysy/admin.php/Rbac/Rbac/actionOperationUser.html
INFO: [ app_init ] --START--
INFO: Run Behavior\BuildLiteBehavior [ RunTime:0.000000s ]
INFO: [ app_init ] --END-- [ RunTime:0.001000s ]
INFO: [ app_begin ] --START--
INFO: Run Behavior\ReadHtmlCacheBehavior [ RunTime:0.001000s ]
INFO: [ app_begin ] --END-- [ RunTime:0.001000s ]
SQL: SHOW COLUMNS FROM `think_user` [ RunTime:0.0060s ]
SQL: SELECT u.username as username,ru.user_id,ru.role_id,r.name as role_name,a.node_id,n.name as node_name,n.title as node_title,n.pid,n.level FROM think_user u INNER JOIN think_role_user AS ru ON ru.user_id = u.id INNER JOIN think_role AS r ON r.id = ru.role_id INNER JOIN think_access AS a ON a.role_id = r.id INNER JOIN think_node AS n ON a.node_id = n.id  WHERE ( ru.user_id = 1 )  [ RunTime:0.0010s ]
NOTIC: [8] Undefined index: url D:\www\myysy\AdminApplication\Admin\Controller\Body\BodyController.class.php 第 64 行.
NOTIC: [8] Undefined index: url D:\www\myysy\AdminApplication\Admin\Controller\Body\BodyController.class.php 第 64 行.
NOTIC: [8] Undefined index: url D:\www\myysy\AdminApplication\Admin\Controller\Body\BodyController.class.php 第 64 行.
NOTIC: [8] Undefined index: url D:\www\myysy\AdminApplication\Admin\Controller\Body\BodyController.class.php 第 64 行.
NOTIC: [8] Undefined index: url D:\www\myysy\AdminApplication\Admin\Controller\Body\BodyController.class.php 第 64 行.
NOTIC: [8] Undefined index: url D:\www\myysy\AdminApplication\Admin\Controller\Body\BodyController.class.php 第 64 行.
NOTIC: [8] Undefined index: url D:\www\myysy\AdminApplication\Admin\Controller\Body\BodyController.class.php 第 64 行.
NOTIC: [8] Undefined index: url D:\www\myysy\AdminApplication\Admin\Controller\Body\BodyController.class.php 第 64 行.
NOTIC: [8] Undefined index: url D:\www\myysy\AdminApplication\Admin\Controller\Body\BodyController.class.php 第 163 行.
NOTIC: [8] Undefined index: url D:\www\myysy\AdminApplication\Admin\Controller\Body\BodyController.class.php 第 163 行.
SQL: SELECT * FROM `think_user`  [ RunTime:0.0000s ]
INFO: [ view_parse ] --START--
INFO: [ template_filter ] --START--
INFO: Run Behavior\ContentReplaceBehavior [ RunTime:0.000000s ]
INFO: [ template_filter ] --END-- [ RunTime:0.000000s ]
INFO: Run Behavior\ParseTemplateBehavior [ RunTime:0.009001s ]
INFO: [ view_parse ] --END-- [ RunTime:0.009001s ]
INFO: [ view_filter ] --START--
INFO: Run Behavior\WriteHtmlCacheBehavior [ RunTime:0.000000s ]
INFO: [ view_filter ] --END-- [ RunTime:0.000000s ]
INFO: [ app_end ] --START--
INFO: Run Behavior\ShowPageTraceBehavior [ RunTime:0.000000s ]
INFO: [ app_end ] --END-- [ RunTime:0.000000s ]

[ 2016-10-29T22:37:58+08:00 ] 127.0.0.1 /myysy/admin.php/Rbac/Rbac/actionOperationUser.html
INFO: [ app_init ] --START--
INFO: Run Behavior\BuildLiteBehavior [ RunTime:0.000000s ]
INFO: [ app_init ] --END-- [ RunTime:0.001000s ]
INFO: [ app_begin ] --START--
INFO: Run Behavior\ReadHtmlCacheBehavior [ RunTime:0.001000s ]
INFO: [ app_begin ] --END-- [ RunTime:0.001000s ]
SQL: SHOW COLUMNS FROM `think_user` [ RunTime:0.0060s ]
SQL: SELECT u.username as username,ru.user_id,ru.role_id,r.name as role_name,a.node_id,n.name as node_name,n.title as node_title,n.pid,n.level FROM think_user u INNER JOIN think_role_user AS ru ON ru.user_id = u.id INNER JOIN think_role AS r ON r.id = ru.role_id INNER JOIN think_access AS a ON a.role_id = r.id INNER JOIN think_node AS n ON a.node_id = n.id  WHERE ( ru.user_id = 1 )  [ RunTime:0.0010s ]
NOTIC: [8] Undefined index: url D:\www\myysy\AdminApplication\Admin\Controller\Body\BodyController.class.php 第 64 行.
NOTIC: [8] Undefined index: url D:\www\myysy\AdminApplication\Admin\Controller\Body\BodyController.class.php 第 64 行.
NOTIC: [8] Undefined index: url D:\www\myysy\AdminApplication\Admin\Controller\Body\BodyController.class.php 第 64 行.
NOTIC: [8] Undefined index: url D:\www\myysy\AdminApplication\Admin\Controller\Body\BodyController.class.php 第 64 行.
NOTIC: [8] Undefined index: url D:\www\myysy\AdminApplication\Admin\Controller\Body\BodyController.class.php 第 64 行.
NOTIC: [8] Undefined index: url D:\www\myysy\AdminApplication\Admin\Controller\Body\BodyController.class.php 第 64 行.
NOTIC: [8] Undefined index: url D:\www\myysy\AdminApplication\Admin\Controller\Body\BodyController.class.php 第 64 行.
NOTIC: [8] Undefined index: url D:\www\myysy\AdminApplication\Admin\Controller\Body\BodyController.class.php 第 64 行.
NOTIC: [8] Undefined index: url D:\www\myysy\AdminApplication\Admin\Controller\Body\BodyController.class.php 第 163 行.
NOTIC: [8] Undefined index: url D:\www\myysy\AdminApplication\Admin\Controller\Body\BodyController.class.php 第 163 行.
SQL: SELECT * FROM `think_user`  [ RunTime:0.0010s ]
INFO: [ view_parse ] --START--
INFO: [ template_filter ] --START--
INFO: Run Behavior\ContentReplaceBehavior [ RunTime:0.000000s ]
INFO: [ template_filter ] --END-- [ RunTime:0.000000s ]
INFO: Run Behavior\ParseTemplateBehavior [ RunTime:0.009000s ]
INFO: [ view_parse ] --END-- [ RunTime:0.009000s ]
INFO: [ view_filter ] --START--
INFO: Run Behavior\WriteHtmlCacheBehavior [ RunTime:0.000000s ]
INFO: [ view_filter ] --END-- [ RunTime:0.000000s ]
INFO: [ app_end ] --START--
INFO: Run Behavior\ShowPageTraceBehavior [ RunTime:0.001000s ]
INFO: [ app_end ] --END-- [ RunTime:0.001000s ]

[ 2016-10-29T22:41:55+08:00 ] 127.0.0.1 /myysy/admin.php/Rbac/Rbac/actionOperationUser.html
INFO: [ app_init ] --START--
INFO: Run Behavior\BuildLiteBehavior [ RunTime:0.000000s ]
INFO: [ app_init ] --END-- [ RunTime:0.001000s ]
INFO: [ app_begin ] --START--
INFO: Run Behavior\ReadHtmlCacheBehavior [ RunTime:0.001000s ]
INFO: [ app_begin ] --END-- [ RunTime:0.001000s ]
SQL: SHOW COLUMNS FROM `think_user` [ RunTime:0.0060s ]
SQL: SELECT u.username as username,ru.user_id,ru.role_id,r.name as role_name,a.node_id,n.name as node_name,n.title as node_title,n.pid,n.level FROM think_user u INNER JOIN think_role_user AS ru ON ru.user_id = u.id INNER JOIN think_role AS r ON r.id = ru.role_id INNER JOIN think_access AS a ON a.role_id = r.id INNER JOIN think_node AS n ON a.node_id = n.id  WHERE ( ru.user_id = 1 )  [ RunTime:0.0010s ]
NOTIC: [8] Undefined index: url D:\www\myysy\AdminApplication\Admin\Controller\Body\BodyController.class.php 第 64 行.
NOTIC: [8] Undefined index: url D:\www\myysy\AdminApplication\Admin\Controller\Body\BodyController.class.php 第 64 行.
NOTIC: [8] Undefined index: url D:\www\myysy\AdminApplication\Admin\Controller\Body\BodyController.class.php 第 64 行.
NOTIC: [8] Undefined index: url D:\www\myysy\AdminApplication\Admin\Controller\Body\BodyController.class.php 第 64 行.
NOTIC: [8] Undefined index: url D:\www\myysy\AdminApplication\Admin\Controller\Body\BodyController.class.php 第 64 行.
NOTIC: [8] Undefined index: url D:\www\myysy\AdminApplication\Admin\Controller\Body\BodyController.class.php 第 64 行.
NOTIC: [8] Undefined index: url D:\www\myysy\AdminApplication\Admin\Controller\Body\BodyController.class.php 第 64 行.
NOTIC: [8] Undefined index: url D:\www\myysy\AdminApplication\Admin\Controller\Body\BodyController.class.php 第 64 行.
NOTIC: [8] Undefined index: url D:\www\myysy\AdminApplication\Admin\Controller\Body\BodyController.class.php 第 163 行.
NOTIC: [8] Undefined index: url D:\www\myysy\AdminApplication\Admin\Controller\Body\BodyController.class.php 第 163 行.
SQL: SELECT * FROM `think_user`  [ RunTime:0.0000s ]
INFO: [ view_parse ] --START--
INFO: [ template_filter ] --START--
INFO: Run Behavior\ContentReplaceBehavior [ RunTime:0.000000s ]
INFO: [ template_filter ] --END-- [ RunTime:0.000000s ]
INFO: Run Behavior\ParseTemplateBehavior [ RunTime:0.008001s ]
INFO: [ view_parse ] --END-- [ RunTime:0.009001s ]
INFO: [ view_filter ] --START--
INFO: Run Behavior\WriteHtmlCacheBehavior [ RunTime:0.000000s ]
INFO: [ view_filter ] --END-- [ RunTime:0.000000s ]
INFO: [ app_end ] --START--
INFO: Run Behavior\ShowPageTraceBehavior [ RunTime:0.001000s ]
INFO: [ app_end ] --END-- [ RunTime:0.001000s ]

[ 2016-10-29T22:41:56+08:00 ] 127.0.0.1 /myysy/admin.php/Rbac/Rbac/actionOperationUser.html
INFO: [ app_init ] --START--
INFO: Run Behavior\BuildLiteBehavior [ RunTime:0.000000s ]
INFO: [ app_init ] --END-- [ RunTime:0.000000s ]
INFO: [ app_begin ] --START--
INFO: Run Behavior\ReadHtmlCacheBehavior [ RunTime:0.001000s ]
INFO: [ app_begin ] --END-- [ RunTime:0.001000s ]
SQL: SHOW COLUMNS FROM `think_user` [ RunTime:0.0060s ]
SQL: SELECT u.username as username,ru.user_id,ru.role_id,r.name as role_name,a.node_id,n.name as node_name,n.title as node_title,n.pid,n.level FROM think_user u INNER JOIN think_role_user AS ru ON ru.user_id = u.id INNER JOIN think_role AS r ON r.id = ru.role_id INNER JOIN think_access AS a ON a.role_id = r.id INNER JOIN think_node AS n ON a.node_id = n.id  WHERE ( ru.user_id = 1 )  [ RunTime:0.0010s ]
NOTIC: [8] Undefined index: url D:\www\myysy\AdminApplication\Admin\Controller\Body\BodyController.class.php 第 64 行.
NOTIC: [8] Undefined index: url D:\www\myysy\AdminApplication\Admin\Controller\Body\BodyController.class.php 第 64 行.
NOTIC: [8] Undefined index: url D:\www\myysy\AdminApplication\Admin\Controller\Body\BodyController.class.php 第 64 行.
NOTIC: [8] Undefined index: url D:\www\myysy\AdminApplication\Admin\Controller\Body\BodyController.class.php 第 64 行.
NOTIC: [8] Undefined index: url D:\www\myysy\AdminApplication\Admin\Controller\Body\BodyController.class.php 第 64 行.
NOTIC: [8] Undefined index: url D:\www\myysy\AdminApplication\Admin\Controller\Body\BodyController.class.php 第 64 行.
NOTIC: [8] Undefined index: url D:\www\myysy\AdminApplication\Admin\Controller\Body\BodyController.class.php 第 64 行.
NOTIC: [8] Undefined index: url D:\www\myysy\AdminApplication\Admin\Controller\Body\BodyController.class.php 第 64 行.
NOTIC: [8] Undefined index: url D:\www\myysy\AdminApplication\Admin\Controller\Body\BodyController.class.php 第 163 行.
NOTIC: [8] Undefined index: url D:\www\myysy\AdminApplication\Admin\Controller\Body\BodyController.class.php 第 163 行.
SQL: SELECT * FROM `think_user`  [ RunTime:0.0000s ]
INFO: [ view_parse ] --START--
INFO: [ template_filter ] --START--
INFO: Run Behavior\ContentReplaceBehavior [ RunTime:0.000000s ]
INFO: [ template_filter ] --END-- [ RunTime:0.000000s ]
INFO: Run Behavior\ParseTemplateBehavior [ RunTime:0.009001s ]
INFO: [ view_parse ] --END-- [ RunTime:0.009001s ]
INFO: [ view_filter ] --START--
INFO: Run Behavior\WriteHtmlCacheBehavior [ RunTime:0.000000s ]
INFO: [ view_filter ] --END-- [ RunTime:0.000000s ]
INFO: [ app_end ] --START--
INFO: Run Behavior\ShowPageTraceBehavior [ RunTime:0.001000s ]
INFO: [ app_end ] --END-- [ RunTime:0.001000s ]

[ 2016-10-29T22:42:07+08:00 ] 127.0.0.1 /myysy/admin.php/Rbac/Rbac/actionOperationUser.html
INFO: [ app_init ] --START--
INFO: Run Behavior\BuildLiteBehavior [ RunTime:0.000000s ]
INFO: [ app_init ] --END-- [ RunTime:0.001000s ]
INFO: [ app_begin ] --START--
INFO: Run Behavior\ReadHtmlCacheBehavior [ RunTime:0.001000s ]
INFO: [ app_begin ] --END-- [ RunTime:0.001000s ]
SQL: SHOW COLUMNS FROM `think_user` [ RunTime:0.0070s ]
SQL: SELECT u.username as username,ru.user_id,ru.role_id,r.name as role_name,a.node_id,n.name as node_name,n.title as node_title,n.pid,n.level FROM think_user u INNER JOIN think_role_user AS ru ON ru.user_id = u.id INNER JOIN think_role AS r ON r.id = ru.role_id INNER JOIN think_access AS a ON a.role_id = r.id INNER JOIN think_node AS n ON a.node_id = n.id  WHERE ( ru.user_id = 1 )  [ RunTime:0.0010s ]
NOTIC: [8] Undefined index: url D:\www\myysy\AdminApplication\Admin\Controller\Body\BodyController.class.php 第 64 行.
NOTIC: [8] Undefined index: url D:\www\myysy\AdminApplication\Admin\Controller\Body\BodyController.class.php 第 64 行.
NOTIC: [8] Undefined index: url D:\www\myysy\AdminApplication\Admin\Controller\Body\BodyController.class.php 第 64 行.
NOTIC: [8] Undefined index: url D:\www\myysy\AdminApplication\Admin\Controller\Body\BodyController.class.php 第 64 行.
NOTIC: [8] Undefined index: url D:\www\myysy\AdminApplication\Admin\Controller\Body\BodyController.class.php 第 64 行.
NOTIC: [8] Undefined index: url D:\www\myysy\AdminApplication\Admin\Controller\Body\BodyController.class.php 第 64 行.
NOTIC: [8] Undefined index: url D:\www\myysy\AdminApplication\Admin\Controller\Body\BodyController.class.php 第 64 行.
NOTIC: [8] Undefined index: url D:\www\myysy\AdminApplication\Admin\Controller\Body\BodyController.class.php 第 64 行.
NOTIC: [8] Undefined index: url D:\www\myysy\AdminApplication\Admin\Controller\Body\BodyController.class.php 第 163 行.
NOTIC: [8] Undefined index: url D:\www\myysy\AdminApplication\Admin\Controller\Body\BodyController.class.php 第 163 行.
SQL: SELECT * FROM `think_user`  [ RunTime:0.0010s ]
INFO: [ view_parse ] --START--
INFO: [ template_filter ] --START--
INFO: Run Behavior\ContentReplaceBehavior [ RunTime:0.000000s ]
INFO: [ template_filter ] --END-- [ RunTime:0.000000s ]
INFO: Run Behavior\ParseTemplateBehavior [ RunTime:0.010001s ]
INFO: [ view_parse ] --END-- [ RunTime:0.010001s ]
INFO: [ view_filter ] --START--
INFO: Run Behavior\WriteHtmlCacheBehavior [ RunTime:0.000000s ]
INFO: [ view_filter ] --END-- [ RunTime:0.000000s ]
INFO: [ app_end ] --START--
INFO: Run Behavior\ShowPageTraceBehavior [ RunTime:0.001000s ]
INFO: [ app_end ] --END-- [ RunTime:0.001000s ]

[ 2016-10-29T22:42:08+08:00 ] 127.0.0.1 /myysy/admin.php/Rbac/Rbac/actionOperationUser.html
INFO: [ app_init ] --START--
INFO: Run Behavior\BuildLiteBehavior [ RunTime:0.000000s ]
INFO: [ app_init ] --END-- [ RunTime:0.001000s ]
INFO: [ app_begin ] --START--
INFO: Run Behavior\ReadHtmlCacheBehavior [ RunTime:0.001000s ]
INFO: [ app_begin ] --END-- [ RunTime:0.001000s ]
SQL: SHOW COLUMNS FROM `think_user` [ RunTime:0.0060s ]
SQL: SELECT u.username as username,ru.user_id,ru.role_id,r.name as role_name,a.node_id,n.name as node_name,n.title as node_title,n.pid,n.level FROM think_user u INNER JOIN think_role_user AS ru ON ru.user_id = u.id INNER JOIN think_role AS r ON r.id = ru.role_id INNER JOIN think_access AS a ON a.role_id = r.id INNER JOIN think_node AS n ON a.node_id = n.id  WHERE ( ru.user_id = 1 )  [ RunTime:0.0010s ]
NOTIC: [8] Undefined index: url D:\www\myysy\AdminApplication\Admin\Controller\Body\BodyController.class.php 第 64 行.
NOTIC: [8] Undefined index: url D:\www\myysy\AdminApplication\Admin\Controller\Body\BodyController.class.php 第 64 行.
NOTIC: [8] Undefined index: url D:\www\myysy\AdminApplication\Admin\Controller\Body\BodyController.class.php 第 64 行.
NOTIC: [8] Undefined index: url D:\www\myysy\AdminApplication\Admin\Controller\Body\BodyController.class.php 第 64 行.
NOTIC: [8] Undefined index: url D:\www\myysy\AdminApplication\Admin\Controller\Body\BodyController.class.php 第 64 行.
NOTIC: [8] Undefined index: url D:\www\myysy\AdminApplication\Admin\Controller\Body\BodyController.class.php 第 64 行.
NOTIC: [8] Undefined index: url D:\www\myysy\AdminApplication\Admin\Controller\Body\BodyController.class.php 第 64 行.
NOTIC: [8] Undefined index: url D:\www\myysy\AdminApplication\Admin\Controller\Body\BodyController.class.php 第 64 行.
NOTIC: [8] Undefined index: url D:\www\myysy\AdminApplication\Admin\Controller\Body\BodyController.class.php 第 163 行.
NOTIC: [8] Undefined index: url D:\www\myysy\AdminApplication\Admin\Controller\Body\BodyController.class.php 第 163 行.
SQL: SELECT * FROM `think_user`  [ RunTime:0.0000s ]
INFO: [ view_parse ] --START--
INFO: [ template_filter ] --START--
INFO: Run Behavior\ContentReplaceBehavior [ RunTime:0.000000s ]
INFO: [ template_filter ] --END-- [ RunTime:0.000000s ]
INFO: Run Behavior\ParseTemplateBehavior [ RunTime:0.008000s ]
INFO: [ view_parse ] --END-- [ RunTime:0.008000s ]
INFO: [ view_filter ] --START--
INFO: Run Behavior\WriteHtmlCacheBehavior [ RunTime:0.001000s ]
INFO: [ view_filter ] --END-- [ RunTime:0.001000s ]
INFO: [ app_end ] --START--
INFO: Run Behavior\ShowPageTraceBehavior [ RunTime:0.001000s ]
INFO: [ app_end ] --END-- [ RunTime:0.001000s ]

[ 2016-10-29T22:42:08+08:00 ] 127.0.0.1 /myysy/admin.php/Rbac/Rbac/actionOperationUser.html
INFO: [ app_init ] --START--
INFO: Run Behavior\BuildLiteBehavior [ RunTime:0.000000s ]
INFO: [ app_init ] --END-- [ RunTime:0.001000s ]
INFO: [ app_begin ] --START--
INFO: Run Behavior\ReadHtmlCacheBehavior [ RunTime:0.001000s ]
INFO: [ app_begin ] --END-- [ RunTime:0.001000s ]
SQL: SHOW COLUMNS FROM `think_user` [ RunTime:0.0070s ]
SQL: SELECT u.username as username,ru.user_id,ru.role_id,r.name as role_name,a.node_id,n.name as node_name,n.title as node_title,n.pid,n.level FROM think_user u INNER JOIN think_role_user AS ru ON ru.user_id = u.id INNER JOIN think_role AS r ON r.id = ru.role_id INNER JOIN think_access AS a ON a.role_id = r.id INNER JOIN think_node AS n ON a.node_id = n.id  WHERE ( ru.user_id = 1 )  [ RunTime:0.0010s ]
NOTIC: [8] Undefined index: url D:\www\myysy\AdminApplication\Admin\Controller\Body\BodyController.class.php 第 64 行.
NOTIC: [8] Undefined index: url D:\www\myysy\AdminApplication\Admin\Controller\Body\BodyController.class.php 第 64 行.
NOTIC: [8] Undefined index: url D:\www\myysy\AdminApplication\Admin\Controller\Body\BodyController.class.php 第 64 行.
NOTIC: [8] Undefined index: url D:\www\myysy\AdminApplication\Admin\Controller\Body\BodyController.class.php 第 64 行.
NOTIC: [8] Undefined index: url D:\www\myysy\AdminApplication\Admin\Controller\Body\BodyController.class.php 第 64 行.
NOTIC: [8] Undefined index: url D:\www\myysy\AdminApplication\Admin\Controller\Body\BodyController.class.php 第 64 行.
NOTIC: [8] Undefined index: url D:\www\myysy\AdminApplication\Admin\Controller\Body\BodyController.class.php 第 64 行.
NOTIC: [8] Undefined index: url D:\www\myysy\AdminApplication\Admin\Controller\Body\BodyController.class.php 第 64 行.
NOTIC: [8] Undefined index: url D:\www\myysy\AdminApplication\Admin\Controller\Body\BodyController.class.php 第 163 行.
NOTIC: [8] Undefined index: url D:\www\myysy\AdminApplication\Admin\Controller\Body\BodyController.class.php 第 163 行.
SQL: SELECT * FROM `think_user`  [ RunTime:0.0000s ]
INFO: [ view_parse ] --START--
INFO: [ template_filter ] --START--
INFO: Run Behavior\ContentReplaceBehavior [ RunTime:0.000000s ]
INFO: [ template_filter ] --END-- [ RunTime:0.000000s ]
INFO: Run Behavior\ParseTemplateBehavior [ RunTime:0.009001s ]
INFO: [ view_parse ] --END-- [ RunTime:0.009001s ]
INFO: [ view_filter ] --START--
INFO: Run Behavior\WriteHtmlCacheBehavior [ RunTime:0.001000s ]
INFO: [ view_filter ] --END-- [ RunTime:0.001000s ]
INFO: [ app_end ] --START--
INFO: Run Behavior\ShowPageTraceBehavior [ RunTime:0.001000s ]
INFO: [ app_end ] --END-- [ RunTime:0.001000s ]

[ 2016-10-29T22:42:08+08:00 ] 127.0.0.1 /myysy/admin.php/Rbac/Rbac/actionOperationUser.html
INFO: [ app_init ] --START--
INFO: Run Behavior\BuildLiteBehavior [ RunTime:0.000000s ]
INFO: [ app_init ] --END-- [ RunTime:0.001000s ]
INFO: [ app_begin ] --START--
INFO: Run Behavior\ReadHtmlCacheBehavior [ RunTime:0.001001s ]
INFO: [ app_begin ] --END-- [ RunTime:0.001001s ]
SQL: SHOW COLUMNS FROM `think_user` [ RunTime:0.0070s ]
SQL: SELECT u.username as username,ru.user_id,ru.role_id,r.name as role_name,a.node_id,n.name as node_name,n.title as node_title,n.pid,n.level FROM think_user u INNER JOIN think_role_user AS ru ON ru.user_id = u.id INNER JOIN think_role AS r ON r.id = ru.role_id INNER JOIN think_access AS a ON a.role_id = r.id INNER JOIN think_node AS n ON a.node_id = n.id  WHERE ( ru.user_id = 1 )  [ RunTime:0.0010s ]
NOTIC: [8] Undefined index: url D:\www\myysy\AdminApplication\Admin\Controller\Body\BodyController.class.php 第 64 行.
NOTIC: [8] Undefined index: url D:\www\myysy\AdminApplication\Admin\Controller\Body\BodyController.class.php 第 64 行.
NOTIC: [8] Undefined index: url D:\www\myysy\AdminApplication\Admin\Controller\Body\BodyController.class.php 第 64 行.
NOTIC: [8] Undefined index: url D:\www\myysy\AdminApplication\Admin\Controller\Body\BodyController.class.php 第 64 行.
NOTIC: [8] Undefined index: url D:\www\myysy\AdminApplication\Admin\Controller\Body\BodyController.class.php 第 64 行.
NOTIC: [8] Undefined index: url D:\www\myysy\AdminApplication\Admin\Controller\Body\BodyController.class.php 第 64 行.
NOTIC: [8] Undefined index: url D:\www\myysy\AdminApplication\Admin\Controller\Body\BodyController.class.php 第 64 行.
NOTIC: [8] Undefined index: url D:\www\myysy\AdminApplication\Admin\Controller\Body\BodyController.class.php 第 64 行.
NOTIC: [8] Undefined index: url D:\www\myysy\AdminApplication\Admin\Controller\Body\BodyController.class.php 第 163 行.
NOTIC: [8] Undefined index: url D:\www\myysy\AdminApplication\Admin\Controller\Body\BodyController.class.php 第 163 行.
SQL: SELECT * FROM `think_user`  [ RunTime:0.0000s ]
INFO: [ view_parse ] --START--
INFO: [ template_filter ] --START--
INFO: Run Behavior\ContentReplaceBehavior [ RunTime:0.000000s ]
INFO: [ template_filter ] --END-- [ RunTime:0.001000s ]
INFO: Run Behavior\ParseTemplateBehavior [ RunTime:0.009000s ]
INFO: [ view_parse ] --END-- [ RunTime:0.009000s ]
INFO: [ view_filter ] --START--
INFO: Run Behavior\WriteHtmlCacheBehavior [ RunTime:0.001000s ]
INFO: [ view_filter ] --END-- [ RunTime:0.001000s ]
INFO: [ app_end ] --START--
INFO: Run Behavior\ShowPageTraceBehavior [ RunTime:0.001001s ]
INFO: [ app_end ] --END-- [ RunTime:0.001001s ]

[ 2016-10-29T22:42:09+08:00 ] 127.0.0.1 /myysy/admin.php/Rbac/Rbac/actionOperationUser.html
INFO: [ app_init ] --START--
INFO: Run Behavior\BuildLiteBehavior [ RunTime:0.000000s ]
INFO: [ app_init ] --END-- [ RunTime:0.000000s ]
INFO: [ app_begin ] --START--
INFO: Run Behavior\ReadHtmlCacheBehavior [ RunTime:0.001000s ]
INFO: [ app_begin ] --END-- [ RunTime:0.001000s ]
SQL: SHOW COLUMNS FROM `think_user` [ RunTime:0.0060s ]
SQL: SELECT u.username as username,ru.user_id,ru.role_id,r.name as role_name,a.node_id,n.name as node_name,n.title as node_title,n.pid,n.level FROM think_user u INNER JOIN think_role_user AS ru ON ru.user_id = u.id INNER JOIN think_role AS r ON r.id = ru.role_id INNER JOIN think_access AS a ON a.role_id = r.id INNER JOIN think_node AS n ON a.node_id = n.id  WHERE ( ru.user_id = 1 )  [ RunTime:0.0010s ]
NOTIC: [8] Undefined index: url D:\www\myysy\AdminApplication\Admin\Controller\Body\BodyController.class.php 第 64 行.
NOTIC: [8] Undefined index: url D:\www\myysy\AdminApplication\Admin\Controller\Body\BodyController.class.php 第 64 行.
NOTIC: [8] Undefined index: url D:\www\myysy\AdminApplication\Admin\Controller\Body\BodyController.class.php 第 64 行.
NOTIC: [8] Undefined index: url D:\www\myysy\AdminApplication\Admin\Controller\Body\BodyController.class.php 第 64 行.
NOTIC: [8] Undefined index: url D:\www\myysy\AdminApplication\Admin\Controller\Body\BodyController.class.php 第 64 行.
NOTIC: [8] Undefined index: url D:\www\myysy\AdminApplication\Admin\Controller\Body\BodyController.class.php 第 64 行.
NOTIC: [8] Undefined index: url D:\www\myysy\AdminApplication\Admin\Controller\Body\BodyController.class.php 第 64 行.
NOTIC: [8] Undefined index: url D:\www\myysy\AdminApplication\Admin\Controller\Body\BodyController.class.php 第 64 行.
NOTIC: [8] Undefined index: url D:\www\myysy\AdminApplication\Admin\Controller\Body\BodyController.class.php 第 163 行.
NOTIC: [8] Undefined index: url D:\www\myysy\AdminApplication\Admin\Controller\Body\BodyController.class.php 第 163 行.
SQL: SELECT * FROM `think_user`  [ RunTime:0.0010s ]
INFO: [ view_parse ] --START--
INFO: [ template_filter ] --START--
INFO: Run Behavior\ContentReplaceBehavior [ RunTime:0.000000s ]
INFO: [ template_filter ] --END-- [ RunTime:0.000000s ]
INFO: Run Behavior\ParseTemplateBehavior [ RunTime:0.009001s ]
INFO: [ view_parse ] --END-- [ RunTime:0.009001s ]
INFO: [ view_filter ] --START--
INFO: Run Behavior\WriteHtmlCacheBehavior [ RunTime:0.001000s ]
INFO: [ view_filter ] --END-- [ RunTime:0.001000s ]
INFO: [ app_end ] --START--
INFO: Run Behavior\ShowPageTraceBehavior [ RunTime:0.001000s ]
INFO: [ app_end ] --END-- [ RunTime:0.001000s ]

[ 2016-10-29T22:42:31+08:00 ] 127.0.0.1 /myysy/admin.php/Rbac/Rbac/actionOperationUser.html
INFO: [ app_init ] --START--
INFO: Run Behavior\BuildLiteBehavior [ RunTime:0.000000s ]
INFO: [ app_init ] --END-- [ RunTime:0.001000s ]
INFO: [ app_begin ] --START--
INFO: Run Behavior\ReadHtmlCacheBehavior [ RunTime:0.001000s ]
INFO: [ app_begin ] --END-- [ RunTime:0.001000s ]
SQL: SHOW COLUMNS FROM `think_user` [ RunTime:0.0050s ]
SQL: SELECT u.username as username,ru.user_id,ru.role_id,r.name as role_name,a.node_id,n.name as node_name,n.title as node_title,n.pid,n.level FROM think_user u INNER JOIN think_role_user AS ru ON ru.user_id = u.id INNER JOIN think_role AS r ON r.id = ru.role_id INNER JOIN think_access AS a ON a.role_id = r.id INNER JOIN think_node AS n ON a.node_id = n.id  WHERE ( ru.user_id = 1 )  [ RunTime:0.0010s ]
NOTIC: [8] Undefined index: url D:\www\myysy\AdminApplication\Admin\Controller\Body\BodyController.class.php 第 64 行.
NOTIC: [8] Undefined index: url D:\www\myysy\AdminApplication\Admin\Controller\Body\BodyController.class.php 第 64 行.
NOTIC: [8] Undefined index: url D:\www\myysy\AdminApplication\Admin\Controller\Body\BodyController.class.php 第 64 行.
NOTIC: [8] Undefined index: url D:\www\myysy\AdminApplication\Admin\Controller\Body\BodyController.class.php 第 64 行.
NOTIC: [8] Undefined index: url D:\www\myysy\AdminApplication\Admin\Controller\Body\BodyController.class.php 第 64 行.
NOTIC: [8] Undefined index: url D:\www\myysy\AdminApplication\Admin\Controller\Body\BodyController.class.php 第 64 行.
NOTIC: [8] Undefined index: url D:\www\myysy\AdminApplication\Admin\Controller\Body\BodyController.class.php 第 64 行.
NOTIC: [8] Undefined index: url D:\www\myysy\AdminApplication\Admin\Controller\Body\BodyController.class.php 第 64 行.
NOTIC: [8] Undefined index: url D:\www\myysy\AdminApplication\Admin\Controller\Body\BodyController.class.php 第 163 行.
NOTIC: [8] Undefined index: url D:\www\myysy\AdminApplication\Admin\Controller\Body\BodyController.class.php 第 163 行.
SQL: SELECT * FROM `think_user`  [ RunTime:0.0000s ]
INFO: [ view_parse ] --START--
INFO: [ template_filter ] --START--
INFO: Run Behavior\ContentReplaceBehavior [ RunTime:0.000000s ]
INFO: [ template_filter ] --END-- [ RunTime:0.000000s ]
INFO: Run Behavior\ParseTemplateBehavior [ RunTime:0.008001s ]
INFO: [ view_parse ] --END-- [ RunTime:0.008001s ]
INFO: [ view_filter ] --START--
INFO: Run Behavior\WriteHtmlCacheBehavior [ RunTime:0.000000s ]
INFO: [ view_filter ] --END-- [ RunTime:0.000000s ]
INFO: [ app_end ] --START--
INFO: Run Behavior\ShowPageTraceBehavior [ RunTime:0.001000s ]
INFO: [ app_end ] --END-- [ RunTime:0.001000s ]

[ 2016-10-29T22:42:32+08:00 ] 127.0.0.1 /myysy/admin.php/Rbac/Rbac/actionOperationUser.html
INFO: [ app_init ] --START--
INFO: Run Behavior\BuildLiteBehavior [ RunTime:0.000000s ]
INFO: [ app_init ] --END-- [ RunTime:0.000000s ]
INFO: [ app_begin ] --START--
INFO: Run Behavior\ReadHtmlCacheBehavior [ RunTime:0.000000s ]
INFO: [ app_begin ] --END-- [ RunTime:0.000000s ]
SQL: SHOW COLUMNS FROM `think_user` [ RunTime:0.0060s ]
SQL: SELECT u.username as username,ru.user_id,ru.role_id,r.name as role_name,a.node_id,n.name as node_name,n.title as node_title,n.pid,n.level FROM think_user u INNER JOIN think_role_user AS ru ON ru.user_id = u.id INNER JOIN think_role AS r ON r.id = ru.role_id INNER JOIN think_access AS a ON a.role_id = r.id INNER JOIN think_node AS n ON a.node_id = n.id  WHERE ( ru.user_id = 1 )  [ RunTime:0.0010s ]
NOTIC: [8] Undefined index: url D:\www\myysy\AdminApplication\Admin\Controller\Body\BodyController.class.php 第 64 行.
NOTIC: [8] Undefined index: url D:\www\myysy\AdminApplication\Admin\Controller\Body\BodyController.class.php 第 64 行.
NOTIC: [8] Undefined index: url D:\www\myysy\AdminApplication\Admin\Controller\Body\BodyController.class.php 第 64 行.
NOTIC: [8] Undefined index: url D:\www\myysy\AdminApplication\Admin\Controller\Body\BodyController.class.php 第 64 行.
NOTIC: [8] Undefined index: url D:\www\myysy\AdminApplication\Admin\Controller\Body\BodyController.class.php 第 64 行.
NOTIC: [8] Undefined index: url D:\www\myysy\AdminApplication\Admin\Controller\Body\BodyController.class.php 第 64 行.
NOTIC: [8] Undefined index: url D:\www\myysy\AdminApplication\Admin\Controller\Body\BodyController.class.php 第 64 行.
NOTIC: [8] Undefined index: url D:\www\myysy\AdminApplication\Admin\Controller\Body\BodyController.class.php 第 64 行.
NOTIC: [8] Undefined index: url D:\www\myysy\AdminApplication\Admin\Controller\Body\BodyController.class.php 第 163 行.
NOTIC: [8] Undefined index: url D:\www\myysy\AdminApplication\Admin\Controller\Body\BodyController.class.php 第 163 行.
SQL: SELECT * FROM `think_user`  [ RunTime:0.0010s ]
INFO: [ view_parse ] --START--
INFO: [ template_filter ] --START--
INFO: Run Behavior\ContentReplaceBehavior [ RunTime:0.000000s ]
INFO: [ template_filter ] --END-- [ RunTime:0.000000s ]
INFO: Run Behavior\ParseTemplateBehavior [ RunTime:0.008000s ]
INFO: [ view_parse ] --END-- [ RunTime:0.008000s ]
INFO: [ view_filter ] --START--
INFO: Run Behavior\WriteHtmlCacheBehavior [ RunTime:0.000000s ]
INFO: [ view_filter ] --END-- [ RunTime:0.000000s ]
INFO: [ app_end ] --START--
INFO: Run Behavior\ShowPageTraceBehavior [ RunTime:0.001000s ]
INFO: [ app_end ] --END-- [ RunTime:0.001000s ]

[ 2016-10-29T22:44:39+08:00 ] 127.0.0.1 /myysy/admin.php/Rbac/Rbac/actionOperationUser.html
INFO: [ app_init ] --START--
INFO: Run Behavior\BuildLiteBehavior [ RunTime:0.000000s ]
INFO: [ app_init ] --END-- [ RunTime:0.001000s ]
INFO: [ app_begin ] --START--
INFO: Run Behavior\ReadHtmlCacheBehavior [ RunTime:0.001000s ]
INFO: [ app_begin ] --END-- [ RunTime:0.001000s ]
SQL: SHOW COLUMNS FROM `think_user` [ RunTime:0.0060s ]
SQL: SELECT u.username as username,ru.user_id,ru.role_id,r.name as role_name,a.node_id,n.name as node_name,n.title as node_title,n.pid,n.level FROM think_user u INNER JOIN think_role_user AS ru ON ru.user_id = u.id INNER JOIN think_role AS r ON r.id = ru.role_id INNER JOIN think_access AS a ON a.role_id = r.id INNER JOIN think_node AS n ON a.node_id = n.id  WHERE ( ru.user_id = 1 )  [ RunTime:0.0010s ]
NOTIC: [8] Undefined index: url D:\www\myysy\AdminApplication\Admin\Controller\Body\BodyController.class.php 第 64 行.
NOTIC: [8] Undefined index: url D:\www\myysy\AdminApplication\Admin\Controller\Body\BodyController.class.php 第 64 行.
NOTIC: [8] Undefined index: url D:\www\myysy\AdminApplication\Admin\Controller\Body\BodyController.class.php 第 64 行.
NOTIC: [8] Undefined index: url D:\www\myysy\AdminApplication\Admin\Controller\Body\BodyController.class.php 第 64 行.
NOTIC: [8] Undefined index: url D:\www\myysy\AdminApplication\Admin\Controller\Body\BodyController.class.php 第 64 行.
NOTIC: [8] Undefined index: url D:\www\myysy\AdminApplication\Admin\Controller\Body\BodyController.class.php 第 64 行.
NOTIC: [8] Undefined index: url D:\www\myysy\AdminApplication\Admin\Controller\Body\BodyController.class.php 第 64 行.
NOTIC: [8] Undefined index: url D:\www\myysy\AdminApplication\Admin\Controller\Body\BodyController.class.php 第 64 行.
NOTIC: [8] Undefined index: url D:\www\myysy\AdminApplication\Admin\Controller\Body\BodyController.class.php 第 163 行.
NOTIC: [8] Undefined index: url D:\www\myysy\AdminApplication\Admin\Controller\Body\BodyController.class.php 第 163 行.
SQL: SELECT * FROM `think_user`  [ RunTime:0.0010s ]
INFO: [ view_parse ] --START--
INFO: [ template_filter ] --START--
INFO: Run Behavior\ContentReplaceBehavior [ RunTime:0.000000s ]
INFO: [ template_filter ] --END-- [ RunTime:0.000000s ]
INFO: Run Behavior\ParseTemplateBehavior [ RunTime:0.009001s ]
INFO: [ view_parse ] --END-- [ RunTime:0.009001s ]
INFO: [ view_filter ] --START--
INFO: Run Behavior\WriteHtmlCacheBehavior [ RunTime:0.001000s ]
INFO: [ view_filter ] --END-- [ RunTime:0.001000s ]
INFO: [ app_end ] --START--
INFO: Run Behavior\ShowPageTraceBehavior [ RunTime:0.001000s ]
INFO: [ app_end ] --END-- [ RunTime:0.001000s ]

[ 2016-10-29T22:45:52+08:00 ] 127.0.0.1 /myysy/admin.php/Rbac/Rbac/actionOperationUser.html
INFO: [ app_init ] --START--
INFO: Run Behavior\BuildLiteBehavior [ RunTime:0.000000s ]
INFO: [ app_init ] --END-- [ RunTime:0.000000s ]
INFO: [ app_begin ] --START--
INFO: Run Behavior\ReadHtmlCacheBehavior [ RunTime:0.001000s ]
INFO: [ app_begin ] --END-- [ RunTime:0.001000s ]
SQL: SHOW COLUMNS FROM `think_user` [ RunTime:0.0060s ]
SQL: SELECT u.username as username,ru.user_id,ru.role_id,r.name as role_name,a.node_id,n.name as node_name,n.title as node_title,n.pid,n.level FROM think_user u INNER JOIN think_role_user AS ru ON ru.user_id = u.id INNER JOIN think_role AS r ON r.id = ru.role_id INNER JOIN think_access AS a ON a.role_id = r.id INNER JOIN think_node AS n ON a.node_id = n.id  WHERE ( ru.user_id = 1 )  [ RunTime:0.0010s ]
NOTIC: [8] Undefined index: url D:\www\myysy\AdminApplication\Admin\Controller\Body\BodyController.class.php 第 64 行.
NOTIC: [8] Undefined index: url D:\www\myysy\AdminApplication\Admin\Controller\Body\BodyController.class.php 第 64 行.
NOTIC: [8] Undefined index: url D:\www\myysy\AdminApplication\Admin\Controller\Body\BodyController.class.php 第 64 行.
NOTIC: [8] Undefined index: url D:\www\myysy\AdminApplication\Admin\Controller\Body\BodyController.class.php 第 64 行.
NOTIC: [8] Undefined index: url D:\www\myysy\AdminApplication\Admin\Controller\Body\BodyController.class.php 第 64 行.
NOTIC: [8] Undefined index: url D:\www\myysy\AdminApplication\Admin\Controller\Body\BodyController.class.php 第 64 行.
NOTIC: [8] Undefined index: url D:\www\myysy\AdminApplication\Admin\Controller\Body\BodyController.class.php 第 64 行.
NOTIC: [8] Undefined index: url D:\www\myysy\AdminApplication\Admin\Controller\Body\BodyController.class.php 第 64 行.
NOTIC: [8] Undefined index: url D:\www\myysy\AdminApplication\Admin\Controller\Body\BodyController.class.php 第 163 行.
NOTIC: [8] Undefined index: url D:\www\myysy\AdminApplication\Admin\Controller\Body\BodyController.class.php 第 163 行.
SQL: SELECT * FROM `think_user`  [ RunTime:0.0010s ]
INFO: [ view_parse ] --START--
INFO: [ template_filter ] --START--
INFO: Run Behavior\ContentReplaceBehavior [ RunTime:0.000000s ]
INFO: [ template_filter ] --END-- [ RunTime:0.000000s ]
INFO: Run Behavior\ParseTemplateBehavior [ RunTime:0.008001s ]
INFO: [ view_parse ] --END-- [ RunTime:0.009001s ]
INFO: [ view_filter ] --START--
INFO: Run Behavior\WriteHtmlCacheBehavior [ RunTime:0.000000s ]
INFO: [ view_filter ] --END-- [ RunTime:0.000000s ]
INFO: [ app_end ] --START--
INFO: Run Behavior\ShowPageTraceBehavior [ RunTime:0.001000s ]
INFO: [ app_end ] --END-- [ RunTime:0.001000s ]

[ 2016-10-29T22:52:48+08:00 ] 127.0.0.1 /myysy/admin.php/Rbac/Rbac/actionOperationUser.html
INFO: [ app_init ] --START--
INFO: Run Behavior\BuildLiteBehavior [ RunTime:0.000000s ]
INFO: [ app_init ] --END-- [ RunTime:0.001000s ]
INFO: [ app_begin ] --START--
INFO: Run Behavior\ReadHtmlCacheBehavior [ RunTime:0.001000s ]
INFO: [ app_begin ] --END-- [ RunTime:0.001000s ]
SQL: SHOW COLUMNS FROM `think_user` [ RunTime:0.0060s ]
SQL: SELECT u.username as username,ru.user_id,ru.role_id,r.name as role_name,a.node_id,n.name as node_name,n.title as node_title,n.pid,n.level FROM think_user u INNER JOIN think_role_user AS ru ON ru.user_id = u.id INNER JOIN think_role AS r ON r.id = ru.role_id INNER JOIN think_access AS a ON a.role_id = r.id INNER JOIN think_node AS n ON a.node_id = n.id  WHERE ( ru.user_id = 1 )  [ RunTime:0.0030s ]
NOTIC: [8] Undefined index: url D:\www\myysy\AdminApplication\Admin\Controller\Body\BodyController.class.php 第 64 行.
NOTIC: [8] Undefined index: url D:\www\myysy\AdminApplication\Admin\Controller\Body\BodyController.class.php 第 64 行.
NOTIC: [8] Undefined index: url D:\www\myysy\AdminApplication\Admin\Controller\Body\BodyController.class.php 第 64 行.
NOTIC: [8] Undefined index: url D:\www\myysy\AdminApplication\Admin\Controller\Body\BodyController.class.php 第 64 行.
NOTIC: [8] Undefined index: url D:\www\myysy\AdminApplication\Admin\Controller\Body\BodyController.class.php 第 64 行.
NOTIC: [8] Undefined index: url D:\www\myysy\AdminApplication\Admin\Controller\Body\BodyController.class.php 第 64 行.
NOTIC: [8] Undefined index: url D:\www\myysy\AdminApplication\Admin\Controller\Body\BodyController.class.php 第 64 行.
NOTIC: [8] Undefined index: url D:\www\myysy\AdminApplication\Admin\Controller\Body\BodyController.class.php 第 64 行.
NOTIC: [8] Undefined index: url D:\www\myysy\AdminApplication\Admin\Controller\Body\BodyController.class.php 第 163 行.
NOTIC: [8] Undefined index: url D:\www\myysy\AdminApplication\Admin\Controller\Body\BodyController.class.php 第 163 行.
SQL: SELECT * FROM `think_user`  [ RunTime:0.0000s ]
INFO: [ view_parse ] --START--
INFO: [ template_filter ] --START--
INFO: Run Behavior\ContentReplaceBehavior [ RunTime:0.000000s ]
INFO: [ template_filter ] --END-- [ RunTime:0.000000s ]
INFO: Run Behavior\ParseTemplateBehavior [ RunTime:0.010001s ]
INFO: [ view_parse ] --END-- [ RunTime:0.010001s ]
INFO: [ view_filter ] --START--
INFO: Run Behavior\WriteHtmlCacheBehavior [ RunTime:0.000000s ]
INFO: [ view_filter ] --END-- [ RunTime:0.000000s ]
INFO: [ app_end ] --START--
INFO: Run Behavior\ShowPageTraceBehavior [ RunTime:0.001000s ]
INFO: [ app_end ] --END-- [ RunTime:0.001000s ]

[ 2016-10-29T22:53:13+08:00 ] 127.0.0.1 /myysy/admin.php/Rbac/Rbac/actionOperationUser.html
INFO: [ app_init ] --START--
INFO: Run Behavior\BuildLiteBehavior [ RunTime:0.000000s ]
INFO: [ app_init ] --END-- [ RunTime:0.001000s ]
INFO: [ app_begin ] --START--
INFO: Run Behavior\ReadHtmlCacheBehavior [ RunTime:0.001000s ]
INFO: [ app_begin ] --END-- [ RunTime:0.001000s ]
SQL: SHOW COLUMNS FROM `think_user` [ RunTime:0.0050s ]
SQL: SELECT u.username as username,ru.user_id,ru.role_id,r.name as role_name,a.node_id,n.name as node_name,n.title as node_title,n.pid,n.level FROM think_user u INNER JOIN think_role_user AS ru ON ru.user_id = u.id INNER JOIN think_role AS r ON r.id = ru.role_id INNER JOIN think_access AS a ON a.role_id = r.id INNER JOIN think_node AS n ON a.node_id = n.id  WHERE ( ru.user_id = 1 )  [ RunTime:0.0010s ]
NOTIC: [8] Undefined index: url D:\www\myysy\AdminApplication\Admin\Controller\Body\BodyController.class.php 第 64 行.
NOTIC: [8] Undefined index: url D:\www\myysy\AdminApplication\Admin\Controller\Body\BodyController.class.php 第 64 行.
NOTIC: [8] Undefined index: url D:\www\myysy\AdminApplication\Admin\Controller\Body\BodyController.class.php 第 64 行.
NOTIC: [8] Undefined index: url D:\www\myysy\AdminApplication\Admin\Controller\Body\BodyController.class.php 第 64 行.
NOTIC: [8] Undefined index: url D:\www\myysy\AdminApplication\Admin\Controller\Body\BodyController.class.php 第 64 行.
NOTIC: [8] Undefined index: url D:\www\myysy\AdminApplication\Admin\Controller\Body\BodyController.class.php 第 64 行.
NOTIC: [8] Undefined index: url D:\www\myysy\AdminApplication\Admin\Controller\Body\BodyController.class.php 第 64 行.
NOTIC: [8] Undefined index: url D:\www\myysy\AdminApplication\Admin\Controller\Body\BodyController.class.php 第 64 行.
NOTIC: [8] Undefined index: url D:\www\myysy\AdminApplication\Admin\Controller\Body\BodyController.class.php 第 163 行.
NOTIC: [8] Undefined index: url D:\www\myysy\AdminApplication\Admin\Controller\Body\BodyController.class.php 第 163 行.
SQL: SELECT * FROM `think_user`  [ RunTime:0.0000s ]
INFO: [ view_parse ] --START--
INFO: [ template_filter ] --START--
INFO: Run Behavior\ContentReplaceBehavior [ RunTime:0.001000s ]
INFO: [ template_filter ] --END-- [ RunTime:0.001000s ]
INFO: Run Behavior\ParseTemplateBehavior [ RunTime:0.009000s ]
INFO: [ view_parse ] --END-- [ RunTime:0.010000s ]
INFO: [ view_filter ] --START--
INFO: Run Behavior\WriteHtmlCacheBehavior [ RunTime:0.000000s ]
INFO: [ view_filter ] --END-- [ RunTime:0.000000s ]
INFO: [ app_end ] --START--
INFO: Run Behavior\ShowPageTraceBehavior [ RunTime:0.000000s ]
INFO: [ app_end ] --END-- [ RunTime:0.000000s ]

[ 2016-10-29T22:53:41+08:00 ] 127.0.0.1 /myysy/admin.php/Rbac/Rbac/actionOperationUser.html
INFO: [ app_init ] --START--
INFO: Run Behavior\BuildLiteBehavior [ RunTime:0.000000s ]
INFO: [ app_init ] --END-- [ RunTime:0.000000s ]
INFO: [ app_begin ] --START--
INFO: Run Behavior\ReadHtmlCacheBehavior [ RunTime:0.000000s ]
INFO: [ app_begin ] --END-- [ RunTime:0.000000s ]
SQL: SHOW COLUMNS FROM `think_user` [ RunTime:0.0050s ]
SQL: SELECT u.username as username,ru.user_id,ru.role_id,r.name as role_name,a.node_id,n.name as node_name,n.title as node_title,n.pid,n.level FROM think_user u INNER JOIN think_role_user AS ru ON ru.user_id = u.id INNER JOIN think_role AS r ON r.id = ru.role_id INNER JOIN think_access AS a ON a.role_id = r.id INNER JOIN think_node AS n ON a.node_id = n.id  WHERE ( ru.user_id = 1 )  [ RunTime:0.0010s ]
NOTIC: [8] Undefined index: url D:\www\myysy\AdminApplication\Admin\Controller\Body\BodyController.class.php 第 64 行.
NOTIC: [8] Undefined index: url D:\www\myysy\AdminApplication\Admin\Controller\Body\BodyController.class.php 第 64 行.
NOTIC: [8] Undefined index: url D:\www\myysy\AdminApplication\Admin\Controller\Body\BodyController.class.php 第 64 行.
NOTIC: [8] Undefined index: url D:\www\myysy\AdminApplication\Admin\Controller\Body\BodyController.class.php 第 64 行.
NOTIC: [8] Undefined index: url D:\www\myysy\AdminApplication\Admin\Controller\Body\BodyController.class.php 第 64 行.
NOTIC: [8] Undefined index: url D:\www\myysy\AdminApplication\Admin\Controller\Body\BodyController.class.php 第 64 行.
NOTIC: [8] Undefined index: url D:\www\myysy\AdminApplication\Admin\Controller\Body\BodyController.class.php 第 64 行.
NOTIC: [8] Undefined index: url D:\www\myysy\AdminApplication\Admin\Controller\Body\BodyController.class.php 第 64 行.
NOTIC: [8] Undefined index: url D:\www\myysy\AdminApplication\Admin\Controller\Body\BodyController.class.php 第 163 行.
NOTIC: [8] Undefined index: url D:\www\myysy\AdminApplication\Admin\Controller\Body\BodyController.class.php 第 163 行.
SQL: SELECT * FROM `think_user`  [ RunTime:0.0000s ]
INFO: [ view_parse ] --START--
INFO: [ template_filter ] --START--
INFO: Run Behavior\ContentReplaceBehavior [ RunTime:0.000000s ]
INFO: [ template_filter ] --END-- [ RunTime:0.000000s ]
INFO: Run Behavior\ParseTemplateBehavior [ RunTime:0.007000s ]
INFO: [ view_parse ] --END-- [ RunTime:0.007000s ]
INFO: [ view_filter ] --START--
INFO: Run Behavior\WriteHtmlCacheBehavior [ RunTime:0.001000s ]
INFO: [ view_filter ] --END-- [ RunTime:0.001000s ]
INFO: [ app_end ] --START--
INFO: Run Behavior\ShowPageTraceBehavior [ RunTime:0.001000s ]
INFO: [ app_end ] --END-- [ RunTime:0.001000s ]

[ 2016-10-29T22:54:06+08:00 ] 127.0.0.1 /myysy/admin.php/Rbac/Rbac/actionOperationUser.html
INFO: [ app_init ] --START--
INFO: Run Behavior\BuildLiteBehavior [ RunTime:0.000000s ]
INFO: [ app_init ] --END-- [ RunTime:0.001000s ]
INFO: [ app_begin ] --START--
INFO: Run Behavior\ReadHtmlCacheBehavior [ RunTime:0.001000s ]
INFO: [ app_begin ] --END-- [ RunTime:0.001000s ]
SQL: SHOW COLUMNS FROM `think_user` [ RunTime:0.0050s ]
SQL: SELECT u.username as username,ru.user_id,ru.role_id,r.name as role_name,a.node_id,n.name as node_name,n.title as node_title,n.pid,n.level FROM think_user u INNER JOIN think_role_user AS ru ON ru.user_id = u.id INNER JOIN think_role AS r ON r.id = ru.role_id INNER JOIN think_access AS a ON a.role_id = r.id INNER JOIN think_node AS n ON a.node_id = n.id  WHERE ( ru.user_id = 1 )  [ RunTime:0.0010s ]
NOTIC: [8] Undefined index: url D:\www\myysy\AdminApplication\Admin\Controller\Body\BodyController.class.php 第 64 行.
NOTIC: [8] Undefined index: url D:\www\myysy\AdminApplication\Admin\Controller\Body\BodyController.class.php 第 64 行.
NOTIC: [8] Undefined index: url D:\www\myysy\AdminApplication\Admin\Controller\Body\BodyController.class.php 第 64 行.
NOTIC: [8] Undefined index: url D:\www\myysy\AdminApplication\Admin\Controller\Body\BodyController.class.php 第 64 行.
NOTIC: [8] Undefined index: url D:\www\myysy\AdminApplication\Admin\Controller\Body\BodyController.class.php 第 64 行.
NOTIC: [8] Undefined index: url D:\www\myysy\AdminApplication\Admin\Controller\Body\BodyController.class.php 第 64 行.
NOTIC: [8] Undefined index: url D:\www\myysy\AdminApplication\Admin\Controller\Body\BodyController.class.php 第 64 行.
NOTIC: [8] Undefined index: url D:\www\myysy\AdminApplication\Admin\Controller\Body\BodyController.class.php 第 64 行.
NOTIC: [8] Undefined index: url D:\www\myysy\AdminApplication\Admin\Controller\Body\BodyController.class.php 第 163 行.
NOTIC: [8] Undefined index: url D:\www\myysy\AdminApplication\Admin\Controller\Body\BodyController.class.php 第 163 行.
SQL: SELECT * FROM `think_user`  [ RunTime:0.0000s ]
INFO: [ view_parse ] --START--
INFO: [ template_filter ] --START--
INFO: Run Behavior\ContentReplaceBehavior [ RunTime:0.000000s ]
INFO: [ template_filter ] --END-- [ RunTime:0.000000s ]
INFO: Run Behavior\ParseTemplateBehavior [ RunTime:0.009001s ]
INFO: [ view_parse ] --END-- [ RunTime:0.009001s ]
INFO: [ view_filter ] --START--
INFO: Run Behavior\WriteHtmlCacheBehavior [ RunTime:0.000000s ]
INFO: [ view_filter ] --END-- [ RunTime:0.000000s ]
INFO: [ app_end ] --START--
INFO: Run Behavior\ShowPageTraceBehavior [ RunTime:0.001000s ]
INFO: [ app_end ] --END-- [ RunTime:0.001000s ]

[ 2016-10-29T22:54:30+08:00 ] 127.0.0.1 /myysy/admin.php/Rbac/Rbac/actionOperationUser.html
INFO: [ app_init ] --START--
INFO: Run Behavior\BuildLiteBehavior [ RunTime:0.000000s ]
INFO: [ app_init ] --END-- [ RunTime:0.001000s ]
INFO: [ app_begin ] --START--
INFO: Run Behavior\ReadHtmlCacheBehavior [ RunTime:0.000000s ]
INFO: [ app_begin ] --END-- [ RunTime:0.000000s ]
SQL: SHOW COLUMNS FROM `think_user` [ RunTime:0.0070s ]
SQL: SELECT u.username as username,ru.user_id,ru.role_id,r.name as role_name,a.node_id,n.name as node_name,n.title as node_title,n.pid,n.level FROM think_user u INNER JOIN think_role_user AS ru ON ru.user_id = u.id INNER JOIN think_role AS r ON r.id = ru.role_id INNER JOIN think_access AS a ON a.role_id = r.id INNER JOIN think_node AS n ON a.node_id = n.id  WHERE ( ru.user_id = 1 )  [ RunTime:0.0020s ]
NOTIC: [8] Undefined index: url D:\www\myysy\AdminApplication\Admin\Controller\Body\BodyController.class.php 第 64 行.
NOTIC: [8] Undefined index: url D:\www\myysy\AdminApplication\Admin\Controller\Body\BodyController.class.php 第 64 行.
NOTIC: [8] Undefined index: url D:\www\myysy\AdminApplication\Admin\Controller\Body\BodyController.class.php 第 64 行.
NOTIC: [8] Undefined index: url D:\www\myysy\AdminApplication\Admin\Controller\Body\BodyController.class.php 第 64 行.
NOTIC: [8] Undefined index: url D:\www\myysy\AdminApplication\Admin\Controller\Body\BodyController.class.php 第 64 行.
NOTIC: [8] Undefined index: url D:\www\myysy\AdminApplication\Admin\Controller\Body\BodyController.class.php 第 64 行.
NOTIC: [8] Undefined index: url D:\www\myysy\AdminApplication\Admin\Controller\Body\BodyController.class.php 第 64 行.
NOTIC: [8] Undefined index: url D:\www\myysy\AdminApplication\Admin\Controller\Body\BodyController.class.php 第 64 行.
NOTIC: [8] Undefined index: url D:\www\myysy\AdminApplication\Admin\Controller\Body\BodyController.class.php 第 163 行.
NOTIC: [8] Undefined index: url D:\www\myysy\AdminApplication\Admin\Controller\Body\BodyController.class.php 第 163 行.
SQL: SELECT * FROM `think_user`  [ RunTime:0.0000s ]
INFO: [ view_parse ] --START--
INFO: [ template_filter ] --START--
INFO: Run Behavior\ContentReplaceBehavior [ RunTime:0.000000s ]
INFO: [ template_filter ] --END-- [ RunTime:0.000000s ]
INFO: Run Behavior\ParseTemplateBehavior [ RunTime:0.010001s ]
INFO: [ view_parse ] --END-- [ RunTime:0.010001s ]
INFO: [ view_filter ] --START--
INFO: Run Behavior\WriteHtmlCacheBehavior [ RunTime:0.000000s ]
INFO: [ view_filter ] --END-- [ RunTime:0.000000s ]
INFO: [ app_end ] --START--
INFO: Run Behavior\ShowPageTraceBehavior [ RunTime:0.001000s ]
INFO: [ app_end ] --END-- [ RunTime:0.001000s ]

[ 2016-10-29T22:54:32+08:00 ] 127.0.0.1 /myysy/admin.php/Rbac/Rbac/actionOperationUser.html
INFO: [ app_init ] --START--
INFO: Run Behavior\BuildLiteBehavior [ RunTime:0.000000s ]
INFO: [ app_init ] --END-- [ RunTime:0.001000s ]
INFO: [ app_begin ] --START--
INFO: Run Behavior\ReadHtmlCacheBehavior [ RunTime:0.001000s ]
INFO: [ app_begin ] --END-- [ RunTime:0.001000s ]
SQL: SHOW COLUMNS FROM `think_user` [ RunTime:0.0050s ]
SQL: SELECT u.username as username,ru.user_id,ru.role_id,r.name as role_name,a.node_id,n.name as node_name,n.title as node_title,n.pid,n.level FROM think_user u INNER JOIN think_role_user AS ru ON ru.user_id = u.id INNER JOIN think_role AS r ON r.id = ru.role_id INNER JOIN think_access AS a ON a.role_id = r.id INNER JOIN think_node AS n ON a.node_id = n.id  WHERE ( ru.user_id = 1 )  [ RunTime:0.0010s ]
NOTIC: [8] Undefined index: url D:\www\myysy\AdminApplication\Admin\Controller\Body\BodyController.class.php 第 64 行.
NOTIC: [8] Undefined index: url D:\www\myysy\AdminApplication\Admin\Controller\Body\BodyController.class.php 第 64 行.
NOTIC: [8] Undefined index: url D:\www\myysy\AdminApplication\Admin\Controller\Body\BodyController.class.php 第 64 行.
NOTIC: [8] Undefined index: url D:\www\myysy\AdminApplication\Admin\Controller\Body\BodyController.class.php 第 64 行.
NOTIC: [8] Undefined index: url D:\www\myysy\AdminApplication\Admin\Controller\Body\BodyController.class.php 第 64 行.
NOTIC: [8] Undefined index: url D:\www\myysy\AdminApplication\Admin\Controller\Body\BodyController.class.php 第 64 行.
NOTIC: [8] Undefined index: url D:\www\myysy\AdminApplication\Admin\Controller\Body\BodyController.class.php 第 64 行.
NOTIC: [8] Undefined index: url D:\www\myysy\AdminApplication\Admin\Controller\Body\BodyController.class.php 第 64 行.
NOTIC: [8] Undefined index: url D:\www\myysy\AdminApplication\Admin\Controller\Body\BodyController.class.php 第 163 行.
NOTIC: [8] Undefined index: url D:\www\myysy\AdminApplication\Admin\Controller\Body\BodyController.class.php 第 163 行.
SQL: SELECT * FROM `think_user`  [ RunTime:0.0000s ]
INFO: [ view_parse ] --START--
INFO: [ template_filter ] --START--
INFO: Run Behavior\ContentReplaceBehavior [ RunTime:0.000000s ]
INFO: [ template_filter ] --END-- [ RunTime:0.000000s ]
INFO: Run Behavior\ParseTemplateBehavior [ RunTime:0.008001s ]
INFO: [ view_parse ] --END-- [ RunTime:0.008001s ]
INFO: [ view_filter ] --START--
INFO: Run Behavior\WriteHtmlCacheBehavior [ RunTime:0.000000s ]
INFO: [ view_filter ] --END-- [ RunTime:0.000000s ]
INFO: [ app_end ] --START--
INFO: Run Behavior\ShowPageTraceBehavior [ RunTime:0.000000s ]
INFO: [ app_end ] --END-- [ RunTime:0.000000s ]

[ 2016-10-29T22:55:04+08:00 ] 127.0.0.1 /myysy/admin.php/Rbac/Rbac/actionOperationUser.html
INFO: [ app_init ] --START--
INFO: Run Behavior\BuildLiteBehavior [ RunTime:0.000000s ]
INFO: [ app_init ] --END-- [ RunTime:0.001000s ]
INFO: [ app_begin ] --START--
INFO: Run Behavior\ReadHtmlCacheBehavior [ RunTime:0.000000s ]
INFO: [ app_begin ] --END-- [ RunTime:0.000000s ]
SQL: SHOW COLUMNS FROM `think_user` [ RunTime:0.0050s ]
SQL: SELECT u.username as username,ru.user_id,ru.role_id,r.name as role_name,a.node_id,n.name as node_name,n.title as node_title,n.pid,n.level FROM think_user u INNER JOIN think_role_user AS ru ON ru.user_id = u.id INNER JOIN think_role AS r ON r.id = ru.role_id INNER JOIN think_access AS a ON a.role_id = r.id INNER JOIN think_node AS n ON a.node_id = n.id  WHERE ( ru.user_id = 1 )  [ RunTime:0.0010s ]
NOTIC: [8] Undefined index: url D:\www\myysy\AdminApplication\Admin\Controller\Body\BodyController.class.php 第 64 行.
NOTIC: [8] Undefined index: url D:\www\myysy\AdminApplication\Admin\Controller\Body\BodyController.class.php 第 64 行.
NOTIC: [8] Undefined index: url D:\www\myysy\AdminApplication\Admin\Controller\Body\BodyController.class.php 第 64 行.
NOTIC: [8] Undefined index: url D:\www\myysy\AdminApplication\Admin\Controller\Body\BodyController.class.php 第 64 行.
NOTIC: [8] Undefined index: url D:\www\myysy\AdminApplication\Admin\Controller\Body\BodyController.class.php 第 64 行.
NOTIC: [8] Undefined index: url D:\www\myysy\AdminApplication\Admin\Controller\Body\BodyController.class.php 第 64 行.
NOTIC: [8] Undefined index: url D:\www\myysy\AdminApplication\Admin\Controller\Body\BodyController.class.php 第 64 行.
NOTIC: [8] Undefined index: url D:\www\myysy\AdminApplication\Admin\Controller\Body\BodyController.class.php 第 64 行.
NOTIC: [8] Undefined index: url D:\www\myysy\AdminApplication\Admin\Controller\Body\BodyController.class.php 第 163 行.
NOTIC: [8] Undefined index: url D:\www\myysy\AdminApplication\Admin\Controller\Body\BodyController.class.php 第 163 行.
SQL: SELECT * FROM `think_user`  [ RunTime:0.0010s ]
INFO: [ view_parse ] --START--
INFO: [ template_filter ] --START--
INFO: Run Behavior\ContentReplaceBehavior [ RunTime:0.000000s ]
INFO: [ template_filter ] --END-- [ RunTime:0.000000s ]
INFO: Run Behavior\ParseTemplateBehavior [ RunTime:0.009001s ]
INFO: [ view_parse ] --END-- [ RunTime:0.009001s ]
INFO: [ view_filter ] --START--
INFO: Run Behavior\WriteHtmlCacheBehavior [ RunTime:0.001000s ]
INFO: [ view_filter ] --END-- [ RunTime:0.001000s ]
INFO: [ app_end ] --START--
INFO: Run Behavior\ShowPageTraceBehavior [ RunTime:0.001000s ]
INFO: [ app_end ] --END-- [ RunTime:0.001000s ]

[ 2016-10-29T22:55:05+08:00 ] 127.0.0.1 /myysy/admin.php/Rbac/Rbac/actionOperationUser.html
INFO: [ app_init ] --START--
INFO: Run Behavior\BuildLiteBehavior [ RunTime:0.000000s ]
INFO: [ app_init ] --END-- [ RunTime:0.000000s ]
INFO: [ app_begin ] --START--
INFO: Run Behavior\ReadHtmlCacheBehavior [ RunTime:0.001000s ]
INFO: [ app_begin ] --END-- [ RunTime:0.001000s ]
SQL: SHOW COLUMNS FROM `think_user` [ RunTime:0.0050s ]
SQL: SELECT u.username as username,ru.user_id,ru.role_id,r.name as role_name,a.node_id,n.name as node_name,n.title as node_title,n.pid,n.level FROM think_user u INNER JOIN think_role_user AS ru ON ru.user_id = u.id INNER JOIN think_role AS r ON r.id = ru.role_id INNER JOIN think_access AS a ON a.role_id = r.id INNER JOIN think_node AS n ON a.node_id = n.id  WHERE ( ru.user_id = 1 )  [ RunTime:0.0020s ]
NOTIC: [8] Undefined index: url D:\www\myysy\AdminApplication\Admin\Controller\Body\BodyController.class.php 第 64 行.
NOTIC: [8] Undefined index: url D:\www\myysy\AdminApplication\Admin\Controller\Body\BodyController.class.php 第 64 行.
NOTIC: [8] Undefined index: url D:\www\myysy\AdminApplication\Admin\Controller\Body\BodyController.class.php 第 64 行.
NOTIC: [8] Undefined index: url D:\www\myysy\AdminApplication\Admin\Controller\Body\BodyController.class.php 第 64 行.
NOTIC: [8] Undefined index: url D:\www\myysy\AdminApplication\Admin\Controller\Body\BodyController.class.php 第 64 行.
NOTIC: [8] Undefined index: url D:\www\myysy\AdminApplication\Admin\Controller\Body\BodyController.class.php 第 64 行.
NOTIC: [8] Undefined index: url D:\www\myysy\AdminApplication\Admin\Controller\Body\BodyController.class.php 第 64 行.
NOTIC: [8] Undefined index: url D:\www\myysy\AdminApplication\Admin\Controller\Body\BodyController.class.php 第 64 行.
NOTIC: [8] Undefined index: url D:\www\myysy\AdminApplication\Admin\Controller\Body\BodyController.class.php 第 163 行.
NOTIC: [8] Undefined index: url D:\www\myysy\AdminApplication\Admin\Controller\Body\BodyController.class.php 第 163 行.
SQL: SELECT * FROM `think_user`  [ RunTime:0.0000s ]
INFO: [ view_parse ] --START--
INFO: [ template_filter ] --START--
INFO: Run Behavior\ContentReplaceBehavior [ RunTime:0.000000s ]
INFO: [ template_filter ] --END-- [ RunTime:0.000000s ]
INFO: Run Behavior\ParseTemplateBehavior [ RunTime:0.009000s ]
INFO: [ view_parse ] --END-- [ RunTime:0.010000s ]
INFO: [ view_filter ] --START--
INFO: Run Behavior\WriteHtmlCacheBehavior [ RunTime:0.000000s ]
INFO: [ view_filter ] --END-- [ RunTime:0.000000s ]
INFO: [ app_end ] --START--
INFO: Run Behavior\ShowPageTraceBehavior [ RunTime:0.000000s ]
INFO: [ app_end ] --END-- [ RunTime:0.001000s ]

[ 2016-10-29T22:55:05+08:00 ] 127.0.0.1 /myysy/admin.php/Rbac/Rbac/actionOperationUser.html
INFO: [ app_init ] --START--
INFO: Run Behavior\BuildLiteBehavior [ RunTime:0.000000s ]
INFO: [ app_init ] --END-- [ RunTime:0.001001s ]
INFO: [ app_begin ] --START--
INFO: Run Behavior\ReadHtmlCacheBehavior [ RunTime:0.000000s ]
INFO: [ app_begin ] --END-- [ RunTime:0.000000s ]
SQL: SHOW COLUMNS FROM `think_user` [ RunTime:0.0060s ]
SQL: SELECT u.username as username,ru.user_id,ru.role_id,r.name as role_name,a.node_id,n.name as node_name,n.title as node_title,n.pid,n.level FROM think_user u INNER JOIN think_role_user AS ru ON ru.user_id = u.id INNER JOIN think_role AS r ON r.id = ru.role_id INNER JOIN think_access AS a ON a.role_id = r.id INNER JOIN think_node AS n ON a.node_id = n.id  WHERE ( ru.user_id = 1 )  [ RunTime:0.0010s ]
NOTIC: [8] Undefined index: url D:\www\myysy\AdminApplication\Admin\Controller\Body\BodyController.class.php 第 64 行.
NOTIC: [8] Undefined index: url D:\www\myysy\AdminApplication\Admin\Controller\Body\BodyController.class.php 第 64 行.
NOTIC: [8] Undefined index: url D:\www\myysy\AdminApplication\Admin\Controller\Body\BodyController.class.php 第 64 行.
NOTIC: [8] Undefined index: url D:\www\myysy\AdminApplication\Admin\Controller\Body\BodyController.class.php 第 64 行.
NOTIC: [8] Undefined index: url D:\www\myysy\AdminApplication\Admin\Controller\Body\BodyController.class.php 第 64 行.
NOTIC: [8] Undefined index: url D:\www\myysy\AdminApplication\Admin\Controller\Body\BodyController.class.php 第 64 行.
NOTIC: [8] Undefined index: url D:\www\myysy\AdminApplication\Admin\Controller\Body\BodyController.class.php 第 64 行.
NOTIC: [8] Undefined index: url D:\www\myysy\AdminApplication\Admin\Controller\Body\BodyController.class.php 第 64 行.
NOTIC: [8] Undefined index: url D:\www\myysy\AdminApplication\Admin\Controller\Body\BodyController.class.php 第 163 行.
NOTIC: [8] Undefined index: url D:\www\myysy\AdminApplication\Admin\Controller\Body\BodyController.class.php 第 163 行.
SQL: SELECT * FROM `think_user`  [ RunTime:0.0010s ]
INFO: [ view_parse ] --START--
INFO: [ template_filter ] --START--
INFO: Run Behavior\ContentReplaceBehavior [ RunTime:0.000000s ]
INFO: [ template_filter ] --END-- [ RunTime:0.000000s ]
INFO: Run Behavior\ParseTemplateBehavior [ RunTime:0.008001s ]
INFO: [ view_parse ] --END-- [ RunTime:0.008001s ]
INFO: [ view_filter ] --START--
INFO: Run Behavior\WriteHtmlCacheBehavior [ RunTime:0.000000s ]
INFO: [ view_filter ] --END-- [ RunTime:0.000000s ]
INFO: [ app_end ] --START--
INFO: Run Behavior\ShowPageTraceBehavior [ RunTime:0.000000s ]
INFO: [ app_end ] --END-- [ RunTime:0.000000s ]

[ 2016-10-29T22:55:05+08:00 ] 127.0.0.1 /myysy/admin.php/Rbac/Rbac/actionOperationUser.html
INFO: [ app_init ] --START--
INFO: Run Behavior\BuildLiteBehavior [ RunTime:0.000000s ]
INFO: [ app_init ] --END-- [ RunTime:0.001000s ]
INFO: [ app_begin ] --START--
INFO: Run Behavior\ReadHtmlCacheBehavior [ RunTime:0.000000s ]
INFO: [ app_begin ] --END-- [ RunTime:0.000000s ]
SQL: SHOW COLUMNS FROM `think_user` [ RunTime:0.0060s ]
SQL: SELECT u.username as username,ru.user_id,ru.role_id,r.name as role_name,a.node_id,n.name as node_name,n.title as node_title,n.pid,n.level FROM think_user u INNER JOIN think_role_user AS ru ON ru.user_id = u.id INNER JOIN think_role AS r ON r.id = ru.role_id INNER JOIN think_access AS a ON a.role_id = r.id INNER JOIN think_node AS n ON a.node_id = n.id  WHERE ( ru.user_id = 1 )  [ RunTime:0.0010s ]
NOTIC: [8] Undefined index: url D:\www\myysy\AdminApplication\Admin\Controller\Body\BodyController.class.php 第 64 行.
NOTIC: [8] Undefined index: url D:\www\myysy\AdminApplication\Admin\Controller\Body\BodyController.class.php 第 64 行.
NOTIC: [8] Undefined index: url D:\www\myysy\AdminApplication\Admin\Controller\Body\BodyController.class.php 第 64 行.
NOTIC: [8] Undefined index: url D:\www\myysy\AdminApplication\Admin\Controller\Body\BodyController.class.php 第 64 行.
NOTIC: [8] Undefined index: url D:\www\myysy\AdminApplication\Admin\Controller\Body\BodyController.class.php 第 64 行.
NOTIC: [8] Undefined index: url D:\www\myysy\AdminApplication\Admin\Controller\Body\BodyController.class.php 第 64 行.
NOTIC: [8] Undefined index: url D:\www\myysy\AdminApplication\Admin\Controller\Body\BodyController.class.php 第 64 行.
NOTIC: [8] Undefined index: url D:\www\myysy\AdminApplication\Admin\Controller\Body\BodyController.class.php 第 64 行.
NOTIC: [8] Undefined index: url D:\www\myysy\AdminApplication\Admin\Controller\Body\BodyController.class.php 第 163 行.
NOTIC: [8] Undefined index: url D:\www\myysy\AdminApplication\Admin\Controller\Body\BodyController.class.php 第 163 行.
SQL: SELECT * FROM `think_user`  [ RunTime:0.0000s ]
INFO: [ view_parse ] --START--
INFO: [ template_filter ] --START--
INFO: Run Behavior\ContentReplaceBehavior [ RunTime:0.000000s ]
INFO: [ template_filter ] --END-- [ RunTime:0.000000s ]
INFO: Run Behavior\ParseTemplateBehavior [ RunTime:0.008000s ]
INFO: [ view_parse ] --END-- [ RunTime:0.008000s ]
INFO: [ view_filter ] --START--
INFO: Run Behavior\WriteHtmlCacheBehavior [ RunTime:0.000000s ]
INFO: [ view_filter ] --END-- [ RunTime:0.000000s ]
INFO: [ app_end ] --START--
INFO: Run Behavior\ShowPageTraceBehavior [ RunTime:0.001000s ]
INFO: [ app_end ] --END-- [ RunTime:0.001000s ]

[ 2016-10-29T22:55:05+08:00 ] 127.0.0.1 /myysy/admin.php/Rbac/Rbac/actionOperationUser.html
INFO: [ app_init ] --START--
INFO: Run Behavior\BuildLiteBehavior [ RunTime:0.000000s ]
INFO: [ app_init ] --END-- [ RunTime:0.000000s ]
INFO: [ app_begin ] --START--
INFO: Run Behavior\ReadHtmlCacheBehavior [ RunTime:0.003000s ]
INFO: [ app_begin ] --END-- [ RunTime:0.003000s ]
SQL: SHOW COLUMNS FROM `think_user` [ RunTime:0.0090s ]
SQL: SELECT u.username as username,ru.user_id,ru.role_id,r.name as role_name,a.node_id,n.name as node_name,n.title as node_title,n.pid,n.level FROM think_user u INNER JOIN think_role_user AS ru ON ru.user_id = u.id INNER JOIN think_role AS r ON r.id = ru.role_id INNER JOIN think_access AS a ON a.role_id = r.id INNER JOIN think_node AS n ON a.node_id = n.id  WHERE ( ru.user_id = 1 )  [ RunTime:0.0010s ]
NOTIC: [8] Undefined index: url D:\www\myysy\AdminApplication\Admin\Controller\Body\BodyController.class.php 第 64 行.
NOTIC: [8] Undefined index: url D:\www\myysy\AdminApplication\Admin\Controller\Body\BodyController.class.php 第 64 行.
NOTIC: [8] Undefined index: url D:\www\myysy\AdminApplication\Admin\Controller\Body\BodyController.class.php 第 64 行.
NOTIC: [8] Undefined index: url D:\www\myysy\AdminApplication\Admin\Controller\Body\BodyController.class.php 第 64 行.
NOTIC: [8] Undefined index: url D:\www\myysy\AdminApplication\Admin\Controller\Body\BodyController.class.php 第 64 行.
NOTIC: [8] Undefined index: url D:\www\myysy\AdminApplication\Admin\Controller\Body\BodyController.class.php 第 64 行.
NOTIC: [8] Undefined index: url D:\www\myysy\AdminApplication\Admin\Controller\Body\BodyController.class.php 第 64 行.
NOTIC: [8] Undefined index: url D:\www\myysy\AdminApplication\Admin\Controller\Body\BodyController.class.php 第 64 行.
NOTIC: [8] Undefined index: url D:\www\myysy\AdminApplication\Admin\Controller\Body\BodyController.class.php 第 163 行.
NOTIC: [8] Undefined index: url D:\www\myysy\AdminApplication\Admin\Controller\Body\BodyController.class.php 第 163 行.
SQL: SELECT * FROM `think_user`  [ RunTime:0.0000s ]
INFO: [ view_parse ] --START--
INFO: [ template_filter ] --START--
INFO: Run Behavior\ContentReplaceBehavior [ RunTime:0.000000s ]
INFO: [ template_filter ] --END-- [ RunTime:0.000000s ]
INFO: Run Behavior\ParseTemplateBehavior [ RunTime:0.012001s ]
INFO: [ view_parse ] --END-- [ RunTime:0.012001s ]
INFO: [ view_filter ] --START--
INFO: Run Behavior\WriteHtmlCacheBehavior [ RunTime:0.001000s ]
INFO: [ view_filter ] --END-- [ RunTime:0.001000s ]
INFO: [ app_end ] --START--
INFO: Run Behavior\ShowPageTraceBehavior [ RunTime:0.002000s ]
INFO: [ app_end ] --END-- [ RunTime:0.002000s ]

[ 2016-10-29T23:18:14+08:00 ] 127.0.0.1 /myysy/admin.php/Rbac/Rbac/actionOperationUser.html
INFO: [ app_init ] --START--
INFO: Run Behavior\BuildLiteBehavior [ RunTime:0.000000s ]
INFO: [ app_init ] --END-- [ RunTime:0.002000s ]
INFO: [ app_begin ] --START--
INFO: Run Behavior\ReadHtmlCacheBehavior [ RunTime:0.001000s ]
INFO: [ app_begin ] --END-- [ RunTime:0.001000s ]
SQL: SHOW COLUMNS FROM `think_user` [ RunTime:0.0060s ]
SQL: SELECT u.username as username,ru.user_id,ru.role_id,r.name as role_name,a.node_id,n.name as node_name,n.title as node_title,n.pid,n.level FROM think_user u INNER JOIN think_role_user AS ru ON ru.user_id = u.id INNER JOIN think_role AS r ON r.id = ru.role_id INNER JOIN think_access AS a ON a.role_id = r.id INNER JOIN think_node AS n ON a.node_id = n.id  WHERE ( ru.user_id = 1 )  [ RunTime:0.0010s ]
NOTIC: [8] Undefined index: url D:\www\myysy\AdminApplication\Admin\Controller\Body\BodyController.class.php 第 64 行.
NOTIC: [8] Undefined index: url D:\www\myysy\AdminApplication\Admin\Controller\Body\BodyController.class.php 第 64 行.
NOTIC: [8] Undefined index: url D:\www\myysy\AdminApplication\Admin\Controller\Body\BodyController.class.php 第 64 行.
NOTIC: [8] Undefined index: url D:\www\myysy\AdminApplication\Admin\Controller\Body\BodyController.class.php 第 64 行.
NOTIC: [8] Undefined index: url D:\www\myysy\AdminApplication\Admin\Controller\Body\BodyController.class.php 第 64 行.
NOTIC: [8] Undefined index: url D:\www\myysy\AdminApplication\Admin\Controller\Body\BodyController.class.php 第 64 行.
NOTIC: [8] Undefined index: url D:\www\myysy\AdminApplication\Admin\Controller\Body\BodyController.class.php 第 64 行.
NOTIC: [8] Undefined index: url D:\www\myysy\AdminApplication\Admin\Controller\Body\BodyController.class.php 第 64 行.
NOTIC: [8] Undefined index: url D:\www\myysy\AdminApplication\Admin\Controller\Body\BodyController.class.php 第 163 行.
NOTIC: [8] Undefined index: url D:\www\myysy\AdminApplication\Admin\Controller\Body\BodyController.class.php 第 163 行.
SQL: SELECT * FROM `think_user`  [ RunTime:0.0000s ]
INFO: [ view_parse ] --START--
INFO: [ template_filter ] --START--
INFO: Run Behavior\ContentReplaceBehavior [ RunTime:0.000000s ]
INFO: [ template_filter ] --END-- [ RunTime:0.000000s ]
INFO: Run Behavior\ParseTemplateBehavior [ RunTime:0.012001s ]
INFO: [ view_parse ] --END-- [ RunTime:0.012001s ]
INFO: [ view_filter ] --START--
INFO: Run Behavior\WriteHtmlCacheBehavior [ RunTime:0.001000s ]
INFO: [ view_filter ] --END-- [ RunTime:0.001000s ]
INFO: [ app_end ] --START--
INFO: Run Behavior\ShowPageTraceBehavior [ RunTime:0.002000s ]
INFO: [ app_end ] --END-- [ RunTime:0.002000s ]

[ 2016-10-29T23:18:35+08:00 ] 127.0.0.1 /myysy/admin.php/Rbac/Rbac/actionOperationUser.html
INFO: [ app_init ] --START--
INFO: Run Behavior\BuildLiteBehavior [ RunTime:0.000000s ]
INFO: [ app_init ] --END-- [ RunTime:0.001000s ]
INFO: [ app_begin ] --START--
INFO: Run Behavior\ReadHtmlCacheBehavior [ RunTime:0.000000s ]
INFO: [ app_begin ] --END-- [ RunTime:0.000000s ]
SQL: SHOW COLUMNS FROM `think_user` [ RunTime:0.0060s ]
SQL: SELECT u.username as username,ru.user_id,ru.role_id,r.name as role_name,a.node_id,n.name as node_name,n.title as node_title,n.pid,n.level FROM think_user u INNER JOIN think_role_user AS ru ON ru.user_id = u.id INNER JOIN think_role AS r ON r.id = ru.role_id INNER JOIN think_access AS a ON a.role_id = r.id INNER JOIN think_node AS n ON a.node_id = n.id  WHERE ( ru.user_id = 1 )  [ RunTime:0.0010s ]
NOTIC: [8] Undefined index: url D:\www\myysy\AdminApplication\Admin\Controller\Body\BodyController.class.php 第 64 行.
NOTIC: [8] Undefined index: url D:\www\myysy\AdminApplication\Admin\Controller\Body\BodyController.class.php 第 64 行.
NOTIC: [8] Undefined index: url D:\www\myysy\AdminApplication\Admin\Controller\Body\BodyController.class.php 第 64 行.
NOTIC: [8] Undefined index: url D:\www\myysy\AdminApplication\Admin\Controller\Body\BodyController.class.php 第 64 行.
NOTIC: [8] Undefined index: url D:\www\myysy\AdminApplication\Admin\Controller\Body\BodyController.class.php 第 64 行.
NOTIC: [8] Undefined index: url D:\www\myysy\AdminApplication\Admin\Controller\Body\BodyController.class.php 第 64 行.
NOTIC: [8] Undefined index: url D:\www\myysy\AdminApplication\Admin\Controller\Body\BodyController.class.php 第 64 行.
NOTIC: [8] Undefined index: url D:\www\myysy\AdminApplication\Admin\Controller\Body\BodyController.class.php 第 64 行.
NOTIC: [8] Undefined index: url D:\www\myysy\AdminApplication\Admin\Controller\Body\BodyController.class.php 第 163 行.
NOTIC: [8] Undefined index: url D:\www\myysy\AdminApplication\Admin\Controller\Body\BodyController.class.php 第 163 行.
SQL: SELECT * FROM `think_user`  [ RunTime:0.0000s ]
INFO: [ view_parse ] --START--
INFO: [ template_filter ] --START--
INFO: Run Behavior\ContentReplaceBehavior [ RunTime:0.000000s ]
INFO: [ template_filter ] --END-- [ RunTime:0.000000s ]
INFO: Run Behavior\ParseTemplateBehavior [ RunTime:0.009001s ]
INFO: [ view_parse ] --END-- [ RunTime:0.010001s ]
INFO: [ view_filter ] --START--
INFO: Run Behavior\WriteHtmlCacheBehavior [ RunTime:0.000000s ]
INFO: [ view_filter ] --END-- [ RunTime:0.000000s ]
INFO: [ app_end ] --START--
INFO: Run Behavior\ShowPageTraceBehavior [ RunTime:0.001000s ]
INFO: [ app_end ] --END-- [ RunTime:0.001000s ]

[ 2016-10-29T23:18:36+08:00 ] 127.0.0.1 /myysy/admin.php/Rbac/Rbac/actionOperationUser.html
INFO: [ app_init ] --START--
INFO: Run Behavior\BuildLiteBehavior [ RunTime:0.000000s ]
INFO: [ app_init ] --END-- [ RunTime:0.001000s ]
INFO: [ app_begin ] --START--
INFO: Run Behavior\ReadHtmlCacheBehavior [ RunTime:0.000000s ]
INFO: [ app_begin ] --END-- [ RunTime:0.000000s ]
SQL: SHOW COLUMNS FROM `think_user` [ RunTime:0.0050s ]
SQL: SELECT u.username as username,ru.user_id,ru.role_id,r.name as role_name,a.node_id,n.name as node_name,n.title as node_title,n.pid,n.level FROM think_user u INNER JOIN think_role_user AS ru ON ru.user_id = u.id INNER JOIN think_role AS r ON r.id = ru.role_id INNER JOIN think_access AS a ON a.role_id = r.id INNER JOIN think_node AS n ON a.node_id = n.id  WHERE ( ru.user_id = 1 )  [ RunTime:0.0010s ]
NOTIC: [8] Undefined index: url D:\www\myysy\AdminApplication\Admin\Controller\Body\BodyController.class.php 第 64 行.
NOTIC: [8] Undefined index: url D:\www\myysy\AdminApplication\Admin\Controller\Body\BodyController.class.php 第 64 行.
NOTIC: [8] Undefined index: url D:\www\myysy\AdminApplication\Admin\Controller\Body\BodyController.class.php 第 64 行.
NOTIC: [8] Undefined index: url D:\www\myysy\AdminApplication\Admin\Controller\Body\BodyController.class.php 第 64 行.
NOTIC: [8] Undefined index: url D:\www\myysy\AdminApplication\Admin\Controller\Body\BodyController.class.php 第 64 行.
NOTIC: [8] Undefined index: url D:\www\myysy\AdminApplication\Admin\Controller\Body\BodyController.class.php 第 64 行.
NOTIC: [8] Undefined index: url D:\www\myysy\AdminApplication\Admin\Controller\Body\BodyController.class.php 第 64 行.
NOTIC: [8] Undefined index: url D:\www\myysy\AdminApplication\Admin\Controller\Body\BodyController.class.php 第 64 行.
NOTIC: [8] Undefined index: url D:\www\myysy\AdminApplication\Admin\Controller\Body\BodyController.class.php 第 163 行.
NOTIC: [8] Undefined index: url D:\www\myysy\AdminApplication\Admin\Controller\Body\BodyController.class.php 第 163 行.
SQL: SELECT * FROM `think_user`  [ RunTime:0.0010s ]
INFO: [ view_parse ] --START--
INFO: [ template_filter ] --START--
INFO: Run Behavior\ContentReplaceBehavior [ RunTime:0.000000s ]
INFO: [ template_filter ] --END-- [ RunTime:0.000000s ]
INFO: Run Behavior\ParseTemplateBehavior [ RunTime:0.009001s ]
INFO: [ view_parse ] --END-- [ RunTime:0.009001s ]
INFO: [ view_filter ] --START--
INFO: Run Behavior\WriteHtmlCacheBehavior [ RunTime:0.000000s ]
INFO: [ view_filter ] --END-- [ RunTime:0.000000s ]
INFO: [ app_end ] --START--
INFO: Run Behavior\ShowPageTraceBehavior [ RunTime:0.001000s ]
INFO: [ app_end ] --END-- [ RunTime:0.001000s ]

