[ 2017-03-12T19:02:25+08:00 ] 127.0.0.1 /myysy/admin.php/Login/Login/actionLogin.html
INFO: [ app_init ] --START--
INFO: Run Behavior\BuildLiteBehavior [ RunTime:0.000000s ]
INFO: [ app_init ] --END-- [ RunTime:0.021001s ]
INFO: [ app_begin ] --START--
INFO: Run Behavior\ReadHtmlCacheBehavior [ RunTime:0.001000s ]
INFO: [ app_begin ] --END-- [ RunTime:0.001000s ]
INFO: [ view_parse ] --START--
INFO: [ template_filter ] --START--
INFO: Run Behavior\ContentReplaceBehavior [ RunTime:0.109006s ]
INFO: [ template_filter ] --END-- [ RunTime:0.110006s ]
INFO: Run Behavior\ParseTemplateBehavior [ RunTime:0.326018s ]
INFO: [ view_parse ] --END-- [ RunTime:0.326018s ]
INFO: [ view_filter ] --START--
INFO: Run Behavior\WriteHtmlCacheBehavior [ RunTime:0.034002s ]
INFO: [ view_filter ] --END-- [ RunTime:0.034002s ]
INFO: [ app_end ] --START--
INFO: Run Behavior\ShowPageTraceBehavior [ RunTime:0.008001s ]
INFO: [ app_end ] --END-- [ RunTime:0.008001s ]

[ 2017-03-12T19:02:29+08:00 ] 127.0.0.1 /myysy/admin.php/Login/Login/actionCheckUserInfo.html?username=wudan&password=wd811103
INFO: [ app_init ] --START--
INFO: Run Behavior\BuildLiteBehavior [ RunTime:0.000000s ]
INFO: [ app_init ] --END-- [ RunTime:0.000000s ]
INFO: [ app_begin ] --START--
INFO: Run Behavior\ReadHtmlCacheBehavior [ RunTime:0.000000s ]
INFO: [ app_begin ] --END-- [ RunTime:0.000000s ]
SQL: SHOW COLUMNS FROM `think_user` [ RunTime:0.0790s ]
SQL: SELECT * FROM `think_user` WHERE ( username = 'wudan' AND password = '883327915c4022331b5abcb9da2a390c' ) LIMIT 1   [ RunTime:0.0010s ]
INFO: [ view_parse ] --START--
INFO: [ template_filter ] --START--
INFO: Run Behavior\ContentReplaceBehavior [ RunTime:0.000000s ]
INFO: [ template_filter ] --END-- [ RunTime:0.000000s ]
INFO: Run Behavior\ParseTemplateBehavior [ RunTime:0.018001s ]
INFO: [ view_parse ] --END-- [ RunTime:0.018001s ]
INFO: [ view_filter ] --START--
INFO: Run Behavior\WriteHtmlCacheBehavior [ RunTime:0.001000s ]
INFO: [ view_filter ] --END-- [ RunTime:0.001000s ]
INFO: [ app_end ] --START--
INFO: Run Behavior\ShowPageTraceBehavior [ RunTime:0.001000s ]
INFO: [ app_end ] --END-- [ RunTime:0.001000s ]

[ 2017-03-12T19:02:33+08:00 ] 127.0.0.1 /myysy/admin.php/statistics.html
INFO: [ app_init ] --START--
INFO: Run Behavior\BuildLiteBehavior [ RunTime:0.000000s ]
INFO: [ app_init ] --END-- [ RunTime:0.000000s ]
INFO: [ app_begin ] --START--
INFO: Run Behavior\ReadHtmlCacheBehavior [ RunTime:0.000000s ]
INFO: [ app_begin ] --END-- [ RunTime:0.000000s ]
SQL: SHOW COLUMNS FROM `think_user` [ RunTime:0.0050s ]
SQL: SELECT u.username as username,ru.user_id,ru.role_id,r.name as role_name,a.node_id,n.name as node_name,n.title as node_title,n.pid,n.level FROM think_user u INNER JOIN think_role_user AS ru ON ru.user_id = u.id INNER JOIN think_role AS r ON r.id = ru.role_id INNER JOIN think_access AS a ON a.role_id = r.id INNER JOIN think_node AS n ON a.node_id = n.id  WHERE ( ru.user_id = 1 )  [ RunTime:0.1370s ]
NOTIC: [8] Undefined index: url D:\www\myysy\AdminApplication\Admin\Controller\Body\BodyController.class.php 第 64 行.
NOTIC: [8] Undefined index: url D:\www\myysy\AdminApplication\Admin\Controller\Body\BodyController.class.php 第 64 行.
NOTIC: [8] Undefined index: url D:\www\myysy\AdminApplication\Admin\Controller\Body\BodyController.class.php 第 64 行.
NOTIC: [8] Undefined index: url D:\www\myysy\AdminApplication\Admin\Controller\Body\BodyController.class.php 第 64 行.
NOTIC: [8] Undefined index: url D:\www\myysy\AdminApplication\Admin\Controller\Body\BodyController.class.php 第 64 行.
NOTIC: [8] Use of undefined constant CONTROLLER_2_NAME - assumed 'CONTROLLER_2_NAME' D:\www\myysy\AdminApplication\Admin\Controller\Body\BodyController.class.php 第 86 行.
NOTIC: [8] Use of undefined constant CONTROLLER_2_NAME - assumed 'CONTROLLER_2_NAME' D:\www\myysy\AdminApplication\Admin\Controller\Body\BodyController.class.php 第 86 行.
NOTIC: [8] Use of undefined constant CONTROLLER_2_NAME - assumed 'CONTROLLER_2_NAME' D:\www\myysy\AdminApplication\Admin\Controller\Body\BodyController.class.php 第 86 行.
NOTIC: [8] Use of undefined constant CONTROLLER_2_NAME - assumed 'CONTROLLER_2_NAME' D:\www\myysy\AdminApplication\Admin\Controller\Body\BodyController.class.php 第 86 行.
NOTIC: [8] Use of undefined constant CONTROLLER_2_NAME - assumed 'CONTROLLER_2_NAME' D:\www\myysy\AdminApplication\Admin\Controller\Body\BodyController.class.php 第 86 行.
NOTIC: [8] Undefined index: url D:\www\myysy\AdminApplication\Admin\Controller\Body\BodyController.class.php 第 167 行.
NOTIC: [8] Undefined index: url D:\www\myysy\AdminApplication\Admin\Controller\Body\BodyController.class.php 第 167 行.
NOTIC: [8] Undefined index: url D:\www\myysy\AdminApplication\Admin\Controller\Body\BodyController.class.php 第 167 行.
NOTIC: [8] Undefined index: url D:\www\myysy\AdminApplication\Admin\Controller\Body\BodyController.class.php 第 167 行.
INFO: [ view_parse ] --START--
INFO: [ template_filter ] --START--
INFO: Run Behavior\ContentReplaceBehavior [ RunTime:0.000000s ]
INFO: [ template_filter ] --END-- [ RunTime:0.000000s ]
INFO: Run Behavior\ParseTemplateBehavior [ RunTime:0.011001s ]
INFO: [ view_parse ] --END-- [ RunTime:0.011001s ]
INFO: [ view_filter ] --START--
INFO: Run Behavior\WriteHtmlCacheBehavior [ RunTime:0.001000s ]
INFO: [ view_filter ] --END-- [ RunTime:0.001000s ]
INFO: [ app_end ] --START--
INFO: Run Behavior\ShowPageTraceBehavior [ RunTime:0.001000s ]
INFO: [ app_end ] --END-- [ RunTime:0.001000s ]

[ 2017-03-12T19:02:37+08:00 ] 127.0.0.1 /myysy/admin.php/stockandsale
INFO: [ app_init ] --START--
INFO: Run Behavior\BuildLiteBehavior [ RunTime:0.000000s ]
INFO: [ app_init ] --END-- [ RunTime:0.001000s ]
INFO: [ app_begin ] --START--
INFO: Run Behavior\ReadHtmlCacheBehavior [ RunTime:0.000000s ]
INFO: [ app_begin ] --END-- [ RunTime:0.000000s ]
SQL: SHOW COLUMNS FROM `think_user` [ RunTime:0.0060s ]
SQL: SELECT u.username as username,ru.user_id,ru.role_id,r.name as role_name,a.node_id,n.name as node_name,n.title as node_title,n.pid,n.level FROM think_user u INNER JOIN think_role_user AS ru ON ru.user_id = u.id INNER JOIN think_role AS r ON r.id = ru.role_id INNER JOIN think_access AS a ON a.role_id = r.id INNER JOIN think_node AS n ON a.node_id = n.id  WHERE ( ru.user_id = 1 )  [ RunTime:0.0020s ]
NOTIC: [8] Undefined index: url D:\www\myysy\AdminApplication\Admin\Controller\Body\BodyController.class.php 第 64 行.
NOTIC: [8] Undefined index: url D:\www\myysy\AdminApplication\Admin\Controller\Body\BodyController.class.php 第 64 行.
NOTIC: [8] Undefined index: url D:\www\myysy\AdminApplication\Admin\Controller\Body\BodyController.class.php 第 64 行.
NOTIC: [8] Undefined index: url D:\www\myysy\AdminApplication\Admin\Controller\Body\BodyController.class.php 第 64 行.
NOTIC: [8] Undefined index: url D:\www\myysy\AdminApplication\Admin\Controller\Body\BodyController.class.php 第 64 行.
NOTIC: [8] Undefined index: url D:\www\myysy\AdminApplication\Admin\Controller\Body\BodyController.class.php 第 64 行.
NOTIC: [8] Use of undefined constant CONTROLLER_2_NAME - assumed 'CONTROLLER_2_NAME' D:\www\myysy\AdminApplication\Admin\Controller\Body\BodyController.class.php 第 86 行.
NOTIC: [8] Use of undefined constant CONTROLLER_2_NAME - assumed 'CONTROLLER_2_NAME' D:\www\myysy\AdminApplication\Admin\Controller\Body\BodyController.class.php 第 86 行.
NOTIC: [8] Use of undefined constant CONTROLLER_2_NAME - assumed 'CONTROLLER_2_NAME' D:\www\myysy\AdminApplication\Admin\Controller\Body\BodyController.class.php 第 86 行.
NOTIC: [8] Use of undefined constant CONTROLLER_2_NAME - assumed 'CONTROLLER_2_NAME' D:\www\myysy\AdminApplication\Admin\Controller\Body\BodyController.class.php 第 86 行.
NOTIC: [8] Use of undefined constant CONTROLLER_2_NAME - assumed 'CONTROLLER_2_NAME' D:\www\myysy\AdminApplication\Admin\Controller\Body\BodyController.class.php 第 86 行.
NOTIC: [8] Use of undefined constant CONTROLLER_2_NAME - assumed 'CONTROLLER_2_NAME' D:\www\myysy\AdminApplication\Admin\Controller\Body\BodyController.class.php 第 86 行.
NOTIC: [8] Undefined index: url D:\www\myysy\AdminApplication\Admin\Controller\Body\BodyController.class.php 第 167 行.
NOTIC: [8] Undefined index: url D:\www\myysy\AdminApplication\Admin\Controller\Body\BodyController.class.php 第 167 行.
NOTIC: [8] Undefined index: url D:\www\myysy\AdminApplication\Admin\Controller\Body\BodyController.class.php 第 167 行.
NOTIC: [8] Undefined index: url D:\www\myysy\AdminApplication\Admin\Controller\Body\BodyController.class.php 第 167 行.
INFO: [ view_parse ] --START--
INFO: [ template_filter ] --START--
INFO: Run Behavior\ContentReplaceBehavior [ RunTime:0.000000s ]
INFO: [ template_filter ] --END-- [ RunTime:0.000000s ]
INFO: Run Behavior\ParseTemplateBehavior [ RunTime:0.006000s ]
INFO: [ view_parse ] --END-- [ RunTime:0.006000s ]
INFO: [ view_filter ] --START--
INFO: Run Behavior\WriteHtmlCacheBehavior [ RunTime:0.001000s ]
INFO: [ view_filter ] --END-- [ RunTime:0.001000s ]
INFO: [ app_end ] --START--
INFO: Run Behavior\ShowPageTraceBehavior [ RunTime:0.000000s ]
INFO: [ app_end ] --END-- [ RunTime:0.000000s ]

[ 2017-03-12T19:02:40+08:00 ] 127.0.0.1 /myysy/admin.php/stockandsale/ManageGoods
INFO: [ app_init ] --START--
INFO: Run Behavior\BuildLiteBehavior [ RunTime:0.000000s ]
INFO: [ app_init ] --END-- [ RunTime:0.000000s ]
INFO: [ app_begin ] --START--
INFO: Run Behavior\ReadHtmlCacheBehavior [ RunTime:0.000000s ]
INFO: [ app_begin ] --END-- [ RunTime:0.000000s ]
SQL: SHOW COLUMNS FROM `think_user` [ RunTime:0.0060s ]
SQL: SELECT u.username as username,ru.user_id,ru.role_id,r.name as role_name,a.node_id,n.name as node_name,n.title as node_title,n.pid,n.level FROM think_user u INNER JOIN think_role_user AS ru ON ru.user_id = u.id INNER JOIN think_role AS r ON r.id = ru.role_id INNER JOIN think_access AS a ON a.role_id = r.id INNER JOIN think_node AS n ON a.node_id = n.id  WHERE ( ru.user_id = 1 )  [ RunTime:0.0020s ]
NOTIC: [8] Undefined index: url D:\www\myysy\AdminApplication\Admin\Controller\Body\BodyController.class.php 第 64 行.
NOTIC: [8] Undefined index: url D:\www\myysy\AdminApplication\Admin\Controller\Body\BodyController.class.php 第 64 行.
NOTIC: [8] Undefined index: url D:\www\myysy\AdminApplication\Admin\Controller\Body\BodyController.class.php 第 64 行.
NOTIC: [8] Undefined index: url D:\www\myysy\AdminApplication\Admin\Controller\Body\BodyController.class.php 第 64 行.
NOTIC: [8] Undefined index: url D:\www\myysy\AdminApplication\Admin\Controller\Body\BodyController.class.php 第 64 行.
NOTIC: [8] Undefined index: url D:\www\myysy\AdminApplication\Admin\Controller\Body\BodyController.class.php 第 64 行.
NOTIC: [8] Undefined index: url D:\www\myysy\AdminApplication\Admin\Controller\Body\BodyController.class.php 第 167 行.
NOTIC: [8] Undefined index: url D:\www\myysy\AdminApplication\Admin\Controller\Body\BodyController.class.php 第 167 行.
NOTIC: [8] Undefined index: url D:\www\myysy\AdminApplication\Admin\Controller\Body\BodyController.class.php 第 167 行.
NOTIC: [8] Undefined index: url D:\www\myysy\AdminApplication\Admin\Controller\Body\BodyController.class.php 第 167 行.
SQL: SHOW COLUMNS FROM `think_ysy_format` [ RunTime:0.0640s ]
SQL: SELECT * FROM `think_ysy_format`  [ RunTime:0.0000s ]
SQL: SHOW COLUMNS FROM `think_ysy_goods` [ RunTime:0.0290s ]
SQL: SELECT COUNT(*) AS tp_count FROM think_ysy_goods g INNER JOIN think_ysy_stock AS s ON s.goods_id = g.goods_id INNER JOIN think_ysy_format AS f ON f.format_id = g.format_id  WHERE ( g.format_id in (4,5) ) LIMIT 1   [ RunTime:0.0280s ]
SQL: SELECT g.goods_id,s.goods_num,g.format_id,g.goods_name,f.format_id,f.format_name FROM think_ysy_goods g INNER JOIN think_ysy_stock AS s ON s.goods_id = g.goods_id INNER JOIN think_ysy_format AS f ON f.format_id = g.format_id  WHERE ( g.format_id in (4,5) ) LIMIT 0,25   [ RunTime:0.0010s ]
INFO: [ view_parse ] --START--
INFO: [ template_filter ] --START--
INFO: Run Behavior\ContentReplaceBehavior [ RunTime:0.000000s ]
INFO: [ template_filter ] --END-- [ RunTime:0.000000s ]
INFO: Run Behavior\ParseTemplateBehavior [ RunTime:0.062004s ]
INFO: [ view_parse ] --END-- [ RunTime:0.062004s ]
INFO: [ view_filter ] --START--
INFO: Run Behavior\WriteHtmlCacheBehavior [ RunTime:0.001000s ]
INFO: [ view_filter ] --END-- [ RunTime:0.001000s ]
INFO: [ app_end ] --START--
INFO: Run Behavior\ShowPageTraceBehavior [ RunTime:0.000000s ]
INFO: [ app_end ] --END-- [ RunTime:0.001000s ]

[ 2017-03-12T19:04:59+08:00 ] 127.0.0.1 /myysy/admin.php/stockandsale/ManageGoods
INFO: [ app_init ] --START--
INFO: Run Behavior\BuildLiteBehavior [ RunTime:0.000000s ]
INFO: [ app_init ] --END-- [ RunTime:0.000000s ]
INFO: [ app_begin ] --START--
INFO: Run Behavior\ReadHtmlCacheBehavior [ RunTime:0.001000s ]
INFO: [ app_begin ] --END-- [ RunTime:0.001000s ]
SQL: SHOW COLUMNS FROM `think_user` [ RunTime:0.0310s ]
SQL: SELECT u.username as username,ru.user_id,ru.role_id,r.name as role_name,a.node_id,n.name as node_name,n.title as node_title,n.pid,n.level FROM think_user u INNER JOIN think_role_user AS ru ON ru.user_id = u.id INNER JOIN think_role AS r ON r.id = ru.role_id INNER JOIN think_access AS a ON a.role_id = r.id INNER JOIN think_node AS n ON a.node_id = n.id  WHERE ( ru.user_id = 1 )  [ RunTime:0.0010s ]
NOTIC: [8] Undefined index: url D:\www\myysy\AdminApplication\Admin\Controller\Body\BodyController.class.php 第 64 行.
NOTIC: [8] Undefined index: url D:\www\myysy\AdminApplication\Admin\Controller\Body\BodyController.class.php 第 64 行.
NOTIC: [8] Undefined index: url D:\www\myysy\AdminApplication\Admin\Controller\Body\BodyController.class.php 第 64 行.
NOTIC: [8] Undefined index: url D:\www\myysy\AdminApplication\Admin\Controller\Body\BodyController.class.php 第 64 行.
NOTIC: [8] Undefined index: url D:\www\myysy\AdminApplication\Admin\Controller\Body\BodyController.class.php 第 64 行.
NOTIC: [8] Undefined index: url D:\www\myysy\AdminApplication\Admin\Controller\Body\BodyController.class.php 第 64 行.
NOTIC: [8] Undefined index: url D:\www\myysy\AdminApplication\Admin\Controller\Body\BodyController.class.php 第 167 行.
NOTIC: [8] Undefined index: url D:\www\myysy\AdminApplication\Admin\Controller\Body\BodyController.class.php 第 167 行.
NOTIC: [8] Undefined index: url D:\www\myysy\AdminApplication\Admin\Controller\Body\BodyController.class.php 第 167 行.
NOTIC: [8] Undefined index: url D:\www\myysy\AdminApplication\Admin\Controller\Body\BodyController.class.php 第 167 行.
SQL: SHOW COLUMNS FROM `think_ysy_format` [ RunTime:0.0070s ]
SQL: SELECT * FROM `think_ysy_format`  [ RunTime:0.0010s ]
SQL: SHOW COLUMNS FROM `think_ysy_goods` [ RunTime:0.0070s ]
SQL: SELECT COUNT(*) AS tp_count FROM think_ysy_goods g INNER JOIN think_ysy_stock AS s ON s.goods_id = g.goods_id INNER JOIN think_ysy_format AS f ON f.format_id = g.format_id  WHERE ( g.format_id in (4,5) ) LIMIT 1   [ RunTime:0.0010s ]
SQL: SELECT g.goods_id,s.goods_num,g.format_id,g.goods_name,f.format_id,f.format_name FROM think_ysy_goods g INNER JOIN think_ysy_stock AS s ON s.goods_id = g.goods_id INNER JOIN think_ysy_format AS f ON f.format_id = g.format_id  WHERE ( g.format_id in (4,5) ) LIMIT 0,25   [ RunTime:0.0000s ]
INFO: [ view_parse ] --START--
INFO: [ template_filter ] --START--
INFO: Run Behavior\ContentReplaceBehavior [ RunTime:0.000000s ]
INFO: [ template_filter ] --END-- [ RunTime:0.000000s ]
INFO: Run Behavior\ParseTemplateBehavior [ RunTime:0.011000s ]
INFO: [ view_parse ] --END-- [ RunTime:0.011000s ]
INFO: [ view_filter ] --START--
INFO: Run Behavior\WriteHtmlCacheBehavior [ RunTime:0.001000s ]
INFO: [ view_filter ] --END-- [ RunTime:0.001000s ]
INFO: [ app_end ] --START--
INFO: Run Behavior\ShowPageTraceBehavior [ RunTime:0.001000s ]
INFO: [ app_end ] --END-- [ RunTime:0.001000s ]

[ 2017-03-12T19:05:02+08:00 ] 127.0.0.1 /myysy/admin.php/stockandsale/ManageGoods/actionRequestService.html?type=addformat&formatid=4&goodsname=&remark=
INFO: [ app_init ] --START--
INFO: Run Behavior\BuildLiteBehavior [ RunTime:0.000000s ]
INFO: [ app_init ] --END-- [ RunTime:0.001000s ]
INFO: [ app_begin ] --START--
INFO: Run Behavior\ReadHtmlCacheBehavior [ RunTime:0.000000s ]
INFO: [ app_begin ] --END-- [ RunTime:0.001001s ]
SQL: SHOW COLUMNS FROM `think_user` [ RunTime:0.0070s ]
SQL: SELECT u.username as username,ru.user_id,ru.role_id,r.name as role_name,a.node_id,n.name as node_name,n.title as node_title,n.pid,n.level FROM think_user u INNER JOIN think_role_user AS ru ON ru.user_id = u.id INNER JOIN think_role AS r ON r.id = ru.role_id INNER JOIN think_access AS a ON a.role_id = r.id INNER JOIN think_node AS n ON a.node_id = n.id  WHERE ( ru.user_id = 1 )  [ RunTime:0.0010s ]
NOTIC: [8] Undefined index: url D:\www\myysy\AdminApplication\Admin\Controller\Body\BodyController.class.php 第 64 行.
NOTIC: [8] Undefined index: url D:\www\myysy\AdminApplication\Admin\Controller\Body\BodyController.class.php 第 64 行.
NOTIC: [8] Undefined index: url D:\www\myysy\AdminApplication\Admin\Controller\Body\BodyController.class.php 第 64 行.
NOTIC: [8] Undefined index: url D:\www\myysy\AdminApplication\Admin\Controller\Body\BodyController.class.php 第 64 行.
NOTIC: [8] Undefined index: url D:\www\myysy\AdminApplication\Admin\Controller\Body\BodyController.class.php 第 64 行.
NOTIC: [8] Undefined index: url D:\www\myysy\AdminApplication\Admin\Controller\Body\BodyController.class.php 第 64 行.
NOTIC: [8] Undefined index: url D:\www\myysy\AdminApplication\Admin\Controller\Body\BodyController.class.php 第 167 行.
NOTIC: [8] Undefined index: url D:\www\myysy\AdminApplication\Admin\Controller\Body\BodyController.class.php 第 167 行.
NOTIC: [8] Undefined index: url D:\www\myysy\AdminApplication\Admin\Controller\Body\BodyController.class.php 第 167 行.
NOTIC: [8] Undefined index: url D:\www\myysy\AdminApplication\Admin\Controller\Body\BodyController.class.php 第 167 行.
SQL: SHOW COLUMNS FROM `think_ysy_format` [ RunTime:0.0080s ]
SQL: INSERT INTO `think_ysy_format` (`format_name`,`format_remark`,`format_pid`) VALUES ('','','4') [ RunTime:0.0030s ]

[ 2017-03-12T19:05:02+08:00 ] 127.0.0.1 /myysy/admin.php/stockandsale/ManageGoods.html
INFO: [ app_init ] --START--
INFO: Run Behavior\BuildLiteBehavior [ RunTime:0.000000s ]
INFO: [ app_init ] --END-- [ RunTime:0.000000s ]
INFO: [ app_begin ] --START--
INFO: Run Behavior\ReadHtmlCacheBehavior [ RunTime:0.001000s ]
INFO: [ app_begin ] --END-- [ RunTime:0.001000s ]
SQL: SHOW COLUMNS FROM `think_user` [ RunTime:0.0080s ]
SQL: SELECT u.username as username,ru.user_id,ru.role_id,r.name as role_name,a.node_id,n.name as node_name,n.title as node_title,n.pid,n.level FROM think_user u INNER JOIN think_role_user AS ru ON ru.user_id = u.id INNER JOIN think_role AS r ON r.id = ru.role_id INNER JOIN think_access AS a ON a.role_id = r.id INNER JOIN think_node AS n ON a.node_id = n.id  WHERE ( ru.user_id = 1 )  [ RunTime:0.0020s ]
NOTIC: [8] Undefined index: url D:\www\myysy\AdminApplication\Admin\Controller\Body\BodyController.class.php 第 64 行.
NOTIC: [8] Undefined index: url D:\www\myysy\AdminApplication\Admin\Controller\Body\BodyController.class.php 第 64 行.
NOTIC: [8] Undefined index: url D:\www\myysy\AdminApplication\Admin\Controller\Body\BodyController.class.php 第 64 行.
NOTIC: [8] Undefined index: url D:\www\myysy\AdminApplication\Admin\Controller\Body\BodyController.class.php 第 64 行.
NOTIC: [8] Undefined index: url D:\www\myysy\AdminApplication\Admin\Controller\Body\BodyController.class.php 第 64 行.
NOTIC: [8] Undefined index: url D:\www\myysy\AdminApplication\Admin\Controller\Body\BodyController.class.php 第 64 行.
NOTIC: [8] Undefined index: url D:\www\myysy\AdminApplication\Admin\Controller\Body\BodyController.class.php 第 167 行.
NOTIC: [8] Undefined index: url D:\www\myysy\AdminApplication\Admin\Controller\Body\BodyController.class.php 第 167 行.
NOTIC: [8] Undefined index: url D:\www\myysy\AdminApplication\Admin\Controller\Body\BodyController.class.php 第 167 行.
NOTIC: [8] Undefined index: url D:\www\myysy\AdminApplication\Admin\Controller\Body\BodyController.class.php 第 167 行.
SQL: SHOW COLUMNS FROM `think_ysy_format` [ RunTime:0.0080s ]
SQL: SELECT * FROM `think_ysy_format`  [ RunTime:0.0000s ]
SQL: SHOW COLUMNS FROM `think_ysy_goods` [ RunTime:0.0070s ]
SQL: SELECT COUNT(*) AS tp_count FROM think_ysy_goods g INNER JOIN think_ysy_stock AS s ON s.goods_id = g.goods_id INNER JOIN think_ysy_format AS f ON f.format_id = g.format_id  WHERE ( g.format_id in (4,5,10) ) LIMIT 1   [ RunTime:0.0000s ]
SQL: SELECT g.goods_id,s.goods_num,g.format_id,g.goods_name,f.format_id,f.format_name FROM think_ysy_goods g INNER JOIN think_ysy_stock AS s ON s.goods_id = g.goods_id INNER JOIN think_ysy_format AS f ON f.format_id = g.format_id  WHERE ( g.format_id in (4,5,10) ) LIMIT 0,25   [ RunTime:0.0000s ]
INFO: [ view_parse ] --START--
INFO: [ template_filter ] --START--
INFO: Run Behavior\ContentReplaceBehavior [ RunTime:0.000000s ]
INFO: [ template_filter ] --END-- [ RunTime:0.000000s ]
INFO: Run Behavior\ParseTemplateBehavior [ RunTime:0.011001s ]
INFO: [ view_parse ] --END-- [ RunTime:0.012001s ]
INFO: [ view_filter ] --START--
INFO: Run Behavior\WriteHtmlCacheBehavior [ RunTime:0.000000s ]
INFO: [ view_filter ] --END-- [ RunTime:0.000000s ]
INFO: [ app_end ] --START--
INFO: Run Behavior\ShowPageTraceBehavior [ RunTime:0.000000s ]
INFO: [ app_end ] --END-- [ RunTime:0.000000s ]

[ 2017-03-12T19:05:57+08:00 ] 127.0.0.1 /myysy/admin.php/stockandsale/ManageGoods.html
INFO: [ app_init ] --START--
INFO: Run Behavior\BuildLiteBehavior [ RunTime:0.000000s ]
INFO: [ app_init ] --END-- [ RunTime:0.001000s ]
INFO: [ app_begin ] --START--
INFO: Run Behavior\ReadHtmlCacheBehavior [ RunTime:0.000000s ]
INFO: [ app_begin ] --END-- [ RunTime:0.001000s ]
SQL: SHOW COLUMNS FROM `think_user` [ RunTime:0.0110s ]
SQL: SELECT u.username as username,ru.user_id,ru.role_id,r.name as role_name,a.node_id,n.name as node_name,n.title as node_title,n.pid,n.level FROM think_user u INNER JOIN think_role_user AS ru ON ru.user_id = u.id INNER JOIN think_role AS r ON r.id = ru.role_id INNER JOIN think_access AS a ON a.role_id = r.id INNER JOIN think_node AS n ON a.node_id = n.id  WHERE ( ru.user_id = 1 )  [ RunTime:0.0050s ]
NOTIC: [8] Undefined index: url D:\www\myysy\AdminApplication\Admin\Controller\Body\BodyController.class.php 第 64 行.
NOTIC: [8] Undefined index: url D:\www\myysy\AdminApplication\Admin\Controller\Body\BodyController.class.php 第 64 行.
NOTIC: [8] Undefined index: url D:\www\myysy\AdminApplication\Admin\Controller\Body\BodyController.class.php 第 64 行.
NOTIC: [8] Undefined index: url D:\www\myysy\AdminApplication\Admin\Controller\Body\BodyController.class.php 第 64 行.
NOTIC: [8] Undefined index: url D:\www\myysy\AdminApplication\Admin\Controller\Body\BodyController.class.php 第 64 行.
NOTIC: [8] Undefined index: url D:\www\myysy\AdminApplication\Admin\Controller\Body\BodyController.class.php 第 64 行.
NOTIC: [8] Undefined index: url D:\www\myysy\AdminApplication\Admin\Controller\Body\BodyController.class.php 第 167 行.
NOTIC: [8] Undefined index: url D:\www\myysy\AdminApplication\Admin\Controller\Body\BodyController.class.php 第 167 行.
NOTIC: [8] Undefined index: url D:\www\myysy\AdminApplication\Admin\Controller\Body\BodyController.class.php 第 167 行.
NOTIC: [8] Undefined index: url D:\www\myysy\AdminApplication\Admin\Controller\Body\BodyController.class.php 第 167 行.
SQL: SHOW COLUMNS FROM `think_ysy_format` [ RunTime:0.0080s ]
SQL: SELECT * FROM `think_ysy_format`  [ RunTime:0.0010s ]
SQL: SHOW COLUMNS FROM `think_ysy_goods` [ RunTime:0.0060s ]
SQL: SELECT COUNT(*) AS tp_count FROM think_ysy_goods g INNER JOIN think_ysy_stock AS s ON s.goods_id = g.goods_id INNER JOIN think_ysy_format AS f ON f.format_id = g.format_id  WHERE ( g.format_id in (4,5,10) ) LIMIT 1   [ RunTime:0.0000s ]
SQL: SELECT g.goods_id,s.goods_num,g.format_id,g.goods_name,f.format_id,f.format_name FROM think_ysy_goods g INNER JOIN think_ysy_stock AS s ON s.goods_id = g.goods_id INNER JOIN think_ysy_format AS f ON f.format_id = g.format_id  WHERE ( g.format_id in (4,5,10) ) LIMIT 0,25   [ RunTime:0.0010s ]
INFO: [ view_parse ] --START--
INFO: [ template_filter ] --START--
INFO: Run Behavior\ContentReplaceBehavior [ RunTime:0.000000s ]
INFO: [ template_filter ] --END-- [ RunTime:0.001000s ]
INFO: Run Behavior\ParseTemplateBehavior [ RunTime:0.010000s ]
INFO: [ view_parse ] --END-- [ RunTime:0.010000s ]
INFO: [ view_filter ] --START--
INFO: Run Behavior\WriteHtmlCacheBehavior [ RunTime:0.001000s ]
INFO: [ view_filter ] --END-- [ RunTime:0.001000s ]
INFO: [ app_end ] --START--
INFO: Run Behavior\ShowPageTraceBehavior [ RunTime:0.001000s ]
INFO: [ app_end ] --END-- [ RunTime:0.001000s ]

[ 2017-03-12T19:07:20+08:00 ] 127.0.0.1 /myysy/admin.php/stockandsale/ManageGoods.html
INFO: [ app_init ] --START--
INFO: Run Behavior\BuildLiteBehavior [ RunTime:0.000000s ]
INFO: [ app_init ] --END-- [ RunTime:0.001000s ]
INFO: [ app_begin ] --START--
INFO: Run Behavior\ReadHtmlCacheBehavior [ RunTime:0.001000s ]
INFO: [ app_begin ] --END-- [ RunTime:0.001000s ]
SQL: SHOW COLUMNS FROM `think_user` [ RunTime:0.0080s ]
SQL: SELECT u.username as username,ru.user_id,ru.role_id,r.name as role_name,a.node_id,n.name as node_name,n.title as node_title,n.pid,n.level FROM think_user u INNER JOIN think_role_user AS ru ON ru.user_id = u.id INNER JOIN think_role AS r ON r.id = ru.role_id INNER JOIN think_access AS a ON a.role_id = r.id INNER JOIN think_node AS n ON a.node_id = n.id  WHERE ( ru.user_id = 1 )  [ RunTime:0.0010s ]
NOTIC: [8] Undefined index: url D:\www\myysy\AdminApplication\Admin\Controller\Body\BodyController.class.php 第 64 行.
NOTIC: [8] Undefined index: url D:\www\myysy\AdminApplication\Admin\Controller\Body\BodyController.class.php 第 64 行.
NOTIC: [8] Undefined index: url D:\www\myysy\AdminApplication\Admin\Controller\Body\BodyController.class.php 第 64 行.
NOTIC: [8] Undefined index: url D:\www\myysy\AdminApplication\Admin\Controller\Body\BodyController.class.php 第 64 行.
NOTIC: [8] Undefined index: url D:\www\myysy\AdminApplication\Admin\Controller\Body\BodyController.class.php 第 64 行.
NOTIC: [8] Undefined index: url D:\www\myysy\AdminApplication\Admin\Controller\Body\BodyController.class.php 第 64 行.
NOTIC: [8] Undefined index: url D:\www\myysy\AdminApplication\Admin\Controller\Body\BodyController.class.php 第 167 行.
NOTIC: [8] Undefined index: url D:\www\myysy\AdminApplication\Admin\Controller\Body\BodyController.class.php 第 167 行.
NOTIC: [8] Undefined index: url D:\www\myysy\AdminApplication\Admin\Controller\Body\BodyController.class.php 第 167 行.
NOTIC: [8] Undefined index: url D:\www\myysy\AdminApplication\Admin\Controller\Body\BodyController.class.php 第 167 行.
SQL: SHOW COLUMNS FROM `think_ysy_format` [ RunTime:0.0080s ]
SQL: SELECT * FROM `think_ysy_format`  [ RunTime:0.0010s ]
SQL: SHOW COLUMNS FROM `think_ysy_goods` [ RunTime:0.0070s ]
SQL: SELECT COUNT(*) AS tp_count FROM think_ysy_goods g INNER JOIN think_ysy_stock AS s ON s.goods_id = g.goods_id INNER JOIN think_ysy_format AS f ON f.format_id = g.format_id  WHERE ( g.format_id in (4,5,10) ) LIMIT 1   [ RunTime:0.0000s ]
SQL: SELECT g.goods_id,s.goods_num,g.format_id,g.goods_name,f.format_id,f.format_name FROM think_ysy_goods g INNER JOIN think_ysy_stock AS s ON s.goods_id = g.goods_id INNER JOIN think_ysy_format AS f ON f.format_id = g.format_id  WHERE ( g.format_id in (4,5,10) ) LIMIT 0,25   [ RunTime:0.0010s ]
INFO: [ view_parse ] --START--
INFO: [ template_filter ] --START--
INFO: Run Behavior\ContentReplaceBehavior [ RunTime:0.000000s ]
INFO: [ template_filter ] --END-- [ RunTime:0.000000s ]
INFO: Run Behavior\ParseTemplateBehavior [ RunTime:0.012001s ]
INFO: [ view_parse ] --END-- [ RunTime:0.012001s ]
INFO: [ view_filter ] --START--
INFO: Run Behavior\WriteHtmlCacheBehavior [ RunTime:0.001000s ]
INFO: [ view_filter ] --END-- [ RunTime:0.001000s ]
INFO: [ app_end ] --START--
INFO: Run Behavior\ShowPageTraceBehavior [ RunTime:0.001000s ]
INFO: [ app_end ] --END-- [ RunTime:0.001000s ]

[ 2017-03-12T19:07:39+08:00 ] 127.0.0.1 /myysy/admin.php/stockandsale/ManagePacks
INFO: [ app_init ] --START--
INFO: Run Behavior\BuildLiteBehavior [ RunTime:0.000000s ]
INFO: [ app_init ] --END-- [ RunTime:0.001000s ]
INFO: [ app_begin ] --START--
INFO: Run Behavior\ReadHtmlCacheBehavior [ RunTime:0.000000s ]
INFO: [ app_begin ] --END-- [ RunTime:0.000000s ]
SQL: SHOW COLUMNS FROM `think_user` [ RunTime:0.0080s ]
SQL: SELECT u.username as username,ru.user_id,ru.role_id,r.name as role_name,a.node_id,n.name as node_name,n.title as node_title,n.pid,n.level FROM think_user u INNER JOIN think_role_user AS ru ON ru.user_id = u.id INNER JOIN think_role AS r ON r.id = ru.role_id INNER JOIN think_access AS a ON a.role_id = r.id INNER JOIN think_node AS n ON a.node_id = n.id  WHERE ( ru.user_id = 1 )  [ RunTime:0.0010s ]
NOTIC: [8] Undefined index: url D:\www\myysy\AdminApplication\Admin\Controller\Body\BodyController.class.php 第 64 行.
NOTIC: [8] Undefined index: url D:\www\myysy\AdminApplication\Admin\Controller\Body\BodyController.class.php 第 64 行.
NOTIC: [8] Undefined index: url D:\www\myysy\AdminApplication\Admin\Controller\Body\BodyController.class.php 第 64 行.
NOTIC: [8] Undefined index: url D:\www\myysy\AdminApplication\Admin\Controller\Body\BodyController.class.php 第 64 行.
NOTIC: [8] Undefined index: url D:\www\myysy\AdminApplication\Admin\Controller\Body\BodyController.class.php 第 64 行.
NOTIC: [8] Undefined index: url D:\www\myysy\AdminApplication\Admin\Controller\Body\BodyController.class.php 第 64 行.
NOTIC: [8] Undefined index: url D:\www\myysy\AdminApplication\Admin\Controller\Body\BodyController.class.php 第 167 行.
NOTIC: [8] Undefined index: url D:\www\myysy\AdminApplication\Admin\Controller\Body\BodyController.class.php 第 167 行.
NOTIC: [8] Undefined index: url D:\www\myysy\AdminApplication\Admin\Controller\Body\BodyController.class.php 第 167 行.
NOTIC: [8] Undefined index: url D:\www\myysy\AdminApplication\Admin\Controller\Body\BodyController.class.php 第 167 行.
SQL: SHOW COLUMNS FROM `think_ysy_format` [ RunTime:0.0080s ]
SQL: SELECT * FROM `think_ysy_format`  [ RunTime:0.0000s ]
SQL: SHOW COLUMNS FROM `think_ysy_goods` [ RunTime:0.0060s ]
SQL: SELECT COUNT(*) AS tp_count FROM think_ysy_goods g INNER JOIN think_ysy_stock AS s ON s.goods_id = g.goods_id INNER JOIN think_ysy_format AS f ON f.format_id = g.format_id  WHERE ( g.format_id in (3,6,7,8,9) ) LIMIT 1   [ RunTime:0.0000s ]
SQL: SELECT g.goods_id,s.goods_num,g.format_id,g.goods_name,f.format_id,f.format_name FROM think_ysy_goods g INNER JOIN think_ysy_stock AS s ON s.goods_id = g.goods_id INNER JOIN think_ysy_format AS f ON f.format_id = g.format_id  WHERE ( g.format_id in (3,6,7,8,9) ) LIMIT 0,25   [ RunTime:0.0000s ]
INFO: [ view_parse ] --START--
INFO: [ template_filter ] --START--
INFO: Run Behavior\ContentReplaceBehavior [ RunTime:0.000000s ]
INFO: [ template_filter ] --END-- [ RunTime:0.000000s ]
INFO: Run Behavior\ParseTemplateBehavior [ RunTime:0.058003s ]
INFO: [ view_parse ] --END-- [ RunTime:0.058003s ]
INFO: [ view_filter ] --START--
INFO: Run Behavior\WriteHtmlCacheBehavior [ RunTime:0.000000s ]
INFO: [ view_filter ] --END-- [ RunTime:0.000000s ]
INFO: [ app_end ] --START--
INFO: Run Behavior\ShowPageTraceBehavior [ RunTime:0.000000s ]
INFO: [ app_end ] --END-- [ RunTime:0.000000s ]

[ 2017-03-12T19:10:14+08:00 ] 127.0.0.1 /myysy/admin.php/stockandsale/ManagePacks
INFO: [ app_init ] --START--
INFO: Run Behavior\BuildLiteBehavior [ RunTime:0.000000s ]
INFO: [ app_init ] --END-- [ RunTime:0.000000s ]
INFO: [ app_begin ] --START--
INFO: Run Behavior\ReadHtmlCacheBehavior [ RunTime:0.001000s ]
INFO: [ app_begin ] --END-- [ RunTime:0.001000s ]
SQL: SHOW COLUMNS FROM `think_user` [ RunTime:0.0560s ]
SQL: SELECT u.username as username,ru.user_id,ru.role_id,r.name as role_name,a.node_id,n.name as node_name,n.title as node_title,n.pid,n.level FROM think_user u INNER JOIN think_role_user AS ru ON ru.user_id = u.id INNER JOIN think_role AS r ON r.id = ru.role_id INNER JOIN think_access AS a ON a.role_id = r.id INNER JOIN think_node AS n ON a.node_id = n.id  WHERE ( ru.user_id = 1 )  [ RunTime:0.0010s ]
NOTIC: [8] Undefined index: url D:\www\myysy\AdminApplication\Admin\Controller\Body\BodyController.class.php 第 64 行.
NOTIC: [8] Undefined index: url D:\www\myysy\AdminApplication\Admin\Controller\Body\BodyController.class.php 第 64 行.
NOTIC: [8] Undefined index: url D:\www\myysy\AdminApplication\Admin\Controller\Body\BodyController.class.php 第 64 行.
NOTIC: [8] Undefined index: url D:\www\myysy\AdminApplication\Admin\Controller\Body\BodyController.class.php 第 64 行.
NOTIC: [8] Undefined index: url D:\www\myysy\AdminApplication\Admin\Controller\Body\BodyController.class.php 第 64 行.
NOTIC: [8] Undefined index: url D:\www\myysy\AdminApplication\Admin\Controller\Body\BodyController.class.php 第 64 行.
NOTIC: [8] Undefined index: url D:\www\myysy\AdminApplication\Admin\Controller\Body\BodyController.class.php 第 167 行.
NOTIC: [8] Undefined index: url D:\www\myysy\AdminApplication\Admin\Controller\Body\BodyController.class.php 第 167 行.
NOTIC: [8] Undefined index: url D:\www\myysy\AdminApplication\Admin\Controller\Body\BodyController.class.php 第 167 行.
NOTIC: [8] Undefined index: url D:\www\myysy\AdminApplication\Admin\Controller\Body\BodyController.class.php 第 167 行.
SQL: SHOW COLUMNS FROM `think_ysy_format` [ RunTime:0.0060s ]
SQL: SELECT * FROM `think_ysy_format`  [ RunTime:0.0000s ]
SQL: SHOW COLUMNS FROM `think_ysy_goods` [ RunTime:0.0070s ]
SQL: SELECT COUNT(*) AS tp_count FROM think_ysy_goods g INNER JOIN think_ysy_stock AS s ON s.goods_id = g.goods_id INNER JOIN think_ysy_format AS f ON f.format_id = g.format_id  WHERE ( g.format_id in (3,6,7,8,9) ) LIMIT 1   [ RunTime:0.0000s ]
SQL: SELECT g.goods_id,s.goods_num,g.format_id,g.goods_name,f.format_id,f.format_name FROM think_ysy_goods g INNER JOIN think_ysy_stock AS s ON s.goods_id = g.goods_id INNER JOIN think_ysy_format AS f ON f.format_id = g.format_id  WHERE ( g.format_id in (3,6,7,8,9) ) LIMIT 0,25   [ RunTime:0.0010s ]
INFO: [ view_parse ] --START--
INFO: [ template_filter ] --START--
INFO: Run Behavior\ContentReplaceBehavior [ RunTime:0.000000s ]
INFO: [ template_filter ] --END-- [ RunTime:0.000000s ]
INFO: Run Behavior\ParseTemplateBehavior [ RunTime:0.012001s ]
INFO: [ view_parse ] --END-- [ RunTime:0.012001s ]
INFO: [ view_filter ] --START--
INFO: Run Behavior\WriteHtmlCacheBehavior [ RunTime:0.001000s ]
INFO: [ view_filter ] --END-- [ RunTime:0.001000s ]
INFO: [ app_end ] --START--
INFO: Run Behavior\ShowPageTraceBehavior [ RunTime:0.001000s ]
INFO: [ app_end ] --END-- [ RunTime:0.001000s ]

[ 2017-03-12T19:10:22+08:00 ] 127.0.0.1 /myysy/admin.php/stockandsale/ManagePacks
INFO: [ app_init ] --START--
INFO: Run Behavior\BuildLiteBehavior [ RunTime:0.000000s ]
INFO: [ app_init ] --END-- [ RunTime:0.000000s ]
INFO: [ app_begin ] --START--
INFO: Run Behavior\ReadHtmlCacheBehavior [ RunTime:0.001000s ]
INFO: [ app_begin ] --END-- [ RunTime:0.001000s ]
SQL: SHOW COLUMNS FROM `think_user` [ RunTime:0.0430s ]
SQL: SELECT u.username as username,ru.user_id,ru.role_id,r.name as role_name,a.node_id,n.name as node_name,n.title as node_title,n.pid,n.level FROM think_user u INNER JOIN think_role_user AS ru ON ru.user_id = u.id INNER JOIN think_role AS r ON r.id = ru.role_id INNER JOIN think_access AS a ON a.role_id = r.id INNER JOIN think_node AS n ON a.node_id = n.id  WHERE ( ru.user_id = 1 )  [ RunTime:0.0010s ]
NOTIC: [8] Undefined index: url D:\www\myysy\AdminApplication\Admin\Controller\Body\BodyController.class.php 第 64 行.
NOTIC: [8] Undefined index: url D:\www\myysy\AdminApplication\Admin\Controller\Body\BodyController.class.php 第 64 行.
NOTIC: [8] Undefined index: url D:\www\myysy\AdminApplication\Admin\Controller\Body\BodyController.class.php 第 64 行.
NOTIC: [8] Undefined index: url D:\www\myysy\AdminApplication\Admin\Controller\Body\BodyController.class.php 第 64 行.
NOTIC: [8] Undefined index: url D:\www\myysy\AdminApplication\Admin\Controller\Body\BodyController.class.php 第 64 行.
NOTIC: [8] Undefined index: url D:\www\myysy\AdminApplication\Admin\Controller\Body\BodyController.class.php 第 64 行.
NOTIC: [8] Undefined index: url D:\www\myysy\AdminApplication\Admin\Controller\Body\BodyController.class.php 第 167 行.
NOTIC: [8] Undefined index: url D:\www\myysy\AdminApplication\Admin\Controller\Body\BodyController.class.php 第 167 行.
NOTIC: [8] Undefined index: url D:\www\myysy\AdminApplication\Admin\Controller\Body\BodyController.class.php 第 167 行.
NOTIC: [8] Undefined index: url D:\www\myysy\AdminApplication\Admin\Controller\Body\BodyController.class.php 第 167 行.
SQL: SHOW COLUMNS FROM `think_ysy_format` [ RunTime:0.0080s ]
SQL: SELECT * FROM `think_ysy_format`  [ RunTime:0.0000s ]
SQL: SHOW COLUMNS FROM `think_ysy_goods` [ RunTime:0.0080s ]
SQL: SELECT COUNT(*) AS tp_count FROM think_ysy_goods g INNER JOIN think_ysy_stock AS s ON s.goods_id = g.goods_id INNER JOIN think_ysy_format AS f ON f.format_id = g.format_id  WHERE ( g.format_id in (3,6,7,8,9) ) LIMIT 1   [ RunTime:0.0010s ]
SQL: SELECT g.goods_id,s.goods_num,g.format_id,g.goods_name,f.format_id,f.format_name FROM think_ysy_goods g INNER JOIN think_ysy_stock AS s ON s.goods_id = g.goods_id INNER JOIN think_ysy_format AS f ON f.format_id = g.format_id  WHERE ( g.format_id in (3,6,7,8,9) ) LIMIT 0,25   [ RunTime:0.0000s ]
INFO: [ view_parse ] --START--
INFO: [ template_filter ] --START--
INFO: Run Behavior\ContentReplaceBehavior [ RunTime:0.001000s ]
INFO: [ template_filter ] --END-- [ RunTime:0.001000s ]
INFO: Run Behavior\ParseTemplateBehavior [ RunTime:0.012000s ]
INFO: [ view_parse ] --END-- [ RunTime:0.012000s ]
INFO: [ view_filter ] --START--
INFO: Run Behavior\WriteHtmlCacheBehavior [ RunTime:0.000000s ]
INFO: [ view_filter ] --END-- [ RunTime:0.000000s ]
INFO: [ app_end ] --START--
INFO: Run Behavior\ShowPageTraceBehavior [ RunTime:0.000000s ]
INFO: [ app_end ] --END-- [ RunTime:0.000000s ]

[ 2017-03-12T19:14:43+08:00 ] 127.0.0.1 /myysy/admin.php/stockandsale/ManagePacks
INFO: [ app_init ] --START--
INFO: Run Behavior\BuildLiteBehavior [ RunTime:0.000000s ]
INFO: [ app_init ] --END-- [ RunTime:0.001000s ]
INFO: [ app_begin ] --START--
INFO: Run Behavior\ReadHtmlCacheBehavior [ RunTime:0.001000s ]
INFO: [ app_begin ] --END-- [ RunTime:0.001000s ]
SQL: SHOW COLUMNS FROM `think_user` [ RunTime:0.0090s ]
SQL: SELECT u.username as username,ru.user_id,ru.role_id,r.name as role_name,a.node_id,n.name as node_name,n.title as node_title,n.pid,n.level FROM think_user u INNER JOIN think_role_user AS ru ON ru.user_id = u.id INNER JOIN think_role AS r ON r.id = ru.role_id INNER JOIN think_access AS a ON a.role_id = r.id INNER JOIN think_node AS n ON a.node_id = n.id  WHERE ( ru.user_id = 1 )  [ RunTime:0.0020s ]
NOTIC: [8] Undefined index: url D:\www\myysy\AdminApplication\Admin\Controller\Body\BodyController.class.php 第 64 行.
NOTIC: [8] Undefined index: url D:\www\myysy\AdminApplication\Admin\Controller\Body\BodyController.class.php 第 64 行.
NOTIC: [8] Undefined index: url D:\www\myysy\AdminApplication\Admin\Controller\Body\BodyController.class.php 第 64 行.
NOTIC: [8] Undefined index: url D:\www\myysy\AdminApplication\Admin\Controller\Body\BodyController.class.php 第 64 行.
NOTIC: [8] Undefined index: url D:\www\myysy\AdminApplication\Admin\Controller\Body\BodyController.class.php 第 64 行.
NOTIC: [8] Undefined index: url D:\www\myysy\AdminApplication\Admin\Controller\Body\BodyController.class.php 第 64 行.
NOTIC: [8] Undefined index: url D:\www\myysy\AdminApplication\Admin\Controller\Body\BodyController.class.php 第 167 行.
NOTIC: [8] Undefined index: url D:\www\myysy\AdminApplication\Admin\Controller\Body\BodyController.class.php 第 167 行.
NOTIC: [8] Undefined index: url D:\www\myysy\AdminApplication\Admin\Controller\Body\BodyController.class.php 第 167 行.
NOTIC: [8] Undefined index: url D:\www\myysy\AdminApplication\Admin\Controller\Body\BodyController.class.php 第 167 行.
SQL: SHOW COLUMNS FROM `think_ysy_format` [ RunTime:0.0080s ]
SQL: SELECT * FROM `think_ysy_format`  [ RunTime:0.0010s ]
SQL: SHOW COLUMNS FROM `think_ysy_goods` [ RunTime:0.0090s ]
SQL: SELECT COUNT(*) AS tp_count FROM think_ysy_goods g INNER JOIN think_ysy_stock AS s ON s.goods_id = g.goods_id INNER JOIN think_ysy_format AS f ON f.format_id = g.format_id  WHERE ( g.format_id in (3,6,7,8,9) ) LIMIT 1   [ RunTime:0.0010s ]
SQL: SELECT g.goods_id,s.goods_num,g.format_id,g.goods_name,f.format_id,f.format_name FROM think_ysy_goods g INNER JOIN think_ysy_stock AS s ON s.goods_id = g.goods_id INNER JOIN think_ysy_format AS f ON f.format_id = g.format_id  WHERE ( g.format_id in (3,6,7,8,9) ) LIMIT 0,25   [ RunTime:0.0000s ]
INFO: [ view_parse ] --START--
INFO: [ template_filter ] --START--
INFO: Run Behavior\ContentReplaceBehavior [ RunTime:0.000000s ]
INFO: [ template_filter ] --END-- [ RunTime:0.000000s ]
INFO: Run Behavior\ParseTemplateBehavior [ RunTime:0.012001s ]
INFO: [ view_parse ] --END-- [ RunTime:0.012001s ]
INFO: [ view_filter ] --START--
INFO: Run Behavior\WriteHtmlCacheBehavior [ RunTime:0.000000s ]
INFO: [ view_filter ] --END-- [ RunTime:0.000000s ]
INFO: [ app_end ] --START--
INFO: Run Behavior\ShowPageTraceBehavior [ RunTime:0.001000s ]
INFO: [ app_end ] --END-- [ RunTime:0.001000s ]

[ 2017-03-12T19:15:22+08:00 ] 127.0.0.1 /myysy/admin.php/stockandsale/ManageGoods
INFO: [ app_init ] --START--
INFO: Run Behavior\BuildLiteBehavior [ RunTime:0.000000s ]
INFO: [ app_init ] --END-- [ RunTime:0.001000s ]
INFO: [ app_begin ] --START--
INFO: Run Behavior\ReadHtmlCacheBehavior [ RunTime:0.000000s ]
INFO: [ app_begin ] --END-- [ RunTime:0.000000s ]
SQL: SHOW COLUMNS FROM `think_user` [ RunTime:0.0090s ]
SQL: SELECT u.username as username,ru.user_id,ru.role_id,r.name as role_name,a.node_id,n.name as node_name,n.title as node_title,n.pid,n.level FROM think_user u INNER JOIN think_role_user AS ru ON ru.user_id = u.id INNER JOIN think_role AS r ON r.id = ru.role_id INNER JOIN think_access AS a ON a.role_id = r.id INNER JOIN think_node AS n ON a.node_id = n.id  WHERE ( ru.user_id = 1 )  [ RunTime:0.0020s ]
NOTIC: [8] Undefined index: url D:\www\myysy\AdminApplication\Admin\Controller\Body\BodyController.class.php 第 64 行.
NOTIC: [8] Undefined index: url D:\www\myysy\AdminApplication\Admin\Controller\Body\BodyController.class.php 第 64 行.
NOTIC: [8] Undefined index: url D:\www\myysy\AdminApplication\Admin\Controller\Body\BodyController.class.php 第 64 行.
NOTIC: [8] Undefined index: url D:\www\myysy\AdminApplication\Admin\Controller\Body\BodyController.class.php 第 64 行.
NOTIC: [8] Undefined index: url D:\www\myysy\AdminApplication\Admin\Controller\Body\BodyController.class.php 第 64 行.
NOTIC: [8] Undefined index: url D:\www\myysy\AdminApplication\Admin\Controller\Body\BodyController.class.php 第 64 行.
NOTIC: [8] Undefined index: url D:\www\myysy\AdminApplication\Admin\Controller\Body\BodyController.class.php 第 167 行.
NOTIC: [8] Undefined index: url D:\www\myysy\AdminApplication\Admin\Controller\Body\BodyController.class.php 第 167 行.
NOTIC: [8] Undefined index: url D:\www\myysy\AdminApplication\Admin\Controller\Body\BodyController.class.php 第 167 行.
NOTIC: [8] Undefined index: url D:\www\myysy\AdminApplication\Admin\Controller\Body\BodyController.class.php 第 167 行.
SQL: SHOW COLUMNS FROM `think_ysy_format` [ RunTime:0.0070s ]
SQL: SELECT * FROM `think_ysy_format`  [ RunTime:0.0000s ]
SQL: SHOW COLUMNS FROM `think_ysy_goods` [ RunTime:0.0070s ]
SQL: SELECT COUNT(*) AS tp_count FROM think_ysy_goods g INNER JOIN think_ysy_stock AS s ON s.goods_id = g.goods_id INNER JOIN think_ysy_format AS f ON f.format_id = g.format_id  WHERE ( g.format_id in (4,5,10) ) LIMIT 1   [ RunTime:0.0000s ]
SQL: SELECT g.goods_id,s.goods_num,g.format_id,g.goods_name,f.format_id,f.format_name FROM think_ysy_goods g INNER JOIN think_ysy_stock AS s ON s.goods_id = g.goods_id INNER JOIN think_ysy_format AS f ON f.format_id = g.format_id  WHERE ( g.format_id in (4,5,10) ) LIMIT 0,25   [ RunTime:0.0010s ]
INFO: [ view_parse ] --START--
INFO: [ template_filter ] --START--
INFO: Run Behavior\ContentReplaceBehavior [ RunTime:0.000000s ]
INFO: [ template_filter ] --END-- [ RunTime:0.000000s ]
INFO: Run Behavior\ParseTemplateBehavior [ RunTime:0.011001s ]
INFO: [ view_parse ] --END-- [ RunTime:0.011001s ]
INFO: [ view_filter ] --START--
INFO: Run Behavior\WriteHtmlCacheBehavior [ RunTime:0.000000s ]
INFO: [ view_filter ] --END-- [ RunTime:0.000000s ]
INFO: [ app_end ] --START--
INFO: Run Behavior\ShowPageTraceBehavior [ RunTime:0.001000s ]
INFO: [ app_end ] --END-- [ RunTime:0.001000s ]

[ 2017-03-12T19:15:23+08:00 ] 127.0.0.1 /myysy/admin.php/stockandsale/Goodspackage
INFO: [ app_init ] --START--
INFO: Run Behavior\BuildLiteBehavior [ RunTime:0.000000s ]
INFO: [ app_init ] --END-- [ RunTime:0.000000s ]
INFO: [ app_begin ] --START--
INFO: Run Behavior\ReadHtmlCacheBehavior [ RunTime:0.001000s ]
INFO: [ app_begin ] --END-- [ RunTime:0.001000s ]
SQL: SHOW COLUMNS FROM `think_user` [ RunTime:0.0070s ]
SQL: SELECT u.username as username,ru.user_id,ru.role_id,r.name as role_name,a.node_id,n.name as node_name,n.title as node_title,n.pid,n.level FROM think_user u INNER JOIN think_role_user AS ru ON ru.user_id = u.id INNER JOIN think_role AS r ON r.id = ru.role_id INNER JOIN think_access AS a ON a.role_id = r.id INNER JOIN think_node AS n ON a.node_id = n.id  WHERE ( ru.user_id = 1 )  [ RunTime:0.0010s ]
NOTIC: [8] Undefined index: url D:\www\myysy\AdminApplication\Admin\Controller\Body\BodyController.class.php 第 64 行.
NOTIC: [8] Undefined index: url D:\www\myysy\AdminApplication\Admin\Controller\Body\BodyController.class.php 第 64 行.
NOTIC: [8] Undefined index: url D:\www\myysy\AdminApplication\Admin\Controller\Body\BodyController.class.php 第 64 行.
NOTIC: [8] Undefined index: url D:\www\myysy\AdminApplication\Admin\Controller\Body\BodyController.class.php 第 64 行.
NOTIC: [8] Undefined index: url D:\www\myysy\AdminApplication\Admin\Controller\Body\BodyController.class.php 第 64 行.
NOTIC: [8] Undefined index: url D:\www\myysy\AdminApplication\Admin\Controller\Body\BodyController.class.php 第 64 行.
NOTIC: [8] Undefined index: url D:\www\myysy\AdminApplication\Admin\Controller\Body\BodyController.class.php 第 167 行.
NOTIC: [8] Undefined index: url D:\www\myysy\AdminApplication\Admin\Controller\Body\BodyController.class.php 第 167 行.
NOTIC: [8] Undefined index: url D:\www\myysy\AdminApplication\Admin\Controller\Body\BodyController.class.php 第 167 行.
NOTIC: [8] Undefined index: url D:\www\myysy\AdminApplication\Admin\Controller\Body\BodyController.class.php 第 167 行.
SQL: SHOW COLUMNS FROM `think_ysy_goodspackage` [ RunTime:0.0580s ]
SQL: SELECT * FROM `think_ysy_goodspackage`  [ RunTime:0.0000s ]
INFO: [ view_parse ] --START--
INFO: [ template_filter ] --START--
INFO: Run Behavior\ContentReplaceBehavior [ RunTime:0.000000s ]
INFO: [ template_filter ] --END-- [ RunTime:0.000000s ]
NOTIC: [8] Undefined variable: showPage D:\www\myysy\AdminApplication\Runtime\Cache\Admin\fcf0d44c22039fc637c47e637165ca86.php 第 48 行.
INFO: Run Behavior\ParseTemplateBehavior [ RunTime:0.070004s ]
INFO: [ view_parse ] --END-- [ RunTime:0.070004s ]
INFO: [ view_filter ] --START--
INFO: Run Behavior\WriteHtmlCacheBehavior [ RunTime:0.001000s ]
INFO: [ view_filter ] --END-- [ RunTime:0.001000s ]
INFO: [ app_end ] --START--
INFO: Run Behavior\ShowPageTraceBehavior [ RunTime:0.000000s ]
INFO: [ app_end ] --END-- [ RunTime:0.000000s ]

[ 2017-03-12T19:15:28+08:00 ] 127.0.0.1 /myysy/admin.php/stockandsale/Goodspackage/actionEditGoodsPackage.html
INFO: [ app_init ] --START--
INFO: Run Behavior\BuildLiteBehavior [ RunTime:0.000000s ]
INFO: [ app_init ] --END-- [ RunTime:0.000000s ]
INFO: [ app_begin ] --START--
INFO: Run Behavior\ReadHtmlCacheBehavior [ RunTime:0.001000s ]
INFO: [ app_begin ] --END-- [ RunTime:0.001000s ]
SQL: SHOW COLUMNS FROM `think_user` [ RunTime:0.0080s ]
SQL: SELECT u.username as username,ru.user_id,ru.role_id,r.name as role_name,a.node_id,n.name as node_name,n.title as node_title,n.pid,n.level FROM think_user u INNER JOIN think_role_user AS ru ON ru.user_id = u.id INNER JOIN think_role AS r ON r.id = ru.role_id INNER JOIN think_access AS a ON a.role_id = r.id INNER JOIN think_node AS n ON a.node_id = n.id  WHERE ( ru.user_id = 1 )  [ RunTime:0.0010s ]
NOTIC: [8] Undefined index: url D:\www\myysy\AdminApplication\Admin\Controller\Body\BodyController.class.php 第 64 行.
NOTIC: [8] Undefined index: url D:\www\myysy\AdminApplication\Admin\Controller\Body\BodyController.class.php 第 64 行.
NOTIC: [8] Undefined index: url D:\www\myysy\AdminApplication\Admin\Controller\Body\BodyController.class.php 第 64 行.
NOTIC: [8] Undefined index: url D:\www\myysy\AdminApplication\Admin\Controller\Body\BodyController.class.php 第 64 行.
NOTIC: [8] Undefined index: url D:\www\myysy\AdminApplication\Admin\Controller\Body\BodyController.class.php 第 64 行.
NOTIC: [8] Undefined index: url D:\www\myysy\AdminApplication\Admin\Controller\Body\BodyController.class.php 第 64 行.
NOTIC: [8] Undefined index: url D:\www\myysy\AdminApplication\Admin\Controller\Body\BodyController.class.php 第 167 行.
NOTIC: [8] Undefined index: url D:\www\myysy\AdminApplication\Admin\Controller\Body\BodyController.class.php 第 167 行.
NOTIC: [8] Undefined index: url D:\www\myysy\AdminApplication\Admin\Controller\Body\BodyController.class.php 第 167 行.
NOTIC: [8] Undefined index: url D:\www\myysy\AdminApplication\Admin\Controller\Body\BodyController.class.php 第 167 行.
SQL: SHOW COLUMNS FROM `think_ysy_format` [ RunTime:0.0070s ]
SQL: SELECT * FROM `think_ysy_format`  [ RunTime:0.0010s ]
SQL: SHOW COLUMNS FROM `think_ysy_goods` [ RunTime:0.0070s ]
SQL: SELECT * FROM think_ysy_goods g WHERE ( g.format_id in (4,5,10) )  [ RunTime:0.0000s ]
SQL: SELECT * FROM `think_ysy_format`  [ RunTime:0.0010s ]
SQL: SELECT * FROM think_ysy_goods g WHERE ( g.format_id in (3,6,7,8,9) )  [ RunTime:0.0000s ]
NOTIC: [8] Undefined variable: goodsPackeageInfo D:\www\myysy\AdminApplication\Admin\Controller\Stockandsale\GoodspackageController.class.php 第 110 行.
NOTIC: [8] Undefined variable: goodsPackeageFromDb D:\www\myysy\AdminApplication\Admin\Controller\Stockandsale\GoodspackageController.class.php 第 111 行.
NOTIC: [8] Undefined variable: goodsPackeagePriceFromDb D:\www\myysy\AdminApplication\Admin\Controller\Stockandsale\GoodspackageController.class.php 第 112 行.
INFO: [ view_parse ] --START--
INFO: [ template_filter ] --START--
INFO: Run Behavior\ContentReplaceBehavior [ RunTime:0.000000s ]
INFO: [ template_filter ] --END-- [ RunTime:0.000000s ]
INFO: Run Behavior\ParseTemplateBehavior [ RunTime:0.092006s ]
INFO: [ view_parse ] --END-- [ RunTime:0.092006s ]
INFO: [ view_filter ] --START--
INFO: Run Behavior\WriteHtmlCacheBehavior [ RunTime:0.000000s ]
INFO: [ view_filter ] --END-- [ RunTime:0.000000s ]
INFO: [ app_end ] --START--
INFO: Run Behavior\ShowPageTraceBehavior [ RunTime:0.001000s ]
INFO: [ app_end ] --END-- [ RunTime:0.001000s ]

[ 2017-03-12T19:16:29+08:00 ] 127.0.0.1 /myysy/admin.php/stockandsale/Goodspackage/actionEditGoodsPackage.html
INFO: [ app_init ] --START--
INFO: Run Behavior\BuildLiteBehavior [ RunTime:0.000000s ]
INFO: [ app_init ] --END-- [ RunTime:0.000000s ]
INFO: [ app_begin ] --START--
INFO: Run Behavior\ReadHtmlCacheBehavior [ RunTime:0.000000s ]
INFO: [ app_begin ] --END-- [ RunTime:0.000000s ]
SQL: SHOW COLUMNS FROM `think_user` [ RunTime:0.0070s ]
SQL: SELECT u.username as username,ru.user_id,ru.role_id,r.name as role_name,a.node_id,n.name as node_name,n.title as node_title,n.pid,n.level FROM think_user u INNER JOIN think_role_user AS ru ON ru.user_id = u.id INNER JOIN think_role AS r ON r.id = ru.role_id INNER JOIN think_access AS a ON a.role_id = r.id INNER JOIN think_node AS n ON a.node_id = n.id  WHERE ( ru.user_id = 1 )  [ RunTime:0.0030s ]
NOTIC: [8] Undefined index: url D:\www\myysy\AdminApplication\Admin\Controller\Body\BodyController.class.php 第 64 行.
NOTIC: [8] Undefined index: url D:\www\myysy\AdminApplication\Admin\Controller\Body\BodyController.class.php 第 64 行.
NOTIC: [8] Undefined index: url D:\www\myysy\AdminApplication\Admin\Controller\Body\BodyController.class.php 第 64 行.
NOTIC: [8] Undefined index: url D:\www\myysy\AdminApplication\Admin\Controller\Body\BodyController.class.php 第 64 行.
NOTIC: [8] Undefined index: url D:\www\myysy\AdminApplication\Admin\Controller\Body\BodyController.class.php 第 64 行.
NOTIC: [8] Undefined index: url D:\www\myysy\AdminApplication\Admin\Controller\Body\BodyController.class.php 第 64 行.
NOTIC: [8] Undefined index: url D:\www\myysy\AdminApplication\Admin\Controller\Body\BodyController.class.php 第 167 行.
NOTIC: [8] Undefined index: url D:\www\myysy\AdminApplication\Admin\Controller\Body\BodyController.class.php 第 167 行.
NOTIC: [8] Undefined index: url D:\www\myysy\AdminApplication\Admin\Controller\Body\BodyController.class.php 第 167 行.
NOTIC: [8] Undefined index: url D:\www\myysy\AdminApplication\Admin\Controller\Body\BodyController.class.php 第 167 行.
SQL: SHOW COLUMNS FROM `think_ysy_format` [ RunTime:0.0060s ]
SQL: SELECT * FROM `think_ysy_format`  [ RunTime:0.0000s ]
SQL: SHOW COLUMNS FROM `think_ysy_goods` [ RunTime:0.0070s ]
SQL: SELECT * FROM think_ysy_goods g WHERE ( g.format_id in (4,5,10) )  [ RunTime:0.0010s ]
SQL: SELECT * FROM `think_ysy_format`  [ RunTime:0.0000s ]
SQL: SELECT * FROM think_ysy_goods g WHERE ( g.format_id in (3,6,7,8,9) )  [ RunTime:0.0000s ]
NOTIC: [8] Undefined variable: goodsPackeageInfo D:\www\myysy\AdminApplication\Admin\Controller\Stockandsale\GoodspackageController.class.php 第 110 行.
NOTIC: [8] Undefined variable: goodsPackeageFromDb D:\www\myysy\AdminApplication\Admin\Controller\Stockandsale\GoodspackageController.class.php 第 111 行.
NOTIC: [8] Undefined variable: goodsPackeagePriceFromDb D:\www\myysy\AdminApplication\Admin\Controller\Stockandsale\GoodspackageController.class.php 第 112 行.
INFO: [ view_parse ] --START--
INFO: [ template_filter ] --START--
INFO: Run Behavior\ContentReplaceBehavior [ RunTime:0.000000s ]
INFO: [ template_filter ] --END-- [ RunTime:0.000000s ]
INFO: Run Behavior\ParseTemplateBehavior [ RunTime:0.008001s ]
INFO: [ view_parse ] --END-- [ RunTime:0.008001s ]
INFO: [ view_filter ] --START--
INFO: Run Behavior\WriteHtmlCacheBehavior [ RunTime:0.000000s ]
INFO: [ view_filter ] --END-- [ RunTime:0.000000s ]
INFO: [ app_end ] --START--
INFO: Run Behavior\ShowPageTraceBehavior [ RunTime:0.001000s ]
INFO: [ app_end ] --END-- [ RunTime:0.001000s ]

[ 2017-03-12T19:16:30+08:00 ] 127.0.0.1 /myysy/admin.php/stockandsale/Goodspackage/actionEditGoodsPackage.html
INFO: [ app_init ] --START--
INFO: Run Behavior\BuildLiteBehavior [ RunTime:0.000000s ]
INFO: [ app_init ] --END-- [ RunTime:0.002000s ]
INFO: [ app_begin ] --START--
INFO: Run Behavior\ReadHtmlCacheBehavior [ RunTime:0.001000s ]
INFO: [ app_begin ] --END-- [ RunTime:0.001000s ]
SQL: SHOW COLUMNS FROM `think_user` [ RunTime:0.0080s ]
SQL: SELECT u.username as username,ru.user_id,ru.role_id,r.name as role_name,a.node_id,n.name as node_name,n.title as node_title,n.pid,n.level FROM think_user u INNER JOIN think_role_user AS ru ON ru.user_id = u.id INNER JOIN think_role AS r ON r.id = ru.role_id INNER JOIN think_access AS a ON a.role_id = r.id INNER JOIN think_node AS n ON a.node_id = n.id  WHERE ( ru.user_id = 1 )  [ RunTime:0.0020s ]
NOTIC: [8] Undefined index: url D:\www\myysy\AdminApplication\Admin\Controller\Body\BodyController.class.php 第 64 行.
NOTIC: [8] Undefined index: url D:\www\myysy\AdminApplication\Admin\Controller\Body\BodyController.class.php 第 64 行.
NOTIC: [8] Undefined index: url D:\www\myysy\AdminApplication\Admin\Controller\Body\BodyController.class.php 第 64 行.
NOTIC: [8] Undefined index: url D:\www\myysy\AdminApplication\Admin\Controller\Body\BodyController.class.php 第 64 行.
NOTIC: [8] Undefined index: url D:\www\myysy\AdminApplication\Admin\Controller\Body\BodyController.class.php 第 64 行.
NOTIC: [8] Undefined index: url D:\www\myysy\AdminApplication\Admin\Controller\Body\BodyController.class.php 第 64 行.
NOTIC: [8] Undefined index: url D:\www\myysy\AdminApplication\Admin\Controller\Body\BodyController.class.php 第 167 行.
NOTIC: [8] Undefined index: url D:\www\myysy\AdminApplication\Admin\Controller\Body\BodyController.class.php 第 167 行.
NOTIC: [8] Undefined index: url D:\www\myysy\AdminApplication\Admin\Controller\Body\BodyController.class.php 第 167 行.
NOTIC: [8] Undefined index: url D:\www\myysy\AdminApplication\Admin\Controller\Body\BodyController.class.php 第 167 行.
SQL: SHOW COLUMNS FROM `think_ysy_format` [ RunTime:0.0080s ]
SQL: SELECT * FROM `think_ysy_format`  [ RunTime:0.0000s ]
SQL: SHOW COLUMNS FROM `think_ysy_goods` [ RunTime:0.0080s ]
SQL: SELECT * FROM think_ysy_goods g WHERE ( g.format_id in (4,5,10) )  [ RunTime:0.0000s ]
SQL: SELECT * FROM `think_ysy_format`  [ RunTime:0.0010s ]
SQL: SELECT * FROM think_ysy_goods g WHERE ( g.format_id in (3,6,7,8,9) )  [ RunTime:0.0010s ]
NOTIC: [8] Undefined variable: goodsPackeageInfo D:\www\myysy\AdminApplication\Admin\Controller\Stockandsale\GoodspackageController.class.php 第 110 行.
NOTIC: [8] Undefined variable: goodsPackeageFromDb D:\www\myysy\AdminApplication\Admin\Controller\Stockandsale\GoodspackageController.class.php 第 111 行.
NOTIC: [8] Undefined variable: goodsPackeagePriceFromDb D:\www\myysy\AdminApplication\Admin\Controller\Stockandsale\GoodspackageController.class.php 第 112 行.
INFO: [ view_parse ] --START--
INFO: [ template_filter ] --START--
INFO: Run Behavior\ContentReplaceBehavior [ RunTime:0.000000s ]
INFO: [ template_filter ] --END-- [ RunTime:0.000000s ]
INFO: Run Behavior\ParseTemplateBehavior [ RunTime:0.008001s ]
INFO: [ view_parse ] --END-- [ RunTime:0.008001s ]
INFO: [ view_filter ] --START--
INFO: Run Behavior\WriteHtmlCacheBehavior [ RunTime:0.001000s ]
INFO: [ view_filter ] --END-- [ RunTime:0.001000s ]
INFO: [ app_end ] --START--
INFO: Run Behavior\ShowPageTraceBehavior [ RunTime:0.001000s ]
INFO: [ app_end ] --END-- [ RunTime:0.001000s ]

