[ 2017-02-14T14:00:55+08:00 ] 127.0.0.1 /myysy/admin.php/stockandsale/Goodspackage/actionEditGoodsPackage.html
INFO: [ app_init ] --START--
INFO: Run Behavior\BuildLiteBehavior [ RunTime:0.000011s ]
INFO: [ app_init ] --END-- [ RunTime:0.000562s ]
INFO: [ app_begin ] --START--
INFO: Run Behavior\ReadHtmlCacheBehavior [ RunTime:0.000650s ]
INFO: [ app_begin ] --END-- [ RunTime:0.000696s ]
SQL: SHOW COLUMNS FROM `think_user` [ RunTime:0.0052s ]
SQL: SELECT u.username as username,ru.user_id,ru.role_id,r.name as role_name,a.node_id,n.name as node_name,n.title as node_title,n.pid,n.level FROM think_user u INNER JOIN think_role_user AS ru ON ru.user_id = u.id INNER JOIN think_role AS r ON r.id = ru.role_id INNER JOIN think_access AS a ON a.role_id = r.id INNER JOIN think_node AS n ON a.node_id = n.id  WHERE ( ru.user_id = 1 )  [ RunTime:0.0014s ]
NOTIC: [8] Undefined index: url D:\phpStudy\WWW\myysy\AdminApplication\Admin\Controller\Body\BodyController.class.php 第 64 行.
NOTIC: [8] Undefined index: url D:\phpStudy\WWW\myysy\AdminApplication\Admin\Controller\Body\BodyController.class.php 第 64 行.
NOTIC: [8] Undefined index: url D:\phpStudy\WWW\myysy\AdminApplication\Admin\Controller\Body\BodyController.class.php 第 64 行.
NOTIC: [8] Undefined index: url D:\phpStudy\WWW\myysy\AdminApplication\Admin\Controller\Body\BodyController.class.php 第 167 行.
NOTIC: [8] Undefined index: url D:\phpStudy\WWW\myysy\AdminApplication\Admin\Controller\Body\BodyController.class.php 第 167 行.
NOTIC: [8] Undefined index: url D:\phpStudy\WWW\myysy\AdminApplication\Admin\Controller\Body\BodyController.class.php 第 167 行.
NOTIC: [8] Undefined index: url D:\phpStudy\WWW\myysy\AdminApplication\Admin\Controller\Body\BodyController.class.php 第 167 行.
SQL: SHOW COLUMNS FROM `think_ysy_goods` [ RunTime:0.0048s ]
SQL: SELECT `goods_id`,`goods_name` FROM `think_ysy_goods`  [ RunTime:0.0003s ]
NOTIC: [8] Undefined variable: goodsPackeageFromDb D:\phpStudy\WWW\myysy\AdminApplication\Admin\Controller\Stockandsale\GoodspackageController.class.php 第 68 行.
NOTIC: [8] Undefined variable: goodsPackeageFromDb D:\phpStudy\WWW\myysy\AdminApplication\Admin\Controller\Stockandsale\GoodspackageController.class.php 第 69 行.
NOTIC: [8] Undefined variable: goodsPackeagePriceFromDb D:\phpStudy\WWW\myysy\AdminApplication\Admin\Controller\Stockandsale\GoodspackageController.class.php 第 70 行.
INFO: [ view_parse ] --START--
INFO: [ template_filter ] --START--
INFO: Run Behavior\ContentReplaceBehavior [ RunTime:0.000051s ]
INFO: [ template_filter ] --END-- [ RunTime:0.000093s ]
INFO: Run Behavior\ParseTemplateBehavior [ RunTime:0.007847s ]
INFO: [ view_parse ] --END-- [ RunTime:0.007907s ]
INFO: [ view_filter ] --START--
INFO: Run Behavior\WriteHtmlCacheBehavior [ RunTime:0.000477s ]
INFO: [ view_filter ] --END-- [ RunTime:0.000510s ]
INFO: [ app_end ] --START--
INFO: Run Behavior\ShowPageTraceBehavior [ RunTime:0.000747s ]
INFO: [ app_end ] --END-- [ RunTime:0.000804s ]

[ 2017-02-14T14:01:01+08:00 ] 127.0.0.1 /myysy/admin.php/stockandsale/ManageGoods
INFO: [ app_init ] --START--
INFO: Run Behavior\BuildLiteBehavior [ RunTime:0.000018s ]
INFO: [ app_init ] --END-- [ RunTime:0.000701s ]
INFO: [ app_begin ] --START--
INFO: Run Behavior\ReadHtmlCacheBehavior [ RunTime:0.000859s ]
INFO: [ app_begin ] --END-- [ RunTime:0.000943s ]
SQL: SHOW COLUMNS FROM `think_user` [ RunTime:0.0070s ]
SQL: SELECT u.username as username,ru.user_id,ru.role_id,r.name as role_name,a.node_id,n.name as node_name,n.title as node_title,n.pid,n.level FROM think_user u INNER JOIN think_role_user AS ru ON ru.user_id = u.id INNER JOIN think_role AS r ON r.id = ru.role_id INNER JOIN think_access AS a ON a.role_id = r.id INNER JOIN think_node AS n ON a.node_id = n.id  WHERE ( ru.user_id = 1 )  [ RunTime:0.0014s ]
NOTIC: [8] Undefined index: url D:\phpStudy\WWW\myysy\AdminApplication\Admin\Controller\Body\BodyController.class.php 第 64 行.
NOTIC: [8] Undefined index: url D:\phpStudy\WWW\myysy\AdminApplication\Admin\Controller\Body\BodyController.class.php 第 64 行.
NOTIC: [8] Undefined index: url D:\phpStudy\WWW\myysy\AdminApplication\Admin\Controller\Body\BodyController.class.php 第 64 行.
NOTIC: [8] Undefined index: url D:\phpStudy\WWW\myysy\AdminApplication\Admin\Controller\Body\BodyController.class.php 第 167 行.
NOTIC: [8] Undefined index: url D:\phpStudy\WWW\myysy\AdminApplication\Admin\Controller\Body\BodyController.class.php 第 167 行.
NOTIC: [8] Undefined index: url D:\phpStudy\WWW\myysy\AdminApplication\Admin\Controller\Body\BodyController.class.php 第 167 行.
NOTIC: [8] Undefined index: url D:\phpStudy\WWW\myysy\AdminApplication\Admin\Controller\Body\BodyController.class.php 第 167 行.
SQL: SHOW COLUMNS FROM `think_ysy_goods` [ RunTime:0.0067s ]
SQL: SELECT g.goods_id,s.goods_num,g.format_id,g.goods_name,f.format_id,f.format_name FROM think_ysy_goods g INNER JOIN think_ysy_stock AS s ON s.goods_id = g.goods_id INNER JOIN think_ysy_format AS f ON f.format_id = g.format_id   [ RunTime:0.0004s ]
INFO: [ view_parse ] --START--
INFO: [ template_filter ] --START--
INFO: Run Behavior\ContentReplaceBehavior [ RunTime:0.000051s ]
INFO: [ template_filter ] --END-- [ RunTime:0.000101s ]
NOTIC: [8] Undefined index: checkin_id D:\phpStudy\WWW\myysy\AdminApplication\Runtime\Cache\Admin\1019c64dae76f0413a6c3401fe884c86.php 第 39 行.
NOTIC: [8] Undefined index: checkin_id D:\phpStudy\WWW\myysy\AdminApplication\Runtime\Cache\Admin\1019c64dae76f0413a6c3401fe884c86.php 第 39 行.
NOTIC: [8] Undefined variable: showPage D:\phpStudy\WWW\myysy\AdminApplication\Runtime\Cache\Admin\1019c64dae76f0413a6c3401fe884c86.php 第 45 行.
INFO: Run Behavior\ParseTemplateBehavior [ RunTime:0.011116s ]
INFO: [ view_parse ] --END-- [ RunTime:0.011166s ]
INFO: [ view_filter ] --START--
INFO: Run Behavior\WriteHtmlCacheBehavior [ RunTime:0.000413s ]
INFO: [ view_filter ] --END-- [ RunTime:0.000447s ]
INFO: [ app_end ] --START--
INFO: Run Behavior\ShowPageTraceBehavior [ RunTime:0.000693s ]
INFO: [ app_end ] --END-- [ RunTime:0.000746s ]

[ 2017-02-14T14:01:04+08:00 ] 127.0.0.1 /myysy/admin.php/stockandsale/Checkin/actionEditCheckIn.html?checkin=
INFO: [ app_init ] --START--
INFO: Run Behavior\BuildLiteBehavior [ RunTime:0.000011s ]
INFO: [ app_init ] --END-- [ RunTime:0.000547s ]
INFO: [ app_begin ] --START--
INFO: Run Behavior\ReadHtmlCacheBehavior [ RunTime:0.000921s ]
INFO: [ app_begin ] --END-- [ RunTime:0.001222s ]
SQL: SHOW COLUMNS FROM `think_user` [ RunTime:0.0053s ]
SQL: SELECT u.username as username,ru.user_id,ru.role_id,r.name as role_name,a.node_id,n.name as node_name,n.title as node_title,n.pid,n.level FROM think_user u INNER JOIN think_role_user AS ru ON ru.user_id = u.id INNER JOIN think_role AS r ON r.id = ru.role_id INNER JOIN think_access AS a ON a.role_id = r.id INNER JOIN think_node AS n ON a.node_id = n.id  WHERE ( ru.user_id = 1 )  [ RunTime:0.0020s ]
NOTIC: [8] Undefined index: url D:\phpStudy\WWW\myysy\AdminApplication\Admin\Controller\Body\BodyController.class.php 第 64 行.
NOTIC: [8] Undefined index: url D:\phpStudy\WWW\myysy\AdminApplication\Admin\Controller\Body\BodyController.class.php 第 64 行.
NOTIC: [8] Undefined index: url D:\phpStudy\WWW\myysy\AdminApplication\Admin\Controller\Body\BodyController.class.php 第 64 行.
NOTIC: [8] Undefined index: url D:\phpStudy\WWW\myysy\AdminApplication\Admin\Controller\Body\BodyController.class.php 第 167 行.
NOTIC: [8] Undefined index: url D:\phpStudy\WWW\myysy\AdminApplication\Admin\Controller\Body\BodyController.class.php 第 167 行.
NOTIC: [8] Undefined index: url D:\phpStudy\WWW\myysy\AdminApplication\Admin\Controller\Body\BodyController.class.php 第 167 行.
NOTIC: [8] Undefined index: url D:\phpStudy\WWW\myysy\AdminApplication\Admin\Controller\Body\BodyController.class.php 第 167 行.
SQL: SHOW COLUMNS FROM `think_ysy_goods` [ RunTime:0.0048s ]
SQL: SELECT * FROM `think_ysy_goods`  [ RunTime:0.0003s ]
INFO: [ view_parse ] --START--
INFO: [ template_filter ] --START--
INFO: Run Behavior\ContentReplaceBehavior [ RunTime:0.000040s ]
INFO: [ template_filter ] --END-- [ RunTime:0.000079s ]
INFO: Run Behavior\ParseTemplateBehavior [ RunTime:0.005998s ]
INFO: [ view_parse ] --END-- [ RunTime:0.006052s ]
INFO: [ view_filter ] --START--
INFO: Run Behavior\WriteHtmlCacheBehavior [ RunTime:0.000521s ]
INFO: [ view_filter ] --END-- [ RunTime:0.000572s ]
INFO: [ app_end ] --START--
INFO: Run Behavior\ShowPageTraceBehavior [ RunTime:0.000673s ]
INFO: [ app_end ] --END-- [ RunTime:0.000715s ]

[ 2017-02-14T14:01:11+08:00 ] 127.0.0.1 /myysy/admin.php/stockandsale/Goodspackage
INFO: [ app_init ] --START--
INFO: Run Behavior\BuildLiteBehavior [ RunTime:0.000014s ]
INFO: [ app_init ] --END-- [ RunTime:0.000602s ]
INFO: [ app_begin ] --START--
INFO: Run Behavior\ReadHtmlCacheBehavior [ RunTime:0.000646s ]
INFO: [ app_begin ] --END-- [ RunTime:0.000690s ]
SQL: SHOW COLUMNS FROM `think_user` [ RunTime:0.0053s ]
SQL: SELECT u.username as username,ru.user_id,ru.role_id,r.name as role_name,a.node_id,n.name as node_name,n.title as node_title,n.pid,n.level FROM think_user u INNER JOIN think_role_user AS ru ON ru.user_id = u.id INNER JOIN think_role AS r ON r.id = ru.role_id INNER JOIN think_access AS a ON a.role_id = r.id INNER JOIN think_node AS n ON a.node_id = n.id  WHERE ( ru.user_id = 1 )  [ RunTime:0.0012s ]
NOTIC: [8] Undefined index: url D:\phpStudy\WWW\myysy\AdminApplication\Admin\Controller\Body\BodyController.class.php 第 64 行.
NOTIC: [8] Undefined index: url D:\phpStudy\WWW\myysy\AdminApplication\Admin\Controller\Body\BodyController.class.php 第 64 行.
NOTIC: [8] Undefined index: url D:\phpStudy\WWW\myysy\AdminApplication\Admin\Controller\Body\BodyController.class.php 第 64 行.
NOTIC: [8] Undefined index: url D:\phpStudy\WWW\myysy\AdminApplication\Admin\Controller\Body\BodyController.class.php 第 167 行.
NOTIC: [8] Undefined index: url D:\phpStudy\WWW\myysy\AdminApplication\Admin\Controller\Body\BodyController.class.php 第 167 行.
NOTIC: [8] Undefined index: url D:\phpStudy\WWW\myysy\AdminApplication\Admin\Controller\Body\BodyController.class.php 第 167 行.
NOTIC: [8] Undefined index: url D:\phpStudy\WWW\myysy\AdminApplication\Admin\Controller\Body\BodyController.class.php 第 167 行.
SQL: SHOW COLUMNS FROM `think_ysy_goodspackage` [ RunTime:0.0051s ]
SQL: SELECT * FROM `think_ysy_goodspackage`  [ RunTime:0.0004s ]
INFO: [ view_parse ] --START--
INFO: [ template_filter ] --START--
INFO: Run Behavior\ContentReplaceBehavior [ RunTime:0.000032s ]
INFO: [ template_filter ] --END-- [ RunTime:0.000069s ]
NOTIC: [8] Undefined variable: showPage D:\phpStudy\WWW\myysy\AdminApplication\Runtime\Cache\Admin\fcf0d44c22039fc637c47e637165ca86.php 第 48 行.
INFO: Run Behavior\ParseTemplateBehavior [ RunTime:0.006764s ]
INFO: [ view_parse ] --END-- [ RunTime:0.006804s ]
INFO: [ view_filter ] --START--
INFO: Run Behavior\WriteHtmlCacheBehavior [ RunTime:0.000393s ]
INFO: [ view_filter ] --END-- [ RunTime:0.000434s ]
INFO: [ app_end ] --START--
INFO: Run Behavior\ShowPageTraceBehavior [ RunTime:0.000614s ]
INFO: [ app_end ] --END-- [ RunTime:0.000647s ]

[ 2017-02-14T14:01:14+08:00 ] 127.0.0.1 /myysy/admin.php/stockandsale/Goodspackage/actionEditGoodsPackage.html?packageid=2
INFO: [ app_init ] --START--
INFO: Run Behavior\BuildLiteBehavior [ RunTime:0.000013s ]
INFO: [ app_init ] --END-- [ RunTime:0.000529s ]
INFO: [ app_begin ] --START--
INFO: Run Behavior\ReadHtmlCacheBehavior [ RunTime:0.000577s ]
INFO: [ app_begin ] --END-- [ RunTime:0.000636s ]
SQL: SHOW COLUMNS FROM `think_user` [ RunTime:0.0054s ]
SQL: SELECT u.username as username,ru.user_id,ru.role_id,r.name as role_name,a.node_id,n.name as node_name,n.title as node_title,n.pid,n.level FROM think_user u INNER JOIN think_role_user AS ru ON ru.user_id = u.id INNER JOIN think_role AS r ON r.id = ru.role_id INNER JOIN think_access AS a ON a.role_id = r.id INNER JOIN think_node AS n ON a.node_id = n.id  WHERE ( ru.user_id = 1 )  [ RunTime:0.0017s ]
NOTIC: [8] Undefined index: url D:\phpStudy\WWW\myysy\AdminApplication\Admin\Controller\Body\BodyController.class.php 第 64 行.
NOTIC: [8] Undefined index: url D:\phpStudy\WWW\myysy\AdminApplication\Admin\Controller\Body\BodyController.class.php 第 64 行.
NOTIC: [8] Undefined index: url D:\phpStudy\WWW\myysy\AdminApplication\Admin\Controller\Body\BodyController.class.php 第 64 行.
NOTIC: [8] Undefined index: url D:\phpStudy\WWW\myysy\AdminApplication\Admin\Controller\Body\BodyController.class.php 第 167 行.
NOTIC: [8] Undefined index: url D:\phpStudy\WWW\myysy\AdminApplication\Admin\Controller\Body\BodyController.class.php 第 167 行.
NOTIC: [8] Undefined index: url D:\phpStudy\WWW\myysy\AdminApplication\Admin\Controller\Body\BodyController.class.php 第 167 行.
NOTIC: [8] Undefined index: url D:\phpStudy\WWW\myysy\AdminApplication\Admin\Controller\Body\BodyController.class.php 第 167 行.
SQL: SHOW COLUMNS FROM `think_ysy_goodspackage` [ RunTime:0.0049s ]
SQL: SELECT * FROM think_ysy_goodspackage gp INNER JOIN think_ysy_goodspackageinfo as gs ON gp.id = gs.packageid   WHERE ( gp.id = 2 )  [ RunTime:0.0006s ]
SQL: SHOW COLUMNS FROM `think_ysy_packageprice` [ RunTime:0.0052s ]
SQL: SELECT * FROM `think_ysy_packageprice` WHERE ( packageid = 2 )  [ RunTime:0.0003s ]
SQL: SHOW COLUMNS FROM `think_ysy_goods` [ RunTime:0.0051s ]
SQL: SELECT `goods_id`,`goods_name` FROM `think_ysy_goods`  [ RunTime:0.0004s ]
INFO: [ view_parse ] --START--
INFO: [ template_filter ] --START--
INFO: Run Behavior\ContentReplaceBehavior [ RunTime:0.000050s ]
INFO: [ template_filter ] --END-- [ RunTime:0.000092s ]
NOTIC: [8] Undefined offset: 0 D:\phpStudy\WWW\myysy\AdminApplication\Runtime\Cache\Admin\df5fd7aaa2cbe00c96e41644ae8550da.php 第 26 行.
NOTIC: [8] Undefined offset: 0 D:\phpStudy\WWW\myysy\AdminApplication\Runtime\Cache\Admin\df5fd7aaa2cbe00c96e41644ae8550da.php 第 33 行.
NOTIC: [8] Undefined offset: 0 D:\phpStudy\WWW\myysy\AdminApplication\Runtime\Cache\Admin\df5fd7aaa2cbe00c96e41644ae8550da.php 第 43 行.
NOTIC: [8] Undefined offset: 1 D:\phpStudy\WWW\myysy\AdminApplication\Runtime\Cache\Admin\df5fd7aaa2cbe00c96e41644ae8550da.php 第 43 行.
NOTIC: [8] Undefined offset: 2 D:\phpStudy\WWW\myysy\AdminApplication\Runtime\Cache\Admin\df5fd7aaa2cbe00c96e41644ae8550da.php 第 43 行.
NOTIC: [8] Undefined offset: 3 D:\phpStudy\WWW\myysy\AdminApplication\Runtime\Cache\Admin\df5fd7aaa2cbe00c96e41644ae8550da.php 第 43 行.
NOTIC: [8] Undefined offset: 4 D:\phpStudy\WWW\myysy\AdminApplication\Runtime\Cache\Admin\df5fd7aaa2cbe00c96e41644ae8550da.php 第 43 行.
NOTIC: [8] Undefined offset: 5 D:\phpStudy\WWW\myysy\AdminApplication\Runtime\Cache\Admin\df5fd7aaa2cbe00c96e41644ae8550da.php 第 43 行.
NOTIC: [8] Undefined offset: 6 D:\phpStudy\WWW\myysy\AdminApplication\Runtime\Cache\Admin\df5fd7aaa2cbe00c96e41644ae8550da.php 第 43 行.
INFO: Run Behavior\ParseTemplateBehavior [ RunTime:0.007482s ]
INFO: [ view_parse ] --END-- [ RunTime:0.007525s ]
INFO: [ view_filter ] --START--
INFO: Run Behavior\WriteHtmlCacheBehavior [ RunTime:0.000391s ]
INFO: [ view_filter ] --END-- [ RunTime:0.000426s ]
INFO: [ app_end ] --START--
INFO: Run Behavior\ShowPageTraceBehavior [ RunTime:0.000636s ]
INFO: [ app_end ] --END-- [ RunTime:0.000678s ]

[ 2017-02-14T14:01:18+08:00 ] 127.0.0.1 /myysy/admin.php/stockandsale/Goodspackage/actionEditGoodsPackage.html?packageid=2147483647
INFO: [ app_init ] --START--
INFO: Run Behavior\BuildLiteBehavior [ RunTime:0.000012s ]
INFO: [ app_init ] --END-- [ RunTime:0.000595s ]
INFO: [ app_begin ] --START--
INFO: Run Behavior\ReadHtmlCacheBehavior [ RunTime:0.000740s ]
INFO: [ app_begin ] --END-- [ RunTime:0.000808s ]
SQL: SHOW COLUMNS FROM `think_user` [ RunTime:0.0054s ]
SQL: SELECT u.username as username,ru.user_id,ru.role_id,r.name as role_name,a.node_id,n.name as node_name,n.title as node_title,n.pid,n.level FROM think_user u INNER JOIN think_role_user AS ru ON ru.user_id = u.id INNER JOIN think_role AS r ON r.id = ru.role_id INNER JOIN think_access AS a ON a.role_id = r.id INNER JOIN think_node AS n ON a.node_id = n.id  WHERE ( ru.user_id = 1 )  [ RunTime:0.0011s ]
NOTIC: [8] Undefined index: url D:\phpStudy\WWW\myysy\AdminApplication\Admin\Controller\Body\BodyController.class.php 第 64 行.
NOTIC: [8] Undefined index: url D:\phpStudy\WWW\myysy\AdminApplication\Admin\Controller\Body\BodyController.class.php 第 64 行.
NOTIC: [8] Undefined index: url D:\phpStudy\WWW\myysy\AdminApplication\Admin\Controller\Body\BodyController.class.php 第 64 行.
NOTIC: [8] Undefined index: url D:\phpStudy\WWW\myysy\AdminApplication\Admin\Controller\Body\BodyController.class.php 第 167 行.
NOTIC: [8] Undefined index: url D:\phpStudy\WWW\myysy\AdminApplication\Admin\Controller\Body\BodyController.class.php 第 167 行.
NOTIC: [8] Undefined index: url D:\phpStudy\WWW\myysy\AdminApplication\Admin\Controller\Body\BodyController.class.php 第 167 行.
NOTIC: [8] Undefined index: url D:\phpStudy\WWW\myysy\AdminApplication\Admin\Controller\Body\BodyController.class.php 第 167 行.
SQL: SHOW COLUMNS FROM `think_ysy_goodspackage` [ RunTime:0.0048s ]
SQL: SELECT * FROM think_ysy_goodspackage gp INNER JOIN think_ysy_goodspackageinfo as gs ON gp.id = gs.packageid   WHERE ( gp.id = 2147483647 )  [ RunTime:0.0004s ]
SQL: SHOW COLUMNS FROM `think_ysy_packageprice` [ RunTime:0.0048s ]
SQL: SELECT * FROM `think_ysy_packageprice` WHERE ( packageid = 2147483647 )  [ RunTime:0.0003s ]
SQL: SHOW COLUMNS FROM `think_ysy_goods` [ RunTime:0.0048s ]
SQL: SELECT `goods_id`,`goods_name` FROM `think_ysy_goods`  [ RunTime:0.0003s ]
INFO: [ view_parse ] --START--
INFO: [ template_filter ] --START--
INFO: Run Behavior\ContentReplaceBehavior [ RunTime:0.000053s ]
INFO: [ template_filter ] --END-- [ RunTime:0.000096s ]
NOTIC: [8] Undefined offset: 0 D:\phpStudy\WWW\myysy\AdminApplication\Runtime\Cache\Admin\df5fd7aaa2cbe00c96e41644ae8550da.php 第 26 行.
NOTIC: [8] Undefined offset: 0 D:\phpStudy\WWW\myysy\AdminApplication\Runtime\Cache\Admin\df5fd7aaa2cbe00c96e41644ae8550da.php 第 33 行.
NOTIC: [8] Undefined offset: 0 D:\phpStudy\WWW\myysy\AdminApplication\Runtime\Cache\Admin\df5fd7aaa2cbe00c96e41644ae8550da.php 第 43 行.
NOTIC: [8] Undefined offset: 1 D:\phpStudy\WWW\myysy\AdminApplication\Runtime\Cache\Admin\df5fd7aaa2cbe00c96e41644ae8550da.php 第 43 行.
NOTIC: [8] Undefined offset: 2 D:\phpStudy\WWW\myysy\AdminApplication\Runtime\Cache\Admin\df5fd7aaa2cbe00c96e41644ae8550da.php 第 43 行.
NOTIC: [8] Undefined offset: 3 D:\phpStudy\WWW\myysy\AdminApplication\Runtime\Cache\Admin\df5fd7aaa2cbe00c96e41644ae8550da.php 第 43 行.
NOTIC: [8] Undefined offset: 4 D:\phpStudy\WWW\myysy\AdminApplication\Runtime\Cache\Admin\df5fd7aaa2cbe00c96e41644ae8550da.php 第 43 行.
NOTIC: [8] Undefined offset: 5 D:\phpStudy\WWW\myysy\AdminApplication\Runtime\Cache\Admin\df5fd7aaa2cbe00c96e41644ae8550da.php 第 43 行.
NOTIC: [8] Undefined offset: 6 D:\phpStudy\WWW\myysy\AdminApplication\Runtime\Cache\Admin\df5fd7aaa2cbe00c96e41644ae8550da.php 第 43 行.
INFO: Run Behavior\ParseTemplateBehavior [ RunTime:0.008077s ]
INFO: [ view_parse ] --END-- [ RunTime:0.008126s ]
INFO: [ view_filter ] --START--
INFO: Run Behavior\WriteHtmlCacheBehavior [ RunTime:0.000465s ]
INFO: [ view_filter ] --END-- [ RunTime:0.000494s ]
INFO: [ app_end ] --START--
INFO: Run Behavior\ShowPageTraceBehavior [ RunTime:0.000764s ]
INFO: [ app_end ] --END-- [ RunTime:0.000818s ]

[ 2017-02-14T14:01:23+08:00 ] 127.0.0.1 /myysy/admin.php/stockandsale/Goodspackage/actionEditGoodsPackage.html?packageid=1486733192
INFO: [ app_init ] --START--
INFO: Run Behavior\BuildLiteBehavior [ RunTime:0.000017s ]
INFO: [ app_init ] --END-- [ RunTime:0.000601s ]
INFO: [ app_begin ] --START--
INFO: Run Behavior\ReadHtmlCacheBehavior [ RunTime:0.000895s ]
INFO: [ app_begin ] --END-- [ RunTime:0.000977s ]
SQL: SHOW COLUMNS FROM `think_user` [ RunTime:0.0053s ]
SQL: SELECT u.username as username,ru.user_id,ru.role_id,r.name as role_name,a.node_id,n.name as node_name,n.title as node_title,n.pid,n.level FROM think_user u INNER JOIN think_role_user AS ru ON ru.user_id = u.id INNER JOIN think_role AS r ON r.id = ru.role_id INNER JOIN think_access AS a ON a.role_id = r.id INNER JOIN think_node AS n ON a.node_id = n.id  WHERE ( ru.user_id = 1 )  [ RunTime:0.0013s ]
NOTIC: [8] Undefined index: url D:\phpStudy\WWW\myysy\AdminApplication\Admin\Controller\Body\BodyController.class.php 第 64 行.
NOTIC: [8] Undefined index: url D:\phpStudy\WWW\myysy\AdminApplication\Admin\Controller\Body\BodyController.class.php 第 64 行.
NOTIC: [8] Undefined index: url D:\phpStudy\WWW\myysy\AdminApplication\Admin\Controller\Body\BodyController.class.php 第 64 行.
NOTIC: [8] Undefined index: url D:\phpStudy\WWW\myysy\AdminApplication\Admin\Controller\Body\BodyController.class.php 第 167 行.
NOTIC: [8] Undefined index: url D:\phpStudy\WWW\myysy\AdminApplication\Admin\Controller\Body\BodyController.class.php 第 167 行.
NOTIC: [8] Undefined index: url D:\phpStudy\WWW\myysy\AdminApplication\Admin\Controller\Body\BodyController.class.php 第 167 行.
NOTIC: [8] Undefined index: url D:\phpStudy\WWW\myysy\AdminApplication\Admin\Controller\Body\BodyController.class.php 第 167 行.
SQL: SHOW COLUMNS FROM `think_ysy_goodspackage` [ RunTime:0.0055s ]
SQL: SELECT * FROM think_ysy_goodspackage gp INNER JOIN think_ysy_goodspackageinfo as gs ON gp.id = gs.packageid   WHERE ( gp.id = 1486733192 )  [ RunTime:0.0004s ]
SQL: SHOW COLUMNS FROM `think_ysy_packageprice` [ RunTime:0.0048s ]
SQL: SELECT * FROM `think_ysy_packageprice` WHERE ( packageid = 1486733192 )  [ RunTime:0.0003s ]
SQL: SHOW COLUMNS FROM `think_ysy_goods` [ RunTime:0.0051s ]
SQL: SELECT `goods_id`,`goods_name` FROM `think_ysy_goods`  [ RunTime:0.0004s ]
INFO: [ view_parse ] --START--
INFO: [ template_filter ] --START--
INFO: Run Behavior\ContentReplaceBehavior [ RunTime:0.000062s ]
INFO: [ template_filter ] --END-- [ RunTime:0.000113s ]
NOTIC: [8] Undefined offset: 0 D:\phpStudy\WWW\myysy\AdminApplication\Runtime\Cache\Admin\df5fd7aaa2cbe00c96e41644ae8550da.php 第 26 行.
NOTIC: [8] Undefined offset: 0 D:\phpStudy\WWW\myysy\AdminApplication\Runtime\Cache\Admin\df5fd7aaa2cbe00c96e41644ae8550da.php 第 33 行.
NOTIC: [8] Undefined offset: 0 D:\phpStudy\WWW\myysy\AdminApplication\Runtime\Cache\Admin\df5fd7aaa2cbe00c96e41644ae8550da.php 第 43 行.
NOTIC: [8] Undefined offset: 1 D:\phpStudy\WWW\myysy\AdminApplication\Runtime\Cache\Admin\df5fd7aaa2cbe00c96e41644ae8550da.php 第 43 行.
NOTIC: [8] Undefined offset: 2 D:\phpStudy\WWW\myysy\AdminApplication\Runtime\Cache\Admin\df5fd7aaa2cbe00c96e41644ae8550da.php 第 43 行.
NOTIC: [8] Undefined offset: 3 D:\phpStudy\WWW\myysy\AdminApplication\Runtime\Cache\Admin\df5fd7aaa2cbe00c96e41644ae8550da.php 第 43 行.
NOTIC: [8] Undefined offset: 4 D:\phpStudy\WWW\myysy\AdminApplication\Runtime\Cache\Admin\df5fd7aaa2cbe00c96e41644ae8550da.php 第 43 行.
NOTIC: [8] Undefined offset: 5 D:\phpStudy\WWW\myysy\AdminApplication\Runtime\Cache\Admin\df5fd7aaa2cbe00c96e41644ae8550da.php 第 43 行.
NOTIC: [8] Undefined offset: 6 D:\phpStudy\WWW\myysy\AdminApplication\Runtime\Cache\Admin\df5fd7aaa2cbe00c96e41644ae8550da.php 第 43 行.
INFO: Run Behavior\ParseTemplateBehavior [ RunTime:0.007769s ]
INFO: [ view_parse ] --END-- [ RunTime:0.007828s ]
INFO: [ view_filter ] --START--
INFO: Run Behavior\WriteHtmlCacheBehavior [ RunTime:0.000437s ]
INFO: [ view_filter ] --END-- [ RunTime:0.000479s ]
INFO: [ app_end ] --START--
INFO: Run Behavior\ShowPageTraceBehavior [ RunTime:0.000549s ]
INFO: [ app_end ] --END-- [ RunTime:0.000588s ]

[ 2017-02-14T14:01:27+08:00 ] 127.0.0.1 /myysy/admin.php/stockandsale/Goodspackage/actionEditGoodsPackage.html?packageid=1486733119
INFO: [ app_init ] --START--
INFO: Run Behavior\BuildLiteBehavior [ RunTime:0.000014s ]
INFO: [ app_init ] --END-- [ RunTime:0.000456s ]
INFO: [ app_begin ] --START--
INFO: Run Behavior\ReadHtmlCacheBehavior [ RunTime:0.000633s ]
INFO: [ app_begin ] --END-- [ RunTime:0.000687s ]
SQL: SHOW COLUMNS FROM `think_user` [ RunTime:0.0053s ]
SQL: SELECT u.username as username,ru.user_id,ru.role_id,r.name as role_name,a.node_id,n.name as node_name,n.title as node_title,n.pid,n.level FROM think_user u INNER JOIN think_role_user AS ru ON ru.user_id = u.id INNER JOIN think_role AS r ON r.id = ru.role_id INNER JOIN think_access AS a ON a.role_id = r.id INNER JOIN think_node AS n ON a.node_id = n.id  WHERE ( ru.user_id = 1 )  [ RunTime:0.0013s ]
NOTIC: [8] Undefined index: url D:\phpStudy\WWW\myysy\AdminApplication\Admin\Controller\Body\BodyController.class.php 第 64 行.
NOTIC: [8] Undefined index: url D:\phpStudy\WWW\myysy\AdminApplication\Admin\Controller\Body\BodyController.class.php 第 64 行.
NOTIC: [8] Undefined index: url D:\phpStudy\WWW\myysy\AdminApplication\Admin\Controller\Body\BodyController.class.php 第 64 行.
NOTIC: [8] Undefined index: url D:\phpStudy\WWW\myysy\AdminApplication\Admin\Controller\Body\BodyController.class.php 第 167 行.
NOTIC: [8] Undefined index: url D:\phpStudy\WWW\myysy\AdminApplication\Admin\Controller\Body\BodyController.class.php 第 167 行.
NOTIC: [8] Undefined index: url D:\phpStudy\WWW\myysy\AdminApplication\Admin\Controller\Body\BodyController.class.php 第 167 行.
NOTIC: [8] Undefined index: url D:\phpStudy\WWW\myysy\AdminApplication\Admin\Controller\Body\BodyController.class.php 第 167 行.
SQL: SHOW COLUMNS FROM `think_ysy_goodspackage` [ RunTime:0.0047s ]
SQL: SELECT * FROM think_ysy_goodspackage gp INNER JOIN think_ysy_goodspackageinfo as gs ON gp.id = gs.packageid   WHERE ( gp.id = 1486733119 )  [ RunTime:0.0005s ]
SQL: SHOW COLUMNS FROM `think_ysy_packageprice` [ RunTime:0.0051s ]
SQL: SELECT * FROM `think_ysy_packageprice` WHERE ( packageid = 1486733119 )  [ RunTime:0.0004s ]
SQL: SHOW COLUMNS FROM `think_ysy_goods` [ RunTime:0.0053s ]
SQL: SELECT `goods_id`,`goods_name` FROM `think_ysy_goods`  [ RunTime:0.0003s ]
INFO: [ view_parse ] --START--
INFO: [ template_filter ] --START--
INFO: Run Behavior\ContentReplaceBehavior [ RunTime:0.000047s ]
INFO: [ template_filter ] --END-- [ RunTime:0.000085s ]
INFO: Run Behavior\ParseTemplateBehavior [ RunTime:0.007246s ]
INFO: [ view_parse ] --END-- [ RunTime:0.007302s ]
INFO: [ view_filter ] --START--
INFO: Run Behavior\WriteHtmlCacheBehavior [ RunTime:0.000469s ]
INFO: [ view_filter ] --END-- [ RunTime:0.000510s ]
INFO: [ app_end ] --START--
INFO: Run Behavior\ShowPageTraceBehavior [ RunTime:0.000706s ]
INFO: [ app_end ] --END-- [ RunTime:0.000771s ]

[ 2017-02-14T14:02:00+08:00 ] 127.0.0.1 /myysy/admin.php/stockandsale/Goodspackage/actionEditGoodsPackage.html?packageid=1486733119
INFO: [ app_init ] --START--
INFO: Run Behavior\BuildLiteBehavior [ RunTime:0.000020s ]
INFO: [ app_init ] --END-- [ RunTime:0.000520s ]
INFO: [ app_begin ] --START--
INFO: Run Behavior\ReadHtmlCacheBehavior [ RunTime:0.000698s ]
INFO: [ app_begin ] --END-- [ RunTime:0.000777s ]
SQL: SHOW COLUMNS FROM `think_user` [ RunTime:0.0054s ]
SQL: SELECT u.username as username,ru.user_id,ru.role_id,r.name as role_name,a.node_id,n.name as node_name,n.title as node_title,n.pid,n.level FROM think_user u INNER JOIN think_role_user AS ru ON ru.user_id = u.id INNER JOIN think_role AS r ON r.id = ru.role_id INNER JOIN think_access AS a ON a.role_id = r.id INNER JOIN think_node AS n ON a.node_id = n.id  WHERE ( ru.user_id = 1 )  [ RunTime:0.0012s ]
NOTIC: [8] Undefined index: url D:\phpStudy\WWW\myysy\AdminApplication\Admin\Controller\Body\BodyController.class.php 第 64 行.
NOTIC: [8] Undefined index: url D:\phpStudy\WWW\myysy\AdminApplication\Admin\Controller\Body\BodyController.class.php 第 64 行.
NOTIC: [8] Undefined index: url D:\phpStudy\WWW\myysy\AdminApplication\Admin\Controller\Body\BodyController.class.php 第 64 行.
NOTIC: [8] Undefined index: url D:\phpStudy\WWW\myysy\AdminApplication\Admin\Controller\Body\BodyController.class.php 第 167 行.
NOTIC: [8] Undefined index: url D:\phpStudy\WWW\myysy\AdminApplication\Admin\Controller\Body\BodyController.class.php 第 167 行.
NOTIC: [8] Undefined index: url D:\phpStudy\WWW\myysy\AdminApplication\Admin\Controller\Body\BodyController.class.php 第 167 行.
NOTIC: [8] Undefined index: url D:\phpStudy\WWW\myysy\AdminApplication\Admin\Controller\Body\BodyController.class.php 第 167 行.
SQL: SHOW COLUMNS FROM `think_ysy_goodspackage` [ RunTime:0.0056s ]
SQL: SELECT * FROM think_ysy_goodspackage gp INNER JOIN think_ysy_goodspackageinfo as gs ON gp.id = gs.packageid   WHERE ( gp.id = 1486733119 )  [ RunTime:0.0004s ]
SQL: SHOW COLUMNS FROM `think_ysy_packageprice` [ RunTime:0.0048s ]
SQL: SELECT * FROM `think_ysy_packageprice` WHERE ( packageid = 1486733119 )  [ RunTime:0.0005s ]
SQL: SHOW COLUMNS FROM `think_ysy_goods` [ RunTime:0.0052s ]
SQL: SELECT `goods_id`,`goods_name` FROM `think_ysy_goods`  [ RunTime:0.0003s ]
INFO: [ view_parse ] --START--
INFO: [ template_filter ] --START--
INFO: Run Behavior\ContentReplaceBehavior [ RunTime:0.000050s ]
INFO: [ template_filter ] --END-- [ RunTime:0.000103s ]
INFO: Run Behavior\ParseTemplateBehavior [ RunTime:0.007134s ]
INFO: [ view_parse ] --END-- [ RunTime:0.007176s ]
INFO: [ view_filter ] --START--
INFO: Run Behavior\WriteHtmlCacheBehavior [ RunTime:0.000342s ]
INFO: [ view_filter ] --END-- [ RunTime:0.000369s ]
INFO: [ app_end ] --START--
INFO: Run Behavior\ShowPageTraceBehavior [ RunTime:0.000543s ]
INFO: [ app_end ] --END-- [ RunTime:0.000589s ]

