[ 2017-03-04T09:25:31+08:00 ] 127.0.0.1 /myysy/admin.php/Login/Login/actionLogin.html
INFO: [ app_init ] --START--
INFO: Run Behavior\BuildLiteBehavior [ RunTime:0.000000s ]
INFO: [ app_init ] --END-- [ RunTime:0.000000s ]
INFO: [ app_begin ] --START--
INFO: Run Behavior\ReadHtmlCacheBehavior [ RunTime:0.001000s ]
INFO: [ app_begin ] --END-- [ RunTime:0.001000s ]
INFO: [ view_parse ] --START--
INFO: [ template_filter ] --START--
INFO: Run Behavior\ContentReplaceBehavior [ RunTime:0.000000s ]
INFO: [ template_filter ] --END-- [ RunTime:0.000000s ]
INFO: Run Behavior\ParseTemplateBehavior [ RunTime:0.047002s ]
INFO: [ view_parse ] --END-- [ RunTime:0.047002s ]
INFO: [ view_filter ] --START--
INFO: Run Behavior\WriteHtmlCacheBehavior [ RunTime:0.001001s ]
INFO: [ view_filter ] --END-- [ RunTime:0.001001s ]
INFO: [ app_end ] --START--
INFO: Run Behavior\ShowPageTraceBehavior [ RunTime:0.000000s ]
INFO: [ app_end ] --END-- [ RunTime:0.000000s ]

[ 2017-03-04T09:25:34+08:00 ] 127.0.0.1 /myysy/admin.php/Login/Login/actionCheckUserInfo.html?username=wudan&password=wd811103
INFO: [ app_init ] --START--
INFO: Run Behavior\BuildLiteBehavior [ RunTime:0.000000s ]
INFO: [ app_init ] --END-- [ RunTime:0.000000s ]
INFO: [ app_begin ] --START--
INFO: Run Behavior\ReadHtmlCacheBehavior [ RunTime:0.000000s ]
INFO: [ app_begin ] --END-- [ RunTime:0.000000s ]
SQL: SHOW COLUMNS FROM `think_user` [ RunTime:0.0060s ]
SQL: SELECT * FROM `think_user` WHERE ( username = 'wudan' AND password = '883327915c4022331b5abcb9da2a390c' ) LIMIT 1   [ RunTime:0.0000s ]
INFO: [ view_parse ] --START--
INFO: [ template_filter ] --START--
INFO: Run Behavior\ContentReplaceBehavior [ RunTime:0.000000s ]
INFO: [ template_filter ] --END-- [ RunTime:0.000000s ]
INFO: Run Behavior\ParseTemplateBehavior [ RunTime:0.032002s ]
INFO: [ view_parse ] --END-- [ RunTime:0.032002s ]
INFO: [ view_filter ] --START--
INFO: Run Behavior\WriteHtmlCacheBehavior [ RunTime:0.000000s ]
INFO: [ view_filter ] --END-- [ RunTime:0.000000s ]
INFO: [ app_end ] --START--
INFO: Run Behavior\ShowPageTraceBehavior [ RunTime:0.001000s ]
INFO: [ app_end ] --END-- [ RunTime:0.001000s ]

[ 2017-03-04T09:25:35+08:00 ] 127.0.0.1 /myysy/admin.php/statistics.html
INFO: [ app_init ] --START--
INFO: Run Behavior\BuildLiteBehavior [ RunTime:0.000000s ]
INFO: [ app_init ] --END-- [ RunTime:0.001000s ]
INFO: [ app_begin ] --START--
INFO: Run Behavior\ReadHtmlCacheBehavior [ RunTime:0.000000s ]
INFO: [ app_begin ] --END-- [ RunTime:0.000000s ]
SQL: SHOW COLUMNS FROM `think_user` [ RunTime:0.0050s ]
SQL: SELECT u.username as username,ru.user_id,ru.role_id,r.name as role_name,a.node_id,n.name as node_name,n.title as node_title,n.pid,n.level FROM think_user u INNER JOIN think_role_user AS ru ON ru.user_id = u.id INNER JOIN think_role AS r ON r.id = ru.role_id INNER JOIN think_access AS a ON a.role_id = r.id INNER JOIN think_node AS n ON a.node_id = n.id  WHERE ( ru.user_id = 1 )  [ RunTime:0.0020s ]
NOTIC: [8] Undefined index: url D:\www\myysy\AdminApplication\Admin\Controller\Body\BodyController.class.php 第 64 行.
NOTIC: [8] Undefined index: url D:\www\myysy\AdminApplication\Admin\Controller\Body\BodyController.class.php 第 64 行.
NOTIC: [8] Undefined index: url D:\www\myysy\AdminApplication\Admin\Controller\Body\BodyController.class.php 第 64 行.
NOTIC: [8] Undefined index: url D:\www\myysy\AdminApplication\Admin\Controller\Body\BodyController.class.php 第 64 行.
NOTIC: [8] Undefined index: url D:\www\myysy\AdminApplication\Admin\Controller\Body\BodyController.class.php 第 64 行.
NOTIC: [8] Use of undefined constant CONTROLLER_2_NAME - assumed 'CONTROLLER_2_NAME' D:\www\myysy\AdminApplication\Admin\Controller\Body\BodyController.class.php 第 86 行.
NOTIC: [8] Use of undefined constant CONTROLLER_2_NAME - assumed 'CONTROLLER_2_NAME' D:\www\myysy\AdminApplication\Admin\Controller\Body\BodyController.class.php 第 86 行.
NOTIC: [8] Use of undefined constant CONTROLLER_2_NAME - assumed 'CONTROLLER_2_NAME' D:\www\myysy\AdminApplication\Admin\Controller\Body\BodyController.class.php 第 86 行.
NOTIC: [8] Use of undefined constant CONTROLLER_2_NAME - assumed 'CONTROLLER_2_NAME' D:\www\myysy\AdminApplication\Admin\Controller\Body\BodyController.class.php 第 86 行.
NOTIC: [8] Use of undefined constant CONTROLLER_2_NAME - assumed 'CONTROLLER_2_NAME' D:\www\myysy\AdminApplication\Admin\Controller\Body\BodyController.class.php 第 86 行.
NOTIC: [8] Undefined index: url D:\www\myysy\AdminApplication\Admin\Controller\Body\BodyController.class.php 第 167 行.
NOTIC: [8] Undefined index: url D:\www\myysy\AdminApplication\Admin\Controller\Body\BodyController.class.php 第 167 行.
NOTIC: [8] Undefined index: url D:\www\myysy\AdminApplication\Admin\Controller\Body\BodyController.class.php 第 167 行.
NOTIC: [8] Undefined index: url D:\www\myysy\AdminApplication\Admin\Controller\Body\BodyController.class.php 第 167 行.
INFO: [ view_parse ] --START--
INFO: [ template_filter ] --START--
INFO: Run Behavior\ContentReplaceBehavior [ RunTime:0.000000s ]
INFO: [ template_filter ] --END-- [ RunTime:0.000000s ]
INFO: Run Behavior\ParseTemplateBehavior [ RunTime:0.006000s ]
INFO: [ view_parse ] --END-- [ RunTime:0.006000s ]
INFO: [ view_filter ] --START--
INFO: Run Behavior\WriteHtmlCacheBehavior [ RunTime:0.001000s ]
INFO: [ view_filter ] --END-- [ RunTime:0.001000s ]
INFO: [ app_end ] --START--
INFO: Run Behavior\ShowPageTraceBehavior [ RunTime:0.000000s ]
INFO: [ app_end ] --END-- [ RunTime:0.000000s ]

[ 2017-03-04T09:25:37+08:00 ] 127.0.0.1 /myysy/admin.php/stockandsale
INFO: [ app_init ] --START--
INFO: Run Behavior\BuildLiteBehavior [ RunTime:0.000000s ]
INFO: [ app_init ] --END-- [ RunTime:0.001000s ]
INFO: [ app_begin ] --START--
INFO: Run Behavior\ReadHtmlCacheBehavior [ RunTime:0.001000s ]
INFO: [ app_begin ] --END-- [ RunTime:0.001000s ]
SQL: SHOW COLUMNS FROM `think_user` [ RunTime:0.0060s ]
SQL: SELECT u.username as username,ru.user_id,ru.role_id,r.name as role_name,a.node_id,n.name as node_name,n.title as node_title,n.pid,n.level FROM think_user u INNER JOIN think_role_user AS ru ON ru.user_id = u.id INNER JOIN think_role AS r ON r.id = ru.role_id INNER JOIN think_access AS a ON a.role_id = r.id INNER JOIN think_node AS n ON a.node_id = n.id  WHERE ( ru.user_id = 1 )  [ RunTime:0.0020s ]
NOTIC: [8] Undefined index: url D:\www\myysy\AdminApplication\Admin\Controller\Body\BodyController.class.php 第 64 行.
NOTIC: [8] Undefined index: url D:\www\myysy\AdminApplication\Admin\Controller\Body\BodyController.class.php 第 64 行.
NOTIC: [8] Undefined index: url D:\www\myysy\AdminApplication\Admin\Controller\Body\BodyController.class.php 第 64 行.
NOTIC: [8] Undefined index: url D:\www\myysy\AdminApplication\Admin\Controller\Body\BodyController.class.php 第 64 行.
NOTIC: [8] Use of undefined constant CONTROLLER_2_NAME - assumed 'CONTROLLER_2_NAME' D:\www\myysy\AdminApplication\Admin\Controller\Body\BodyController.class.php 第 86 行.
NOTIC: [8] Use of undefined constant CONTROLLER_2_NAME - assumed 'CONTROLLER_2_NAME' D:\www\myysy\AdminApplication\Admin\Controller\Body\BodyController.class.php 第 86 行.
NOTIC: [8] Use of undefined constant CONTROLLER_2_NAME - assumed 'CONTROLLER_2_NAME' D:\www\myysy\AdminApplication\Admin\Controller\Body\BodyController.class.php 第 86 行.
NOTIC: [8] Use of undefined constant CONTROLLER_2_NAME - assumed 'CONTROLLER_2_NAME' D:\www\myysy\AdminApplication\Admin\Controller\Body\BodyController.class.php 第 86 行.
NOTIC: [8] Undefined index: url D:\www\myysy\AdminApplication\Admin\Controller\Body\BodyController.class.php 第 167 行.
NOTIC: [8] Undefined index: url D:\www\myysy\AdminApplication\Admin\Controller\Body\BodyController.class.php 第 167 行.
NOTIC: [8] Undefined index: url D:\www\myysy\AdminApplication\Admin\Controller\Body\BodyController.class.php 第 167 行.
NOTIC: [8] Undefined index: url D:\www\myysy\AdminApplication\Admin\Controller\Body\BodyController.class.php 第 167 行.
INFO: [ view_parse ] --START--
INFO: [ template_filter ] --START--
INFO: Run Behavior\ContentReplaceBehavior [ RunTime:0.000000s ]
INFO: [ template_filter ] --END-- [ RunTime:0.000000s ]
INFO: Run Behavior\ParseTemplateBehavior [ RunTime:0.005001s ]
INFO: [ view_parse ] --END-- [ RunTime:0.005001s ]
INFO: [ view_filter ] --START--
INFO: Run Behavior\WriteHtmlCacheBehavior [ RunTime:0.000000s ]
INFO: [ view_filter ] --END-- [ RunTime:0.000000s ]
INFO: [ app_end ] --START--
INFO: Run Behavior\ShowPageTraceBehavior [ RunTime:0.001000s ]
INFO: [ app_end ] --END-- [ RunTime:0.001000s ]

[ 2017-03-04T09:25:40+08:00 ] 127.0.0.1 /myysy/admin.php/stockandsale
INFO: [ app_init ] --START--
INFO: Run Behavior\BuildLiteBehavior [ RunTime:0.000000s ]
INFO: [ app_init ] --END-- [ RunTime:0.001000s ]
INFO: [ app_begin ] --START--
INFO: Run Behavior\ReadHtmlCacheBehavior [ RunTime:0.001000s ]
INFO: [ app_begin ] --END-- [ RunTime:0.001000s ]
SQL: SHOW COLUMNS FROM `think_user` [ RunTime:0.0060s ]
SQL: SELECT u.username as username,ru.user_id,ru.role_id,r.name as role_name,a.node_id,n.name as node_name,n.title as node_title,n.pid,n.level FROM think_user u INNER JOIN think_role_user AS ru ON ru.user_id = u.id INNER JOIN think_role AS r ON r.id = ru.role_id INNER JOIN think_access AS a ON a.role_id = r.id INNER JOIN think_node AS n ON a.node_id = n.id  WHERE ( ru.user_id = 1 )  [ RunTime:0.0010s ]
NOTIC: [8] Undefined index: url D:\www\myysy\AdminApplication\Admin\Controller\Body\BodyController.class.php 第 64 行.
NOTIC: [8] Undefined index: url D:\www\myysy\AdminApplication\Admin\Controller\Body\BodyController.class.php 第 64 行.
NOTIC: [8] Undefined index: url D:\www\myysy\AdminApplication\Admin\Controller\Body\BodyController.class.php 第 64 行.
NOTIC: [8] Undefined index: url D:\www\myysy\AdminApplication\Admin\Controller\Body\BodyController.class.php 第 64 行.
NOTIC: [8] Use of undefined constant CONTROLLER_2_NAME - assumed 'CONTROLLER_2_NAME' D:\www\myysy\AdminApplication\Admin\Controller\Body\BodyController.class.php 第 86 行.
NOTIC: [8] Use of undefined constant CONTROLLER_2_NAME - assumed 'CONTROLLER_2_NAME' D:\www\myysy\AdminApplication\Admin\Controller\Body\BodyController.class.php 第 86 行.
NOTIC: [8] Use of undefined constant CONTROLLER_2_NAME - assumed 'CONTROLLER_2_NAME' D:\www\myysy\AdminApplication\Admin\Controller\Body\BodyController.class.php 第 86 行.
NOTIC: [8] Use of undefined constant CONTROLLER_2_NAME - assumed 'CONTROLLER_2_NAME' D:\www\myysy\AdminApplication\Admin\Controller\Body\BodyController.class.php 第 86 行.
NOTIC: [8] Undefined index: url D:\www\myysy\AdminApplication\Admin\Controller\Body\BodyController.class.php 第 167 行.
NOTIC: [8] Undefined index: url D:\www\myysy\AdminApplication\Admin\Controller\Body\BodyController.class.php 第 167 行.
NOTIC: [8] Undefined index: url D:\www\myysy\AdminApplication\Admin\Controller\Body\BodyController.class.php 第 167 行.
NOTIC: [8] Undefined index: url D:\www\myysy\AdminApplication\Admin\Controller\Body\BodyController.class.php 第 167 行.
INFO: [ view_parse ] --START--
INFO: [ template_filter ] --START--
INFO: Run Behavior\ContentReplaceBehavior [ RunTime:0.000000s ]
INFO: [ template_filter ] --END-- [ RunTime:0.000000s ]
INFO: Run Behavior\ParseTemplateBehavior [ RunTime:0.006001s ]
INFO: [ view_parse ] --END-- [ RunTime:0.006001s ]
INFO: [ view_filter ] --START--
INFO: Run Behavior\WriteHtmlCacheBehavior [ RunTime:0.000000s ]
INFO: [ view_filter ] --END-- [ RunTime:0.000000s ]
INFO: [ app_end ] --START--
INFO: Run Behavior\ShowPageTraceBehavior [ RunTime:0.001000s ]
INFO: [ app_end ] --END-- [ RunTime:0.001000s ]

[ 2017-03-04T09:25:44+08:00 ] 127.0.0.1 /myysy/admin.php/stockandsale/ManageGoods
INFO: [ app_init ] --START--
INFO: Run Behavior\BuildLiteBehavior [ RunTime:0.000000s ]
INFO: [ app_init ] --END-- [ RunTime:0.001000s ]
INFO: [ app_begin ] --START--
INFO: Run Behavior\ReadHtmlCacheBehavior [ RunTime:0.000000s ]
INFO: [ app_begin ] --END-- [ RunTime:0.000000s ]
SQL: SHOW COLUMNS FROM `think_user` [ RunTime:0.0050s ]
SQL: SELECT u.username as username,ru.user_id,ru.role_id,r.name as role_name,a.node_id,n.name as node_name,n.title as node_title,n.pid,n.level FROM think_user u INNER JOIN think_role_user AS ru ON ru.user_id = u.id INNER JOIN think_role AS r ON r.id = ru.role_id INNER JOIN think_access AS a ON a.role_id = r.id INNER JOIN think_node AS n ON a.node_id = n.id  WHERE ( ru.user_id = 1 )  [ RunTime:0.0020s ]
NOTIC: [8] Undefined index: url D:\www\myysy\AdminApplication\Admin\Controller\Body\BodyController.class.php 第 64 行.
NOTIC: [8] Undefined index: url D:\www\myysy\AdminApplication\Admin\Controller\Body\BodyController.class.php 第 64 行.
NOTIC: [8] Undefined index: url D:\www\myysy\AdminApplication\Admin\Controller\Body\BodyController.class.php 第 64 行.
NOTIC: [8] Undefined index: url D:\www\myysy\AdminApplication\Admin\Controller\Body\BodyController.class.php 第 64 行.
NOTIC: [8] Undefined index: url D:\www\myysy\AdminApplication\Admin\Controller\Body\BodyController.class.php 第 167 行.
NOTIC: [8] Undefined index: url D:\www\myysy\AdminApplication\Admin\Controller\Body\BodyController.class.php 第 167 行.
NOTIC: [8] Undefined index: url D:\www\myysy\AdminApplication\Admin\Controller\Body\BodyController.class.php 第 167 行.
NOTIC: [8] Undefined index: url D:\www\myysy\AdminApplication\Admin\Controller\Body\BodyController.class.php 第 167 行.
SQL: SHOW COLUMNS FROM `think_ysy_format` [ RunTime:0.0050s ]
SQL: SELECT * FROM `think_ysy_format`  [ RunTime:0.0000s ]
SQL: SHOW COLUMNS FROM `think_ysy_goods` [ RunTime:0.0050s ]
SQL: SELECT COUNT(*) AS tp_count FROM think_ysy_goods g INNER JOIN think_ysy_stock AS s ON s.goods_id = g.goods_id INNER JOIN think_ysy_format AS f ON f.format_id = g.format_id  WHERE ( g.format_id in (4) ) LIMIT 1   [ RunTime:0.0000s ]
SQL: SELECT g.goods_id,s.goods_num,g.format_id,g.goods_name,f.format_id,f.format_name FROM think_ysy_goods g INNER JOIN think_ysy_stock AS s ON s.goods_id = g.goods_id INNER JOIN think_ysy_format AS f ON f.format_id = g.format_id  WHERE ( g.format_id in (4) ) LIMIT 0,25   [ RunTime:0.0000s ]
INFO: [ view_parse ] --START--
INFO: [ template_filter ] --START--
INFO: Run Behavior\ContentReplaceBehavior [ RunTime:0.000000s ]
INFO: [ template_filter ] --END-- [ RunTime:0.000000s ]
INFO: Run Behavior\ParseTemplateBehavior [ RunTime:0.023001s ]
INFO: [ view_parse ] --END-- [ RunTime:0.023001s ]
INFO: [ view_filter ] --START--
INFO: Run Behavior\WriteHtmlCacheBehavior [ RunTime:0.001000s ]
INFO: [ view_filter ] --END-- [ RunTime:0.001000s ]
INFO: [ app_end ] --START--
INFO: Run Behavior\ShowPageTraceBehavior [ RunTime:0.001000s ]
INFO: [ app_end ] --END-- [ RunTime:0.001000s ]

[ 2017-03-04T09:25:50+08:00 ] 127.0.0.1 /myysy/admin.php/stockandsale/Goodspackage
INFO: [ app_init ] --START--
INFO: Run Behavior\BuildLiteBehavior [ RunTime:0.000000s ]
INFO: [ app_init ] --END-- [ RunTime:0.000000s ]
INFO: [ app_begin ] --START--
INFO: Run Behavior\ReadHtmlCacheBehavior [ RunTime:0.001000s ]
INFO: [ app_begin ] --END-- [ RunTime:0.001000s ]
SQL: SHOW COLUMNS FROM `think_user` [ RunTime:0.0060s ]
SQL: SELECT u.username as username,ru.user_id,ru.role_id,r.name as role_name,a.node_id,n.name as node_name,n.title as node_title,n.pid,n.level FROM think_user u INNER JOIN think_role_user AS ru ON ru.user_id = u.id INNER JOIN think_role AS r ON r.id = ru.role_id INNER JOIN think_access AS a ON a.role_id = r.id INNER JOIN think_node AS n ON a.node_id = n.id  WHERE ( ru.user_id = 1 )  [ RunTime:0.0010s ]
NOTIC: [8] Undefined index: url D:\www\myysy\AdminApplication\Admin\Controller\Body\BodyController.class.php 第 64 行.
NOTIC: [8] Undefined index: url D:\www\myysy\AdminApplication\Admin\Controller\Body\BodyController.class.php 第 64 行.
NOTIC: [8] Undefined index: url D:\www\myysy\AdminApplication\Admin\Controller\Body\BodyController.class.php 第 64 行.
NOTIC: [8] Undefined index: url D:\www\myysy\AdminApplication\Admin\Controller\Body\BodyController.class.php 第 64 行.
NOTIC: [8] Undefined index: url D:\www\myysy\AdminApplication\Admin\Controller\Body\BodyController.class.php 第 167 行.
NOTIC: [8] Undefined index: url D:\www\myysy\AdminApplication\Admin\Controller\Body\BodyController.class.php 第 167 行.
NOTIC: [8] Undefined index: url D:\www\myysy\AdminApplication\Admin\Controller\Body\BodyController.class.php 第 167 行.
NOTIC: [8] Undefined index: url D:\www\myysy\AdminApplication\Admin\Controller\Body\BodyController.class.php 第 167 行.
SQL: SHOW COLUMNS FROM `think_ysy_goodspackage` [ RunTime:0.0050s ]
SQL: SELECT * FROM `think_ysy_goodspackage`  [ RunTime:0.0010s ]
INFO: [ view_parse ] --START--
INFO: [ template_filter ] --START--
INFO: Run Behavior\ContentReplaceBehavior [ RunTime:0.000000s ]
INFO: [ template_filter ] --END-- [ RunTime:0.000000s ]
NOTIC: [8] Undefined variable: showPage D:\www\myysy\AdminApplication\Runtime\Cache\Admin\fcf0d44c22039fc637c47e637165ca86.php 第 48 行.
INFO: Run Behavior\ParseTemplateBehavior [ RunTime:0.054003s ]
INFO: [ view_parse ] --END-- [ RunTime:0.054003s ]
INFO: [ view_filter ] --START--
INFO: Run Behavior\WriteHtmlCacheBehavior [ RunTime:0.001001s ]
INFO: [ view_filter ] --END-- [ RunTime:0.001001s ]
INFO: [ app_end ] --START--
INFO: Run Behavior\ShowPageTraceBehavior [ RunTime:0.001000s ]
INFO: [ app_end ] --END-- [ RunTime:0.001000s ]

[ 2017-03-04T09:25:51+08:00 ] 127.0.0.1 /myysy/admin.php/stockandsale/ManageGoods
INFO: [ app_init ] --START--
INFO: Run Behavior\BuildLiteBehavior [ RunTime:0.000000s ]
INFO: [ app_init ] --END-- [ RunTime:0.000000s ]
INFO: [ app_begin ] --START--
INFO: Run Behavior\ReadHtmlCacheBehavior [ RunTime:0.001000s ]
INFO: [ app_begin ] --END-- [ RunTime:0.001000s ]
SQL: SHOW COLUMNS FROM `think_user` [ RunTime:0.0060s ]
SQL: SELECT u.username as username,ru.user_id,ru.role_id,r.name as role_name,a.node_id,n.name as node_name,n.title as node_title,n.pid,n.level FROM think_user u INNER JOIN think_role_user AS ru ON ru.user_id = u.id INNER JOIN think_role AS r ON r.id = ru.role_id INNER JOIN think_access AS a ON a.role_id = r.id INNER JOIN think_node AS n ON a.node_id = n.id  WHERE ( ru.user_id = 1 )  [ RunTime:0.0010s ]
NOTIC: [8] Undefined index: url D:\www\myysy\AdminApplication\Admin\Controller\Body\BodyController.class.php 第 64 行.
NOTIC: [8] Undefined index: url D:\www\myysy\AdminApplication\Admin\Controller\Body\BodyController.class.php 第 64 行.
NOTIC: [8] Undefined index: url D:\www\myysy\AdminApplication\Admin\Controller\Body\BodyController.class.php 第 64 行.
NOTIC: [8] Undefined index: url D:\www\myysy\AdminApplication\Admin\Controller\Body\BodyController.class.php 第 64 行.
NOTIC: [8] Undefined index: url D:\www\myysy\AdminApplication\Admin\Controller\Body\BodyController.class.php 第 167 行.
NOTIC: [8] Undefined index: url D:\www\myysy\AdminApplication\Admin\Controller\Body\BodyController.class.php 第 167 行.
NOTIC: [8] Undefined index: url D:\www\myysy\AdminApplication\Admin\Controller\Body\BodyController.class.php 第 167 行.
NOTIC: [8] Undefined index: url D:\www\myysy\AdminApplication\Admin\Controller\Body\BodyController.class.php 第 167 行.
SQL: SHOW COLUMNS FROM `think_ysy_format` [ RunTime:0.0050s ]
SQL: SELECT * FROM `think_ysy_format`  [ RunTime:0.0000s ]
SQL: SHOW COLUMNS FROM `think_ysy_goods` [ RunTime:0.0060s ]
SQL: SELECT COUNT(*) AS tp_count FROM think_ysy_goods g INNER JOIN think_ysy_stock AS s ON s.goods_id = g.goods_id INNER JOIN think_ysy_format AS f ON f.format_id = g.format_id  WHERE ( g.format_id in (4) ) LIMIT 1   [ RunTime:0.0000s ]
SQL: SELECT g.goods_id,s.goods_num,g.format_id,g.goods_name,f.format_id,f.format_name FROM think_ysy_goods g INNER JOIN think_ysy_stock AS s ON s.goods_id = g.goods_id INNER JOIN think_ysy_format AS f ON f.format_id = g.format_id  WHERE ( g.format_id in (4) ) LIMIT 0,25   [ RunTime:0.0000s ]
INFO: [ view_parse ] --START--
INFO: [ template_filter ] --START--
INFO: Run Behavior\ContentReplaceBehavior [ RunTime:0.001000s ]
INFO: [ template_filter ] --END-- [ RunTime:0.001000s ]
INFO: Run Behavior\ParseTemplateBehavior [ RunTime:0.010000s ]
INFO: [ view_parse ] --END-- [ RunTime:0.010000s ]
INFO: [ view_filter ] --START--
INFO: Run Behavior\WriteHtmlCacheBehavior [ RunTime:0.001000s ]
INFO: [ view_filter ] --END-- [ RunTime:0.001000s ]
INFO: [ app_end ] --START--
INFO: Run Behavior\ShowPageTraceBehavior [ RunTime:0.000000s ]
INFO: [ app_end ] --END-- [ RunTime:0.000000s ]

[ 2017-03-04T09:25:52+08:00 ] 127.0.0.1 /myysy/admin.php/stockandsale/ApproveOrder
INFO: [ app_init ] --START--
INFO: Run Behavior\BuildLiteBehavior [ RunTime:0.000000s ]
INFO: [ app_init ] --END-- [ RunTime:0.001000s ]
INFO: [ app_begin ] --START--
INFO: Run Behavior\ReadHtmlCacheBehavior [ RunTime:0.000000s ]
INFO: [ app_begin ] --END-- [ RunTime:0.000000s ]
SQL: SHOW COLUMNS FROM `think_user` [ RunTime:0.0060s ]
SQL: SELECT u.username as username,ru.user_id,ru.role_id,r.name as role_name,a.node_id,n.name as node_name,n.title as node_title,n.pid,n.level FROM think_user u INNER JOIN think_role_user AS ru ON ru.user_id = u.id INNER JOIN think_role AS r ON r.id = ru.role_id INNER JOIN think_access AS a ON a.role_id = r.id INNER JOIN think_node AS n ON a.node_id = n.id  WHERE ( ru.user_id = 1 )  [ RunTime:0.0020s ]
NOTIC: [8] Undefined index: url D:\www\myysy\AdminApplication\Admin\Controller\Body\BodyController.class.php 第 64 行.
NOTIC: [8] Undefined index: url D:\www\myysy\AdminApplication\Admin\Controller\Body\BodyController.class.php 第 64 行.
NOTIC: [8] Undefined index: url D:\www\myysy\AdminApplication\Admin\Controller\Body\BodyController.class.php 第 64 行.
NOTIC: [8] Undefined index: url D:\www\myysy\AdminApplication\Admin\Controller\Body\BodyController.class.php 第 64 行.
NOTIC: [8] Undefined index: url D:\www\myysy\AdminApplication\Admin\Controller\Body\BodyController.class.php 第 167 行.
NOTIC: [8] Undefined index: url D:\www\myysy\AdminApplication\Admin\Controller\Body\BodyController.class.php 第 167 行.
NOTIC: [8] Undefined index: url D:\www\myysy\AdminApplication\Admin\Controller\Body\BodyController.class.php 第 167 行.
NOTIC: [8] Undefined index: url D:\www\myysy\AdminApplication\Admin\Controller\Body\BodyController.class.php 第 167 行.
SQL: SHOW COLUMNS FROM `think_workflow_participation` [ RunTime:0.0050s ]
SQL: SELECT COUNT(*) AS tp_count FROM think_workflow_participation wp INNER JOIN think_workflow_task as wt ON wp.task = wt.dbid INNER JOIN think_ysy_order as o ON o.flowerid = wt.execution INNER JOIN think_user as u ON u.id = o.order_user  WHERE ( 1 = 1  AND wp.userid = 1 ) LIMIT 1   [ RunTime:0.0000s ]
SQL: SELECT wp.userid,o.order_id,o.order_user,o.addtime,o.status,u.realname as order_realname FROM think_workflow_participation wp INNER JOIN think_workflow_task as wt ON wp.task = wt.dbid INNER JOIN think_ysy_order as o ON o.flowerid = wt.execution INNER JOIN think_user as u ON u.id = o.order_user  WHERE ( 1 = 1  AND wp.userid = 1 ) LIMIT 0,25   [ RunTime:0.0010s ]
INFO: [ view_parse ] --START--
INFO: [ template_filter ] --START--
INFO: Run Behavior\ContentReplaceBehavior [ RunTime:0.000000s ]
INFO: [ template_filter ] --END-- [ RunTime:0.000000s ]
INFO: Run Behavior\ParseTemplateBehavior [ RunTime:0.021001s ]
INFO: [ view_parse ] --END-- [ RunTime:0.021001s ]
INFO: [ view_filter ] --START--
INFO: Run Behavior\WriteHtmlCacheBehavior [ RunTime:0.000000s ]
INFO: [ view_filter ] --END-- [ RunTime:0.000000s ]
INFO: [ app_end ] --START--
INFO: Run Behavior\ShowPageTraceBehavior [ RunTime:0.001000s ]
INFO: [ app_end ] --END-- [ RunTime:0.001000s ]

[ 2017-03-04T09:25:53+08:00 ] 127.0.0.1 /myysy/admin.php/stockandsale/ManageGoods
INFO: [ app_init ] --START--
INFO: Run Behavior\BuildLiteBehavior [ RunTime:0.000000s ]
INFO: [ app_init ] --END-- [ RunTime:0.001000s ]
INFO: [ app_begin ] --START--
INFO: Run Behavior\ReadHtmlCacheBehavior [ RunTime:0.001000s ]
INFO: [ app_begin ] --END-- [ RunTime:0.001000s ]
SQL: SHOW COLUMNS FROM `think_user` [ RunTime:0.0050s ]
SQL: SELECT u.username as username,ru.user_id,ru.role_id,r.name as role_name,a.node_id,n.name as node_name,n.title as node_title,n.pid,n.level FROM think_user u INNER JOIN think_role_user AS ru ON ru.user_id = u.id INNER JOIN think_role AS r ON r.id = ru.role_id INNER JOIN think_access AS a ON a.role_id = r.id INNER JOIN think_node AS n ON a.node_id = n.id  WHERE ( ru.user_id = 1 )  [ RunTime:0.0020s ]
NOTIC: [8] Undefined index: url D:\www\myysy\AdminApplication\Admin\Controller\Body\BodyController.class.php 第 64 行.
NOTIC: [8] Undefined index: url D:\www\myysy\AdminApplication\Admin\Controller\Body\BodyController.class.php 第 64 行.
NOTIC: [8] Undefined index: url D:\www\myysy\AdminApplication\Admin\Controller\Body\BodyController.class.php 第 64 行.
NOTIC: [8] Undefined index: url D:\www\myysy\AdminApplication\Admin\Controller\Body\BodyController.class.php 第 64 行.
NOTIC: [8] Undefined index: url D:\www\myysy\AdminApplication\Admin\Controller\Body\BodyController.class.php 第 167 行.
NOTIC: [8] Undefined index: url D:\www\myysy\AdminApplication\Admin\Controller\Body\BodyController.class.php 第 167 行.
NOTIC: [8] Undefined index: url D:\www\myysy\AdminApplication\Admin\Controller\Body\BodyController.class.php 第 167 行.
NOTIC: [8] Undefined index: url D:\www\myysy\AdminApplication\Admin\Controller\Body\BodyController.class.php 第 167 行.
SQL: SHOW COLUMNS FROM `think_ysy_format` [ RunTime:0.0050s ]
SQL: SELECT * FROM `think_ysy_format`  [ RunTime:0.0000s ]
SQL: SHOW COLUMNS FROM `think_ysy_goods` [ RunTime:0.0060s ]
SQL: SELECT COUNT(*) AS tp_count FROM think_ysy_goods g INNER JOIN think_ysy_stock AS s ON s.goods_id = g.goods_id INNER JOIN think_ysy_format AS f ON f.format_id = g.format_id  WHERE ( g.format_id in (4) ) LIMIT 1   [ RunTime:0.0010s ]
SQL: SELECT g.goods_id,s.goods_num,g.format_id,g.goods_name,f.format_id,f.format_name FROM think_ysy_goods g INNER JOIN think_ysy_stock AS s ON s.goods_id = g.goods_id INNER JOIN think_ysy_format AS f ON f.format_id = g.format_id  WHERE ( g.format_id in (4) ) LIMIT 0,25   [ RunTime:0.0000s ]
INFO: [ view_parse ] --START--
INFO: [ template_filter ] --START--
INFO: Run Behavior\ContentReplaceBehavior [ RunTime:0.000000s ]
INFO: [ template_filter ] --END-- [ RunTime:0.000000s ]
INFO: Run Behavior\ParseTemplateBehavior [ RunTime:0.010000s ]
INFO: [ view_parse ] --END-- [ RunTime:0.010000s ]
INFO: [ view_filter ] --START--
INFO: Run Behavior\WriteHtmlCacheBehavior [ RunTime:0.000000s ]
INFO: [ view_filter ] --END-- [ RunTime:0.000000s ]
INFO: [ app_end ] --START--
INFO: Run Behavior\ShowPageTraceBehavior [ RunTime:0.001000s ]
INFO: [ app_end ] --END-- [ RunTime:0.001000s ]

[ 2017-03-04T09:25:54+08:00 ] 127.0.0.1 /myysy/admin.php/stockandsale/Goodspackage
INFO: [ app_init ] --START--
INFO: Run Behavior\BuildLiteBehavior [ RunTime:0.000000s ]
INFO: [ app_init ] --END-- [ RunTime:0.000000s ]
INFO: [ app_begin ] --START--
INFO: Run Behavior\ReadHtmlCacheBehavior [ RunTime:0.001000s ]
INFO: [ app_begin ] --END-- [ RunTime:0.001000s ]
SQL: SHOW COLUMNS FROM `think_user` [ RunTime:0.0060s ]
SQL: SELECT u.username as username,ru.user_id,ru.role_id,r.name as role_name,a.node_id,n.name as node_name,n.title as node_title,n.pid,n.level FROM think_user u INNER JOIN think_role_user AS ru ON ru.user_id = u.id INNER JOIN think_role AS r ON r.id = ru.role_id INNER JOIN think_access AS a ON a.role_id = r.id INNER JOIN think_node AS n ON a.node_id = n.id  WHERE ( ru.user_id = 1 )  [ RunTime:0.0020s ]
NOTIC: [8] Undefined index: url D:\www\myysy\AdminApplication\Admin\Controller\Body\BodyController.class.php 第 64 行.
NOTIC: [8] Undefined index: url D:\www\myysy\AdminApplication\Admin\Controller\Body\BodyController.class.php 第 64 行.
NOTIC: [8] Undefined index: url D:\www\myysy\AdminApplication\Admin\Controller\Body\BodyController.class.php 第 64 行.
NOTIC: [8] Undefined index: url D:\www\myysy\AdminApplication\Admin\Controller\Body\BodyController.class.php 第 64 行.
NOTIC: [8] Undefined index: url D:\www\myysy\AdminApplication\Admin\Controller\Body\BodyController.class.php 第 167 行.
NOTIC: [8] Undefined index: url D:\www\myysy\AdminApplication\Admin\Controller\Body\BodyController.class.php 第 167 行.
NOTIC: [8] Undefined index: url D:\www\myysy\AdminApplication\Admin\Controller\Body\BodyController.class.php 第 167 行.
NOTIC: [8] Undefined index: url D:\www\myysy\AdminApplication\Admin\Controller\Body\BodyController.class.php 第 167 行.
SQL: SHOW COLUMNS FROM `think_ysy_goodspackage` [ RunTime:0.0060s ]
SQL: SELECT * FROM `think_ysy_goodspackage`  [ RunTime:0.0000s ]
INFO: [ view_parse ] --START--
INFO: [ template_filter ] --START--
INFO: Run Behavior\ContentReplaceBehavior [ RunTime:0.000000s ]
INFO: [ template_filter ] --END-- [ RunTime:0.000000s ]
NOTIC: [8] Undefined variable: showPage D:\www\myysy\AdminApplication\Runtime\Cache\Admin\fcf0d44c22039fc637c47e637165ca86.php 第 48 行.
INFO: Run Behavior\ParseTemplateBehavior [ RunTime:0.007001s ]
INFO: [ view_parse ] --END-- [ RunTime:0.007001s ]
INFO: [ view_filter ] --START--
INFO: Run Behavior\WriteHtmlCacheBehavior [ RunTime:0.000000s ]
INFO: [ view_filter ] --END-- [ RunTime:0.000000s ]
INFO: [ app_end ] --START--
INFO: Run Behavior\ShowPageTraceBehavior [ RunTime:0.001000s ]
INFO: [ app_end ] --END-- [ RunTime:0.001000s ]

[ 2017-03-04T09:25:55+08:00 ] 127.0.0.1 /myysy/admin.php/stockandsale/ManageGoods
INFO: [ app_init ] --START--
INFO: Run Behavior\BuildLiteBehavior [ RunTime:0.000000s ]
INFO: [ app_init ] --END-- [ RunTime:0.000000s ]
INFO: [ app_begin ] --START--
INFO: Run Behavior\ReadHtmlCacheBehavior [ RunTime:0.001000s ]
INFO: [ app_begin ] --END-- [ RunTime:0.001000s ]
SQL: SHOW COLUMNS FROM `think_user` [ RunTime:0.0060s ]
SQL: SELECT u.username as username,ru.user_id,ru.role_id,r.name as role_name,a.node_id,n.name as node_name,n.title as node_title,n.pid,n.level FROM think_user u INNER JOIN think_role_user AS ru ON ru.user_id = u.id INNER JOIN think_role AS r ON r.id = ru.role_id INNER JOIN think_access AS a ON a.role_id = r.id INNER JOIN think_node AS n ON a.node_id = n.id  WHERE ( ru.user_id = 1 )  [ RunTime:0.0020s ]
NOTIC: [8] Undefined index: url D:\www\myysy\AdminApplication\Admin\Controller\Body\BodyController.class.php 第 64 行.
NOTIC: [8] Undefined index: url D:\www\myysy\AdminApplication\Admin\Controller\Body\BodyController.class.php 第 64 行.
NOTIC: [8] Undefined index: url D:\www\myysy\AdminApplication\Admin\Controller\Body\BodyController.class.php 第 64 行.
NOTIC: [8] Undefined index: url D:\www\myysy\AdminApplication\Admin\Controller\Body\BodyController.class.php 第 64 行.
NOTIC: [8] Undefined index: url D:\www\myysy\AdminApplication\Admin\Controller\Body\BodyController.class.php 第 167 行.
NOTIC: [8] Undefined index: url D:\www\myysy\AdminApplication\Admin\Controller\Body\BodyController.class.php 第 167 行.
NOTIC: [8] Undefined index: url D:\www\myysy\AdminApplication\Admin\Controller\Body\BodyController.class.php 第 167 行.
NOTIC: [8] Undefined index: url D:\www\myysy\AdminApplication\Admin\Controller\Body\BodyController.class.php 第 167 行.
SQL: SHOW COLUMNS FROM `think_ysy_format` [ RunTime:0.0060s ]
SQL: SELECT * FROM `think_ysy_format`  [ RunTime:0.0000s ]
SQL: SHOW COLUMNS FROM `think_ysy_goods` [ RunTime:0.0050s ]
SQL: SELECT COUNT(*) AS tp_count FROM think_ysy_goods g INNER JOIN think_ysy_stock AS s ON s.goods_id = g.goods_id INNER JOIN think_ysy_format AS f ON f.format_id = g.format_id  WHERE ( g.format_id in (4) ) LIMIT 1   [ RunTime:0.0010s ]
SQL: SELECT g.goods_id,s.goods_num,g.format_id,g.goods_name,f.format_id,f.format_name FROM think_ysy_goods g INNER JOIN think_ysy_stock AS s ON s.goods_id = g.goods_id INNER JOIN think_ysy_format AS f ON f.format_id = g.format_id  WHERE ( g.format_id in (4) ) LIMIT 0,25   [ RunTime:0.0010s ]
INFO: [ view_parse ] --START--
INFO: [ template_filter ] --START--
INFO: Run Behavior\ContentReplaceBehavior [ RunTime:0.000000s ]
INFO: [ template_filter ] --END-- [ RunTime:0.000000s ]
INFO: Run Behavior\ParseTemplateBehavior [ RunTime:0.010000s ]
INFO: [ view_parse ] --END-- [ RunTime:0.010000s ]
INFO: [ view_filter ] --START--
INFO: Run Behavior\WriteHtmlCacheBehavior [ RunTime:0.000000s ]
INFO: [ view_filter ] --END-- [ RunTime:0.001000s ]
INFO: [ app_end ] --START--
INFO: Run Behavior\ShowPageTraceBehavior [ RunTime:0.000000s ]
INFO: [ app_end ] --END-- [ RunTime:0.000000s ]

[ 2017-03-04T09:26:00+08:00 ] 127.0.0.1 /myysy/admin.php/stockandsale/Checkin
INFO: [ app_init ] --START--
INFO: Run Behavior\BuildLiteBehavior [ RunTime:0.000000s ]
INFO: [ app_init ] --END-- [ RunTime:0.000000s ]
INFO: [ app_begin ] --START--
INFO: Run Behavior\ReadHtmlCacheBehavior [ RunTime:0.001000s ]
INFO: [ app_begin ] --END-- [ RunTime:0.001000s ]
SQL: SHOW COLUMNS FROM `think_user` [ RunTime:0.0070s ]
SQL: SELECT u.username as username,ru.user_id,ru.role_id,r.name as role_name,a.node_id,n.name as node_name,n.title as node_title,n.pid,n.level FROM think_user u INNER JOIN think_role_user AS ru ON ru.user_id = u.id INNER JOIN think_role AS r ON r.id = ru.role_id INNER JOIN think_access AS a ON a.role_id = r.id INNER JOIN think_node AS n ON a.node_id = n.id  WHERE ( ru.user_id = 1 )  [ RunTime:0.0020s ]
NOTIC: [8] Undefined index: url D:\www\myysy\AdminApplication\Admin\Controller\Body\BodyController.class.php 第 64 行.
NOTIC: [8] Undefined index: url D:\www\myysy\AdminApplication\Admin\Controller\Body\BodyController.class.php 第 64 行.
NOTIC: [8] Undefined index: url D:\www\myysy\AdminApplication\Admin\Controller\Body\BodyController.class.php 第 64 行.
NOTIC: [8] Undefined index: url D:\www\myysy\AdminApplication\Admin\Controller\Body\BodyController.class.php 第 64 行.
NOTIC: [8] Undefined index: url D:\www\myysy\AdminApplication\Admin\Controller\Body\BodyController.class.php 第 167 行.
NOTIC: [8] Undefined index: url D:\www\myysy\AdminApplication\Admin\Controller\Body\BodyController.class.php 第 167 行.
NOTIC: [8] Undefined index: url D:\www\myysy\AdminApplication\Admin\Controller\Body\BodyController.class.php 第 167 行.
NOTIC: [8] Undefined index: url D:\www\myysy\AdminApplication\Admin\Controller\Body\BodyController.class.php 第 167 行.
SQL: SHOW COLUMNS FROM `think_ysy_checkin` [ RunTime:0.0070s ]
SQL: SELECT COUNT(*) AS tp_count FROM `think_ysy_checkin` WHERE ( 1 = 1  ) LIMIT 1   [ RunTime:0.0000s ]
SQL: SELECT * FROM `think_ysy_checkin` WHERE ( 1 = 1  ) LIMIT 0,25   [ RunTime:0.0000s ]
INFO: [ view_parse ] --START--
INFO: [ template_filter ] --START--
INFO: Run Behavior\ContentReplaceBehavior [ RunTime:0.000000s ]
INFO: [ template_filter ] --END-- [ RunTime:0.000000s ]
INFO: Run Behavior\ParseTemplateBehavior [ RunTime:0.025001s ]
INFO: [ view_parse ] --END-- [ RunTime:0.025001s ]
INFO: [ view_filter ] --START--
INFO: Run Behavior\WriteHtmlCacheBehavior [ RunTime:0.000000s ]
INFO: [ view_filter ] --END-- [ RunTime:0.000000s ]
INFO: [ app_end ] --START--
INFO: Run Behavior\ShowPageTraceBehavior [ RunTime:0.001000s ]
INFO: [ app_end ] --END-- [ RunTime:0.001000s ]

[ 2017-03-04T09:26:02+08:00 ] 127.0.0.1 /myysy/admin.php/stockandsale/Checkin/actionEditCheckIn.html
INFO: [ app_init ] --START--
INFO: Run Behavior\BuildLiteBehavior [ RunTime:0.000000s ]
INFO: [ app_init ] --END-- [ RunTime:0.000000s ]
INFO: [ app_begin ] --START--
INFO: Run Behavior\ReadHtmlCacheBehavior [ RunTime:0.001000s ]
INFO: [ app_begin ] --END-- [ RunTime:0.001000s ]
SQL: SHOW COLUMNS FROM `think_user` [ RunTime:0.0050s ]
SQL: SELECT u.username as username,ru.user_id,ru.role_id,r.name as role_name,a.node_id,n.name as node_name,n.title as node_title,n.pid,n.level FROM think_user u INNER JOIN think_role_user AS ru ON ru.user_id = u.id INNER JOIN think_role AS r ON r.id = ru.role_id INNER JOIN think_access AS a ON a.role_id = r.id INNER JOIN think_node AS n ON a.node_id = n.id  WHERE ( ru.user_id = 1 )  [ RunTime:0.0010s ]
NOTIC: [8] Undefined index: url D:\www\myysy\AdminApplication\Admin\Controller\Body\BodyController.class.php 第 64 行.
NOTIC: [8] Undefined index: url D:\www\myysy\AdminApplication\Admin\Controller\Body\BodyController.class.php 第 64 行.
NOTIC: [8] Undefined index: url D:\www\myysy\AdminApplication\Admin\Controller\Body\BodyController.class.php 第 64 行.
NOTIC: [8] Undefined index: url D:\www\myysy\AdminApplication\Admin\Controller\Body\BodyController.class.php 第 64 行.
NOTIC: [8] Undefined index: url D:\www\myysy\AdminApplication\Admin\Controller\Body\BodyController.class.php 第 167 行.
NOTIC: [8] Undefined index: url D:\www\myysy\AdminApplication\Admin\Controller\Body\BodyController.class.php 第 167 行.
NOTIC: [8] Undefined index: url D:\www\myysy\AdminApplication\Admin\Controller\Body\BodyController.class.php 第 167 行.
NOTIC: [8] Undefined index: url D:\www\myysy\AdminApplication\Admin\Controller\Body\BodyController.class.php 第 167 行.
SQL: SHOW COLUMNS FROM `think_ysy_format` [ RunTime:0.0050s ]
SQL: SELECT * FROM `think_ysy_format`  [ RunTime:0.0000s ]
SQL: SHOW COLUMNS FROM `think_ysy_goods` [ RunTime:0.0050s ]
SQL: SELECT * FROM `think_ysy_goods`  [ RunTime:0.0000s ]
INFO: [ view_parse ] --START--
INFO: [ template_filter ] --START--
INFO: Run Behavior\ContentReplaceBehavior [ RunTime:0.000000s ]
INFO: [ template_filter ] --END-- [ RunTime:0.000000s ]
INFO: Run Behavior\ParseTemplateBehavior [ RunTime:0.006001s ]
INFO: [ view_parse ] --END-- [ RunTime:0.006001s ]
INFO: [ view_filter ] --START--
INFO: Run Behavior\WriteHtmlCacheBehavior [ RunTime:0.001000s ]
INFO: [ view_filter ] --END-- [ RunTime:0.001000s ]
INFO: [ app_end ] --START--
INFO: Run Behavior\ShowPageTraceBehavior [ RunTime:0.000000s ]
INFO: [ app_end ] --END-- [ RunTime:0.001000s ]

[ 2017-03-04T09:26:07+08:00 ] 127.0.0.1 /myysy/admin.php/stockandsale/Goodspackage
INFO: [ app_init ] --START--
INFO: Run Behavior\BuildLiteBehavior [ RunTime:0.000000s ]
INFO: [ app_init ] --END-- [ RunTime:0.001000s ]
INFO: [ app_begin ] --START--
INFO: Run Behavior\ReadHtmlCacheBehavior [ RunTime:0.000000s ]
INFO: [ app_begin ] --END-- [ RunTime:0.000000s ]
SQL: SHOW COLUMNS FROM `think_user` [ RunTime:0.0060s ]
SQL: SELECT u.username as username,ru.user_id,ru.role_id,r.name as role_name,a.node_id,n.name as node_name,n.title as node_title,n.pid,n.level FROM think_user u INNER JOIN think_role_user AS ru ON ru.user_id = u.id INNER JOIN think_role AS r ON r.id = ru.role_id INNER JOIN think_access AS a ON a.role_id = r.id INNER JOIN think_node AS n ON a.node_id = n.id  WHERE ( ru.user_id = 1 )  [ RunTime:0.0010s ]
NOTIC: [8] Undefined index: url D:\www\myysy\AdminApplication\Admin\Controller\Body\BodyController.class.php 第 64 行.
NOTIC: [8] Undefined index: url D:\www\myysy\AdminApplication\Admin\Controller\Body\BodyController.class.php 第 64 行.
NOTIC: [8] Undefined index: url D:\www\myysy\AdminApplication\Admin\Controller\Body\BodyController.class.php 第 64 行.
NOTIC: [8] Undefined index: url D:\www\myysy\AdminApplication\Admin\Controller\Body\BodyController.class.php 第 64 行.
NOTIC: [8] Undefined index: url D:\www\myysy\AdminApplication\Admin\Controller\Body\BodyController.class.php 第 167 行.
NOTIC: [8] Undefined index: url D:\www\myysy\AdminApplication\Admin\Controller\Body\BodyController.class.php 第 167 行.
NOTIC: [8] Undefined index: url D:\www\myysy\AdminApplication\Admin\Controller\Body\BodyController.class.php 第 167 行.
NOTIC: [8] Undefined index: url D:\www\myysy\AdminApplication\Admin\Controller\Body\BodyController.class.php 第 167 行.
SQL: SHOW COLUMNS FROM `think_ysy_goodspackage` [ RunTime:0.0050s ]
SQL: SELECT * FROM `think_ysy_goodspackage`  [ RunTime:0.0010s ]
INFO: [ view_parse ] --START--
INFO: [ template_filter ] --START--
INFO: Run Behavior\ContentReplaceBehavior [ RunTime:0.001000s ]
INFO: [ template_filter ] --END-- [ RunTime:0.001000s ]
NOTIC: [8] Undefined variable: showPage D:\www\myysy\AdminApplication\Runtime\Cache\Admin\fcf0d44c22039fc637c47e637165ca86.php 第 48 行.
INFO: Run Behavior\ParseTemplateBehavior [ RunTime:0.008000s ]
INFO: [ view_parse ] --END-- [ RunTime:0.008000s ]
INFO: [ view_filter ] --START--
INFO: Run Behavior\WriteHtmlCacheBehavior [ RunTime:0.000000s ]
INFO: [ view_filter ] --END-- [ RunTime:0.000000s ]
INFO: [ app_end ] --START--
INFO: Run Behavior\ShowPageTraceBehavior [ RunTime:0.001000s ]
INFO: [ app_end ] --END-- [ RunTime:0.001000s ]

[ 2017-03-04T09:26:09+08:00 ] 127.0.0.1 /myysy/admin.php/stockandsale/Goodspackage/actionEditGoodsPackage.html
INFO: [ app_init ] --START--
INFO: Run Behavior\BuildLiteBehavior [ RunTime:0.000000s ]
INFO: [ app_init ] --END-- [ RunTime:0.000000s ]
INFO: [ app_begin ] --START--
INFO: Run Behavior\ReadHtmlCacheBehavior [ RunTime:0.000000s ]
INFO: [ app_begin ] --END-- [ RunTime:0.001000s ]
SQL: SHOW COLUMNS FROM `think_user` [ RunTime:0.0050s ]
SQL: SELECT u.username as username,ru.user_id,ru.role_id,r.name as role_name,a.node_id,n.name as node_name,n.title as node_title,n.pid,n.level FROM think_user u INNER JOIN think_role_user AS ru ON ru.user_id = u.id INNER JOIN think_role AS r ON r.id = ru.role_id INNER JOIN think_access AS a ON a.role_id = r.id INNER JOIN think_node AS n ON a.node_id = n.id  WHERE ( ru.user_id = 1 )  [ RunTime:0.0010s ]
NOTIC: [8] Undefined index: url D:\www\myysy\AdminApplication\Admin\Controller\Body\BodyController.class.php 第 64 行.
NOTIC: [8] Undefined index: url D:\www\myysy\AdminApplication\Admin\Controller\Body\BodyController.class.php 第 64 行.
NOTIC: [8] Undefined index: url D:\www\myysy\AdminApplication\Admin\Controller\Body\BodyController.class.php 第 64 行.
NOTIC: [8] Undefined index: url D:\www\myysy\AdminApplication\Admin\Controller\Body\BodyController.class.php 第 64 行.
NOTIC: [8] Undefined index: url D:\www\myysy\AdminApplication\Admin\Controller\Body\BodyController.class.php 第 167 行.
NOTIC: [8] Undefined index: url D:\www\myysy\AdminApplication\Admin\Controller\Body\BodyController.class.php 第 167 行.
NOTIC: [8] Undefined index: url D:\www\myysy\AdminApplication\Admin\Controller\Body\BodyController.class.php 第 167 行.
NOTIC: [8] Undefined index: url D:\www\myysy\AdminApplication\Admin\Controller\Body\BodyController.class.php 第 167 行.
SQL: SHOW COLUMNS FROM `think_ysy_format` [ RunTime:0.0060s ]
SQL: SELECT * FROM `think_ysy_format`  [ RunTime:0.0000s ]
SQL: SHOW COLUMNS FROM `think_ysy_goods` [ RunTime:0.0060s ]
SQL: SELECT * FROM think_ysy_goods g WHERE ( g.format_id in (4) )  [ RunTime:0.0000s ]
SQL: SELECT * FROM `think_ysy_format`  [ RunTime:0.0000s ]
SQL: SELECT * FROM think_ysy_goods g WHERE ( g.format_id in (3) )  [ RunTime:0.0000s ]
NOTIC: [8] Undefined variable: goodsPackeageInfo D:\www\myysy\AdminApplication\Admin\Controller\Stockandsale\GoodspackageController.class.php 第 110 行.
NOTIC: [8] Undefined variable: goodsPackeageFromDb D:\www\myysy\AdminApplication\Admin\Controller\Stockandsale\GoodspackageController.class.php 第 111 行.
NOTIC: [8] Undefined variable: goodsPackeagePriceFromDb D:\www\myysy\AdminApplication\Admin\Controller\Stockandsale\GoodspackageController.class.php 第 112 行.
INFO: [ view_parse ] --START--
INFO: [ template_filter ] --START--
INFO: Run Behavior\ContentReplaceBehavior [ RunTime:0.000000s ]
INFO: [ template_filter ] --END-- [ RunTime:0.000000s ]
INFO: Run Behavior\ParseTemplateBehavior [ RunTime:0.027001s ]
INFO: [ view_parse ] --END-- [ RunTime:0.027001s ]
INFO: [ view_filter ] --START--
INFO: Run Behavior\WriteHtmlCacheBehavior [ RunTime:0.001000s ]
INFO: [ view_filter ] --END-- [ RunTime:0.001000s ]
INFO: [ app_end ] --START--
INFO: Run Behavior\ShowPageTraceBehavior [ RunTime:0.002001s ]
INFO: [ app_end ] --END-- [ RunTime:0.002001s ]

[ 2017-03-04T09:26:12+08:00 ] 127.0.0.1 /myysy/admin.php/stockandsale/ManageGoods
INFO: [ app_init ] --START--
INFO: Run Behavior\BuildLiteBehavior [ RunTime:0.000000s ]
INFO: [ app_init ] --END-- [ RunTime:0.001000s ]
INFO: [ app_begin ] --START--
INFO: Run Behavior\ReadHtmlCacheBehavior [ RunTime:0.000000s ]
INFO: [ app_begin ] --END-- [ RunTime:0.000000s ]
SQL: SHOW COLUMNS FROM `think_user` [ RunTime:0.0060s ]
SQL: SELECT u.username as username,ru.user_id,ru.role_id,r.name as role_name,a.node_id,n.name as node_name,n.title as node_title,n.pid,n.level FROM think_user u INNER JOIN think_role_user AS ru ON ru.user_id = u.id INNER JOIN think_role AS r ON r.id = ru.role_id INNER JOIN think_access AS a ON a.role_id = r.id INNER JOIN think_node AS n ON a.node_id = n.id  WHERE ( ru.user_id = 1 )  [ RunTime:0.0020s ]
NOTIC: [8] Undefined index: url D:\www\myysy\AdminApplication\Admin\Controller\Body\BodyController.class.php 第 64 行.
NOTIC: [8] Undefined index: url D:\www\myysy\AdminApplication\Admin\Controller\Body\BodyController.class.php 第 64 行.
NOTIC: [8] Undefined index: url D:\www\myysy\AdminApplication\Admin\Controller\Body\BodyController.class.php 第 64 行.
NOTIC: [8] Undefined index: url D:\www\myysy\AdminApplication\Admin\Controller\Body\BodyController.class.php 第 64 行.
NOTIC: [8] Undefined index: url D:\www\myysy\AdminApplication\Admin\Controller\Body\BodyController.class.php 第 167 行.
NOTIC: [8] Undefined index: url D:\www\myysy\AdminApplication\Admin\Controller\Body\BodyController.class.php 第 167 行.
NOTIC: [8] Undefined index: url D:\www\myysy\AdminApplication\Admin\Controller\Body\BodyController.class.php 第 167 行.
NOTIC: [8] Undefined index: url D:\www\myysy\AdminApplication\Admin\Controller\Body\BodyController.class.php 第 167 行.
SQL: SHOW COLUMNS FROM `think_ysy_format` [ RunTime:0.0070s ]
SQL: SELECT * FROM `think_ysy_format`  [ RunTime:0.0010s ]
SQL: SHOW COLUMNS FROM `think_ysy_goods` [ RunTime:0.0070s ]
SQL: SELECT COUNT(*) AS tp_count FROM think_ysy_goods g INNER JOIN think_ysy_stock AS s ON s.goods_id = g.goods_id INNER JOIN think_ysy_format AS f ON f.format_id = g.format_id  WHERE ( g.format_id in (4) ) LIMIT 1   [ RunTime:0.0000s ]
SQL: SELECT g.goods_id,s.goods_num,g.format_id,g.goods_name,f.format_id,f.format_name FROM think_ysy_goods g INNER JOIN think_ysy_stock AS s ON s.goods_id = g.goods_id INNER JOIN think_ysy_format AS f ON f.format_id = g.format_id  WHERE ( g.format_id in (4) ) LIMIT 0,25   [ RunTime:0.0010s ]
INFO: [ view_parse ] --START--
INFO: [ template_filter ] --START--
INFO: Run Behavior\ContentReplaceBehavior [ RunTime:0.000000s ]
INFO: [ template_filter ] --END-- [ RunTime:0.000000s ]
INFO: Run Behavior\ParseTemplateBehavior [ RunTime:0.010000s ]
INFO: [ view_parse ] --END-- [ RunTime:0.010000s ]
INFO: [ view_filter ] --START--
INFO: Run Behavior\WriteHtmlCacheBehavior [ RunTime:0.001000s ]
INFO: [ view_filter ] --END-- [ RunTime:0.001000s ]
INFO: [ app_end ] --START--
INFO: Run Behavior\ShowPageTraceBehavior [ RunTime:0.001000s ]
INFO: [ app_end ] --END-- [ RunTime:0.001000s ]

[ 2017-03-04T09:26:13+08:00 ] 127.0.0.1 /myysy/admin.php/stockandsale/Goodspackage
INFO: [ app_init ] --START--
INFO: Run Behavior\BuildLiteBehavior [ RunTime:0.000000s ]
INFO: [ app_init ] --END-- [ RunTime:0.000000s ]
INFO: [ app_begin ] --START--
INFO: Run Behavior\ReadHtmlCacheBehavior [ RunTime:0.001000s ]
INFO: [ app_begin ] --END-- [ RunTime:0.001000s ]
SQL: SHOW COLUMNS FROM `think_user` [ RunTime:0.0060s ]
SQL: SELECT u.username as username,ru.user_id,ru.role_id,r.name as role_name,a.node_id,n.name as node_name,n.title as node_title,n.pid,n.level FROM think_user u INNER JOIN think_role_user AS ru ON ru.user_id = u.id INNER JOIN think_role AS r ON r.id = ru.role_id INNER JOIN think_access AS a ON a.role_id = r.id INNER JOIN think_node AS n ON a.node_id = n.id  WHERE ( ru.user_id = 1 )  [ RunTime:0.0010s ]
NOTIC: [8] Undefined index: url D:\www\myysy\AdminApplication\Admin\Controller\Body\BodyController.class.php 第 64 行.
NOTIC: [8] Undefined index: url D:\www\myysy\AdminApplication\Admin\Controller\Body\BodyController.class.php 第 64 行.
NOTIC: [8] Undefined index: url D:\www\myysy\AdminApplication\Admin\Controller\Body\BodyController.class.php 第 64 行.
NOTIC: [8] Undefined index: url D:\www\myysy\AdminApplication\Admin\Controller\Body\BodyController.class.php 第 64 行.
NOTIC: [8] Undefined index: url D:\www\myysy\AdminApplication\Admin\Controller\Body\BodyController.class.php 第 167 行.
NOTIC: [8] Undefined index: url D:\www\myysy\AdminApplication\Admin\Controller\Body\BodyController.class.php 第 167 行.
NOTIC: [8] Undefined index: url D:\www\myysy\AdminApplication\Admin\Controller\Body\BodyController.class.php 第 167 行.
NOTIC: [8] Undefined index: url D:\www\myysy\AdminApplication\Admin\Controller\Body\BodyController.class.php 第 167 行.
SQL: SHOW COLUMNS FROM `think_ysy_goodspackage` [ RunTime:0.0060s ]
SQL: SELECT * FROM `think_ysy_goodspackage`  [ RunTime:0.0000s ]
INFO: [ view_parse ] --START--
INFO: [ template_filter ] --START--
INFO: Run Behavior\ContentReplaceBehavior [ RunTime:0.000000s ]
INFO: [ template_filter ] --END-- [ RunTime:0.000000s ]
NOTIC: [8] Undefined variable: showPage D:\www\myysy\AdminApplication\Runtime\Cache\Admin\fcf0d44c22039fc637c47e637165ca86.php 第 48 行.
INFO: Run Behavior\ParseTemplateBehavior [ RunTime:0.007001s ]
INFO: [ view_parse ] --END-- [ RunTime:0.007001s ]
INFO: [ view_filter ] --START--
INFO: Run Behavior\WriteHtmlCacheBehavior [ RunTime:0.001000s ]
INFO: [ view_filter ] --END-- [ RunTime:0.001000s ]
INFO: [ app_end ] --START--
INFO: Run Behavior\ShowPageTraceBehavior [ RunTime:0.000000s ]
INFO: [ app_end ] --END-- [ RunTime:0.000000s ]

[ 2017-03-04T09:31:03+08:00 ] 127.0.0.1 /myysy/admin.php/stockandsale/Goodspackage
INFO: [ app_init ] --START--
INFO: Run Behavior\BuildLiteBehavior [ RunTime:0.000000s ]
INFO: [ app_init ] --END-- [ RunTime:0.000000s ]
INFO: [ app_begin ] --START--
INFO: Run Behavior\ReadHtmlCacheBehavior [ RunTime:0.001000s ]
INFO: [ app_begin ] --END-- [ RunTime:0.001000s ]
SQL: SHOW COLUMNS FROM `think_user` [ RunTime:0.0070s ]
SQL: SELECT u.username as username,ru.user_id,ru.role_id,r.name as role_name,a.node_id,n.name as node_name,n.title as node_title,n.pid,n.level FROM think_user u INNER JOIN think_role_user AS ru ON ru.user_id = u.id INNER JOIN think_role AS r ON r.id = ru.role_id INNER JOIN think_access AS a ON a.role_id = r.id INNER JOIN think_node AS n ON a.node_id = n.id  WHERE ( ru.user_id = 1 )  [ RunTime:0.0020s ]
NOTIC: [8] Undefined index: url D:\www\myysy\AdminApplication\Admin\Controller\Body\BodyController.class.php 第 64 行.
NOTIC: [8] Undefined index: url D:\www\myysy\AdminApplication\Admin\Controller\Body\BodyController.class.php 第 64 行.
NOTIC: [8] Undefined index: url D:\www\myysy\AdminApplication\Admin\Controller\Body\BodyController.class.php 第 64 行.
NOTIC: [8] Undefined index: url D:\www\myysy\AdminApplication\Admin\Controller\Body\BodyController.class.php 第 64 行.
NOTIC: [8] Undefined index: url D:\www\myysy\AdminApplication\Admin\Controller\Body\BodyController.class.php 第 167 行.
NOTIC: [8] Undefined index: url D:\www\myysy\AdminApplication\Admin\Controller\Body\BodyController.class.php 第 167 行.
NOTIC: [8] Undefined index: url D:\www\myysy\AdminApplication\Admin\Controller\Body\BodyController.class.php 第 167 行.
NOTIC: [8] Undefined index: url D:\www\myysy\AdminApplication\Admin\Controller\Body\BodyController.class.php 第 167 行.
SQL: SHOW COLUMNS FROM `think_ysy_goodspackage` [ RunTime:0.0060s ]
SQL: SELECT * FROM `think_ysy_goodspackage`  [ RunTime:0.0010s ]
INFO: [ view_parse ] --START--
INFO: [ template_filter ] --START--
INFO: Run Behavior\ContentReplaceBehavior [ RunTime:0.000000s ]
INFO: [ template_filter ] --END-- [ RunTime:0.000000s ]
NOTIC: [8] Undefined variable: showPage D:\www\myysy\AdminApplication\Runtime\Cache\Admin\fcf0d44c22039fc637c47e637165ca86.php 第 48 行.
INFO: Run Behavior\ParseTemplateBehavior [ RunTime:0.009000s ]
INFO: [ view_parse ] --END-- [ RunTime:0.009000s ]
INFO: [ view_filter ] --START--
INFO: Run Behavior\WriteHtmlCacheBehavior [ RunTime:0.001001s ]
INFO: [ view_filter ] --END-- [ RunTime:0.001001s ]
INFO: [ app_end ] --START--
INFO: Run Behavior\ShowPageTraceBehavior [ RunTime:0.001000s ]
INFO: [ app_end ] --END-- [ RunTime:0.001000s ]

[ 2017-03-04T09:31:05+08:00 ] 127.0.0.1 /myysy/admin.php/stockandsale/Goodspackage
INFO: [ app_init ] --START--
INFO: Run Behavior\BuildLiteBehavior [ RunTime:0.000000s ]
INFO: [ app_init ] --END-- [ RunTime:0.001000s ]
INFO: [ app_begin ] --START--
INFO: Run Behavior\ReadHtmlCacheBehavior [ RunTime:0.000000s ]
INFO: [ app_begin ] --END-- [ RunTime:0.000000s ]
SQL: SHOW COLUMNS FROM `think_user` [ RunTime:0.0060s ]
SQL: SELECT u.username as username,ru.user_id,ru.role_id,r.name as role_name,a.node_id,n.name as node_name,n.title as node_title,n.pid,n.level FROM think_user u INNER JOIN think_role_user AS ru ON ru.user_id = u.id INNER JOIN think_role AS r ON r.id = ru.role_id INNER JOIN think_access AS a ON a.role_id = r.id INNER JOIN think_node AS n ON a.node_id = n.id  WHERE ( ru.user_id = 1 )  [ RunTime:0.0010s ]
NOTIC: [8] Undefined index: url D:\www\myysy\AdminApplication\Admin\Controller\Body\BodyController.class.php 第 64 行.
NOTIC: [8] Undefined index: url D:\www\myysy\AdminApplication\Admin\Controller\Body\BodyController.class.php 第 64 行.
NOTIC: [8] Undefined index: url D:\www\myysy\AdminApplication\Admin\Controller\Body\BodyController.class.php 第 64 行.
NOTIC: [8] Undefined index: url D:\www\myysy\AdminApplication\Admin\Controller\Body\BodyController.class.php 第 64 行.
NOTIC: [8] Undefined index: url D:\www\myysy\AdminApplication\Admin\Controller\Body\BodyController.class.php 第 167 行.
NOTIC: [8] Undefined index: url D:\www\myysy\AdminApplication\Admin\Controller\Body\BodyController.class.php 第 167 行.
NOTIC: [8] Undefined index: url D:\www\myysy\AdminApplication\Admin\Controller\Body\BodyController.class.php 第 167 行.
NOTIC: [8] Undefined index: url D:\www\myysy\AdminApplication\Admin\Controller\Body\BodyController.class.php 第 167 行.
SQL: SHOW COLUMNS FROM `think_ysy_goodspackage` [ RunTime:0.0060s ]
SQL: SELECT * FROM `think_ysy_goodspackage`  [ RunTime:0.0000s ]
INFO: [ view_parse ] --START--
INFO: [ template_filter ] --START--
INFO: Run Behavior\ContentReplaceBehavior [ RunTime:0.000000s ]
INFO: [ template_filter ] --END-- [ RunTime:0.000000s ]
NOTIC: [8] Undefined variable: showPage D:\www\myysy\AdminApplication\Runtime\Cache\Admin\fcf0d44c22039fc637c47e637165ca86.php 第 48 行.
INFO: Run Behavior\ParseTemplateBehavior [ RunTime:0.007000s ]
INFO: [ view_parse ] --END-- [ RunTime:0.007000s ]
INFO: [ view_filter ] --START--
INFO: Run Behavior\WriteHtmlCacheBehavior [ RunTime:0.001001s ]
INFO: [ view_filter ] --END-- [ RunTime:0.001001s ]
INFO: [ app_end ] --START--
INFO: Run Behavior\ShowPageTraceBehavior [ RunTime:0.000000s ]
INFO: [ app_end ] --END-- [ RunTime:0.000000s ]

[ 2017-03-04T09:31:06+08:00 ] 127.0.0.1 /myysy/admin.php/stockandsale/Goodspackage
INFO: [ app_init ] --START--
INFO: Run Behavior\BuildLiteBehavior [ RunTime:0.000000s ]
INFO: [ app_init ] --END-- [ RunTime:0.000000s ]
INFO: [ app_begin ] --START--
INFO: Run Behavior\ReadHtmlCacheBehavior [ RunTime:0.001000s ]
INFO: [ app_begin ] --END-- [ RunTime:0.001000s ]
SQL: SHOW COLUMNS FROM `think_user` [ RunTime:0.0060s ]
SQL: SELECT u.username as username,ru.user_id,ru.role_id,r.name as role_name,a.node_id,n.name as node_name,n.title as node_title,n.pid,n.level FROM think_user u INNER JOIN think_role_user AS ru ON ru.user_id = u.id INNER JOIN think_role AS r ON r.id = ru.role_id INNER JOIN think_access AS a ON a.role_id = r.id INNER JOIN think_node AS n ON a.node_id = n.id  WHERE ( ru.user_id = 1 )  [ RunTime:0.0010s ]
NOTIC: [8] Undefined index: url D:\www\myysy\AdminApplication\Admin\Controller\Body\BodyController.class.php 第 64 行.
NOTIC: [8] Undefined index: url D:\www\myysy\AdminApplication\Admin\Controller\Body\BodyController.class.php 第 64 行.
NOTIC: [8] Undefined index: url D:\www\myysy\AdminApplication\Admin\Controller\Body\BodyController.class.php 第 64 行.
NOTIC: [8] Undefined index: url D:\www\myysy\AdminApplication\Admin\Controller\Body\BodyController.class.php 第 64 行.
NOTIC: [8] Undefined index: url D:\www\myysy\AdminApplication\Admin\Controller\Body\BodyController.class.php 第 167 行.
NOTIC: [8] Undefined index: url D:\www\myysy\AdminApplication\Admin\Controller\Body\BodyController.class.php 第 167 行.
NOTIC: [8] Undefined index: url D:\www\myysy\AdminApplication\Admin\Controller\Body\BodyController.class.php 第 167 行.
NOTIC: [8] Undefined index: url D:\www\myysy\AdminApplication\Admin\Controller\Body\BodyController.class.php 第 167 行.
SQL: SHOW COLUMNS FROM `think_ysy_goodspackage` [ RunTime:0.0060s ]
SQL: SELECT * FROM `think_ysy_goodspackage`  [ RunTime:0.0000s ]
INFO: [ view_parse ] --START--
INFO: [ template_filter ] --START--
INFO: Run Behavior\ContentReplaceBehavior [ RunTime:0.000000s ]
INFO: [ template_filter ] --END-- [ RunTime:0.000000s ]
NOTIC: [8] Undefined variable: showPage D:\www\myysy\AdminApplication\Runtime\Cache\Admin\fcf0d44c22039fc637c47e637165ca86.php 第 48 行.
INFO: Run Behavior\ParseTemplateBehavior [ RunTime:0.007001s ]
INFO: [ view_parse ] --END-- [ RunTime:0.008001s ]
INFO: [ view_filter ] --START--
INFO: Run Behavior\WriteHtmlCacheBehavior [ RunTime:0.000000s ]
INFO: [ view_filter ] --END-- [ RunTime:0.000000s ]
INFO: [ app_end ] --START--
INFO: Run Behavior\ShowPageTraceBehavior [ RunTime:0.000000s ]
INFO: [ app_end ] --END-- [ RunTime:0.000000s ]

[ 2017-03-04T09:31:06+08:00 ] 127.0.0.1 /myysy/admin.php/stockandsale/Goodspackage
INFO: [ app_init ] --START--
INFO: Run Behavior\BuildLiteBehavior [ RunTime:0.000000s ]
INFO: [ app_init ] --END-- [ RunTime:0.001000s ]
INFO: [ app_begin ] --START--
INFO: Run Behavior\ReadHtmlCacheBehavior [ RunTime:0.001000s ]
INFO: [ app_begin ] --END-- [ RunTime:0.001000s ]
SQL: SHOW COLUMNS FROM `think_user` [ RunTime:0.0060s ]
SQL: SELECT u.username as username,ru.user_id,ru.role_id,r.name as role_name,a.node_id,n.name as node_name,n.title as node_title,n.pid,n.level FROM think_user u INNER JOIN think_role_user AS ru ON ru.user_id = u.id INNER JOIN think_role AS r ON r.id = ru.role_id INNER JOIN think_access AS a ON a.role_id = r.id INNER JOIN think_node AS n ON a.node_id = n.id  WHERE ( ru.user_id = 1 )  [ RunTime:0.0020s ]
NOTIC: [8] Undefined index: url D:\www\myysy\AdminApplication\Admin\Controller\Body\BodyController.class.php 第 64 行.
NOTIC: [8] Undefined index: url D:\www\myysy\AdminApplication\Admin\Controller\Body\BodyController.class.php 第 64 行.
NOTIC: [8] Undefined index: url D:\www\myysy\AdminApplication\Admin\Controller\Body\BodyController.class.php 第 64 行.
NOTIC: [8] Undefined index: url D:\www\myysy\AdminApplication\Admin\Controller\Body\BodyController.class.php 第 64 行.
NOTIC: [8] Undefined index: url D:\www\myysy\AdminApplication\Admin\Controller\Body\BodyController.class.php 第 167 行.
NOTIC: [8] Undefined index: url D:\www\myysy\AdminApplication\Admin\Controller\Body\BodyController.class.php 第 167 行.
NOTIC: [8] Undefined index: url D:\www\myysy\AdminApplication\Admin\Controller\Body\BodyController.class.php 第 167 行.
NOTIC: [8] Undefined index: url D:\www\myysy\AdminApplication\Admin\Controller\Body\BodyController.class.php 第 167 行.
SQL: SHOW COLUMNS FROM `think_ysy_goodspackage` [ RunTime:0.0060s ]
SQL: SELECT * FROM `think_ysy_goodspackage`  [ RunTime:0.0010s ]
INFO: [ view_parse ] --START--
INFO: [ template_filter ] --START--
INFO: Run Behavior\ContentReplaceBehavior [ RunTime:0.000000s ]
INFO: [ template_filter ] --END-- [ RunTime:0.000000s ]
NOTIC: [8] Undefined variable: showPage D:\www\myysy\AdminApplication\Runtime\Cache\Admin\fcf0d44c22039fc637c47e637165ca86.php 第 48 行.
INFO: Run Behavior\ParseTemplateBehavior [ RunTime:0.007000s ]
INFO: [ view_parse ] --END-- [ RunTime:0.007000s ]
INFO: [ view_filter ] --START--
INFO: Run Behavior\WriteHtmlCacheBehavior [ RunTime:0.001000s ]
INFO: [ view_filter ] --END-- [ RunTime:0.001000s ]
INFO: [ app_end ] --START--
INFO: Run Behavior\ShowPageTraceBehavior [ RunTime:0.000000s ]
INFO: [ app_end ] --END-- [ RunTime:0.000000s ]

[ 2017-03-04T09:31:07+08:00 ] 127.0.0.1 /myysy/admin.php/stockandsale/Goodspackage
INFO: [ app_init ] --START--
INFO: Run Behavior\BuildLiteBehavior [ RunTime:0.000000s ]
INFO: [ app_init ] --END-- [ RunTime:0.001000s ]
INFO: [ app_begin ] --START--
INFO: Run Behavior\ReadHtmlCacheBehavior [ RunTime:0.000000s ]
INFO: [ app_begin ] --END-- [ RunTime:0.000000s ]
SQL: SHOW COLUMNS FROM `think_user` [ RunTime:0.0060s ]
SQL: SELECT u.username as username,ru.user_id,ru.role_id,r.name as role_name,a.node_id,n.name as node_name,n.title as node_title,n.pid,n.level FROM think_user u INNER JOIN think_role_user AS ru ON ru.user_id = u.id INNER JOIN think_role AS r ON r.id = ru.role_id INNER JOIN think_access AS a ON a.role_id = r.id INNER JOIN think_node AS n ON a.node_id = n.id  WHERE ( ru.user_id = 1 )  [ RunTime:0.0020s ]
NOTIC: [8] Undefined index: url D:\www\myysy\AdminApplication\Admin\Controller\Body\BodyController.class.php 第 64 行.
NOTIC: [8] Undefined index: url D:\www\myysy\AdminApplication\Admin\Controller\Body\BodyController.class.php 第 64 行.
NOTIC: [8] Undefined index: url D:\www\myysy\AdminApplication\Admin\Controller\Body\BodyController.class.php 第 64 行.
NOTIC: [8] Undefined index: url D:\www\myysy\AdminApplication\Admin\Controller\Body\BodyController.class.php 第 64 行.
NOTIC: [8] Undefined index: url D:\www\myysy\AdminApplication\Admin\Controller\Body\BodyController.class.php 第 167 行.
NOTIC: [8] Undefined index: url D:\www\myysy\AdminApplication\Admin\Controller\Body\BodyController.class.php 第 167 行.
NOTIC: [8] Undefined index: url D:\www\myysy\AdminApplication\Admin\Controller\Body\BodyController.class.php 第 167 行.
NOTIC: [8] Undefined index: url D:\www\myysy\AdminApplication\Admin\Controller\Body\BodyController.class.php 第 167 行.
SQL: SHOW COLUMNS FROM `think_ysy_goodspackage` [ RunTime:0.0050s ]
SQL: SELECT * FROM `think_ysy_goodspackage`  [ RunTime:0.0010s ]
INFO: [ view_parse ] --START--
INFO: [ template_filter ] --START--
INFO: Run Behavior\ContentReplaceBehavior [ RunTime:0.000000s ]
INFO: [ template_filter ] --END-- [ RunTime:0.000000s ]
NOTIC: [8] Undefined variable: showPage D:\www\myysy\AdminApplication\Runtime\Cache\Admin\fcf0d44c22039fc637c47e637165ca86.php 第 48 行.
INFO: Run Behavior\ParseTemplateBehavior [ RunTime:0.007001s ]
INFO: [ view_parse ] --END-- [ RunTime:0.007001s ]
INFO: [ view_filter ] --START--
INFO: Run Behavior\WriteHtmlCacheBehavior [ RunTime:0.000000s ]
INFO: [ view_filter ] --END-- [ RunTime:0.000000s ]
INFO: [ app_end ] --START--
INFO: Run Behavior\ShowPageTraceBehavior [ RunTime:0.001000s ]
INFO: [ app_end ] --END-- [ RunTime:0.001000s ]

[ 2017-03-04T09:31:07+08:00 ] 127.0.0.1 /myysy/admin.php/stockandsale/Goodspackage
INFO: [ app_init ] --START--
INFO: Run Behavior\BuildLiteBehavior [ RunTime:0.000000s ]
INFO: [ app_init ] --END-- [ RunTime:0.000000s ]
INFO: [ app_begin ] --START--
INFO: Run Behavior\ReadHtmlCacheBehavior [ RunTime:0.001000s ]
INFO: [ app_begin ] --END-- [ RunTime:0.001000s ]
SQL: SHOW COLUMNS FROM `think_user` [ RunTime:0.0060s ]
SQL: SELECT u.username as username,ru.user_id,ru.role_id,r.name as role_name,a.node_id,n.name as node_name,n.title as node_title,n.pid,n.level FROM think_user u INNER JOIN think_role_user AS ru ON ru.user_id = u.id INNER JOIN think_role AS r ON r.id = ru.role_id INNER JOIN think_access AS a ON a.role_id = r.id INNER JOIN think_node AS n ON a.node_id = n.id  WHERE ( ru.user_id = 1 )  [ RunTime:0.0010s ]
NOTIC: [8] Undefined index: url D:\www\myysy\AdminApplication\Admin\Controller\Body\BodyController.class.php 第 64 行.
NOTIC: [8] Undefined index: url D:\www\myysy\AdminApplication\Admin\Controller\Body\BodyController.class.php 第 64 行.
NOTIC: [8] Undefined index: url D:\www\myysy\AdminApplication\Admin\Controller\Body\BodyController.class.php 第 64 行.
NOTIC: [8] Undefined index: url D:\www\myysy\AdminApplication\Admin\Controller\Body\BodyController.class.php 第 64 行.
NOTIC: [8] Undefined index: url D:\www\myysy\AdminApplication\Admin\Controller\Body\BodyController.class.php 第 167 行.
NOTIC: [8] Undefined index: url D:\www\myysy\AdminApplication\Admin\Controller\Body\BodyController.class.php 第 167 行.
NOTIC: [8] Undefined index: url D:\www\myysy\AdminApplication\Admin\Controller\Body\BodyController.class.php 第 167 行.
NOTIC: [8] Undefined index: url D:\www\myysy\AdminApplication\Admin\Controller\Body\BodyController.class.php 第 167 行.
SQL: SHOW COLUMNS FROM `think_ysy_goodspackage` [ RunTime:0.0050s ]
SQL: SELECT * FROM `think_ysy_goodspackage`  [ RunTime:0.0010s ]
INFO: [ view_parse ] --START--
INFO: [ template_filter ] --START--
INFO: Run Behavior\ContentReplaceBehavior [ RunTime:0.000000s ]
INFO: [ template_filter ] --END-- [ RunTime:0.000000s ]
NOTIC: [8] Undefined variable: showPage D:\www\myysy\AdminApplication\Runtime\Cache\Admin\fcf0d44c22039fc637c47e637165ca86.php 第 48 行.
INFO: Run Behavior\ParseTemplateBehavior [ RunTime:0.007000s ]
INFO: [ view_parse ] --END-- [ RunTime:0.007000s ]
INFO: [ view_filter ] --START--
INFO: Run Behavior\WriteHtmlCacheBehavior [ RunTime:0.000000s ]
INFO: [ view_filter ] --END-- [ RunTime:0.000000s ]
INFO: [ app_end ] --START--
INFO: Run Behavior\ShowPageTraceBehavior [ RunTime:0.001000s ]
INFO: [ app_end ] --END-- [ RunTime:0.001000s ]

[ 2017-03-04T09:31:07+08:00 ] 127.0.0.1 /myysy/admin.php/stockandsale/Goodspackage
INFO: [ app_init ] --START--
INFO: Run Behavior\BuildLiteBehavior [ RunTime:0.000000s ]
INFO: [ app_init ] --END-- [ RunTime:0.000000s ]
INFO: [ app_begin ] --START--
INFO: Run Behavior\ReadHtmlCacheBehavior [ RunTime:0.001000s ]
INFO: [ app_begin ] --END-- [ RunTime:0.001000s ]
SQL: SHOW COLUMNS FROM `think_user` [ RunTime:0.0060s ]
SQL: SELECT u.username as username,ru.user_id,ru.role_id,r.name as role_name,a.node_id,n.name as node_name,n.title as node_title,n.pid,n.level FROM think_user u INNER JOIN think_role_user AS ru ON ru.user_id = u.id INNER JOIN think_role AS r ON r.id = ru.role_id INNER JOIN think_access AS a ON a.role_id = r.id INNER JOIN think_node AS n ON a.node_id = n.id  WHERE ( ru.user_id = 1 )  [ RunTime:0.0020s ]
NOTIC: [8] Undefined index: url D:\www\myysy\AdminApplication\Admin\Controller\Body\BodyController.class.php 第 64 行.
NOTIC: [8] Undefined index: url D:\www\myysy\AdminApplication\Admin\Controller\Body\BodyController.class.php 第 64 行.
NOTIC: [8] Undefined index: url D:\www\myysy\AdminApplication\Admin\Controller\Body\BodyController.class.php 第 64 行.
NOTIC: [8] Undefined index: url D:\www\myysy\AdminApplication\Admin\Controller\Body\BodyController.class.php 第 64 行.
NOTIC: [8] Undefined index: url D:\www\myysy\AdminApplication\Admin\Controller\Body\BodyController.class.php 第 167 行.
NOTIC: [8] Undefined index: url D:\www\myysy\AdminApplication\Admin\Controller\Body\BodyController.class.php 第 167 行.
NOTIC: [8] Undefined index: url D:\www\myysy\AdminApplication\Admin\Controller\Body\BodyController.class.php 第 167 行.
NOTIC: [8] Undefined index: url D:\www\myysy\AdminApplication\Admin\Controller\Body\BodyController.class.php 第 167 行.
SQL: SHOW COLUMNS FROM `think_ysy_goodspackage` [ RunTime:0.0060s ]
SQL: SELECT * FROM `think_ysy_goodspackage`  [ RunTime:0.0010s ]
INFO: [ view_parse ] --START--
INFO: [ template_filter ] --START--
INFO: Run Behavior\ContentReplaceBehavior [ RunTime:0.000000s ]
INFO: [ template_filter ] --END-- [ RunTime:0.000000s ]
NOTIC: [8] Undefined variable: showPage D:\www\myysy\AdminApplication\Runtime\Cache\Admin\fcf0d44c22039fc637c47e637165ca86.php 第 48 行.
INFO: Run Behavior\ParseTemplateBehavior [ RunTime:0.009001s ]
INFO: [ view_parse ] --END-- [ RunTime:0.009001s ]
INFO: [ view_filter ] --START--
INFO: Run Behavior\WriteHtmlCacheBehavior [ RunTime:0.000000s ]
INFO: [ view_filter ] --END-- [ RunTime:0.000000s ]
INFO: [ app_end ] --START--
INFO: Run Behavior\ShowPageTraceBehavior [ RunTime:0.000000s ]
INFO: [ app_end ] --END-- [ RunTime:0.000000s ]

[ 2017-03-04T09:31:08+08:00 ] 127.0.0.1 /myysy/admin.php/stockandsale/Goodspackage
INFO: [ app_init ] --START--
INFO: Run Behavior\BuildLiteBehavior [ RunTime:0.000000s ]
INFO: [ app_init ] --END-- [ RunTime:0.000000s ]
INFO: [ app_begin ] --START--
INFO: Run Behavior\ReadHtmlCacheBehavior [ RunTime:0.001000s ]
INFO: [ app_begin ] --END-- [ RunTime:0.001000s ]
SQL: SHOW COLUMNS FROM `think_user` [ RunTime:0.0050s ]
SQL: SELECT u.username as username,ru.user_id,ru.role_id,r.name as role_name,a.node_id,n.name as node_name,n.title as node_title,n.pid,n.level FROM think_user u INNER JOIN think_role_user AS ru ON ru.user_id = u.id INNER JOIN think_role AS r ON r.id = ru.role_id INNER JOIN think_access AS a ON a.role_id = r.id INNER JOIN think_node AS n ON a.node_id = n.id  WHERE ( ru.user_id = 1 )  [ RunTime:0.0010s ]
NOTIC: [8] Undefined index: url D:\www\myysy\AdminApplication\Admin\Controller\Body\BodyController.class.php 第 64 行.
NOTIC: [8] Undefined index: url D:\www\myysy\AdminApplication\Admin\Controller\Body\BodyController.class.php 第 64 行.
NOTIC: [8] Undefined index: url D:\www\myysy\AdminApplication\Admin\Controller\Body\BodyController.class.php 第 64 行.
NOTIC: [8] Undefined index: url D:\www\myysy\AdminApplication\Admin\Controller\Body\BodyController.class.php 第 64 行.
NOTIC: [8] Undefined index: url D:\www\myysy\AdminApplication\Admin\Controller\Body\BodyController.class.php 第 167 行.
NOTIC: [8] Undefined index: url D:\www\myysy\AdminApplication\Admin\Controller\Body\BodyController.class.php 第 167 行.
NOTIC: [8] Undefined index: url D:\www\myysy\AdminApplication\Admin\Controller\Body\BodyController.class.php 第 167 行.
NOTIC: [8] Undefined index: url D:\www\myysy\AdminApplication\Admin\Controller\Body\BodyController.class.php 第 167 行.
SQL: SHOW COLUMNS FROM `think_ysy_goodspackage` [ RunTime:0.0050s ]
SQL: SELECT * FROM `think_ysy_goodspackage`  [ RunTime:0.0010s ]
INFO: [ view_parse ] --START--
INFO: [ template_filter ] --START--
INFO: Run Behavior\ContentReplaceBehavior [ RunTime:0.000000s ]
INFO: [ template_filter ] --END-- [ RunTime:0.000000s ]
NOTIC: [8] Undefined variable: showPage D:\www\myysy\AdminApplication\Runtime\Cache\Admin\fcf0d44c22039fc637c47e637165ca86.php 第 48 行.
INFO: Run Behavior\ParseTemplateBehavior [ RunTime:0.007000s ]
INFO: [ view_parse ] --END-- [ RunTime:0.007000s ]
INFO: [ view_filter ] --START--
INFO: Run Behavior\WriteHtmlCacheBehavior [ RunTime:0.000000s ]
INFO: [ view_filter ] --END-- [ RunTime:0.000000s ]
INFO: [ app_end ] --START--
INFO: Run Behavior\ShowPageTraceBehavior [ RunTime:0.001000s ]
INFO: [ app_end ] --END-- [ RunTime:0.001000s ]

[ 2017-03-04T09:31:54+08:00 ] 127.0.0.1 /myysy/admin.php/stockandsale/Goodspackage
INFO: [ app_init ] --START--
INFO: Run Behavior\BuildLiteBehavior [ RunTime:0.000000s ]
INFO: [ app_init ] --END-- [ RunTime:0.001000s ]
INFO: [ app_begin ] --START--
INFO: Run Behavior\ReadHtmlCacheBehavior [ RunTime:0.000000s ]
INFO: [ app_begin ] --END-- [ RunTime:0.000000s ]
SQL: SHOW COLUMNS FROM `think_user` [ RunTime:0.0070s ]
SQL: SELECT u.username as username,ru.user_id,ru.role_id,r.name as role_name,a.node_id,n.name as node_name,n.title as node_title,n.pid,n.level FROM think_user u INNER JOIN think_role_user AS ru ON ru.user_id = u.id INNER JOIN think_role AS r ON r.id = ru.role_id INNER JOIN think_access AS a ON a.role_id = r.id INNER JOIN think_node AS n ON a.node_id = n.id  WHERE ( ru.user_id = 1 )  [ RunTime:0.0010s ]
NOTIC: [8] Undefined index: url D:\www\myysy\AdminApplication\Admin\Controller\Body\BodyController.class.php 第 64 行.
NOTIC: [8] Undefined index: url D:\www\myysy\AdminApplication\Admin\Controller\Body\BodyController.class.php 第 64 行.
NOTIC: [8] Undefined index: url D:\www\myysy\AdminApplication\Admin\Controller\Body\BodyController.class.php 第 64 行.
NOTIC: [8] Undefined index: url D:\www\myysy\AdminApplication\Admin\Controller\Body\BodyController.class.php 第 64 行.
NOTIC: [8] Undefined index: url D:\www\myysy\AdminApplication\Admin\Controller\Body\BodyController.class.php 第 64 行.
NOTIC: [8] Undefined index: url D:\www\myysy\AdminApplication\Admin\Controller\Body\BodyController.class.php 第 167 行.
NOTIC: [8] Undefined index: url D:\www\myysy\AdminApplication\Admin\Controller\Body\BodyController.class.php 第 167 行.
NOTIC: [8] Undefined index: url D:\www\myysy\AdminApplication\Admin\Controller\Body\BodyController.class.php 第 167 行.
NOTIC: [8] Undefined index: url D:\www\myysy\AdminApplication\Admin\Controller\Body\BodyController.class.php 第 167 行.
SQL: SHOW COLUMNS FROM `think_ysy_goodspackage` [ RunTime:0.0050s ]
SQL: SELECT * FROM `think_ysy_goodspackage`  [ RunTime:0.0010s ]
INFO: [ view_parse ] --START--
INFO: [ template_filter ] --START--
INFO: Run Behavior\ContentReplaceBehavior [ RunTime:0.000000s ]
INFO: [ template_filter ] --END-- [ RunTime:0.000000s ]
NOTIC: [8] Undefined variable: showPage D:\www\myysy\AdminApplication\Runtime\Cache\Admin\fcf0d44c22039fc637c47e637165ca86.php 第 48 行.
INFO: Run Behavior\ParseTemplateBehavior [ RunTime:0.007001s ]
INFO: [ view_parse ] --END-- [ RunTime:0.007001s ]
INFO: [ view_filter ] --START--
INFO: Run Behavior\WriteHtmlCacheBehavior [ RunTime:0.000000s ]
INFO: [ view_filter ] --END-- [ RunTime:0.000000s ]
INFO: [ app_end ] --START--
INFO: Run Behavior\ShowPageTraceBehavior [ RunTime:0.001000s ]
INFO: [ app_end ] --END-- [ RunTime:0.001000s ]

[ 2017-03-04T09:32:37+08:00 ] 127.0.0.1 /myysy/admin.php/stockandsale/ManagePacks
INFO: [ app_init ] --START--
INFO: Run Behavior\BuildLiteBehavior [ RunTime:0.000000s ]
INFO: [ app_init ] --END-- [ RunTime:0.001000s ]
INFO: [ app_begin ] --START--
INFO: Run Behavior\ReadHtmlCacheBehavior [ RunTime:0.001000s ]
INFO: [ app_begin ] --END-- [ RunTime:0.001000s ]
SQL: SHOW COLUMNS FROM `think_user` [ RunTime:0.0050s ]
SQL: SELECT u.username as username,ru.user_id,ru.role_id,r.name as role_name,a.node_id,n.name as node_name,n.title as node_title,n.pid,n.level FROM think_user u INNER JOIN think_role_user AS ru ON ru.user_id = u.id INNER JOIN think_role AS r ON r.id = ru.role_id INNER JOIN think_access AS a ON a.role_id = r.id INNER JOIN think_node AS n ON a.node_id = n.id  WHERE ( ru.user_id = 1 )  [ RunTime:0.0010s ]
NOTIC: [8] Undefined index: url D:\www\myysy\AdminApplication\Admin\Controller\Body\BodyController.class.php 第 64 行.
NOTIC: [8] Undefined index: url D:\www\myysy\AdminApplication\Admin\Controller\Body\BodyController.class.php 第 64 行.
NOTIC: [8] Undefined index: url D:\www\myysy\AdminApplication\Admin\Controller\Body\BodyController.class.php 第 64 行.
NOTIC: [8] Undefined index: url D:\www\myysy\AdminApplication\Admin\Controller\Body\BodyController.class.php 第 64 行.
NOTIC: [8] Undefined index: url D:\www\myysy\AdminApplication\Admin\Controller\Body\BodyController.class.php 第 64 行.
NOTIC: [8] Undefined index: url D:\www\myysy\AdminApplication\Admin\Controller\Body\BodyController.class.php 第 167 行.
NOTIC: [8] Undefined index: url D:\www\myysy\AdminApplication\Admin\Controller\Body\BodyController.class.php 第 167 行.
NOTIC: [8] Undefined index: url D:\www\myysy\AdminApplication\Admin\Controller\Body\BodyController.class.php 第 167 行.
NOTIC: [8] Undefined index: url D:\www\myysy\AdminApplication\Admin\Controller\Body\BodyController.class.php 第 167 行.
SQL: SHOW COLUMNS FROM `think_ysy_format` [ RunTime:0.0050s ]
SQL: SELECT * FROM `think_ysy_format`  [ RunTime:0.0000s ]
SQL: SHOW COLUMNS FROM `think_ysy_goods` [ RunTime:0.0060s ]
SQL: SELECT COUNT(*) AS tp_count FROM think_ysy_goods g INNER JOIN think_ysy_stock AS s ON s.goods_id = g.goods_id INNER JOIN think_ysy_format AS f ON f.format_id = g.format_id  WHERE ( g.format_id in (3) ) LIMIT 1   [ RunTime:0.0000s ]
SQL: SELECT g.goods_id,s.goods_num,g.format_id,g.goods_name,f.format_id,f.format_name FROM think_ysy_goods g INNER JOIN think_ysy_stock AS s ON s.goods_id = g.goods_id INNER JOIN think_ysy_format AS f ON f.format_id = g.format_id  WHERE ( g.format_id in (3) ) LIMIT 0,25   [ RunTime:0.0000s ]
INFO: [ view_parse ] --START--
INFO: [ template_filter ] --START--
INFO: Run Behavior\ContentReplaceBehavior [ RunTime:0.000000s ]
INFO: [ template_filter ] --END-- [ RunTime:0.000000s ]
INFO: Run Behavior\ParseTemplateBehavior [ RunTime:0.011001s ]
INFO: [ view_parse ] --END-- [ RunTime:0.011001s ]
INFO: [ view_filter ] --START--
INFO: Run Behavior\WriteHtmlCacheBehavior [ RunTime:0.000000s ]
INFO: [ view_filter ] --END-- [ RunTime:0.000000s ]
INFO: [ app_end ] --START--
INFO: Run Behavior\ShowPageTraceBehavior [ RunTime:0.000000s ]
INFO: [ app_end ] --END-- [ RunTime:0.000000s ]

[ 2017-03-04T09:32:41+08:00 ] 127.0.0.1 /myysy/admin.php/stockandsale/ManageGoods/actionRequestService.html?type=getgoodinfo&goodsid=21
INFO: [ app_init ] --START--
INFO: Run Behavior\BuildLiteBehavior [ RunTime:0.000000s ]
INFO: [ app_init ] --END-- [ RunTime:0.001000s ]
INFO: [ app_begin ] --START--
INFO: Run Behavior\ReadHtmlCacheBehavior [ RunTime:0.000000s ]
INFO: [ app_begin ] --END-- [ RunTime:0.000000s ]
SQL: SHOW COLUMNS FROM `think_user` [ RunTime:0.0050s ]
SQL: SELECT u.username as username,ru.user_id,ru.role_id,r.name as role_name,a.node_id,n.name as node_name,n.title as node_title,n.pid,n.level FROM think_user u INNER JOIN think_role_user AS ru ON ru.user_id = u.id INNER JOIN think_role AS r ON r.id = ru.role_id INNER JOIN think_access AS a ON a.role_id = r.id INNER JOIN think_node AS n ON a.node_id = n.id  WHERE ( ru.user_id = 1 )  [ RunTime:0.0010s ]
NOTIC: [8] Undefined index: url D:\www\myysy\AdminApplication\Admin\Controller\Body\BodyController.class.php 第 64 行.
NOTIC: [8] Undefined index: url D:\www\myysy\AdminApplication\Admin\Controller\Body\BodyController.class.php 第 64 行.
NOTIC: [8] Undefined index: url D:\www\myysy\AdminApplication\Admin\Controller\Body\BodyController.class.php 第 64 行.
NOTIC: [8] Undefined index: url D:\www\myysy\AdminApplication\Admin\Controller\Body\BodyController.class.php 第 64 行.
NOTIC: [8] Undefined index: url D:\www\myysy\AdminApplication\Admin\Controller\Body\BodyController.class.php 第 64 行.
NOTIC: [8] Undefined index: url D:\www\myysy\AdminApplication\Admin\Controller\Body\BodyController.class.php 第 167 行.
NOTIC: [8] Undefined index: url D:\www\myysy\AdminApplication\Admin\Controller\Body\BodyController.class.php 第 167 行.
NOTIC: [8] Undefined index: url D:\www\myysy\AdminApplication\Admin\Controller\Body\BodyController.class.php 第 167 行.
NOTIC: [8] Undefined index: url D:\www\myysy\AdminApplication\Admin\Controller\Body\BodyController.class.php 第 167 行.
SQL: SHOW COLUMNS FROM `think_ysy_goods` [ RunTime:0.0060s ]
SQL: SELECT g.goods_id,s.goods_num,g.format_id,g.goods_name,f.format_id,f.format_name FROM think_ysy_goods g INNER JOIN think_ysy_stock AS s ON s.goods_id = g.goods_id INNER JOIN think_ysy_format AS f ON f.format_id = g.format_id  WHERE ( g.goods_id = 21 ) LIMIT 1   [ RunTime:0.0000s ]

[ 2017-03-04T09:32:45+08:00 ] 127.0.0.1 /myysy/admin.php/stockandsale/ApproveOrder
INFO: [ app_init ] --START--
INFO: Run Behavior\BuildLiteBehavior [ RunTime:0.000000s ]
INFO: [ app_init ] --END-- [ RunTime:0.001000s ]
INFO: [ app_begin ] --START--
INFO: Run Behavior\ReadHtmlCacheBehavior [ RunTime:0.000000s ]
INFO: [ app_begin ] --END-- [ RunTime:0.000000s ]
SQL: SHOW COLUMNS FROM `think_user` [ RunTime:0.0070s ]
SQL: SELECT u.username as username,ru.user_id,ru.role_id,r.name as role_name,a.node_id,n.name as node_name,n.title as node_title,n.pid,n.level FROM think_user u INNER JOIN think_role_user AS ru ON ru.user_id = u.id INNER JOIN think_role AS r ON r.id = ru.role_id INNER JOIN think_access AS a ON a.role_id = r.id INNER JOIN think_node AS n ON a.node_id = n.id  WHERE ( ru.user_id = 1 )  [ RunTime:0.0010s ]
NOTIC: [8] Undefined index: url D:\www\myysy\AdminApplication\Admin\Controller\Body\BodyController.class.php 第 64 行.
NOTIC: [8] Undefined index: url D:\www\myysy\AdminApplication\Admin\Controller\Body\BodyController.class.php 第 64 行.
NOTIC: [8] Undefined index: url D:\www\myysy\AdminApplication\Admin\Controller\Body\BodyController.class.php 第 64 行.
NOTIC: [8] Undefined index: url D:\www\myysy\AdminApplication\Admin\Controller\Body\BodyController.class.php 第 64 行.
NOTIC: [8] Undefined index: url D:\www\myysy\AdminApplication\Admin\Controller\Body\BodyController.class.php 第 64 行.
NOTIC: [8] Undefined index: url D:\www\myysy\AdminApplication\Admin\Controller\Body\BodyController.class.php 第 167 行.
NOTIC: [8] Undefined index: url D:\www\myysy\AdminApplication\Admin\Controller\Body\BodyController.class.php 第 167 行.
NOTIC: [8] Undefined index: url D:\www\myysy\AdminApplication\Admin\Controller\Body\BodyController.class.php 第 167 行.
NOTIC: [8] Undefined index: url D:\www\myysy\AdminApplication\Admin\Controller\Body\BodyController.class.php 第 167 行.
SQL: SHOW COLUMNS FROM `think_workflow_participation` [ RunTime:0.0060s ]
SQL: SELECT COUNT(*) AS tp_count FROM think_workflow_participation wp INNER JOIN think_workflow_task as wt ON wp.task = wt.dbid INNER JOIN think_ysy_order as o ON o.flowerid = wt.execution INNER JOIN think_user as u ON u.id = o.order_user  WHERE ( 1 = 1  AND wp.userid = 1 ) LIMIT 1   [ RunTime:0.0000s ]
SQL: SELECT wp.userid,o.order_id,o.order_user,o.addtime,o.status,u.realname as order_realname FROM think_workflow_participation wp INNER JOIN think_workflow_task as wt ON wp.task = wt.dbid INNER JOIN think_ysy_order as o ON o.flowerid = wt.execution INNER JOIN think_user as u ON u.id = o.order_user  WHERE ( 1 = 1  AND wp.userid = 1 ) LIMIT 0,25   [ RunTime:0.0010s ]
INFO: [ view_parse ] --START--
INFO: [ template_filter ] --START--
INFO: Run Behavior\ContentReplaceBehavior [ RunTime:0.000000s ]
INFO: [ template_filter ] --END-- [ RunTime:0.000000s ]
INFO: Run Behavior\ParseTemplateBehavior [ RunTime:0.011000s ]
INFO: [ view_parse ] --END-- [ RunTime:0.011000s ]
INFO: [ view_filter ] --START--
INFO: Run Behavior\WriteHtmlCacheBehavior [ RunTime:0.001000s ]
INFO: [ view_filter ] --END-- [ RunTime:0.001000s ]
INFO: [ app_end ] --START--
INFO: Run Behavior\ShowPageTraceBehavior [ RunTime:0.001000s ]
INFO: [ app_end ] --END-- [ RunTime:0.001000s ]

[ 2017-03-04T09:32:45+08:00 ] 127.0.0.1 /myysy/admin.php/stockandsale/Goodspackage
INFO: [ app_init ] --START--
INFO: Run Behavior\BuildLiteBehavior [ RunTime:0.000000s ]
INFO: [ app_init ] --END-- [ RunTime:0.001000s ]
INFO: [ app_begin ] --START--
INFO: Run Behavior\ReadHtmlCacheBehavior [ RunTime:0.001000s ]
INFO: [ app_begin ] --END-- [ RunTime:0.001000s ]
SQL: SHOW COLUMNS FROM `think_user` [ RunTime:0.0050s ]
SQL: SELECT u.username as username,ru.user_id,ru.role_id,r.name as role_name,a.node_id,n.name as node_name,n.title as node_title,n.pid,n.level FROM think_user u INNER JOIN think_role_user AS ru ON ru.user_id = u.id INNER JOIN think_role AS r ON r.id = ru.role_id INNER JOIN think_access AS a ON a.role_id = r.id INNER JOIN think_node AS n ON a.node_id = n.id  WHERE ( ru.user_id = 1 )  [ RunTime:0.0020s ]
NOTIC: [8] Undefined index: url D:\www\myysy\AdminApplication\Admin\Controller\Body\BodyController.class.php 第 64 行.
NOTIC: [8] Undefined index: url D:\www\myysy\AdminApplication\Admin\Controller\Body\BodyController.class.php 第 64 行.
NOTIC: [8] Undefined index: url D:\www\myysy\AdminApplication\Admin\Controller\Body\BodyController.class.php 第 64 行.
NOTIC: [8] Undefined index: url D:\www\myysy\AdminApplication\Admin\Controller\Body\BodyController.class.php 第 64 行.
NOTIC: [8] Undefined index: url D:\www\myysy\AdminApplication\Admin\Controller\Body\BodyController.class.php 第 64 行.
NOTIC: [8] Undefined index: url D:\www\myysy\AdminApplication\Admin\Controller\Body\BodyController.class.php 第 167 行.
NOTIC: [8] Undefined index: url D:\www\myysy\AdminApplication\Admin\Controller\Body\BodyController.class.php 第 167 行.
NOTIC: [8] Undefined index: url D:\www\myysy\AdminApplication\Admin\Controller\Body\BodyController.class.php 第 167 行.
NOTIC: [8] Undefined index: url D:\www\myysy\AdminApplication\Admin\Controller\Body\BodyController.class.php 第 167 行.
SQL: SHOW COLUMNS FROM `think_ysy_goodspackage` [ RunTime:0.0050s ]
SQL: SELECT * FROM `think_ysy_goodspackage`  [ RunTime:0.0000s ]
INFO: [ view_parse ] --START--
INFO: [ template_filter ] --START--
INFO: Run Behavior\ContentReplaceBehavior [ RunTime:0.000000s ]
INFO: [ template_filter ] --END-- [ RunTime:0.000000s ]
NOTIC: [8] Undefined variable: showPage D:\www\myysy\AdminApplication\Runtime\Cache\Admin\fcf0d44c22039fc637c47e637165ca86.php 第 48 行.
INFO: Run Behavior\ParseTemplateBehavior [ RunTime:0.007000s ]
INFO: [ view_parse ] --END-- [ RunTime:0.007000s ]
INFO: [ view_filter ] --START--
INFO: Run Behavior\WriteHtmlCacheBehavior [ RunTime:0.000000s ]
INFO: [ view_filter ] --END-- [ RunTime:0.000000s ]
INFO: [ app_end ] --START--
INFO: Run Behavior\ShowPageTraceBehavior [ RunTime:0.001000s ]
INFO: [ app_end ] --END-- [ RunTime:0.001000s ]

[ 2017-03-04T09:32:46+08:00 ] 127.0.0.1 /myysy/admin.php/stockandsale/Checkin
INFO: [ app_init ] --START--
INFO: Run Behavior\BuildLiteBehavior [ RunTime:0.000000s ]
INFO: [ app_init ] --END-- [ RunTime:0.000000s ]
INFO: [ app_begin ] --START--
INFO: Run Behavior\ReadHtmlCacheBehavior [ RunTime:0.000000s ]
INFO: [ app_begin ] --END-- [ RunTime:0.000000s ]
SQL: SHOW COLUMNS FROM `think_user` [ RunTime:0.0060s ]
SQL: SELECT u.username as username,ru.user_id,ru.role_id,r.name as role_name,a.node_id,n.name as node_name,n.title as node_title,n.pid,n.level FROM think_user u INNER JOIN think_role_user AS ru ON ru.user_id = u.id INNER JOIN think_role AS r ON r.id = ru.role_id INNER JOIN think_access AS a ON a.role_id = r.id INNER JOIN think_node AS n ON a.node_id = n.id  WHERE ( ru.user_id = 1 )  [ RunTime:0.0010s ]
NOTIC: [8] Undefined index: url D:\www\myysy\AdminApplication\Admin\Controller\Body\BodyController.class.php 第 64 行.
NOTIC: [8] Undefined index: url D:\www\myysy\AdminApplication\Admin\Controller\Body\BodyController.class.php 第 64 行.
NOTIC: [8] Undefined index: url D:\www\myysy\AdminApplication\Admin\Controller\Body\BodyController.class.php 第 64 行.
NOTIC: [8] Undefined index: url D:\www\myysy\AdminApplication\Admin\Controller\Body\BodyController.class.php 第 64 行.
NOTIC: [8] Undefined index: url D:\www\myysy\AdminApplication\Admin\Controller\Body\BodyController.class.php 第 64 行.
NOTIC: [8] Undefined index: url D:\www\myysy\AdminApplication\Admin\Controller\Body\BodyController.class.php 第 167 行.
NOTIC: [8] Undefined index: url D:\www\myysy\AdminApplication\Admin\Controller\Body\BodyController.class.php 第 167 行.
NOTIC: [8] Undefined index: url D:\www\myysy\AdminApplication\Admin\Controller\Body\BodyController.class.php 第 167 行.
NOTIC: [8] Undefined index: url D:\www\myysy\AdminApplication\Admin\Controller\Body\BodyController.class.php 第 167 行.
SQL: SHOW COLUMNS FROM `think_ysy_checkin` [ RunTime:0.0060s ]
SQL: SELECT COUNT(*) AS tp_count FROM `think_ysy_checkin` WHERE ( 1 = 1  ) LIMIT 1   [ RunTime:0.0000s ]
SQL: SELECT * FROM `think_ysy_checkin` WHERE ( 1 = 1  ) LIMIT 0,25   [ RunTime:0.0000s ]
INFO: [ view_parse ] --START--
INFO: [ template_filter ] --START--
INFO: Run Behavior\ContentReplaceBehavior [ RunTime:0.000000s ]
INFO: [ template_filter ] --END-- [ RunTime:0.000000s ]
INFO: Run Behavior\ParseTemplateBehavior [ RunTime:0.006000s ]
INFO: [ view_parse ] --END-- [ RunTime:0.007000s ]
INFO: [ view_filter ] --START--
INFO: Run Behavior\WriteHtmlCacheBehavior [ RunTime:0.001000s ]
INFO: [ view_filter ] --END-- [ RunTime:0.001000s ]
INFO: [ app_end ] --START--
INFO: Run Behavior\ShowPageTraceBehavior [ RunTime:0.000000s ]
INFO: [ app_end ] --END-- [ RunTime:0.000000s ]

[ 2017-03-04T09:42:49+08:00 ] 127.0.0.1 /myysy/admin.php/stockandsale/Checkin
INFO: [ app_init ] --START--
INFO: Run Behavior\BuildLiteBehavior [ RunTime:0.000000s ]
INFO: [ app_init ] --END-- [ RunTime:0.000000s ]
INFO: [ app_begin ] --START--
INFO: Run Behavior\ReadHtmlCacheBehavior [ RunTime:0.001000s ]
INFO: [ app_begin ] --END-- [ RunTime:0.001000s ]
SQL: SHOW COLUMNS FROM `think_user` [ RunTime:0.0090s ]
SQL: SELECT u.username as username,ru.user_id,ru.role_id,r.name as role_name,a.node_id,n.name as node_name,n.title as node_title,n.pid,n.level FROM think_user u INNER JOIN think_role_user AS ru ON ru.user_id = u.id INNER JOIN think_role AS r ON r.id = ru.role_id INNER JOIN think_access AS a ON a.role_id = r.id INNER JOIN think_node AS n ON a.node_id = n.id  WHERE ( ru.user_id = 1 )  [ RunTime:0.0020s ]
NOTIC: [8] Undefined index: url D:\www\myysy\AdminApplication\Admin\Controller\Body\BodyController.class.php 第 64 行.
NOTIC: [8] Undefined index: url D:\www\myysy\AdminApplication\Admin\Controller\Body\BodyController.class.php 第 64 行.
NOTIC: [8] Undefined index: url D:\www\myysy\AdminApplication\Admin\Controller\Body\BodyController.class.php 第 64 行.
NOTIC: [8] Undefined index: url D:\www\myysy\AdminApplication\Admin\Controller\Body\BodyController.class.php 第 64 行.
NOTIC: [8] Undefined index: url D:\www\myysy\AdminApplication\Admin\Controller\Body\BodyController.class.php 第 64 行.
NOTIC: [8] Undefined index: url D:\www\myysy\AdminApplication\Admin\Controller\Body\BodyController.class.php 第 167 行.
NOTIC: [8] Undefined index: url D:\www\myysy\AdminApplication\Admin\Controller\Body\BodyController.class.php 第 167 行.
NOTIC: [8] Undefined index: url D:\www\myysy\AdminApplication\Admin\Controller\Body\BodyController.class.php 第 167 行.
NOTIC: [8] Undefined index: url D:\www\myysy\AdminApplication\Admin\Controller\Body\BodyController.class.php 第 167 行.
SQL: SHOW COLUMNS FROM `think_ysy_checkin` [ RunTime:0.0060s ]
SQL: SELECT COUNT(*) AS tp_count FROM `think_ysy_checkin` WHERE ( 1 = 1  ) LIMIT 1   [ RunTime:0.0010s ]
SQL: SELECT * FROM `think_ysy_checkin` WHERE ( 1 = 1  ) LIMIT 0,25   [ RunTime:0.0000s ]
INFO: [ view_parse ] --START--
INFO: [ template_filter ] --START--
INFO: Run Behavior\ContentReplaceBehavior [ RunTime:0.000000s ]
INFO: [ template_filter ] --END-- [ RunTime:0.000000s ]
INFO: Run Behavior\ParseTemplateBehavior [ RunTime:0.008000s ]
INFO: [ view_parse ] --END-- [ RunTime:0.008000s ]
INFO: [ view_filter ] --START--
INFO: Run Behavior\WriteHtmlCacheBehavior [ RunTime:0.000000s ]
INFO: [ view_filter ] --END-- [ RunTime:0.000000s ]
INFO: [ app_end ] --START--
INFO: Run Behavior\ShowPageTraceBehavior [ RunTime:0.001000s ]
INFO: [ app_end ] --END-- [ RunTime:0.001000s ]

